<?xml version="1.0" encoding="UTF-8"?>
<testsuites name="jest tests" tests="253" failures="93" errors="0" time="12.314">
  <testsuite name="8.1 Pruebas Unitarias - StorageManager REAL" errors="0" failures="8" skipped="0" timestamp="2025-09-21T18:04:24" time="3.098" tests="8">
    <testcase classname="8.1 Pruebas Unitarias - StorageManager REAL registro en el ServiceRegistry registra la instancia y los métodos públicos" name="8.1 Pruebas Unitarias - StorageManager REAL registro en el ServiceRegistry registra la instancia y los métodos públicos" time="0.122">
      <failure>Error: Cannot find module &apos;../../app/modules/ui/managers/storage-manager.js&apos; from &apos;tests/8.1-unitarias/storage-manager-real.test.js&apos;
    at Resolver._throwModNotFoundError (D:\ETSII\4 CARRERA\2C\TFG\MNM2\MultiModeler\node_modules\jest-resolve\build\index.js:863:11)
    at Resolver.resolveModule (D:\ETSII\4 CARRERA\2C\TFG\MNM2\MultiModeler\node_modules\jest-resolve\build\index.js:810:10)
    at Resolver._getVirtualMockPath (D:\ETSII\4 CARRERA\2C\TFG\MNM2\MultiModeler\node_modules\jest-resolve\build\index.js:1004:84)
    at Resolver._getAbsolutePath (D:\ETSII\4 CARRERA\2C\TFG\MNM2\MultiModeler\node_modules\jest-resolve\build\index.js:984:98)
    at Resolver.getModuleID (D:\ETSII\4 CARRERA\2C\TFG\MNM2\MultiModeler\node_modules\jest-resolve\build\index.js:949:31)
    at Runtime._shouldMockCjs (D:\ETSII\4 CARRERA\2C\TFG\MNM2\MultiModeler\node_modules\jest-runtime\build\index.js:1486:37)
    at Runtime.requireModuleOrMock (D:\ETSII\4 CARRERA\2C\TFG\MNM2\MultiModeler\node_modules\jest-runtime\build\index.js:961:16)
    at require (D:\ETSII\4 CARRERA\2C\TFG\MNM2\MultiModeler\tests\8.1-unitarias\storage-manager-real.test.js:110:13)
    at processTicksAndRejections (node:internal/process/task_queues:105:5)</failure>
    </testcase>
    <testcase classname="8.1 Pruebas Unitarias - StorageManager REAL gestión de limpieza básica clearStorage elimina claves no preservadas y limpia RASCI/PPI" name="8.1 Pruebas Unitarias - StorageManager REAL gestión de limpieza básica clearStorage elimina claves no preservadas y limpia RASCI/PPI" time="0.018">
      <failure>Error: Cannot find module &apos;../../app/modules/ui/managers/storage-manager.js&apos; from &apos;tests/8.1-unitarias/storage-manager-real.test.js&apos;
    at Resolver._throwModNotFoundError (D:\ETSII\4 CARRERA\2C\TFG\MNM2\MultiModeler\node_modules\jest-resolve\build\index.js:863:11)
    at Resolver.resolveModule (D:\ETSII\4 CARRERA\2C\TFG\MNM2\MultiModeler\node_modules\jest-resolve\build\index.js:810:10)
    at Resolver._getVirtualMockPath (D:\ETSII\4 CARRERA\2C\TFG\MNM2\MultiModeler\node_modules\jest-resolve\build\index.js:1004:84)
    at Resolver._getAbsolutePath (D:\ETSII\4 CARRERA\2C\TFG\MNM2\MultiModeler\node_modules\jest-resolve\build\index.js:984:98)
    at Resolver.getModuleID (D:\ETSII\4 CARRERA\2C\TFG\MNM2\MultiModeler\node_modules\jest-resolve\build\index.js:949:31)
    at Runtime._shouldMockCjs (D:\ETSII\4 CARRERA\2C\TFG\MNM2\MultiModeler\node_modules\jest-runtime\build\index.js:1486:37)
    at Runtime.requireModuleOrMock (D:\ETSII\4 CARRERA\2C\TFG\MNM2\MultiModeler\node_modules\jest-runtime\build\index.js:961:16)
    at require (D:\ETSII\4 CARRERA\2C\TFG\MNM2\MultiModeler\tests\8.1-unitarias\storage-manager-real.test.js:110:13)
    at processTicksAndRejections (node:internal/process/task_queues:105:5)</failure>
    </testcase>
    <testcase classname="8.1 Pruebas Unitarias - StorageManager REAL gestión de limpieza básica clearStorage propaga el error cuando forcePanelDataReload falla" name="8.1 Pruebas Unitarias - StorageManager REAL gestión de limpieza básica clearStorage propaga el error cuando forcePanelDataReload falla" time="0.019">
      <failure>Error: Cannot find module &apos;../../app/modules/ui/managers/storage-manager.js&apos; from &apos;tests/8.1-unitarias/storage-manager-real.test.js&apos;
    at Resolver._throwModNotFoundError (D:\ETSII\4 CARRERA\2C\TFG\MNM2\MultiModeler\node_modules\jest-resolve\build\index.js:863:11)
    at Resolver.resolveModule (D:\ETSII\4 CARRERA\2C\TFG\MNM2\MultiModeler\node_modules\jest-resolve\build\index.js:810:10)
    at Resolver._getVirtualMockPath (D:\ETSII\4 CARRERA\2C\TFG\MNM2\MultiModeler\node_modules\jest-resolve\build\index.js:1004:84)
    at Resolver._getAbsolutePath (D:\ETSII\4 CARRERA\2C\TFG\MNM2\MultiModeler\node_modules\jest-resolve\build\index.js:984:98)
    at Resolver.getModuleID (D:\ETSII\4 CARRERA\2C\TFG\MNM2\MultiModeler\node_modules\jest-resolve\build\index.js:949:31)
    at Runtime._shouldMockCjs (D:\ETSII\4 CARRERA\2C\TFG\MNM2\MultiModeler\node_modules\jest-runtime\build\index.js:1486:37)
    at Runtime.requireModuleOrMock (D:\ETSII\4 CARRERA\2C\TFG\MNM2\MultiModeler\node_modules\jest-runtime\build\index.js:961:16)
    at require (D:\ETSII\4 CARRERA\2C\TFG\MNM2\MultiModeler\tests\8.1-unitarias\storage-manager-real.test.js:110:13)
    at processTicksAndRejections (node:internal/process/task_queues:105:5)</failure>
    </testcase>
    <testcase classname="8.1 Pruebas Unitarias - StorageManager REAL preparación e importación prepareForImport limpia sin marcar storageCleared" name="8.1 Pruebas Unitarias - StorageManager REAL preparación e importación prepareForImport limpia sin marcar storageCleared" time="0.147">
      <failure>Error: Cannot find module &apos;../../app/modules/ui/managers/storage-manager.js&apos; from &apos;tests/8.1-unitarias/storage-manager-real.test.js&apos;
    at Resolver._throwModNotFoundError (D:\ETSII\4 CARRERA\2C\TFG\MNM2\MultiModeler\node_modules\jest-resolve\build\index.js:863:11)
    at Resolver.resolveModule (D:\ETSII\4 CARRERA\2C\TFG\MNM2\MultiModeler\node_modules\jest-resolve\build\index.js:810:10)
    at Resolver._getVirtualMockPath (D:\ETSII\4 CARRERA\2C\TFG\MNM2\MultiModeler\node_modules\jest-resolve\build\index.js:1004:84)
    at Resolver._getAbsolutePath (D:\ETSII\4 CARRERA\2C\TFG\MNM2\MultiModeler\node_modules\jest-resolve\build\index.js:984:98)
    at Resolver.getModuleID (D:\ETSII\4 CARRERA\2C\TFG\MNM2\MultiModeler\node_modules\jest-resolve\build\index.js:949:31)
    at Runtime._shouldMockCjs (D:\ETSII\4 CARRERA\2C\TFG\MNM2\MultiModeler\node_modules\jest-runtime\build\index.js:1486:37)
    at Runtime.requireModuleOrMock (D:\ETSII\4 CARRERA\2C\TFG\MNM2\MultiModeler\node_modules\jest-runtime\build\index.js:961:16)
    at require (D:\ETSII\4 CARRERA\2C\TFG\MNM2\MultiModeler\tests\8.1-unitarias\storage-manager-real.test.js:110:13)
    at processTicksAndRejections (node:internal/process/task_queues:105:5)</failure>
    </testcase>
    <testcase classname="8.1 Pruebas Unitarias - StorageManager REAL preparación e importación prepareForImport retorna false si la limpieza falla" name="8.1 Pruebas Unitarias - StorageManager REAL preparación e importación prepareForImport retorna false si la limpieza falla" time="0.031">
      <failure>Error: Cannot find module &apos;../../app/modules/ui/managers/storage-manager.js&apos; from &apos;tests/8.1-unitarias/storage-manager-real.test.js&apos;
    at Resolver._throwModNotFoundError (D:\ETSII\4 CARRERA\2C\TFG\MNM2\MultiModeler\node_modules\jest-resolve\build\index.js:863:11)
    at Resolver.resolveModule (D:\ETSII\4 CARRERA\2C\TFG\MNM2\MultiModeler\node_modules\jest-resolve\build\index.js:810:10)
    at Resolver._getVirtualMockPath (D:\ETSII\4 CARRERA\2C\TFG\MNM2\MultiModeler\node_modules\jest-resolve\build\index.js:1004:84)
    at Resolver._getAbsolutePath (D:\ETSII\4 CARRERA\2C\TFG\MNM2\MultiModeler\node_modules\jest-resolve\build\index.js:984:98)
    at Resolver.getModuleID (D:\ETSII\4 CARRERA\2C\TFG\MNM2\MultiModeler\node_modules\jest-resolve\build\index.js:949:31)
    at Runtime._shouldMockCjs (D:\ETSII\4 CARRERA\2C\TFG\MNM2\MultiModeler\node_modules\jest-runtime\build\index.js:1486:37)
    at Runtime.requireModuleOrMock (D:\ETSII\4 CARRERA\2C\TFG\MNM2\MultiModeler\node_modules\jest-runtime\build\index.js:961:16)
    at require (D:\ETSII\4 CARRERA\2C\TFG\MNM2\MultiModeler\tests\8.1-unitarias\storage-manager-real.test.js:110:13)
    at processTicksAndRejections (node:internal/process/task_queues:105:5)</failure>
    </testcase>
    <testcase classname="8.1 Pruebas Unitarias - StorageManager REAL reset completo de almacenamiento resetStorage crea diagrama limpio y estado inicial" name="8.1 Pruebas Unitarias - StorageManager REAL reset completo de almacenamiento resetStorage crea diagrama limpio y estado inicial" time="0.023">
      <failure>Error: Cannot find module &apos;../../app/modules/ui/managers/storage-manager.js&apos; from &apos;tests/8.1-unitarias/storage-manager-real.test.js&apos;
    at Resolver._throwModNotFoundError (D:\ETSII\4 CARRERA\2C\TFG\MNM2\MultiModeler\node_modules\jest-resolve\build\index.js:863:11)
    at Resolver.resolveModule (D:\ETSII\4 CARRERA\2C\TFG\MNM2\MultiModeler\node_modules\jest-resolve\build\index.js:810:10)
    at Resolver._getVirtualMockPath (D:\ETSII\4 CARRERA\2C\TFG\MNM2\MultiModeler\node_modules\jest-resolve\build\index.js:1004:84)
    at Resolver._getAbsolutePath (D:\ETSII\4 CARRERA\2C\TFG\MNM2\MultiModeler\node_modules\jest-resolve\build\index.js:984:98)
    at Resolver.getModuleID (D:\ETSII\4 CARRERA\2C\TFG\MNM2\MultiModeler\node_modules\jest-resolve\build\index.js:949:31)
    at Runtime._shouldMockCjs (D:\ETSII\4 CARRERA\2C\TFG\MNM2\MultiModeler\node_modules\jest-runtime\build\index.js:1486:37)
    at Runtime.requireModuleOrMock (D:\ETSII\4 CARRERA\2C\TFG\MNM2\MultiModeler\node_modules\jest-runtime\build\index.js:961:16)
    at require (D:\ETSII\4 CARRERA\2C\TFG\MNM2\MultiModeler\tests\8.1-unitarias\storage-manager-real.test.js:110:13)
    at processTicksAndRejections (node:internal/process/task_queues:105:5)</failure>
    </testcase>
    <testcase classname="8.1 Pruebas Unitarias - StorageManager REAL reset completo de almacenamiento resetStorage retorna false cuando crear el diagrama falla" name="8.1 Pruebas Unitarias - StorageManager REAL reset completo de almacenamiento resetStorage retorna false cuando crear el diagrama falla" time="0.011">
      <failure>Error: Cannot find module &apos;../../app/modules/ui/managers/storage-manager.js&apos; from &apos;tests/8.1-unitarias/storage-manager-real.test.js&apos;
    at Resolver._throwModNotFoundError (D:\ETSII\4 CARRERA\2C\TFG\MNM2\MultiModeler\node_modules\jest-resolve\build\index.js:863:11)
    at Resolver.resolveModule (D:\ETSII\4 CARRERA\2C\TFG\MNM2\MultiModeler\node_modules\jest-resolve\build\index.js:810:10)
    at Resolver._getVirtualMockPath (D:\ETSII\4 CARRERA\2C\TFG\MNM2\MultiModeler\node_modules\jest-resolve\build\index.js:1004:84)
    at Resolver._getAbsolutePath (D:\ETSII\4 CARRERA\2C\TFG\MNM2\MultiModeler\node_modules\jest-resolve\build\index.js:984:98)
    at Resolver.getModuleID (D:\ETSII\4 CARRERA\2C\TFG\MNM2\MultiModeler\node_modules\jest-resolve\build\index.js:949:31)
    at Runtime._shouldMockCjs (D:\ETSII\4 CARRERA\2C\TFG\MNM2\MultiModeler\node_modules\jest-runtime\build\index.js:1486:37)
    at Runtime.requireModuleOrMock (D:\ETSII\4 CARRERA\2C\TFG\MNM2\MultiModeler\node_modules\jest-runtime\build\index.js:961:16)
    at require (D:\ETSII\4 CARRERA\2C\TFG\MNM2\MultiModeler\tests\8.1-unitarias\storage-manager-real.test.js:110:13)
    at processTicksAndRejections (node:internal/process/task_queues:105:5)</failure>
    </testcase>
    <testcase classname="8.1 Pruebas Unitarias - StorageManager REAL utilidades de almacenamiento createBackup persiste el snapshot del estado actual" name="8.1 Pruebas Unitarias - StorageManager REAL utilidades de almacenamiento createBackup persiste el snapshot del estado actual" time="0.014">
      <failure>Error: Cannot find module &apos;../../app/modules/ui/managers/storage-manager.js&apos; from &apos;tests/8.1-unitarias/storage-manager-real.test.js&apos;
    at Resolver._throwModNotFoundError (D:\ETSII\4 CARRERA\2C\TFG\MNM2\MultiModeler\node_modules\jest-resolve\build\index.js:863:11)
    at Resolver.resolveModule (D:\ETSII\4 CARRERA\2C\TFG\MNM2\MultiModeler\node_modules\jest-resolve\build\index.js:810:10)
    at Resolver._getVirtualMockPath (D:\ETSII\4 CARRERA\2C\TFG\MNM2\MultiModeler\node_modules\jest-resolve\build\index.js:1004:84)
    at Resolver._getAbsolutePath (D:\ETSII\4 CARRERA\2C\TFG\MNM2\MultiModeler\node_modules\jest-resolve\build\index.js:984:98)
    at Resolver.getModuleID (D:\ETSII\4 CARRERA\2C\TFG\MNM2\MultiModeler\node_modules\jest-resolve\build\index.js:949:31)
    at Runtime._shouldMockCjs (D:\ETSII\4 CARRERA\2C\TFG\MNM2\MultiModeler\node_modules\jest-runtime\build\index.js:1486:37)
    at Runtime.requireModuleOrMock (D:\ETSII\4 CARRERA\2C\TFG\MNM2\MultiModeler\node_modules\jest-runtime\build\index.js:961:16)
    at require (D:\ETSII\4 CARRERA\2C\TFG\MNM2\MultiModeler\tests\8.1-unitarias\storage-manager-real.test.js:110:13)
    at processTicksAndRejections (node:internal/process/task_queues:105:5)</failure>
    </testcase>
  </testsuite>
  <testsuite name="8.1 Pruebas Unitarias - AutosaveManager" errors="0" failures="15" skipped="0" timestamp="2025-09-21T18:04:23" time="3.513" tests="19">
    <testcase classname="8.1 Pruebas Unitarias - AutosaveManager Inicialización del AutosaveManager debe inicializar correctamente con configuración por defecto" name="8.1 Pruebas Unitarias - AutosaveManager Inicialización del AutosaveManager debe inicializar correctamente con configuración por defecto" time="0.051">
      <failure>Error: expect(received).toBe(expected) // Object.is equality

Expected: true
Received: false
    at Object.toBe (D:\ETSII\4 CARRERA\2C\TFG\MNM2\MultiModeler\tests\8.1-unitarias\autosave-manager.test.js:96:39)
    at Promise.finally.completed (D:\ETSII\4 CARRERA\2C\TFG\MNM2\MultiModeler\node_modules\jest-circus\build\jestAdapterInit.js:1556:28)
    at new Promise (&lt;anonymous&gt;)
    at callAsyncCircusFn (D:\ETSII\4 CARRERA\2C\TFG\MNM2\MultiModeler\node_modules\jest-circus\build\jestAdapterInit.js:1496:10)
    at _callCircusTest (D:\ETSII\4 CARRERA\2C\TFG\MNM2\MultiModeler\node_modules\jest-circus\build\jestAdapterInit.js:1006:40)
    at processTicksAndRejections (node:internal/process/task_queues:105:5)
    at _runTest (D:\ETSII\4 CARRERA\2C\TFG\MNM2\MultiModeler\node_modules\jest-circus\build\jestAdapterInit.js:946:3)
    at _runTestsForDescribeBlock (D:\ETSII\4 CARRERA\2C\TFG\MNM2\MultiModeler\node_modules\jest-circus\build\jestAdapterInit.js:839:13)
    at _runTestsForDescribeBlock (D:\ETSII\4 CARRERA\2C\TFG\MNM2\MultiModeler\node_modules\jest-circus\build\jestAdapterInit.js:829:11)
    at _runTestsForDescribeBlock (D:\ETSII\4 CARRERA\2C\TFG\MNM2\MultiModeler\node_modules\jest-circus\build\jestAdapterInit.js:829:11)
    at run (D:\ETSII\4 CARRERA\2C\TFG\MNM2\MultiModeler\node_modules\jest-circus\build\jestAdapterInit.js:757:3)
    at runAndTransformResultsToJestFormat (D:\ETSII\4 CARRERA\2C\TFG\MNM2\MultiModeler\node_modules\jest-circus\build\jestAdapterInit.js:1917:21)
    at jestAdapter (D:\ETSII\4 CARRERA\2C\TFG\MNM2\MultiModeler\node_modules\jest-circus\build\runner.js:101:19)
    at runTestInternal (D:\ETSII\4 CARRERA\2C\TFG\MNM2\MultiModeler\node_modules\jest-runner\build\testWorker.js:275:16)
    at runTest (D:\ETSII\4 CARRERA\2C\TFG\MNM2\MultiModeler\node_modules\jest-runner\build\testWorker.js:343:7)
    at Object.worker (D:\ETSII\4 CARRERA\2C\TFG\MNM2\MultiModeler\node_modules\jest-runner\build\testWorker.js:497:12)</failure>
    </testcase>
    <testcase classname="8.1 Pruebas Unitarias - AutosaveManager Inicialización del AutosaveManager debe inicializar con configuración personalizada" name="8.1 Pruebas Unitarias - AutosaveManager Inicialización del AutosaveManager debe inicializar con configuración personalizada" time="0.002">
    </testcase>
    <testcase classname="8.1 Pruebas Unitarias - AutosaveManager Inicialización del AutosaveManager debe configurar listeners de eventos automáticamente" name="8.1 Pruebas Unitarias - AutosaveManager Inicialización del AutosaveManager debe configurar listeners de eventos automáticamente" time="0.005">
      <failure>Error: expect(received).toBeDefined()

Received: undefined
    at Object.toBeDefined (D:\ETSII\4 CARRERA\2C\TFG\MNM2\MultiModeler\tests\8.1-unitarias\autosave-manager.test.js:124:59)
    at Promise.finally.completed (D:\ETSII\4 CARRERA\2C\TFG\MNM2\MultiModeler\node_modules\jest-circus\build\jestAdapterInit.js:1556:28)
    at new Promise (&lt;anonymous&gt;)
    at callAsyncCircusFn (D:\ETSII\4 CARRERA\2C\TFG\MNM2\MultiModeler\node_modules\jest-circus\build\jestAdapterInit.js:1496:10)
    at _callCircusTest (D:\ETSII\4 CARRERA\2C\TFG\MNM2\MultiModeler\node_modules\jest-circus\build\jestAdapterInit.js:1006:40)
    at processTicksAndRejections (node:internal/process/task_queues:105:5)
    at _runTest (D:\ETSII\4 CARRERA\2C\TFG\MNM2\MultiModeler\node_modules\jest-circus\build\jestAdapterInit.js:946:3)
    at _runTestsForDescribeBlock (D:\ETSII\4 CARRERA\2C\TFG\MNM2\MultiModeler\node_modules\jest-circus\build\jestAdapterInit.js:839:13)
    at _runTestsForDescribeBlock (D:\ETSII\4 CARRERA\2C\TFG\MNM2\MultiModeler\node_modules\jest-circus\build\jestAdapterInit.js:829:11)
    at _runTestsForDescribeBlock (D:\ETSII\4 CARRERA\2C\TFG\MNM2\MultiModeler\node_modules\jest-circus\build\jestAdapterInit.js:829:11)
    at run (D:\ETSII\4 CARRERA\2C\TFG\MNM2\MultiModeler\node_modules\jest-circus\build\jestAdapterInit.js:757:3)
    at runAndTransformResultsToJestFormat (D:\ETSII\4 CARRERA\2C\TFG\MNM2\MultiModeler\node_modules\jest-circus\build\jestAdapterInit.js:1917:21)
    at jestAdapter (D:\ETSII\4 CARRERA\2C\TFG\MNM2\MultiModeler\node_modules\jest-circus\build\runner.js:101:19)
    at runTestInternal (D:\ETSII\4 CARRERA\2C\TFG\MNM2\MultiModeler\node_modules\jest-runner\build\testWorker.js:275:16)
    at runTest (D:\ETSII\4 CARRERA\2C\TFG\MNM2\MultiModeler\node_modules\jest-runner\build\testWorker.js:343:7)
    at Object.worker (D:\ETSII\4 CARRERA\2C\TFG\MNM2\MultiModeler\node_modules\jest-runner\build\testWorker.js:497:12)</failure>
    </testcase>
    <testcase classname="8.1 Pruebas Unitarias - AutosaveManager Detección de Cambios debe detectar cambios en elementos BPMN" name="8.1 Pruebas Unitarias - AutosaveManager Detección de Cambios debe detectar cambios en elementos BPMN" time="0.003">
      <failure>Error: expect(received).toBe(expected) // Object.is equality

Expected: true
Received: false
    at Object.toBe (D:\ETSII\4 CARRERA\2C\TFG\MNM2\MultiModeler\tests\8.1-unitarias\autosave-manager.test.js:146:42)
    at Promise.finally.completed (D:\ETSII\4 CARRERA\2C\TFG\MNM2\MultiModeler\node_modules\jest-circus\build\jestAdapterInit.js:1556:28)
    at new Promise (&lt;anonymous&gt;)
    at callAsyncCircusFn (D:\ETSII\4 CARRERA\2C\TFG\MNM2\MultiModeler\node_modules\jest-circus\build\jestAdapterInit.js:1496:10)
    at _callCircusTest (D:\ETSII\4 CARRERA\2C\TFG\MNM2\MultiModeler\node_modules\jest-circus\build\jestAdapterInit.js:1006:40)
    at processTicksAndRejections (node:internal/process/task_queues:105:5)
    at _runTest (D:\ETSII\4 CARRERA\2C\TFG\MNM2\MultiModeler\node_modules\jest-circus\build\jestAdapterInit.js:946:3)
    at _runTestsForDescribeBlock (D:\ETSII\4 CARRERA\2C\TFG\MNM2\MultiModeler\node_modules\jest-circus\build\jestAdapterInit.js:839:13)
    at _runTestsForDescribeBlock (D:\ETSII\4 CARRERA\2C\TFG\MNM2\MultiModeler\node_modules\jest-circus\build\jestAdapterInit.js:829:11)
    at _runTestsForDescribeBlock (D:\ETSII\4 CARRERA\2C\TFG\MNM2\MultiModeler\node_modules\jest-circus\build\jestAdapterInit.js:829:11)
    at run (D:\ETSII\4 CARRERA\2C\TFG\MNM2\MultiModeler\node_modules\jest-circus\build\jestAdapterInit.js:757:3)
    at runAndTransformResultsToJestFormat (D:\ETSII\4 CARRERA\2C\TFG\MNM2\MultiModeler\node_modules\jest-circus\build\jestAdapterInit.js:1917:21)
    at jestAdapter (D:\ETSII\4 CARRERA\2C\TFG\MNM2\MultiModeler\node_modules\jest-circus\build\runner.js:101:19)
    at runTestInternal (D:\ETSII\4 CARRERA\2C\TFG\MNM2\MultiModeler\node_modules\jest-runner\build\testWorker.js:275:16)
    at runTest (D:\ETSII\4 CARRERA\2C\TFG\MNM2\MultiModeler\node_modules\jest-runner\build\testWorker.js:343:7)
    at Object.worker (D:\ETSII\4 CARRERA\2C\TFG\MNM2\MultiModeler\node_modules\jest-runner\build\testWorker.js:497:12)</failure>
    </testcase>
    <testcase classname="8.1 Pruebas Unitarias - AutosaveManager Detección de Cambios debe detectar adición de elementos" name="8.1 Pruebas Unitarias - AutosaveManager Detección de Cambios debe detectar adición de elementos" time="0.001">
      <failure>Error: expect(received).toBe(expected) // Object.is equality

Expected: true
Received: false
    at Object.toBe (D:\ETSII\4 CARRERA\2C\TFG\MNM2\MultiModeler\tests\8.1-unitarias\autosave-manager.test.js:161:42)
    at Promise.finally.completed (D:\ETSII\4 CARRERA\2C\TFG\MNM2\MultiModeler\node_modules\jest-circus\build\jestAdapterInit.js:1556:28)
    at new Promise (&lt;anonymous&gt;)
    at callAsyncCircusFn (D:\ETSII\4 CARRERA\2C\TFG\MNM2\MultiModeler\node_modules\jest-circus\build\jestAdapterInit.js:1496:10)
    at _callCircusTest (D:\ETSII\4 CARRERA\2C\TFG\MNM2\MultiModeler\node_modules\jest-circus\build\jestAdapterInit.js:1006:40)
    at processTicksAndRejections (node:internal/process/task_queues:105:5)
    at _runTest (D:\ETSII\4 CARRERA\2C\TFG\MNM2\MultiModeler\node_modules\jest-circus\build\jestAdapterInit.js:946:3)
    at _runTestsForDescribeBlock (D:\ETSII\4 CARRERA\2C\TFG\MNM2\MultiModeler\node_modules\jest-circus\build\jestAdapterInit.js:839:13)
    at _runTestsForDescribeBlock (D:\ETSII\4 CARRERA\2C\TFG\MNM2\MultiModeler\node_modules\jest-circus\build\jestAdapterInit.js:829:11)
    at _runTestsForDescribeBlock (D:\ETSII\4 CARRERA\2C\TFG\MNM2\MultiModeler\node_modules\jest-circus\build\jestAdapterInit.js:829:11)
    at run (D:\ETSII\4 CARRERA\2C\TFG\MNM2\MultiModeler\node_modules\jest-circus\build\jestAdapterInit.js:757:3)
    at runAndTransformResultsToJestFormat (D:\ETSII\4 CARRERA\2C\TFG\MNM2\MultiModeler\node_modules\jest-circus\build\jestAdapterInit.js:1917:21)
    at jestAdapter (D:\ETSII\4 CARRERA\2C\TFG\MNM2\MultiModeler\node_modules\jest-circus\build\runner.js:101:19)
    at runTestInternal (D:\ETSII\4 CARRERA\2C\TFG\MNM2\MultiModeler\node_modules\jest-runner\build\testWorker.js:275:16)
    at runTest (D:\ETSII\4 CARRERA\2C\TFG\MNM2\MultiModeler\node_modules\jest-runner\build\testWorker.js:343:7)
    at Object.worker (D:\ETSII\4 CARRERA\2C\TFG\MNM2\MultiModeler\node_modules\jest-runner\build\testWorker.js:497:12)</failure>
    </testcase>
    <testcase classname="8.1 Pruebas Unitarias - AutosaveManager Detección de Cambios debe detectar eliminación de elementos" name="8.1 Pruebas Unitarias - AutosaveManager Detección de Cambios debe detectar eliminación de elementos" time="0.001">
      <failure>Error: expect(received).toBe(expected) // Object.is equality

Expected: true
Received: false
    at Object.toBe (D:\ETSII\4 CARRERA\2C\TFG\MNM2\MultiModeler\tests\8.1-unitarias\autosave-manager.test.js:176:42)
    at Promise.finally.completed (D:\ETSII\4 CARRERA\2C\TFG\MNM2\MultiModeler\node_modules\jest-circus\build\jestAdapterInit.js:1556:28)
    at new Promise (&lt;anonymous&gt;)
    at callAsyncCircusFn (D:\ETSII\4 CARRERA\2C\TFG\MNM2\MultiModeler\node_modules\jest-circus\build\jestAdapterInit.js:1496:10)
    at _callCircusTest (D:\ETSII\4 CARRERA\2C\TFG\MNM2\MultiModeler\node_modules\jest-circus\build\jestAdapterInit.js:1006:40)
    at processTicksAndRejections (node:internal/process/task_queues:105:5)
    at _runTest (D:\ETSII\4 CARRERA\2C\TFG\MNM2\MultiModeler\node_modules\jest-circus\build\jestAdapterInit.js:946:3)
    at _runTestsForDescribeBlock (D:\ETSII\4 CARRERA\2C\TFG\MNM2\MultiModeler\node_modules\jest-circus\build\jestAdapterInit.js:839:13)
    at _runTestsForDescribeBlock (D:\ETSII\4 CARRERA\2C\TFG\MNM2\MultiModeler\node_modules\jest-circus\build\jestAdapterInit.js:829:11)
    at _runTestsForDescribeBlock (D:\ETSII\4 CARRERA\2C\TFG\MNM2\MultiModeler\node_modules\jest-circus\build\jestAdapterInit.js:829:11)
    at run (D:\ETSII\4 CARRERA\2C\TFG\MNM2\MultiModeler\node_modules\jest-circus\build\jestAdapterInit.js:757:3)
    at runAndTransformResultsToJestFormat (D:\ETSII\4 CARRERA\2C\TFG\MNM2\MultiModeler\node_modules\jest-circus\build\jestAdapterInit.js:1917:21)
    at jestAdapter (D:\ETSII\4 CARRERA\2C\TFG\MNM2\MultiModeler\node_modules\jest-circus\build\runner.js:101:19)
    at runTestInternal (D:\ETSII\4 CARRERA\2C\TFG\MNM2\MultiModeler\node_modules\jest-runner\build\testWorker.js:275:16)
    at runTest (D:\ETSII\4 CARRERA\2C\TFG\MNM2\MultiModeler\node_modules\jest-runner\build\testWorker.js:343:7)
    at Object.worker (D:\ETSII\4 CARRERA\2C\TFG\MNM2\MultiModeler\node_modules\jest-runner\build\testWorker.js:497:12)</failure>
    </testcase>
    <testcase classname="8.1 Pruebas Unitarias - AutosaveManager Ejecución de Autoguardado debe ejecutar autoguardado cuando hay cambios" name="8.1 Pruebas Unitarias - AutosaveManager Ejecución de Autoguardado debe ejecutar autoguardado cuando hay cambios" time="0.151">
      <failure>Error: expect(received).toBe(expected) // Object.is equality

Expected: true
Received: false
    at toBe (D:\ETSII\4 CARRERA\2C\TFG\MNM2\MultiModeler\tests\8.1-unitarias\autosave-manager.test.js:196:30)
    at Generator.call (D:\ETSII\4 CARRERA\2C\TFG\MNM2\MultiModeler\tests\8.1-unitarias\autosave-manager.test.js:2:1)
    at Generator._invoke [as next] (D:\ETSII\4 CARRERA\2C\TFG\MNM2\MultiModeler\tests\8.1-unitarias\autosave-manager.test.js:2:1)
    at asyncGeneratorStep (D:\ETSII\4 CARRERA\2C\TFG\MNM2\MultiModeler\tests\8.1-unitarias\autosave-manager.test.js:2:1)
    at asyncGeneratorStep (D:\ETSII\4 CARRERA\2C\TFG\MNM2\MultiModeler\tests\8.1-unitarias\autosave-manager.test.js:2:1)
    at processTicksAndRejections (node:internal/process/task_queues:105:5)</failure>
    </testcase>
    <testcase classname="8.1 Pruebas Unitarias - AutosaveManager Ejecución de Autoguardado debe programar autoguardado automático" name="8.1 Pruebas Unitarias - AutosaveManager Ejecución de Autoguardado debe programar autoguardado automático" time="0.006">
      <failure>Error: expect(received).toBe(expected) // Object.is equality

Expected: true
Received: false
    at Object.toBe (D:\ETSII\4 CARRERA\2C\TFG\MNM2\MultiModeler\tests\8.1-unitarias\autosave-manager.test.js:216:42)
    at Promise.finally.completed (D:\ETSII\4 CARRERA\2C\TFG\MNM2\MultiModeler\node_modules\jest-circus\build\jestAdapterInit.js:1556:28)
    at new Promise (&lt;anonymous&gt;)
    at callAsyncCircusFn (D:\ETSII\4 CARRERA\2C\TFG\MNM2\MultiModeler\node_modules\jest-circus\build\jestAdapterInit.js:1496:10)
    at _callCircusTest (D:\ETSII\4 CARRERA\2C\TFG\MNM2\MultiModeler\node_modules\jest-circus\build\jestAdapterInit.js:1006:40)
    at processTicksAndRejections (node:internal/process/task_queues:105:5)
    at _runTest (D:\ETSII\4 CARRERA\2C\TFG\MNM2\MultiModeler\node_modules\jest-circus\build\jestAdapterInit.js:946:3)
    at _runTestsForDescribeBlock (D:\ETSII\4 CARRERA\2C\TFG\MNM2\MultiModeler\node_modules\jest-circus\build\jestAdapterInit.js:839:13)
    at _runTestsForDescribeBlock (D:\ETSII\4 CARRERA\2C\TFG\MNM2\MultiModeler\node_modules\jest-circus\build\jestAdapterInit.js:829:11)
    at _runTestsForDescribeBlock (D:\ETSII\4 CARRERA\2C\TFG\MNM2\MultiModeler\node_modules\jest-circus\build\jestAdapterInit.js:829:11)
    at run (D:\ETSII\4 CARRERA\2C\TFG\MNM2\MultiModeler\node_modules\jest-circus\build\jestAdapterInit.js:757:3)
    at runAndTransformResultsToJestFormat (D:\ETSII\4 CARRERA\2C\TFG\MNM2\MultiModeler\node_modules\jest-circus\build\jestAdapterInit.js:1917:21)
    at jestAdapter (D:\ETSII\4 CARRERA\2C\TFG\MNM2\MultiModeler\node_modules\jest-circus\build\runner.js:101:19)
    at runTestInternal (D:\ETSII\4 CARRERA\2C\TFG\MNM2\MultiModeler\node_modules\jest-runner\build\testWorker.js:275:16)
    at runTest (D:\ETSII\4 CARRERA\2C\TFG\MNM2\MultiModeler\node_modules\jest-runner\build\testWorker.js:343:7)
    at Object.worker (D:\ETSII\4 CARRERA\2C\TFG\MNM2\MultiModeler\node_modules\jest-runner\build\testWorker.js:497:12)</failure>
    </testcase>
    <testcase classname="8.1 Pruebas Unitarias - AutosaveManager Ejecución de Autoguardado debe publicar evento de autoguardado completado" name="8.1 Pruebas Unitarias - AutosaveManager Ejecución de Autoguardado debe publicar evento de autoguardado completado" time="0.03">
      <failure>Error: expect(received).toBe(expected) // Object.is equality

Expected: 1
Received: 0
    at toBe (D:\ETSII\4 CARRERA\2C\TFG\MNM2\MultiModeler\tests\8.1-unitarias\autosave-manager.test.js:235:38)
    at Generator.call (D:\ETSII\4 CARRERA\2C\TFG\MNM2\MultiModeler\tests\8.1-unitarias\autosave-manager.test.js:2:1)
    at Generator._invoke [as next] (D:\ETSII\4 CARRERA\2C\TFG\MNM2\MultiModeler\tests\8.1-unitarias\autosave-manager.test.js:2:1)
    at asyncGeneratorStep (D:\ETSII\4 CARRERA\2C\TFG\MNM2\MultiModeler\tests\8.1-unitarias\autosave-manager.test.js:2:1)
    at asyncGeneratorStep (D:\ETSII\4 CARRERA\2C\TFG\MNM2\MultiModeler\tests\8.1-unitarias\autosave-manager.test.js:2:1)
    at processTicksAndRejections (node:internal/process/task_queues:105:5)</failure>
    </testcase>
    <testcase classname="8.1 Pruebas Unitarias - AutosaveManager Ejecución de Autoguardado no debe ejecutar autoguardado si no hay cambios" name="8.1 Pruebas Unitarias - AutosaveManager Ejecución de Autoguardado no debe ejecutar autoguardado si no hay cambios" time="0.008">
      <failure>Error: expect(received).toContain(expected) // indexOf

Expected substring: &quot;no changes&quot;
Received string:    &quot;Autosave disabled&quot;
    at toContain (D:\ETSII\4 CARRERA\2C\TFG\MNM2\MultiModeler\tests\8.1-unitarias\autosave-manager.test.js:252:29)
    at Generator.call (D:\ETSII\4 CARRERA\2C\TFG\MNM2\MultiModeler\tests\8.1-unitarias\autosave-manager.test.js:2:1)
    at Generator._invoke [as next] (D:\ETSII\4 CARRERA\2C\TFG\MNM2\MultiModeler\tests\8.1-unitarias\autosave-manager.test.js:2:1)
    at asyncGeneratorStep (D:\ETSII\4 CARRERA\2C\TFG\MNM2\MultiModeler\tests\8.1-unitarias\autosave-manager.test.js:2:1)
    at asyncGeneratorStep (D:\ETSII\4 CARRERA\2C\TFG\MNM2\MultiModeler\tests\8.1-unitarias\autosave-manager.test.js:2:1)
    at processTicksAndRejections (node:internal/process/task_queues:105:5)</failure>
    </testcase>
    <testcase classname="8.1 Pruebas Unitarias - AutosaveManager Ejecución de Autoguardado debe evitar autoguardados concurrentes" name="8.1 Pruebas Unitarias - AutosaveManager Ejecución de Autoguardado debe evitar autoguardados concurrentes" time="0.087">
      <failure>Error: expect(received).toContain(expected) // indexOf

Expected substring: &quot;Already saving&quot;
Received string:    &quot;Autosave disabled&quot;
    at toContain (D:\ETSII\4 CARRERA\2C\TFG\MNM2\MultiModeler\tests\8.1-unitarias\autosave-manager.test.js:272:29)
    at Generator.call (D:\ETSII\4 CARRERA\2C\TFG\MNM2\MultiModeler\tests\8.1-unitarias\autosave-manager.test.js:2:1)
    at Generator._invoke [as next] (D:\ETSII\4 CARRERA\2C\TFG\MNM2\MultiModeler\tests\8.1-unitarias\autosave-manager.test.js:2:1)
    at asyncGeneratorStep (D:\ETSII\4 CARRERA\2C\TFG\MNM2\MultiModeler\tests\8.1-unitarias\autosave-manager.test.js:2:1)
    at asyncGeneratorStep (D:\ETSII\4 CARRERA\2C\TFG\MNM2\MultiModeler\tests\8.1-unitarias\autosave-manager.test.js:2:1)
    at processTicksAndRejections (node:internal/process/task_queues:105:5)</failure>
    </testcase>
    <testcase classname="8.1 Pruebas Unitarias - AutosaveManager Manejo de Errores debe manejar errores del modelador" name="8.1 Pruebas Unitarias - AutosaveManager Manejo de Errores debe manejar errores del modelador" time="0.009">
      <failure>Error: expect(received).toBeDefined()

Received: undefined
    at toBeDefined (D:\ETSII\4 CARRERA\2C\TFG\MNM2\MultiModeler\tests\8.1-unitarias\autosave-manager.test.js:291:28)
    at Generator.call (D:\ETSII\4 CARRERA\2C\TFG\MNM2\MultiModeler\tests\8.1-unitarias\autosave-manager.test.js:2:1)
    at Generator._invoke [as next] (D:\ETSII\4 CARRERA\2C\TFG\MNM2\MultiModeler\tests\8.1-unitarias\autosave-manager.test.js:2:1)
    at asyncGeneratorStep (D:\ETSII\4 CARRERA\2C\TFG\MNM2\MultiModeler\tests\8.1-unitarias\autosave-manager.test.js:2:1)
    at asyncGeneratorStep (D:\ETSII\4 CARRERA\2C\TFG\MNM2\MultiModeler\tests\8.1-unitarias\autosave-manager.test.js:2:1)
    at processTicksAndRejections (node:internal/process/task_queues:105:5)</failure>
    </testcase>
    <testcase classname="8.1 Pruebas Unitarias - AutosaveManager Manejo de Errores debe manejar errores del storage" name="8.1 Pruebas Unitarias - AutosaveManager Manejo de Errores debe manejar errores del storage" time="0.006">
      <failure>Error: expect(received).toBeDefined()

Received: undefined
    at toBeDefined (D:\ETSII\4 CARRERA\2C\TFG\MNM2\MultiModeler\tests\8.1-unitarias\autosave-manager.test.js:321:28)
    at Generator.call (D:\ETSII\4 CARRERA\2C\TFG\MNM2\MultiModeler\tests\8.1-unitarias\autosave-manager.test.js:2:1)
    at Generator._invoke [as next] (D:\ETSII\4 CARRERA\2C\TFG\MNM2\MultiModeler\tests\8.1-unitarias\autosave-manager.test.js:2:1)
    at asyncGeneratorStep (D:\ETSII\4 CARRERA\2C\TFG\MNM2\MultiModeler\tests\8.1-unitarias\autosave-manager.test.js:2:1)
    at asyncGeneratorStep (D:\ETSII\4 CARRERA\2C\TFG\MNM2\MultiModeler\tests\8.1-unitarias\autosave-manager.test.js:2:1)
    at processTicksAndRejections (node:internal/process/task_queues:105:5)</failure>
    </testcase>
    <testcase classname="8.1 Pruebas Unitarias - AutosaveManager Control de Estado debe habilitar y deshabilitar autoguardado" name="8.1 Pruebas Unitarias - AutosaveManager Control de Estado debe habilitar y deshabilitar autoguardado" time="0.005">
    </testcase>
    <testcase classname="8.1 Pruebas Unitarias - AutosaveManager Control de Estado debe forzar autoguardado manualmente" name="8.1 Pruebas Unitarias - AutosaveManager Control de Estado debe forzar autoguardado manualmente" time="0.008">
      <failure>Error: expect(received).toBe(expected) // Object.is equality

Expected: true
Received: false
    at toBe (D:\ETSII\4 CARRERA\2C\TFG\MNM2\MultiModeler\tests\8.1-unitarias\autosave-manager.test.js:360:30)
    at Generator.call (D:\ETSII\4 CARRERA\2C\TFG\MNM2\MultiModeler\tests\8.1-unitarias\autosave-manager.test.js:2:1)
    at Generator._invoke [as next] (D:\ETSII\4 CARRERA\2C\TFG\MNM2\MultiModeler\tests\8.1-unitarias\autosave-manager.test.js:2:1)
    at asyncGeneratorStep (D:\ETSII\4 CARRERA\2C\TFG\MNM2\MultiModeler\tests\8.1-unitarias\autosave-manager.test.js:2:1)
    at asyncGeneratorStep (D:\ETSII\4 CARRERA\2C\TFG\MNM2\MultiModeler\tests\8.1-unitarias\autosave-manager.test.js:2:1)
    at processTicksAndRejections (node:internal/process/task_queues:105:5)</failure>
    </testcase>
    <testcase classname="8.1 Pruebas Unitarias - AutosaveManager Control de Estado debe limpiar recursos al destruir" name="8.1 Pruebas Unitarias - AutosaveManager Control de Estado debe limpiar recursos al destruir" time="0.006">
      <failure>Error: expect(received).toBeTruthy()

Received: null
    at Object.toBeTruthy (D:\ETSII\4 CARRERA\2C\TFG\MNM2\MultiModeler\tests\8.1-unitarias\autosave-manager.test.js:375:45)
    at Promise.finally.completed (D:\ETSII\4 CARRERA\2C\TFG\MNM2\MultiModeler\node_modules\jest-circus\build\jestAdapterInit.js:1556:28)
    at new Promise (&lt;anonymous&gt;)
    at callAsyncCircusFn (D:\ETSII\4 CARRERA\2C\TFG\MNM2\MultiModeler\node_modules\jest-circus\build\jestAdapterInit.js:1496:10)
    at _callCircusTest (D:\ETSII\4 CARRERA\2C\TFG\MNM2\MultiModeler\node_modules\jest-circus\build\jestAdapterInit.js:1006:40)
    at processTicksAndRejections (node:internal/process/task_queues:105:5)
    at _runTest (D:\ETSII\4 CARRERA\2C\TFG\MNM2\MultiModeler\node_modules\jest-circus\build\jestAdapterInit.js:946:3)
    at _runTestsForDescribeBlock (D:\ETSII\4 CARRERA\2C\TFG\MNM2\MultiModeler\node_modules\jest-circus\build\jestAdapterInit.js:839:13)
    at _runTestsForDescribeBlock (D:\ETSII\4 CARRERA\2C\TFG\MNM2\MultiModeler\node_modules\jest-circus\build\jestAdapterInit.js:829:11)
    at _runTestsForDescribeBlock (D:\ETSII\4 CARRERA\2C\TFG\MNM2\MultiModeler\node_modules\jest-circus\build\jestAdapterInit.js:829:11)
    at run (D:\ETSII\4 CARRERA\2C\TFG\MNM2\MultiModeler\node_modules\jest-circus\build\jestAdapterInit.js:757:3)
    at runAndTransformResultsToJestFormat (D:\ETSII\4 CARRERA\2C\TFG\MNM2\MultiModeler\node_modules\jest-circus\build\jestAdapterInit.js:1917:21)
    at jestAdapter (D:\ETSII\4 CARRERA\2C\TFG\MNM2\MultiModeler\node_modules\jest-circus\build\runner.js:101:19)
    at runTestInternal (D:\ETSII\4 CARRERA\2C\TFG\MNM2\MultiModeler\node_modules\jest-runner\build\testWorker.js:275:16)
    at runTest (D:\ETSII\4 CARRERA\2C\TFG\MNM2\MultiModeler\node_modules\jest-runner\build\testWorker.js:343:7)
    at Object.worker (D:\ETSII\4 CARRERA\2C\TFG\MNM2\MultiModeler\node_modules\jest-runner\build\testWorker.js:497:12)</failure>
    </testcase>
    <testcase classname="8.1 Pruebas Unitarias - AutosaveManager Integración con Sistema Multi-notación debe guardar datos de todas las notaciones" name="8.1 Pruebas Unitarias - AutosaveManager Integración con Sistema Multi-notación debe guardar datos de todas las notaciones" time="0.01">
      <failure>TypeError: Cannot read properties of null (reading &apos;data&apos;)
    at data (D:\ETSII\4 CARRERA\2C\TFG\MNM2\MultiModeler\tests\8.1-unitarias\autosave-manager.test.js:401:25)
    at Generator.call (D:\ETSII\4 CARRERA\2C\TFG\MNM2\MultiModeler\tests\8.1-unitarias\autosave-manager.test.js:2:1)
    at Generator._invoke [as next] (D:\ETSII\4 CARRERA\2C\TFG\MNM2\MultiModeler\tests\8.1-unitarias\autosave-manager.test.js:2:1)
    at asyncGeneratorStep (D:\ETSII\4 CARRERA\2C\TFG\MNM2\MultiModeler\tests\8.1-unitarias\autosave-manager.test.js:2:1)
    at asyncGeneratorStep (D:\ETSII\4 CARRERA\2C\TFG\MNM2\MultiModeler\tests\8.1-unitarias\autosave-manager.test.js:2:1)
    at processTicksAndRejections (node:internal/process/task_queues:105:5)</failure>
    </testcase>
    <testcase classname="8.1 Pruebas Unitarias - AutosaveManager Integración con Sistema Multi-notación debe responder a cambios en RASCI" name="8.1 Pruebas Unitarias - AutosaveManager Integración con Sistema Multi-notación debe responder a cambios en RASCI" time="0.002">
    </testcase>
    <testcase classname="8.1 Pruebas Unitarias - AutosaveManager Integración con Sistema Multi-notación debe responder a cambios en PPINOT" name="8.1 Pruebas Unitarias - AutosaveManager Integración con Sistema Multi-notación debe responder a cambios en PPINOT" time="0.001">
    </testcase>
  </testsuite>
  <testsuite name="8.1 Validación del Sistema Real - Sin Mocks Falsos" errors="0" failures="3" skipped="0" timestamp="2025-09-21T18:04:23" time="6.074" tests="12">
    <testcase classname="8.1 Validación del Sistema Real - Sin Mocks Falsos REAL: MultiNotationModelerCore debe importar y instanciar el MultiNotationModelerCore real" name="8.1 Validación del Sistema Real - Sin Mocks Falsos REAL: MultiNotationModelerCore debe importar y instanciar el MultiNotationModelerCore real" time="0.385">
    </testcase>
    <testcase classname="8.1 Validación del Sistema Real - Sin Mocks Falsos REAL: MultiNotationModelerCore debe inicializar el core real y publicar eventos reales" name="8.1 Validación del Sistema Real - Sin Mocks Falsos REAL: MultiNotationModelerCore debe inicializar el core real y publicar eventos reales" time="0.051">
    </testcase>
    <testcase classname="8.1 Validación del Sistema Real - Sin Mocks Falsos REAL: MultiNotationModelerCore debe registrar y obtener módulos reales" name="8.1 Validación del Sistema Real - Sin Mocks Falsos REAL: MultiNotationModelerCore debe registrar y obtener módulos reales" time="0.003">
    </testcase>
    <testcase classname="8.1 Validación del Sistema Real - Sin Mocks Falsos REAL: EventBus del Sistema debe usar el EventBus real del sistema" name="8.1 Validación del Sistema Real - Sin Mocks Falsos REAL: EventBus del Sistema debe usar el EventBus real del sistema" time="0.015">
    </testcase>
    <testcase classname="8.1 Validación del Sistema Real - Sin Mocks Falsos REAL: ServiceRegistry del Sistema debe usar el ServiceRegistry real del sistema" name="8.1 Validación del Sistema Real - Sin Mocks Falsos REAL: ServiceRegistry del Sistema debe usar el ServiceRegistry real del sistema" time="0.012">
    </testcase>
    <testcase classname="8.1 Validación del Sistema Real - Sin Mocks Falsos REAL: StorageManager del Sistema debe usar el StorageManager real del sistema" name="8.1 Validación del Sistema Real - Sin Mocks Falsos REAL: StorageManager del Sistema debe usar el StorageManager real del sistema" time="0.006">
      <failure>Error: expect(received).toBeNull()

Received: [Error: Cannot find module &apos;../../app/modules/ui/managers/storage-manager.js&apos; from &apos;tests/8.1-unitarias/real-system-validation.test.js&apos;]
    at toBeNull (D:\ETSII\4 CARRERA\2C\TFG\MNM2\MultiModeler\tests\8.1-unitarias\real-system-validation.test.js:251:27)
    at Generator.call (D:\ETSII\4 CARRERA\2C\TFG\MNM2\MultiModeler\tests\8.1-unitarias\real-system-validation.test.js:2:1)
    at Generator._invoke [as throw] (D:\ETSII\4 CARRERA\2C\TFG\MNM2\MultiModeler\tests\8.1-unitarias\real-system-validation.test.js:2:1)
    at asyncGeneratorStep (D:\ETSII\4 CARRERA\2C\TFG\MNM2\MultiModeler\tests\8.1-unitarias\real-system-validation.test.js:2:1)
    at asyncGeneratorStep (D:\ETSII\4 CARRERA\2C\TFG\MNM2\MultiModeler\tests\8.1-unitarias\real-system-validation.test.js:2:1)
    at processTicksAndRejections (node:internal/process/task_queues:105:5)</failure>
    </testcase>
    <testcase classname="8.1 Validación del Sistema Real - Sin Mocks Falsos REAL: RASCI Manager y Adapter debe importar y usar el RASCIAdapter real" name="8.1 Validación del Sistema Real - Sin Mocks Falsos REAL: RASCI Manager y Adapter debe importar y usar el RASCIAdapter real" time="0.09">
    </testcase>
    <testcase classname="8.1 Validación del Sistema Real - Sin Mocks Falsos REAL: RASCI Manager y Adapter debe inicializar el módulo RASCI real" name="8.1 Validación del Sistema Real - Sin Mocks Falsos REAL: RASCI Manager y Adapter debe inicializar el módulo RASCI real" time="0.036">
    </testcase>
    <testcase classname="8.1 Validación del Sistema Real - Sin Mocks Falsos REAL: Coordinación Multi-Notación debe coordinar entre EventBus real y Core real" name="8.1 Validación del Sistema Real - Sin Mocks Falsos REAL: Coordinación Multi-Notación debe coordinar entre EventBus real y Core real" time="0.019">
    </testcase>
    <testcase classname="8.1 Validación del Sistema Real - Sin Mocks Falsos REAL: Coordinación Multi-Notación debe usar ServiceRegistry real para dependencias" name="8.1 Validación del Sistema Real - Sin Mocks Falsos REAL: Coordinación Multi-Notación debe usar ServiceRegistry real para dependencias" time="0.002">
    </testcase>
    <testcase classname="8.1 Validación del Sistema Real - Sin Mocks Falsos REAL: Persistencia y Almacenamiento debe guardar y cargar datos reales en localStorage" name="8.1 Validación del Sistema Real - Sin Mocks Falsos REAL: Persistencia y Almacenamiento debe guardar y cargar datos reales en localStorage" time="0.019">
      <failure>Error: expect(received).toBeNull()

Received: [Error: Cannot find module &apos;../../app/modules/ui/managers/storage-manager.js&apos; from &apos;tests/8.1-unitarias/real-system-validation.test.js&apos;]
    at toBeNull (D:\ETSII\4 CARRERA\2C\TFG\MNM2\MultiModeler\tests\8.1-unitarias\real-system-validation.test.js:527:26)
    at Generator.call (D:\ETSII\4 CARRERA\2C\TFG\MNM2\MultiModeler\tests\8.1-unitarias\real-system-validation.test.js:2:1)
    at Generator._invoke [as throw] (D:\ETSII\4 CARRERA\2C\TFG\MNM2\MultiModeler\tests\8.1-unitarias\real-system-validation.test.js:2:1)
    at asyncGeneratorStep (D:\ETSII\4 CARRERA\2C\TFG\MNM2\MultiModeler\tests\8.1-unitarias\real-system-validation.test.js:2:1)
    at asyncGeneratorStep (D:\ETSII\4 CARRERA\2C\TFG\MNM2\MultiModeler\tests\8.1-unitarias\real-system-validation.test.js:2:1)
    at processTicksAndRejections (node:internal/process/task_queues:105:5)</failure>
    </testcase>
    <testcase classname="8.1 Validación del Sistema Real - Sin Mocks Falsos REAL: Integración Completa del Sistema debe inicializar la aplicación real completa" name="8.1 Validación del Sistema Real - Sin Mocks Falsos REAL: Integración Completa del Sistema debe inicializar la aplicación real completa" time="2.605">
      <failure>Error: expect(received).toBeNull()

Received: [Error: Cannot find module &apos;./managers/PPIElementManager.js&apos; from &apos;app/modules/ppis/core/ppi-core.js&apos;·
Require stack:
  app/modules/ppis/core/ppi-core.js
  app/modules/ppis/index.js
  app/modules/index.js
  tests/8.1-unitarias/real-system-validation.test.js
]
    at toBeNull (D:\ETSII\4 CARRERA\2C\TFG\MNM2\MultiModeler\tests\8.1-unitarias\real-system-validation.test.js:616:27)
    at Generator.call (D:\ETSII\4 CARRERA\2C\TFG\MNM2\MultiModeler\tests\8.1-unitarias\real-system-validation.test.js:2:1)
    at Generator._invoke [as throw] (D:\ETSII\4 CARRERA\2C\TFG\MNM2\MultiModeler\tests\8.1-unitarias\real-system-validation.test.js:2:1)
    at asyncGeneratorStep (D:\ETSII\4 CARRERA\2C\TFG\MNM2\MultiModeler\tests\8.1-unitarias\real-system-validation.test.js:2:1)
    at asyncGeneratorStep (D:\ETSII\4 CARRERA\2C\TFG\MNM2\MultiModeler\tests\8.1-unitarias\real-system-validation.test.js:2:1)
    at processTicksAndRejections (node:internal/process/task_queues:105:5)</failure>
    </testcase>
  </testsuite>
  <testsuite name="8.1 Pruebas Unitarias - MultiNotation Core" errors="0" failures="0" skipped="0" timestamp="2025-09-21T18:04:27" time="0.777" tests="6">
    <testcase classname="8.1 Pruebas Unitarias - MultiNotation Core Inicialización de Aplicación debe inicializar módulos principales correctamente" name="8.1 Pruebas Unitarias - MultiNotation Core Inicialización de Aplicación debe inicializar módulos principales correctamente" time="0.058">
    </testcase>
    <testcase classname="8.1 Pruebas Unitarias - MultiNotation Core Inicialización de Aplicación debe registrar servicios en ServiceRegistry durante inicialización" name="8.1 Pruebas Unitarias - MultiNotation Core Inicialización de Aplicación debe registrar servicios en ServiceRegistry durante inicialización" time="0.007">
    </testcase>
    <testcase classname="8.1 Pruebas Unitarias - MultiNotation Core Comunicación Entre Módulos debe facilitar comunicación RASCI ↔ PPINOT" name="8.1 Pruebas Unitarias - MultiNotation Core Comunicación Entre Módulos debe facilitar comunicación RASCI ↔ PPINOT" time="0.141">
    </testcase>
    <testcase classname="8.1 Pruebas Unitarias - MultiNotation Core Comunicación Entre Módulos debe sincronizar cambios entre notaciones de forma específica" name="8.1 Pruebas Unitarias - MultiNotation Core Comunicación Entre Módulos debe sincronizar cambios entre notaciones de forma específica" time="0.275">
    </testcase>
    <testcase classname="8.1 Pruebas Unitarias - MultiNotation Core Validación Cross-Notation debe detectar inconsistencias específicas entre BPMN y RASCI" name="8.1 Pruebas Unitarias - MultiNotation Core Validación Cross-Notation debe detectar inconsistencias específicas entre BPMN y RASCI" time="0.009">
    </testcase>
    <testcase classname="8.1 Pruebas Unitarias - MultiNotation Core Validación Cross-Notation debe validar integridad de datos entre notaciones" name="8.1 Pruebas Unitarias - MultiNotation Core Validación Cross-Notation debe validar integridad de datos entre notaciones" time="0.003">
    </testcase>
  </testsuite>
  <testsuite name="8.1 Pruebas Unitarias - Sistema LocalStorage (Reemplazo de Autosave)" errors="0" failures="14" skipped="0" timestamp="2025-09-21T18:04:23" time="6.372" tests="17">
    <testcase classname="8.1 Pruebas Unitarias - Sistema LocalStorage (Reemplazo de Autosave) Reemplazo del AutosaveManager LocalStorageIntegration debe reemplazar completamente al AutosaveManager" name="8.1 Pruebas Unitarias - Sistema LocalStorage (Reemplazo de Autosave) Reemplazo del AutosaveManager LocalStorageIntegration debe reemplazar completamente al AutosaveManager" time="0.013">
      <failure>TypeError: LocalStorageIntegration is not a constructor
    at Object.&lt;anonymous&gt; (D:\ETSII\4 CARRERA\2C\TFG\MNM2\MultiModeler\tests\8.1-unitarias\local-storage-system.test.js:111:27)
    at Promise.finally.completed (D:\ETSII\4 CARRERA\2C\TFG\MNM2\MultiModeler\node_modules\jest-circus\build\jestAdapterInit.js:1556:28)
    at new Promise (&lt;anonymous&gt;)
    at callAsyncCircusFn (D:\ETSII\4 CARRERA\2C\TFG\MNM2\MultiModeler\node_modules\jest-circus\build\jestAdapterInit.js:1496:10)
    at _callCircusTest (D:\ETSII\4 CARRERA\2C\TFG\MNM2\MultiModeler\node_modules\jest-circus\build\jestAdapterInit.js:1006:40)
    at processTicksAndRejections (node:internal/process/task_queues:105:5)
    at _runTest (D:\ETSII\4 CARRERA\2C\TFG\MNM2\MultiModeler\node_modules\jest-circus\build\jestAdapterInit.js:946:3)
    at _runTestsForDescribeBlock (D:\ETSII\4 CARRERA\2C\TFG\MNM2\MultiModeler\node_modules\jest-circus\build\jestAdapterInit.js:839:13)
    at _runTestsForDescribeBlock (D:\ETSII\4 CARRERA\2C\TFG\MNM2\MultiModeler\node_modules\jest-circus\build\jestAdapterInit.js:829:11)
    at _runTestsForDescribeBlock (D:\ETSII\4 CARRERA\2C\TFG\MNM2\MultiModeler\node_modules\jest-circus\build\jestAdapterInit.js:829:11)
    at run (D:\ETSII\4 CARRERA\2C\TFG\MNM2\MultiModeler\node_modules\jest-circus\build\jestAdapterInit.js:757:3)
    at runAndTransformResultsToJestFormat (D:\ETSII\4 CARRERA\2C\TFG\MNM2\MultiModeler\node_modules\jest-circus\build\jestAdapterInit.js:1917:21)
    at jestAdapter (D:\ETSII\4 CARRERA\2C\TFG\MNM2\MultiModeler\node_modules\jest-circus\build\runner.js:101:19)
    at runTestInternal (D:\ETSII\4 CARRERA\2C\TFG\MNM2\MultiModeler\node_modules\jest-runner\build\testWorker.js:275:16)
    at runTest (D:\ETSII\4 CARRERA\2C\TFG\MNM2\MultiModeler\node_modules\jest-runner\build\testWorker.js:343:7)
    at Object.worker (D:\ETSII\4 CARRERA\2C\TFG\MNM2\MultiModeler\node_modules\jest-runner\build\testWorker.js:497:12)</failure>
    </testcase>
    <testcase classname="8.1 Pruebas Unitarias - Sistema LocalStorage (Reemplazo de Autosave) Reemplazo del AutosaveManager debe proporcionar funcionalidad equivalente al AutosaveManager" name="8.1 Pruebas Unitarias - Sistema LocalStorage (Reemplazo de Autosave) Reemplazo del AutosaveManager debe proporcionar funcionalidad equivalente al AutosaveManager" time="0.001">
      <failure>TypeError: LocalStorageIntegration is not a constructor
    at D:\ETSII\4 CARRERA\2C\TFG\MNM2\MultiModeler\tests\8.1-unitarias\local-storage-system.test.js:122:27
    at Generator.call (D:\ETSII\4 CARRERA\2C\TFG\MNM2\MultiModeler\tests\8.1-unitarias\local-storage-system.test.js:2:1)
    at Generator._invoke [as next] (D:\ETSII\4 CARRERA\2C\TFG\MNM2\MultiModeler\tests\8.1-unitarias\local-storage-system.test.js:2:1)
    at asyncGeneratorStep (D:\ETSII\4 CARRERA\2C\TFG\MNM2\MultiModeler\tests\8.1-unitarias\local-storage-system.test.js:2:1)
    at asyncGeneratorStep (D:\ETSII\4 CARRERA\2C\TFG\MNM2\MultiModeler\tests\8.1-unitarias\local-storage-system.test.js:2:1)
    at _next (D:\ETSII\4 CARRERA\2C\TFG\MNM2\MultiModeler\tests\8.1-unitarias\local-storage-system.test.js:2:1)
    at new Promise (&lt;anonymous&gt;)
    at Object.&lt;anonymous&gt; (D:\ETSII\4 CARRERA\2C\TFG\MNM2\MultiModeler\tests\8.1-unitarias\local-storage-system.test.js:2:1)
    at Promise.finally.completed (D:\ETSII\4 CARRERA\2C\TFG\MNM2\MultiModeler\node_modules\jest-circus\build\jestAdapterInit.js:1556:28)
    at new Promise (&lt;anonymous&gt;)
    at callAsyncCircusFn (D:\ETSII\4 CARRERA\2C\TFG\MNM2\MultiModeler\node_modules\jest-circus\build\jestAdapterInit.js:1496:10)
    at _callCircusTest (D:\ETSII\4 CARRERA\2C\TFG\MNM2\MultiModeler\node_modules\jest-circus\build\jestAdapterInit.js:1006:40)
    at processTicksAndRejections (node:internal/process/task_queues:105:5)
    at _runTest (D:\ETSII\4 CARRERA\2C\TFG\MNM2\MultiModeler\node_modules\jest-circus\build\jestAdapterInit.js:946:3)
    at _runTestsForDescribeBlock (D:\ETSII\4 CARRERA\2C\TFG\MNM2\MultiModeler\node_modules\jest-circus\build\jestAdapterInit.js:839:13)
    at _runTestsForDescribeBlock (D:\ETSII\4 CARRERA\2C\TFG\MNM2\MultiModeler\node_modules\jest-circus\build\jestAdapterInit.js:829:11)
    at _runTestsForDescribeBlock (D:\ETSII\4 CARRERA\2C\TFG\MNM2\MultiModeler\node_modules\jest-circus\build\jestAdapterInit.js:829:11)
    at run (D:\ETSII\4 CARRERA\2C\TFG\MNM2\MultiModeler\node_modules\jest-circus\build\jestAdapterInit.js:757:3)
    at runAndTransformResultsToJestFormat (D:\ETSII\4 CARRERA\2C\TFG\MNM2\MultiModeler\node_modules\jest-circus\build\jestAdapterInit.js:1917:21)
    at jestAdapter (D:\ETSII\4 CARRERA\2C\TFG\MNM2\MultiModeler\node_modules\jest-circus\build\runner.js:101:19)
    at runTestInternal (D:\ETSII\4 CARRERA\2C\TFG\MNM2\MultiModeler\node_modules\jest-runner\build\testWorker.js:275:16)
    at runTest (D:\ETSII\4 CARRERA\2C\TFG\MNM2\MultiModeler\node_modules\jest-runner\build\testWorker.js:343:7)
    at Object.worker (D:\ETSII\4 CARRERA\2C\TFG\MNM2\MultiModeler\node_modules\jest-runner\build\testWorker.js:497:12)</failure>
    </testcase>
    <testcase classname="8.1 Pruebas Unitarias - Sistema LocalStorage (Reemplazo de Autosave) Integración con PPIDataManager PPIDataManager debe usar LocalStorageManager en lugar de autosave" name="8.1 Pruebas Unitarias - Sistema LocalStorage (Reemplazo de Autosave) Integración con PPIDataManager PPIDataManager debe usar LocalStorageManager en lugar de autosave" time="0.148">
    </testcase>
    <testcase classname="8.1 Pruebas Unitarias - Sistema LocalStorage (Reemplazo de Autosave) Integración con PPIDataManager PPIDataManager debe prevenir guardados concurrentes" name="8.1 Pruebas Unitarias - Sistema LocalStorage (Reemplazo de Autosave) Integración con PPIDataManager PPIDataManager debe prevenir guardados concurrentes" time="0.149">
    </testcase>
    <testcase classname="8.1 Pruebas Unitarias - Sistema LocalStorage (Reemplazo de Autosave) Integración con PPIDataManager PPIDataManager debe cargar datos correctamente" name="8.1 Pruebas Unitarias - Sistema LocalStorage (Reemplazo de Autosave) Integración con PPIDataManager PPIDataManager debe cargar datos correctamente" time="0.252">
    </testcase>
    <testcase classname="8.1 Pruebas Unitarias - Sistema LocalStorage (Reemplazo de Autosave) Captura y restauración de relaciones padre-hijo debe capturar relaciones igual que ImportExportManager" name="8.1 Pruebas Unitarias - Sistema LocalStorage (Reemplazo de Autosave) Captura y restauración de relaciones padre-hijo debe capturar relaciones igual que ImportExportManager" time="0.001">
      <failure>TypeError: LocalStorageManager is not a constructor
    at D:\ETSII\4 CARRERA\2C\TFG\MNM2\MultiModeler\tests\8.1-unitarias\local-storage-system.test.js:189:30
    at Generator.call (D:\ETSII\4 CARRERA\2C\TFG\MNM2\MultiModeler\tests\8.1-unitarias\local-storage-system.test.js:2:1)
    at Generator._invoke [as next] (D:\ETSII\4 CARRERA\2C\TFG\MNM2\MultiModeler\tests\8.1-unitarias\local-storage-system.test.js:2:1)
    at asyncGeneratorStep (D:\ETSII\4 CARRERA\2C\TFG\MNM2\MultiModeler\tests\8.1-unitarias\local-storage-system.test.js:2:1)
    at asyncGeneratorStep (D:\ETSII\4 CARRERA\2C\TFG\MNM2\MultiModeler\tests\8.1-unitarias\local-storage-system.test.js:2:1)
    at _next (D:\ETSII\4 CARRERA\2C\TFG\MNM2\MultiModeler\tests\8.1-unitarias\local-storage-system.test.js:2:1)
    at new Promise (&lt;anonymous&gt;)
    at Object.&lt;anonymous&gt; (D:\ETSII\4 CARRERA\2C\TFG\MNM2\MultiModeler\tests\8.1-unitarias\local-storage-system.test.js:2:1)
    at Promise.finally.completed (D:\ETSII\4 CARRERA\2C\TFG\MNM2\MultiModeler\node_modules\jest-circus\build\jestAdapterInit.js:1556:28)
    at new Promise (&lt;anonymous&gt;)
    at callAsyncCircusFn (D:\ETSII\4 CARRERA\2C\TFG\MNM2\MultiModeler\node_modules\jest-circus\build\jestAdapterInit.js:1496:10)
    at _callCircusTest (D:\ETSII\4 CARRERA\2C\TFG\MNM2\MultiModeler\node_modules\jest-circus\build\jestAdapterInit.js:1006:40)
    at processTicksAndRejections (node:internal/process/task_queues:105:5)
    at _runTest (D:\ETSII\4 CARRERA\2C\TFG\MNM2\MultiModeler\node_modules\jest-circus\build\jestAdapterInit.js:946:3)
    at _runTestsForDescribeBlock (D:\ETSII\4 CARRERA\2C\TFG\MNM2\MultiModeler\node_modules\jest-circus\build\jestAdapterInit.js:839:13)
    at _runTestsForDescribeBlock (D:\ETSII\4 CARRERA\2C\TFG\MNM2\MultiModeler\node_modules\jest-circus\build\jestAdapterInit.js:829:11)
    at _runTestsForDescribeBlock (D:\ETSII\4 CARRERA\2C\TFG\MNM2\MultiModeler\node_modules\jest-circus\build\jestAdapterInit.js:829:11)
    at run (D:\ETSII\4 CARRERA\2C\TFG\MNM2\MultiModeler\node_modules\jest-circus\build\jestAdapterInit.js:757:3)
    at runAndTransformResultsToJestFormat (D:\ETSII\4 CARRERA\2C\TFG\MNM2\MultiModeler\node_modules\jest-circus\build\jestAdapterInit.js:1917:21)
    at jestAdapter (D:\ETSII\4 CARRERA\2C\TFG\MNM2\MultiModeler\node_modules\jest-circus\build\runner.js:101:19)
    at runTestInternal (D:\ETSII\4 CARRERA\2C\TFG\MNM2\MultiModeler\node_modules\jest-runner\build\testWorker.js:275:16)
    at runTest (D:\ETSII\4 CARRERA\2C\TFG\MNM2\MultiModeler\node_modules\jest-runner\build\testWorker.js:343:7)
    at Object.worker (D:\ETSII\4 CARRERA\2C\TFG\MNM2\MultiModeler\node_modules\jest-runner\build\testWorker.js:497:12)</failure>
    </testcase>
    <testcase classname="8.1 Pruebas Unitarias - Sistema LocalStorage (Reemplazo de Autosave) Captura y restauración de relaciones padre-hijo debe restaurar relaciones igual que ImportExportManager" name="8.1 Pruebas Unitarias - Sistema LocalStorage (Reemplazo de Autosave) Captura y restauración de relaciones padre-hijo debe restaurar relaciones igual que ImportExportManager" time="0.001">
      <failure>TypeError: LocalStorageManager is not a constructor
    at D:\ETSII\4 CARRERA\2C\TFG\MNM2\MultiModeler\tests\8.1-unitarias\local-storage-system.test.js:203:30
    at Generator.call (D:\ETSII\4 CARRERA\2C\TFG\MNM2\MultiModeler\tests\8.1-unitarias\local-storage-system.test.js:2:1)
    at Generator._invoke [as next] (D:\ETSII\4 CARRERA\2C\TFG\MNM2\MultiModeler\tests\8.1-unitarias\local-storage-system.test.js:2:1)
    at asyncGeneratorStep (D:\ETSII\4 CARRERA\2C\TFG\MNM2\MultiModeler\tests\8.1-unitarias\local-storage-system.test.js:2:1)
    at asyncGeneratorStep (D:\ETSII\4 CARRERA\2C\TFG\MNM2\MultiModeler\tests\8.1-unitarias\local-storage-system.test.js:2:1)
    at _next (D:\ETSII\4 CARRERA\2C\TFG\MNM2\MultiModeler\tests\8.1-unitarias\local-storage-system.test.js:2:1)
    at new Promise (&lt;anonymous&gt;)
    at Object.&lt;anonymous&gt; (D:\ETSII\4 CARRERA\2C\TFG\MNM2\MultiModeler\tests\8.1-unitarias\local-storage-system.test.js:2:1)
    at Promise.finally.completed (D:\ETSII\4 CARRERA\2C\TFG\MNM2\MultiModeler\node_modules\jest-circus\build\jestAdapterInit.js:1556:28)
    at new Promise (&lt;anonymous&gt;)
    at callAsyncCircusFn (D:\ETSII\4 CARRERA\2C\TFG\MNM2\MultiModeler\node_modules\jest-circus\build\jestAdapterInit.js:1496:10)
    at _callCircusTest (D:\ETSII\4 CARRERA\2C\TFG\MNM2\MultiModeler\node_modules\jest-circus\build\jestAdapterInit.js:1006:40)
    at processTicksAndRejections (node:internal/process/task_queues:105:5)
    at _runTest (D:\ETSII\4 CARRERA\2C\TFG\MNM2\MultiModeler\node_modules\jest-circus\build\jestAdapterInit.js:946:3)
    at _runTestsForDescribeBlock (D:\ETSII\4 CARRERA\2C\TFG\MNM2\MultiModeler\node_modules\jest-circus\build\jestAdapterInit.js:839:13)
    at _runTestsForDescribeBlock (D:\ETSII\4 CARRERA\2C\TFG\MNM2\MultiModeler\node_modules\jest-circus\build\jestAdapterInit.js:829:11)
    at _runTestsForDescribeBlock (D:\ETSII\4 CARRERA\2C\TFG\MNM2\MultiModeler\node_modules\jest-circus\build\jestAdapterInit.js:829:11)
    at run (D:\ETSII\4 CARRERA\2C\TFG\MNM2\MultiModeler\node_modules\jest-circus\build\jestAdapterInit.js:757:3)
    at runAndTransformResultsToJestFormat (D:\ETSII\4 CARRERA\2C\TFG\MNM2\MultiModeler\node_modules\jest-circus\build\jestAdapterInit.js:1917:21)
    at jestAdapter (D:\ETSII\4 CARRERA\2C\TFG\MNM2\MultiModeler\node_modules\jest-circus\build\runner.js:101:19)
    at runTestInternal (D:\ETSII\4 CARRERA\2C\TFG\MNM2\MultiModeler\node_modules\jest-runner\build\testWorker.js:275:16)
    at runTest (D:\ETSII\4 CARRERA\2C\TFG\MNM2\MultiModeler\node_modules\jest-runner\build\testWorker.js:343:7)
    at Object.worker (D:\ETSII\4 CARRERA\2C\TFG\MNM2\MultiModeler\node_modules\jest-runner\build\testWorker.js:497:12)</failure>
    </testcase>
    <testcase classname="8.1 Pruebas Unitarias - Sistema LocalStorage (Reemplazo de Autosave) Persistencia del nombre del diagrama debe capturar y restaurar el nombre del diagrama" name="8.1 Pruebas Unitarias - Sistema LocalStorage (Reemplazo de Autosave) Persistencia del nombre del diagrama debe capturar y restaurar el nombre del diagrama" time="0.003">
      <failure>TypeError: LocalStorageManager is not a constructor
    at D:\ETSII\4 CARRERA\2C\TFG\MNM2\MultiModeler\tests\8.1-unitarias\local-storage-system.test.js:225:30
    at Generator.call (D:\ETSII\4 CARRERA\2C\TFG\MNM2\MultiModeler\tests\8.1-unitarias\local-storage-system.test.js:2:1)
    at Generator._invoke [as next] (D:\ETSII\4 CARRERA\2C\TFG\MNM2\MultiModeler\tests\8.1-unitarias\local-storage-system.test.js:2:1)
    at asyncGeneratorStep (D:\ETSII\4 CARRERA\2C\TFG\MNM2\MultiModeler\tests\8.1-unitarias\local-storage-system.test.js:2:1)
    at asyncGeneratorStep (D:\ETSII\4 CARRERA\2C\TFG\MNM2\MultiModeler\tests\8.1-unitarias\local-storage-system.test.js:2:1)
    at _next (D:\ETSII\4 CARRERA\2C\TFG\MNM2\MultiModeler\tests\8.1-unitarias\local-storage-system.test.js:2:1)
    at new Promise (&lt;anonymous&gt;)
    at Object.&lt;anonymous&gt; (D:\ETSII\4 CARRERA\2C\TFG\MNM2\MultiModeler\tests\8.1-unitarias\local-storage-system.test.js:2:1)
    at Promise.finally.completed (D:\ETSII\4 CARRERA\2C\TFG\MNM2\MultiModeler\node_modules\jest-circus\build\jestAdapterInit.js:1556:28)
    at new Promise (&lt;anonymous&gt;)
    at callAsyncCircusFn (D:\ETSII\4 CARRERA\2C\TFG\MNM2\MultiModeler\node_modules\jest-circus\build\jestAdapterInit.js:1496:10)
    at _callCircusTest (D:\ETSII\4 CARRERA\2C\TFG\MNM2\MultiModeler\node_modules\jest-circus\build\jestAdapterInit.js:1006:40)
    at processTicksAndRejections (node:internal/process/task_queues:105:5)
    at _runTest (D:\ETSII\4 CARRERA\2C\TFG\MNM2\MultiModeler\node_modules\jest-circus\build\jestAdapterInit.js:946:3)
    at _runTestsForDescribeBlock (D:\ETSII\4 CARRERA\2C\TFG\MNM2\MultiModeler\node_modules\jest-circus\build\jestAdapterInit.js:839:13)
    at _runTestsForDescribeBlock (D:\ETSII\4 CARRERA\2C\TFG\MNM2\MultiModeler\node_modules\jest-circus\build\jestAdapterInit.js:829:11)
    at _runTestsForDescribeBlock (D:\ETSII\4 CARRERA\2C\TFG\MNM2\MultiModeler\node_modules\jest-circus\build\jestAdapterInit.js:829:11)
    at run (D:\ETSII\4 CARRERA\2C\TFG\MNM2\MultiModeler\node_modules\jest-circus\build\jestAdapterInit.js:757:3)
    at runAndTransformResultsToJestFormat (D:\ETSII\4 CARRERA\2C\TFG\MNM2\MultiModeler\node_modules\jest-circus\build\jestAdapterInit.js:1917:21)
    at jestAdapter (D:\ETSII\4 CARRERA\2C\TFG\MNM2\MultiModeler\node_modules\jest-circus\build\runner.js:101:19)
    at runTestInternal (D:\ETSII\4 CARRERA\2C\TFG\MNM2\MultiModeler\node_modules\jest-runner\build\testWorker.js:275:16)
    at runTest (D:\ETSII\4 CARRERA\2C\TFG\MNM2\MultiModeler\node_modules\jest-runner\build\testWorker.js:343:7)
    at Object.worker (D:\ETSII\4 CARRERA\2C\TFG\MNM2\MultiModeler\node_modules\jest-runner\build\testWorker.js:497:12)</failure>
    </testcase>
    <testcase classname="8.1 Pruebas Unitarias - Sistema LocalStorage (Reemplazo de Autosave) Eventos del sistema debe publicar eventos de guardado exitoso" name="8.1 Pruebas Unitarias - Sistema LocalStorage (Reemplazo de Autosave) Eventos del sistema debe publicar eventos de guardado exitoso" time="0.002">
      <failure>TypeError: LocalStorageIntegration is not a constructor
    at D:\ETSII\4 CARRERA\2C\TFG\MNM2\MultiModeler\tests\8.1-unitarias\local-storage-system.test.js:244:27
    at Generator.call (D:\ETSII\4 CARRERA\2C\TFG\MNM2\MultiModeler\tests\8.1-unitarias\local-storage-system.test.js:2:1)
    at Generator._invoke [as next] (D:\ETSII\4 CARRERA\2C\TFG\MNM2\MultiModeler\tests\8.1-unitarias\local-storage-system.test.js:2:1)
    at asyncGeneratorStep (D:\ETSII\4 CARRERA\2C\TFG\MNM2\MultiModeler\tests\8.1-unitarias\local-storage-system.test.js:2:1)
    at asyncGeneratorStep (D:\ETSII\4 CARRERA\2C\TFG\MNM2\MultiModeler\tests\8.1-unitarias\local-storage-system.test.js:2:1)
    at _next (D:\ETSII\4 CARRERA\2C\TFG\MNM2\MultiModeler\tests\8.1-unitarias\local-storage-system.test.js:2:1)
    at new Promise (&lt;anonymous&gt;)
    at Object.&lt;anonymous&gt; (D:\ETSII\4 CARRERA\2C\TFG\MNM2\MultiModeler\tests\8.1-unitarias\local-storage-system.test.js:2:1)
    at Promise.finally.completed (D:\ETSII\4 CARRERA\2C\TFG\MNM2\MultiModeler\node_modules\jest-circus\build\jestAdapterInit.js:1556:28)
    at new Promise (&lt;anonymous&gt;)
    at callAsyncCircusFn (D:\ETSII\4 CARRERA\2C\TFG\MNM2\MultiModeler\node_modules\jest-circus\build\jestAdapterInit.js:1496:10)
    at _callCircusTest (D:\ETSII\4 CARRERA\2C\TFG\MNM2\MultiModeler\node_modules\jest-circus\build\jestAdapterInit.js:1006:40)
    at processTicksAndRejections (node:internal/process/task_queues:105:5)
    at _runTest (D:\ETSII\4 CARRERA\2C\TFG\MNM2\MultiModeler\node_modules\jest-circus\build\jestAdapterInit.js:946:3)
    at _runTestsForDescribeBlock (D:\ETSII\4 CARRERA\2C\TFG\MNM2\MultiModeler\node_modules\jest-circus\build\jestAdapterInit.js:839:13)
    at _runTestsForDescribeBlock (D:\ETSII\4 CARRERA\2C\TFG\MNM2\MultiModeler\node_modules\jest-circus\build\jestAdapterInit.js:829:11)
    at _runTestsForDescribeBlock (D:\ETSII\4 CARRERA\2C\TFG\MNM2\MultiModeler\node_modules\jest-circus\build\jestAdapterInit.js:829:11)
    at run (D:\ETSII\4 CARRERA\2C\TFG\MNM2\MultiModeler\node_modules\jest-circus\build\jestAdapterInit.js:757:3)
    at runAndTransformResultsToJestFormat (D:\ETSII\4 CARRERA\2C\TFG\MNM2\MultiModeler\node_modules\jest-circus\build\jestAdapterInit.js:1917:21)
    at jestAdapter (D:\ETSII\4 CARRERA\2C\TFG\MNM2\MultiModeler\node_modules\jest-circus\build\runner.js:101:19)
    at runTestInternal (D:\ETSII\4 CARRERA\2C\TFG\MNM2\MultiModeler\node_modules\jest-runner\build\testWorker.js:275:16)
    at runTest (D:\ETSII\4 CARRERA\2C\TFG\MNM2\MultiModeler\node_modules\jest-runner\build\testWorker.js:343:7)
    at Object.worker (D:\ETSII\4 CARRERA\2C\TFG\MNM2\MultiModeler\node_modules\jest-runner\build\testWorker.js:497:12)</failure>
    </testcase>
    <testcase classname="8.1 Pruebas Unitarias - Sistema LocalStorage (Reemplazo de Autosave) Eventos del sistema debe publicar eventos de limpieza exitosa" name="8.1 Pruebas Unitarias - Sistema LocalStorage (Reemplazo de Autosave) Eventos del sistema debe publicar eventos de limpieza exitosa" time="0.009">
      <failure>TypeError: LocalStorageIntegration is not a constructor
    at Object.&lt;anonymous&gt; (D:\ETSII\4 CARRERA\2C\TFG\MNM2\MultiModeler\tests\8.1-unitarias\local-storage-system.test.js:257:27)
    at Promise.finally.completed (D:\ETSII\4 CARRERA\2C\TFG\MNM2\MultiModeler\node_modules\jest-circus\build\jestAdapterInit.js:1556:28)
    at new Promise (&lt;anonymous&gt;)
    at callAsyncCircusFn (D:\ETSII\4 CARRERA\2C\TFG\MNM2\MultiModeler\node_modules\jest-circus\build\jestAdapterInit.js:1496:10)
    at _callCircusTest (D:\ETSII\4 CARRERA\2C\TFG\MNM2\MultiModeler\node_modules\jest-circus\build\jestAdapterInit.js:1006:40)
    at processTicksAndRejections (node:internal/process/task_queues:105:5)
    at _runTest (D:\ETSII\4 CARRERA\2C\TFG\MNM2\MultiModeler\node_modules\jest-circus\build\jestAdapterInit.js:946:3)
    at _runTestsForDescribeBlock (D:\ETSII\4 CARRERA\2C\TFG\MNM2\MultiModeler\node_modules\jest-circus\build\jestAdapterInit.js:839:13)
    at _runTestsForDescribeBlock (D:\ETSII\4 CARRERA\2C\TFG\MNM2\MultiModeler\node_modules\jest-circus\build\jestAdapterInit.js:829:11)
    at _runTestsForDescribeBlock (D:\ETSII\4 CARRERA\2C\TFG\MNM2\MultiModeler\node_modules\jest-circus\build\jestAdapterInit.js:829:11)
    at run (D:\ETSII\4 CARRERA\2C\TFG\MNM2\MultiModeler\node_modules\jest-circus\build\jestAdapterInit.js:757:3)
    at runAndTransformResultsToJestFormat (D:\ETSII\4 CARRERA\2C\TFG\MNM2\MultiModeler\node_modules\jest-circus\build\jestAdapterInit.js:1917:21)
    at jestAdapter (D:\ETSII\4 CARRERA\2C\TFG\MNM2\MultiModeler\node_modules\jest-circus\build\runner.js:101:19)
    at runTestInternal (D:\ETSII\4 CARRERA\2C\TFG\MNM2\MultiModeler\node_modules\jest-runner\build\testWorker.js:275:16)
    at runTest (D:\ETSII\4 CARRERA\2C\TFG\MNM2\MultiModeler\node_modules\jest-runner\build\testWorker.js:343:7)
    at Object.worker (D:\ETSII\4 CARRERA\2C\TFG\MNM2\MultiModeler\node_modules\jest-runner\build\testWorker.js:497:12)</failure>
    </testcase>
    <testcase classname="8.1 Pruebas Unitarias - Sistema LocalStorage (Reemplazo de Autosave) Migración desde sistema anterior debe migrar datos del formato draft:multinotation" name="8.1 Pruebas Unitarias - Sistema LocalStorage (Reemplazo de Autosave) Migración desde sistema anterior debe migrar datos del formato draft:multinotation" time="0.003">
      <failure>TypeError: LocalStorageIntegration is not a constructor
    at Object.&lt;anonymous&gt; (D:\ETSII\4 CARRERA\2C\TFG\MNM2\MultiModeler\tests\8.1-unitarias\local-storage-system.test.js:278:27)
    at Promise.finally.completed (D:\ETSII\4 CARRERA\2C\TFG\MNM2\MultiModeler\node_modules\jest-circus\build\jestAdapterInit.js:1556:28)
    at new Promise (&lt;anonymous&gt;)
    at callAsyncCircusFn (D:\ETSII\4 CARRERA\2C\TFG\MNM2\MultiModeler\node_modules\jest-circus\build\jestAdapterInit.js:1496:10)
    at _callCircusTest (D:\ETSII\4 CARRERA\2C\TFG\MNM2\MultiModeler\node_modules\jest-circus\build\jestAdapterInit.js:1006:40)
    at processTicksAndRejections (node:internal/process/task_queues:105:5)
    at _runTest (D:\ETSII\4 CARRERA\2C\TFG\MNM2\MultiModeler\node_modules\jest-circus\build\jestAdapterInit.js:946:3)
    at _runTestsForDescribeBlock (D:\ETSII\4 CARRERA\2C\TFG\MNM2\MultiModeler\node_modules\jest-circus\build\jestAdapterInit.js:839:13)
    at _runTestsForDescribeBlock (D:\ETSII\4 CARRERA\2C\TFG\MNM2\MultiModeler\node_modules\jest-circus\build\jestAdapterInit.js:829:11)
    at _runTestsForDescribeBlock (D:\ETSII\4 CARRERA\2C\TFG\MNM2\MultiModeler\node_modules\jest-circus\build\jestAdapterInit.js:829:11)
    at run (D:\ETSII\4 CARRERA\2C\TFG\MNM2\MultiModeler\node_modules\jest-circus\build\jestAdapterInit.js:757:3)
    at runAndTransformResultsToJestFormat (D:\ETSII\4 CARRERA\2C\TFG\MNM2\MultiModeler\node_modules\jest-circus\build\jestAdapterInit.js:1917:21)
    at jestAdapter (D:\ETSII\4 CARRERA\2C\TFG\MNM2\MultiModeler\node_modules\jest-circus\build\runner.js:101:19)
    at runTestInternal (D:\ETSII\4 CARRERA\2C\TFG\MNM2\MultiModeler\node_modules\jest-runner\build\testWorker.js:275:16)
    at runTest (D:\ETSII\4 CARRERA\2C\TFG\MNM2\MultiModeler\node_modules\jest-runner\build\testWorker.js:343:7)
    at Object.worker (D:\ETSII\4 CARRERA\2C\TFG\MNM2\MultiModeler\node_modules\jest-runner\build\testWorker.js:497:12)</failure>
    </testcase>
    <testcase classname="8.1 Pruebas Unitarias - Sistema LocalStorage (Reemplazo de Autosave) Compatibilidad con app.js debe proporcionar todos los métodos que app.js necesita" name="8.1 Pruebas Unitarias - Sistema LocalStorage (Reemplazo de Autosave) Compatibilidad con app.js debe proporcionar todos los métodos que app.js necesita" time="0.001">
      <failure>TypeError: LocalStorageIntegration is not a constructor
    at Object.&lt;anonymous&gt; (D:\ETSII\4 CARRERA\2C\TFG\MNM2\MultiModeler\tests\8.1-unitarias\local-storage-system.test.js:310:27)
    at Promise.finally.completed (D:\ETSII\4 CARRERA\2C\TFG\MNM2\MultiModeler\node_modules\jest-circus\build\jestAdapterInit.js:1556:28)
    at new Promise (&lt;anonymous&gt;)
    at callAsyncCircusFn (D:\ETSII\4 CARRERA\2C\TFG\MNM2\MultiModeler\node_modules\jest-circus\build\jestAdapterInit.js:1496:10)
    at _callCircusTest (D:\ETSII\4 CARRERA\2C\TFG\MNM2\MultiModeler\node_modules\jest-circus\build\jestAdapterInit.js:1006:40)
    at processTicksAndRejections (node:internal/process/task_queues:105:5)
    at _runTest (D:\ETSII\4 CARRERA\2C\TFG\MNM2\MultiModeler\node_modules\jest-circus\build\jestAdapterInit.js:946:3)
    at _runTestsForDescribeBlock (D:\ETSII\4 CARRERA\2C\TFG\MNM2\MultiModeler\node_modules\jest-circus\build\jestAdapterInit.js:839:13)
    at _runTestsForDescribeBlock (D:\ETSII\4 CARRERA\2C\TFG\MNM2\MultiModeler\node_modules\jest-circus\build\jestAdapterInit.js:829:11)
    at _runTestsForDescribeBlock (D:\ETSII\4 CARRERA\2C\TFG\MNM2\MultiModeler\node_modules\jest-circus\build\jestAdapterInit.js:829:11)
    at run (D:\ETSII\4 CARRERA\2C\TFG\MNM2\MultiModeler\node_modules\jest-circus\build\jestAdapterInit.js:757:3)
    at runAndTransformResultsToJestFormat (D:\ETSII\4 CARRERA\2C\TFG\MNM2\MultiModeler\node_modules\jest-circus\build\jestAdapterInit.js:1917:21)
    at jestAdapter (D:\ETSII\4 CARRERA\2C\TFG\MNM2\MultiModeler\node_modules\jest-circus\build\runner.js:101:19)
    at runTestInternal (D:\ETSII\4 CARRERA\2C\TFG\MNM2\MultiModeler\node_modules\jest-runner\build\testWorker.js:275:16)
    at runTest (D:\ETSII\4 CARRERA\2C\TFG\MNM2\MultiModeler\node_modules\jest-runner\build\testWorker.js:343:7)
    at Object.worker (D:\ETSII\4 CARRERA\2C\TFG\MNM2\MultiModeler\node_modules\jest-runner\build\testWorker.js:497:12)</failure>
    </testcase>
    <testcase classname="8.1 Pruebas Unitarias - Sistema LocalStorage (Reemplazo de Autosave) Compatibilidad con app.js debe manejar el botón &quot;Continuar diagrama&quot; correctamente" name="8.1 Pruebas Unitarias - Sistema LocalStorage (Reemplazo de Autosave) Compatibilidad con app.js debe manejar el botón &quot;Continuar diagrama&quot; correctamente" time="0">
      <failure>TypeError: LocalStorageIntegration is not a constructor
    at Object.&lt;anonymous&gt; (D:\ETSII\4 CARRERA\2C\TFG\MNM2\MultiModeler\tests\8.1-unitarias\local-storage-system.test.js:323:27)
    at Promise.finally.completed (D:\ETSII\4 CARRERA\2C\TFG\MNM2\MultiModeler\node_modules\jest-circus\build\jestAdapterInit.js:1556:28)
    at new Promise (&lt;anonymous&gt;)
    at callAsyncCircusFn (D:\ETSII\4 CARRERA\2C\TFG\MNM2\MultiModeler\node_modules\jest-circus\build\jestAdapterInit.js:1496:10)
    at _callCircusTest (D:\ETSII\4 CARRERA\2C\TFG\MNM2\MultiModeler\node_modules\jest-circus\build\jestAdapterInit.js:1006:40)
    at processTicksAndRejections (node:internal/process/task_queues:105:5)
    at _runTest (D:\ETSII\4 CARRERA\2C\TFG\MNM2\MultiModeler\node_modules\jest-circus\build\jestAdapterInit.js:946:3)
    at _runTestsForDescribeBlock (D:\ETSII\4 CARRERA\2C\TFG\MNM2\MultiModeler\node_modules\jest-circus\build\jestAdapterInit.js:839:13)
    at _runTestsForDescribeBlock (D:\ETSII\4 CARRERA\2C\TFG\MNM2\MultiModeler\node_modules\jest-circus\build\jestAdapterInit.js:829:11)
    at _runTestsForDescribeBlock (D:\ETSII\4 CARRERA\2C\TFG\MNM2\MultiModeler\node_modules\jest-circus\build\jestAdapterInit.js:829:11)
    at run (D:\ETSII\4 CARRERA\2C\TFG\MNM2\MultiModeler\node_modules\jest-circus\build\jestAdapterInit.js:757:3)
    at runAndTransformResultsToJestFormat (D:\ETSII\4 CARRERA\2C\TFG\MNM2\MultiModeler\node_modules\jest-circus\build\jestAdapterInit.js:1917:21)
    at jestAdapter (D:\ETSII\4 CARRERA\2C\TFG\MNM2\MultiModeler\node_modules\jest-circus\build\runner.js:101:19)
    at runTestInternal (D:\ETSII\4 CARRERA\2C\TFG\MNM2\MultiModeler\node_modules\jest-runner\build\testWorker.js:275:16)
    at runTest (D:\ETSII\4 CARRERA\2C\TFG\MNM2\MultiModeler\node_modules\jest-runner\build\testWorker.js:343:7)
    at Object.worker (D:\ETSII\4 CARRERA\2C\TFG\MNM2\MultiModeler\node_modules\jest-runner\build\testWorker.js:497:12)</failure>
    </testcase>
    <testcase classname="8.1 Pruebas Unitarias - Sistema LocalStorage (Reemplazo de Autosave) Manejo de errores debe manejar errores de localStorage graciosamente" name="8.1 Pruebas Unitarias - Sistema LocalStorage (Reemplazo de Autosave) Manejo de errores debe manejar errores de localStorage graciosamente" time="0">
      <failure>TypeError: LocalStorageIntegration is not a constructor
    at Object.&lt;anonymous&gt; (D:\ETSII\4 CARRERA\2C\TFG\MNM2\MultiModeler\tests\8.1-unitarias\local-storage-system.test.js:341:27)
    at Promise.finally.completed (D:\ETSII\4 CARRERA\2C\TFG\MNM2\MultiModeler\node_modules\jest-circus\build\jestAdapterInit.js:1556:28)
    at new Promise (&lt;anonymous&gt;)
    at callAsyncCircusFn (D:\ETSII\4 CARRERA\2C\TFG\MNM2\MultiModeler\node_modules\jest-circus\build\jestAdapterInit.js:1496:10)
    at _callCircusTest (D:\ETSII\4 CARRERA\2C\TFG\MNM2\MultiModeler\node_modules\jest-circus\build\jestAdapterInit.js:1006:40)
    at processTicksAndRejections (node:internal/process/task_queues:105:5)
    at _runTest (D:\ETSII\4 CARRERA\2C\TFG\MNM2\MultiModeler\node_modules\jest-circus\build\jestAdapterInit.js:946:3)
    at _runTestsForDescribeBlock (D:\ETSII\4 CARRERA\2C\TFG\MNM2\MultiModeler\node_modules\jest-circus\build\jestAdapterInit.js:839:13)
    at _runTestsForDescribeBlock (D:\ETSII\4 CARRERA\2C\TFG\MNM2\MultiModeler\node_modules\jest-circus\build\jestAdapterInit.js:829:11)
    at _runTestsForDescribeBlock (D:\ETSII\4 CARRERA\2C\TFG\MNM2\MultiModeler\node_modules\jest-circus\build\jestAdapterInit.js:829:11)
    at run (D:\ETSII\4 CARRERA\2C\TFG\MNM2\MultiModeler\node_modules\jest-circus\build\jestAdapterInit.js:757:3)
    at runAndTransformResultsToJestFormat (D:\ETSII\4 CARRERA\2C\TFG\MNM2\MultiModeler\node_modules\jest-circus\build\jestAdapterInit.js:1917:21)
    at jestAdapter (D:\ETSII\4 CARRERA\2C\TFG\MNM2\MultiModeler\node_modules\jest-circus\build\runner.js:101:19)
    at runTestInternal (D:\ETSII\4 CARRERA\2C\TFG\MNM2\MultiModeler\node_modules\jest-runner\build\testWorker.js:275:16)
    at runTest (D:\ETSII\4 CARRERA\2C\TFG\MNM2\MultiModeler\node_modules\jest-runner\build\testWorker.js:343:7)
    at Object.worker (D:\ETSII\4 CARRERA\2C\TFG\MNM2\MultiModeler\node_modules\jest-runner\build\testWorker.js:497:12)</failure>
    </testcase>
    <testcase classname="8.1 Pruebas Unitarias - Sistema LocalStorage (Reemplazo de Autosave) Manejo de errores debe manejar errores de modeler graciosamente" name="8.1 Pruebas Unitarias - Sistema LocalStorage (Reemplazo de Autosave) Manejo de errores debe manejar errores de modeler graciosamente" time="0.001">
      <failure>TypeError: LocalStorageManager is not a constructor
    at D:\ETSII\4 CARRERA\2C\TFG\MNM2\MultiModeler\tests\8.1-unitarias\local-storage-system.test.js:357:30
    at Generator.call (D:\ETSII\4 CARRERA\2C\TFG\MNM2\MultiModeler\tests\8.1-unitarias\local-storage-system.test.js:2:1)
    at Generator._invoke [as next] (D:\ETSII\4 CARRERA\2C\TFG\MNM2\MultiModeler\tests\8.1-unitarias\local-storage-system.test.js:2:1)
    at asyncGeneratorStep (D:\ETSII\4 CARRERA\2C\TFG\MNM2\MultiModeler\tests\8.1-unitarias\local-storage-system.test.js:2:1)
    at asyncGeneratorStep (D:\ETSII\4 CARRERA\2C\TFG\MNM2\MultiModeler\tests\8.1-unitarias\local-storage-system.test.js:2:1)
    at _next (D:\ETSII\4 CARRERA\2C\TFG\MNM2\MultiModeler\tests\8.1-unitarias\local-storage-system.test.js:2:1)
    at new Promise (&lt;anonymous&gt;)
    at Object.&lt;anonymous&gt; (D:\ETSII\4 CARRERA\2C\TFG\MNM2\MultiModeler\tests\8.1-unitarias\local-storage-system.test.js:2:1)
    at Promise.finally.completed (D:\ETSII\4 CARRERA\2C\TFG\MNM2\MultiModeler\node_modules\jest-circus\build\jestAdapterInit.js:1556:28)
[...]
    <testcase classname="8.1 Pruebas Unitarias - PPINOT Core Real PPINOT Icons - Iconos SVG Reales debe cargar todos los iconos desde svg/index.js" name="8.1 Pruebas Unitarias - PPINOT Core Real PPINOT Icons - Iconos SVG Reales debe cargar todos los iconos desde svg/index.js" time="0.017">
    </testcase>
    <testcase classname="8.1 Pruebas Unitarias - PPINOT Core Real PPINOT Icons - Iconos SVG Reales debe mapear correctamente iconos desde svgIcons" name="8.1 Pruebas Unitarias - PPINOT Core Real PPINOT Icons - Iconos SVG Reales debe mapear correctamente iconos desde svgIcons" time="0.001">
    </testcase>
    <testcase classname="8.1 Pruebas Unitarias - PPINOT Core Real PPINOT Palette - Entradas de Paleta debe definir entradas de paleta completas" name="8.1 Pruebas Unitarias - PPINOT Core Real PPINOT Palette - Entradas de Paleta debe definir entradas de paleta completas" time="0.004">
    </testcase>
    <testcase classname="8.1 Pruebas Unitarias - PPINOT Core Real PPINOT Utilities - Funciones Utilitarias getIcon debe retornar iconos correctos" name="8.1 Pruebas Unitarias - PPINOT Core Real PPINOT Utilities - Funciones Utilitarias getIcon debe retornar iconos correctos" time="0.002">
    </testcase>
    <testcase classname="8.1 Pruebas Unitarias - PPINOT Core Real PPINOT Utilities - Funciones Utilitarias isSupportedType debe validar tipos correctamente" name="8.1 Pruebas Unitarias - PPINOT Core Real PPINOT Utilities - Funciones Utilitarias isSupportedType debe validar tipos correctamente" time="0.002">
    </testcase>
    <testcase classname="8.1 Pruebas Unitarias - PPINOT Core Real PPINOT Utilities - Funciones Utilitarias getPaletteEntry debe encontrar entradas por tipo" name="8.1 Pruebas Unitarias - PPINOT Core Real PPINOT Utilities - Funciones Utilitarias getPaletteEntry debe encontrar entradas por tipo" time="0.001">
    </testcase>
    <testcase classname="8.1 Pruebas Unitarias - PPINOT Core Real PPINOT Utilities - Funciones Utilitarias publishSynchronization debe publicar eventos correctamente" name="8.1 Pruebas Unitarias - PPINOT Core Real PPINOT Utilities - Funciones Utilitarias publishSynchronization debe publicar eventos correctamente" time="0.001">
    </testcase>
    <testcase classname="8.1 Pruebas Unitarias - PPINOT Core Real PPINOT Utilities - Funciones Utilitarias publishSynchronization debe fallar con eventBus inválido" name="8.1 Pruebas Unitarias - PPINOT Core Real PPINOT Utilities - Funciones Utilitarias publishSynchronization debe fallar con eventBus inválido" time="0.021">
    </testcase>
  </testsuite>
  <testsuite name="8.1 Pruebas Unitarias - EventBus" errors="0" failures="0" skipped="0" timestamp="2025-09-21T18:04:31" time="0.301" tests="16">
    <testcase classname="8.1 Pruebas Unitarias - EventBus Gestión de Instancia Singleton debe crear instancia singleton correctamente" name="8.1 Pruebas Unitarias - EventBus Gestión de Instancia Singleton debe crear instancia singleton correctamente" time="0.006">
    </testcase>
    <testcase classname="8.1 Pruebas Unitarias - EventBus Gestión de Instancia Singleton debe mantener estado consistente entre llamadas" name="8.1 Pruebas Unitarias - EventBus Gestión de Instancia Singleton debe mantener estado consistente entre llamadas" time="0.001">
    </testcase>
    <testcase classname="8.1 Pruebas Unitarias - EventBus Suscripción y Publicación de Eventos debe registrar y ejecutar suscriptores correctamente" name="8.1 Pruebas Unitarias - EventBus Suscripción y Publicación de Eventos debe registrar y ejecutar suscriptores correctamente" time="0">
    </testcase>
    <testcase classname="8.1 Pruebas Unitarias - EventBus Suscripción y Publicación de Eventos debe manejar múltiples suscriptores para el mismo evento" name="8.1 Pruebas Unitarias - EventBus Suscripción y Publicación de Eventos debe manejar múltiples suscriptores para el mismo evento" time="0.001">
    </testcase>
    <testcase classname="8.1 Pruebas Unitarias - EventBus Suscripción y Publicación de Eventos debe desuscribir correctamente" name="8.1 Pruebas Unitarias - EventBus Suscripción y Publicación de Eventos debe desuscribir correctamente" time="0.001">
    </testcase>
    <testcase classname="8.1 Pruebas Unitarias - EventBus Eventos Específicos del Sistema Multi-notación debe manejar eventos BPMN → PPINOT" name="8.1 Pruebas Unitarias - EventBus Eventos Específicos del Sistema Multi-notación debe manejar eventos BPMN → PPINOT" time="0.001">
    </testcase>
    <testcase classname="8.1 Pruebas Unitarias - EventBus Eventos Específicos del Sistema Multi-notación debe manejar eventos BPMN → RASCI" name="8.1 Pruebas Unitarias - EventBus Eventos Específicos del Sistema Multi-notación debe manejar eventos BPMN → RASCI" time="0">
    </testcase>
    <testcase classname="8.1 Pruebas Unitarias - EventBus Eventos Específicos del Sistema Multi-notación debe manejar eventos RASCI → RALPH" name="8.1 Pruebas Unitarias - EventBus Eventos Específicos del Sistema Multi-notación debe manejar eventos RASCI → RALPH" time="0">
    </testcase>
    <testcase classname="8.1 Pruebas Unitarias - EventBus Gestión de Historial de Eventos debe mantener historial de eventos" name="8.1 Pruebas Unitarias - EventBus Gestión de Historial de Eventos debe mantener historial de eventos" time="0.001">
    </testcase>
    <testcase classname="8.1 Pruebas Unitarias - EventBus Gestión de Historial de Eventos debe respetar límite de historial" name="8.1 Pruebas Unitarias - EventBus Gestión de Historial de Eventos debe respetar límite de historial" time="0.002">
    </testcase>
    <testcase classname="8.1 Pruebas Unitarias - EventBus Gestión de Historial de Eventos debe incluir timestamp en historial" name="8.1 Pruebas Unitarias - EventBus Gestión de Historial de Eventos debe incluir timestamp en historial" time="0.003">
    </testcase>
    <testcase classname="8.1 Pruebas Unitarias - EventBus Manejo de Errores debe manejar callbacks que lanzan excepciones" name="8.1 Pruebas Unitarias - EventBus Manejo de Errores debe manejar callbacks que lanzan excepciones" time="0.063">
    </testcase>
    <testcase classname="8.1 Pruebas Unitarias - EventBus Manejo de Errores debe manejar eventos sin suscriptores" name="8.1 Pruebas Unitarias - EventBus Manejo de Errores debe manejar eventos sin suscriptores" time="0.002">
    </testcase>
    <testcase classname="8.1 Pruebas Unitarias - EventBus Manejo de Errores debe validar parámetros de suscripción" name="8.1 Pruebas Unitarias - EventBus Manejo de Errores debe validar parámetros de suscripción" time="0.004">
    </testcase>
    <testcase classname="8.1 Pruebas Unitarias - EventBus Limpieza y Reset debe limpiar todos los suscriptores" name="8.1 Pruebas Unitarias - EventBus Limpieza y Reset debe limpiar todos los suscriptores" time="0.002">
    </testcase>
    <testcase classname="8.1 Pruebas Unitarias - EventBus Limpieza y Reset debe limpiar historial" name="8.1 Pruebas Unitarias - EventBus Limpieza y Reset debe limpiar historial" time="0.001">
    </testcase>
  </testsuite>
  <testsuite name="8.1 Pruebas Unitarias - Validadores" errors="0" failures="0" skipped="0" timestamp="2025-09-21T18:04:31" time="0.32" tests="18">
    <testcase classname="8.1 Pruebas Unitarias - Validadores Validador BPMN - Lógica Real debe analizar elementos BPMN usando validador real" name="8.1 Pruebas Unitarias - Validadores Validador BPMN - Lógica Real debe analizar elementos BPMN usando validador real" time="0.002">
    </testcase>
    <testcase classname="8.1 Pruebas Unitarias - Validadores Validador BPMN - Lógica Real debe extraer flujos secuenciales de XML real" name="8.1 Pruebas Unitarias - Validadores Validador BPMN - Lógica Real debe extraer flujos secuenciales de XML real" time="0.021">
    </testcase>
    <testcase classname="8.1 Pruebas Unitarias - Validadores Validador BPMN - Lógica Real debe detectar ciclos en flujos" name="8.1 Pruebas Unitarias - Validadores Validador BPMN - Lógica Real debe detectar ciclos en flujos" time="0.001">
    </testcase>
    <testcase classname="8.1 Pruebas Unitarias - Validadores Validador BPMN - Lógica Real debe validar XML BPMN válido usando helper" name="8.1 Pruebas Unitarias - Validadores Validador BPMN - Lógica Real debe validar XML BPMN válido usando helper" time="0.019">
    </testcase>
    <testcase classname="8.1 Pruebas Unitarias - Validadores Validador PPINOT - Configuración Real debe validar tipos PPINOT soportados" name="8.1 Pruebas Unitarias - Validadores Validador PPINOT - Configuración Real debe validar tipos PPINOT soportados" time="0.003">
    </testcase>
    <testcase classname="8.1 Pruebas Unitarias - Validadores Validador PPINOT - Configuración Real debe obtener iconos PPINOT" name="8.1 Pruebas Unitarias - Validadores Validador PPINOT - Configuración Real debe obtener iconos PPINOT" time="0.002">
    </testcase>
    <testcase classname="8.1 Pruebas Unitarias - Validadores Validador PPINOT - Configuración Real debe validar tipos editables" name="8.1 Pruebas Unitarias - Validadores Validador PPINOT - Configuración Real debe validar tipos editables" time="0.003">
    </testcase>
    <testcase classname="8.1 Pruebas Unitarias - Validadores Validador PPINOT - Configuración Real debe rechazar tipos no válidos" name="8.1 Pruebas Unitarias - Validadores Validador PPINOT - Configuración Real debe rechazar tipos no válidos" time="0.001">
    </testcase>
    <testcase classname="8.1 Pruebas Unitarias - Validadores Validador RALPH - Tipos Real debe validar elementos RALPH" name="8.1 Pruebas Unitarias - Validadores Validador RALPH - Tipos Real debe validar elementos RALPH" time="0.001">
    </testcase>
    <testcase classname="8.1 Pruebas Unitarias - Validadores Validador RALPH - Tipos Real debe validar conexiones RALPH" name="8.1 Pruebas Unitarias - Validadores Validador RALPH - Tipos Real debe validar conexiones RALPH" time="0">
    </testcase>
    <testcase classname="8.1 Pruebas Unitarias - Validadores Validador RALPH - Tipos Real debe tener tipos de entidades organizacionales" name="8.1 Pruebas Unitarias - Validadores Validador RALPH - Tipos Real debe tener tipos de entidades organizacionales" time="0.001">
    </testcase>
    <testcase classname="8.1 Pruebas Unitarias - Validadores Validador RASCI - Lógica Real debe validar matriz RASCI válida" name="8.1 Pruebas Unitarias - Validadores Validador RASCI - Lógica Real debe validar matriz RASCI válida" time="0.022">
    </testcase>
    <testcase classname="8.1 Pruebas Unitarias - Validadores Validador RASCI - Lógica Real debe detectar tareas sin responsable" name="8.1 Pruebas Unitarias - Validadores Validador RASCI - Lógica Real debe detectar tareas sin responsable" time="0.005">
    </testcase>
    <testcase classname="8.1 Pruebas Unitarias - Validadores Validador RASCI - Lógica Real debe detectar responsables duplicados" name="8.1 Pruebas Unitarias - Validadores Validador RASCI - Lógica Real debe detectar responsables duplicados" time="0.003">
    </testcase>
    <testcase classname="8.1 Pruebas Unitarias - Validadores Validador RASCI - Lógica Real debe validar celdas individuales" name="8.1 Pruebas Unitarias - Validadores Validador RASCI - Lógica Real debe validar celdas individuales" time="0">
    </testcase>
    <testcase classname="8.1 Pruebas Unitarias - Validadores Validador RASCI - Lógica Real debe generar resumen de validación" name="8.1 Pruebas Unitarias - Validadores Validador RASCI - Lógica Real debe generar resumen de validación" time="0.005">
    </testcase>
    <testcase classname="8.1 Pruebas Unitarias - Validadores Integración entre Validadores debe combinar validación BPMN y RASCI" name="8.1 Pruebas Unitarias - Validadores Integración entre Validadores debe combinar validación BPMN y RASCI" time="0.008">
    </testcase>
    <testcase classname="8.1 Pruebas Unitarias - Validadores Integración entre Validadores debe detectar incompatibilidades entre notaciones" name="8.1 Pruebas Unitarias - Validadores Integración entre Validadores debe detectar incompatibilidades entre notaciones" time="0.001">
    </testcase>
  </testsuite>
  <testsuite name="8.1 Pruebas Unitarias - BPMN Validators Avanzados" errors="0" failures="0" skipped="0" timestamp="2025-09-21T18:04:32" time="0.381" tests="15">
    <testcase classname="8.1 Pruebas Unitarias - BPMN Validators Avanzados Validación de Eventos Obligatorios debe validar presencia de evento de inicio" name="8.1 Pruebas Unitarias - BPMN Validators Avanzados Validación de Eventos Obligatorios debe validar presencia de evento de inicio" time="0.012">
    </testcase>
    <testcase classname="8.1 Pruebas Unitarias - BPMN Validators Avanzados Validación de Eventos Obligatorios debe detectar ausencia de evento de inicio" name="8.1 Pruebas Unitarias - BPMN Validators Avanzados Validación de Eventos Obligatorios debe detectar ausencia de evento de inicio" time="0.001">
    </testcase>
    <testcase classname="8.1 Pruebas Unitarias - BPMN Validators Avanzados Validación de Eventos Obligatorios debe validar presencia de evento de fin" name="8.1 Pruebas Unitarias - BPMN Validators Avanzados Validación de Eventos Obligatorios debe validar presencia de evento de fin" time="0">
    </testcase>
    <testcase classname="8.1 Pruebas Unitarias - BPMN Validators Avanzados Validación de Eventos Obligatorios debe detectar ausencia de evento de fin" name="8.1 Pruebas Unitarias - BPMN Validators Avanzados Validación de Eventos Obligatorios debe detectar ausencia de evento de fin" time="0.001">
    </testcase>
    <testcase classname="8.1 Pruebas Unitarias - BPMN Validators Avanzados Detección de Ciclos Infinitos debe detectar ciclos sin eventos de fin" name="8.1 Pruebas Unitarias - BPMN Validators Avanzados Detección de Ciclos Infinitos debe detectar ciclos sin eventos de fin" time="0.045">
    </testcase>
    <testcase classname="8.1 Pruebas Unitarias - BPMN Validators Avanzados Detección de Ciclos Infinitos debe permitir ciclos con eventos de fin" name="8.1 Pruebas Unitarias - BPMN Validators Avanzados Detección de Ciclos Infinitos debe permitir ciclos con eventos de fin" time="0.008">
    </testcase>
    <testcase classname="8.1 Pruebas Unitarias - BPMN Validators Avanzados Detección de Ciclos Infinitos debe manejar XML sin ciclos" name="8.1 Pruebas Unitarias - BPMN Validators Avanzados Detección de Ciclos Infinitos debe manejar XML sin ciclos" time="0.011">
    </testcase>
    <testcase classname="8.1 Pruebas Unitarias - BPMN Validators Avanzados Detección de Ciclos Infinitos debe detectar ciclos complejos con algoritmo DFS" name="8.1 Pruebas Unitarias - BPMN Validators Avanzados Detección de Ciclos Infinitos debe detectar ciclos complejos con algoritmo DFS" time="0.002">
    </testcase>
    <testcase classname="8.1 Pruebas Unitarias - BPMN Validators Avanzados Extracción de Flujos Secuenciales debe extraer flujos del XML canónico" name="8.1 Pruebas Unitarias - BPMN Validators Avanzados Extracción de Flujos Secuenciales debe extraer flujos del XML canónico" time="0.016">
    </testcase>
    <testcase classname="8.1 Pruebas Unitarias - BPMN Validators Avanzados Extracción de Flujos Secuenciales debe manejar XML sin flujos" name="8.1 Pruebas Unitarias - BPMN Validators Avanzados Extracción de Flujos Secuenciales debe manejar XML sin flujos" time="0.003">
    </testcase>
    <testcase classname="8.1 Pruebas Unitarias - BPMN Validators Avanzados Estadísticas de Elementos BPMN debe contar elementos correctamente en diagrama canónico" name="8.1 Pruebas Unitarias - BPMN Validators Avanzados Estadísticas de Elementos BPMN debe contar elementos correctamente en diagrama canónico" time="0.002">
    </testcase>
    <testcase classname="8.1 Pruebas Unitarias - BPMN Validators Avanzados Estadísticas de Elementos BPMN debe manejar modeler sin elementRegistry" name="8.1 Pruebas Unitarias - BPMN Validators Avanzados Estadísticas de Elementos BPMN debe manejar modeler sin elementRegistry" time="0.012">
    </testcase>
    <testcase classname="8.1 Pruebas Unitarias - BPMN Validators Avanzados Tests Negativos para BPMN debe rechazar XML BPMN malformado" name="8.1 Pruebas Unitarias - BPMN Validators Avanzados Tests Negativos para BPMN debe rechazar XML BPMN malformado" time="0.001">
    </testcase>
    <testcase classname="8.1 Pruebas Unitarias - BPMN Validators Avanzados Tests Negativos para BPMN debe rechazar diagramas sin elementos obligatorios" name="8.1 Pruebas Unitarias - BPMN Validators Avanzados Tests Negativos para BPMN debe rechazar diagramas sin elementos obligatorios" time="0.001">
    </testcase>
    <testcase classname="8.1 Pruebas Unitarias - BPMN Validators Avanzados Tests Negativos para BPMN debe detectar elementos BPMN con tipos incorrectos" name="8.1 Pruebas Unitarias - BPMN Validators Avanzados Tests Negativos para BPMN debe detectar elementos BPMN con tipos incorrectos" time="0">
    </testcase>
  </testsuite>
  <testsuite name="8.1 Pruebas Unitarias - ServiceRegistry" errors="0" failures="0" skipped="0" timestamp="2025-09-21T18:04:32" time="0.244" tests="11">
    <testcase classname="8.1 Pruebas Unitarias - ServiceRegistry Registro de Servicios debe registrar un servicio correctamente" name="8.1 Pruebas Unitarias - ServiceRegistry Registro de Servicios debe registrar un servicio correctamente" time="0.002">
    </testcase>
    <testcase classname="8.1 Pruebas Unitarias - ServiceRegistry Registro de Servicios debe sobrescribir servicio existente" name="8.1 Pruebas Unitarias - ServiceRegistry Registro de Servicios debe sobrescribir servicio existente" time="0.001">
    </testcase>
    <testcase classname="8.1 Pruebas Unitarias - ServiceRegistry Registro de Servicios debe manejar servicios con factory functions" name="8.1 Pruebas Unitarias - ServiceRegistry Registro de Servicios debe manejar servicios con factory functions" time="0.001">
    </testcase>
    <testcase classname="8.1 Pruebas Unitarias - ServiceRegistry Resolución de Servicios debe resolver servicio registrado" name="8.1 Pruebas Unitarias - ServiceRegistry Resolución de Servicios debe resolver servicio registrado" time="0.001">
    </testcase>
    <testcase classname="8.1 Pruebas Unitarias - ServiceRegistry Resolución de Servicios debe retornar undefined para servicio no registrado" name="8.1 Pruebas Unitarias - ServiceRegistry Resolución de Servicios debe retornar undefined para servicio no registrado" time="0.001">
    </testcase>
    <testcase classname="8.1 Pruebas Unitarias - ServiceRegistry Resolución de Servicios debe manejar servicios singleton" name="8.1 Pruebas Unitarias - ServiceRegistry Resolución de Servicios debe manejar servicios singleton" time="0.002">
    </testcase>
    <testcase classname="8.1 Pruebas Unitarias - ServiceRegistry Gestión de Dependencias debe resolver dependencias automáticamente" name="8.1 Pruebas Unitarias - ServiceRegistry Gestión de Dependencias debe resolver dependencias automáticamente" time="0.001">
    </testcase>
    <testcase classname="8.1 Pruebas Unitarias - ServiceRegistry Gestión de Dependencias debe manejar dependencias circulares" name="8.1 Pruebas Unitarias - ServiceRegistry Gestión de Dependencias debe manejar dependencias circulares" time="0.002">
    </testcase>
    <testcase classname="8.1 Pruebas Unitarias - ServiceRegistry Utilidades del Registry debe listar todos los servicios registrados" name="8.1 Pruebas Unitarias - ServiceRegistry Utilidades del Registry debe listar todos los servicios registrados" time="0.005">
    </testcase>
    <testcase classname="8.1 Pruebas Unitarias - ServiceRegistry Utilidades del Registry debe verificar existencia de servicios" name="8.1 Pruebas Unitarias - ServiceRegistry Utilidades del Registry debe verificar existencia de servicios" time="0.001">
    </testcase>
    <testcase classname="8.1 Pruebas Unitarias - ServiceRegistry Utilidades del Registry debe limpiar servicios" name="8.1 Pruebas Unitarias - ServiceRegistry Utilidades del Registry debe limpiar servicios" time="0.009">
    </testcase>
  </testsuite>
</testsuites>