<?xml version="1.0" encoding="UTF-8"?>
<testsuites name="jest tests" tests="320" failures="36" errors="0" time="25.182">
  <testsuite name="8.2 Change Queue Manager Real" errors="0" failures="0" skipped="0" timestamp="2025-09-21T17:20:00" time="9.389" tests="6">
    <testcase classname="8.2 Change Queue Manager Real REAL: Importación y Funciones del Change Queue debe importar change-queue-manager real y exponer funciones" name="8.2 Change Queue Manager Real REAL: Importación y Funciones del Change Queue debe importar change-queue-manager real y exponer funciones" time="0.026">
    </testcase>
    <testcase classname="8.2 Change Queue Manager Real REAL: Pipeline de Cola de Cambios debe añadir cambios reales a la cola y procesarlos" name="8.2 Change Queue Manager Real REAL: Pipeline de Cola de Cambios debe añadir cambios reales a la cola y procesarlos" time="0.252">
    </testcase>
    <testcase classname="8.2 Change Queue Manager Real REAL: Pipeline de Cola de Cambios debe procesar cambios pendientes reales independientemente" name="8.2 Change Queue Manager Real REAL: Pipeline de Cola de Cambios debe procesar cambios pendientes reales independientemente" time="0.079">
    </testcase>
    <testcase classname="8.2 Change Queue Manager Real REAL: Pipeline de Cola de Cambios debe limpiar cola real correctamente" name="8.2 Change Queue Manager Real REAL: Pipeline de Cola de Cambios debe limpiar cola real correctamente" time="0.058">
    </testcase>
    <testcase classname="8.2 Change Queue Manager Real REAL: Deduplicación y Optimización debe deduplicar cambios reales correctamente" name="8.2 Change Queue Manager Real REAL: Deduplicación y Optimización debe deduplicar cambios reales correctamente" time="0.099">
    </testcase>
    <testcase classname="8.2 Change Queue Manager Real REAL: Debug y Monitoreo debe proporcionar información de debug real" name="8.2 Change Queue Manager Real REAL: Debug y Monitoreo debe proporcionar información de debug real" time="0.037">
    </testcase>
  </testsuite>
  <testsuite name="8.2 Pruebas de Integración Avanzadas" errors="0" failures="0" skipped="0" timestamp="2025-09-21T17:20:09" time="0.517" tests="10">
    <testcase classname="8.2 Pruebas de Integración Avanzadas Tests de Rendimiento y Escalabilidad debe sincronizar diagrama grande (50+ elementos) en tiempo razonable" name="8.2 Pruebas de Integración Avanzadas Tests de Rendimiento y Escalabilidad debe sincronizar diagrama grande (50+ elementos) en tiempo razonable" time="0.007">
    </testcase>
    <testcase classname="8.2 Pruebas de Integración Avanzadas Tests de Rendimiento y Escalabilidad debe manejar cambios concurrentes con condiciones de carrera reales" name="8.2 Pruebas de Integración Avanzadas Tests de Rendimiento y Escalabilidad debe manejar cambios concurrentes con condiciones de carrera reales" time="0.008">
    </testcase>
    <testcase classname="8.2 Pruebas de Integración Avanzadas Tests de Rendimiento y Escalabilidad debe mantener rendimiento con matriz RASCI compleja" name="8.2 Pruebas de Integración Avanzadas Tests de Rendimiento y Escalabilidad debe mantener rendimiento con matriz RASCI compleja" time="0.005">
    </testcase>
    <testcase classname="8.2 Pruebas de Integración Avanzadas Tests de Casos Edge Avanzados debe manejar PPIs con múltiples referencias cruzadas" name="8.2 Pruebas de Integración Avanzadas Tests de Casos Edge Avanzados debe manejar PPIs con múltiples referencias cruzadas" time="0.008">
    </testcase>
    <testcase classname="8.2 Pruebas de Integración Avanzadas Tests de Casos Edge Avanzados debe validar límites del sistema y rechazar excesos" name="8.2 Pruebas de Integración Avanzadas Tests de Casos Edge Avanzados debe validar límites del sistema y rechazar excesos" time="0.002">
    </testcase>
    <testcase classname="8.2 Pruebas de Integración Avanzadas Tests de Casos Edge Avanzados debe manejar sincronización incremental optimizada" name="8.2 Pruebas de Integración Avanzadas Tests de Casos Edge Avanzados debe manejar sincronización incremental optimizada" time="0.03">
    </testcase>
    <testcase classname="8.2 Pruebas de Integración Avanzadas Tests de Seguridad y Validación Avanzada debe sanitizar y validar inputs maliciosos en integración" name="8.2 Pruebas de Integración Avanzadas Tests de Seguridad y Validación Avanzada debe sanitizar y validar inputs maliciosos en integración" time="0.008">
    </testcase>
    <testcase classname="8.2 Pruebas de Integración Avanzadas Tests de Seguridad y Validación Avanzada debe validar integridad de datos durante operaciones críticas" name="8.2 Pruebas de Integración Avanzadas Tests de Seguridad y Validación Avanzada debe validar integridad de datos durante operaciones críticas" time="0.007">
    </testcase>
    <testcase classname="8.2 Pruebas de Integración Avanzadas Tests de Recuperación y Resiliencia debe recuperar estado tras múltiples fallos consecutivos" name="8.2 Pruebas de Integración Avanzadas Tests de Recuperación y Resiliencia debe recuperar estado tras múltiples fallos consecutivos" time="0.003">
    </testcase>
    <testcase classname="8.2 Pruebas de Integración Avanzadas Tests de Recuperación y Resiliencia debe detectar degradación del sistema por carga funcional" name="8.2 Pruebas de Integración Avanzadas Tests de Recuperación y Resiliencia debe detectar degradación del sistema por carga funcional" time="0.011">
    </testcase>
  </testsuite>
  <testsuite name="8.2 Pruebas de Integración Reales" errors="0" failures="0" skipped="0" timestamp="2025-09-21T17:20:10" time="0.406" tests="7">
    <testcase classname="8.2 Pruebas de Integración Reales Integración BPMN + RASCI Real debe sincronizar tareas BPMN con matriz RASCI usando validadores reales" name="8.2 Pruebas de Integración Reales Integración BPMN + RASCI Real debe sincronizar tareas BPMN con matriz RASCI usando validadores reales" time="0.024">
    </testcase>
    <testcase classname="8.2 Pruebas de Integración Reales Integración BPMN + RASCI Real debe detectar inconsistencias reales entre BPMN y RASCI" name="8.2 Pruebas de Integración Reales Integración BPMN + RASCI Real debe detectar inconsistencias reales entre BPMN y RASCI" time="0.003">
    </testcase>
    <testcase classname="8.2 Pruebas de Integración Reales Integración PPINOT + RALPH Real debe validar compatibilidad entre tipos PPINOT y elementos RALPH" name="8.2 Pruebas de Integración Reales Integración PPINOT + RALPH Real debe validar compatibilidad entre tipos PPINOT y elementos RALPH" time="0.001">
    </testcase>
    <testcase classname="8.2 Pruebas de Integración Reales Integración PPINOT + RALPH Real debe manejar elementos híbridos PPINOT-RALPH en un proyecto real" name="8.2 Pruebas de Integración Reales Integración PPINOT + RALPH Real debe manejar elementos híbridos PPINOT-RALPH en un proyecto real" time="0.003">
    </testcase>
    <testcase classname="8.2 Pruebas de Integración Reales Integración Multinotación Completa debe coordinar BPMN + PPINOT + RALPH + RASCI en proyecto real" name="8.2 Pruebas de Integración Reales Integración Multinotación Completa debe coordinar BPMN + PPINOT + RALPH + RASCI en proyecto real" time="0.014">
    </testcase>
    <testcase classname="8.2 Pruebas de Integración Reales Integración Multinotación Completa debe detectar y manejar conflictos reales entre notaciones" name="8.2 Pruebas de Integración Reales Integración Multinotación Completa debe detectar y manejar conflictos reales entre notaciones" time="0.009">
    </testcase>
    <testcase classname="8.2 Pruebas de Integración Reales Casos de Rendimiento Real debe manejar validación de matrices RASCI grandes con rendimiento aceptable" name="8.2 Pruebas de Integración Reales Casos de Rendimiento Real debe manejar validación de matrices RASCI grandes con rendimiento aceptable" time="0.034">
    </testcase>
  </testsuite>
  <testsuite name="8.2 Pruebas de Integración Avanzadas - Componentes Reales" errors="0" failures="0" skipped="0" timestamp="2025-09-21T17:20:10" time="0.406" tests="12">
    <testcase classname="8.2 Pruebas de Integración Avanzadas - Componentes Reales Integración BPMN + RASCI con validación real Validación completa BPMN+RASCI con datos reales" name="8.2 Pruebas de Integración Avanzadas - Componentes Reales Integración BPMN + RASCI con validación real Validación completa BPMN+RASCI con datos reales" time="0.02">
    </testcase>
    <testcase classname="8.2 Pruebas de Integración Avanzadas - Componentes Reales Integración BPMN + RASCI con validación real Detección de inconsistencias reales BPMN-RASCI" name="8.2 Pruebas de Integración Avanzadas - Componentes Reales Integración BPMN + RASCI con validación real Detección de inconsistencias reales BPMN-RASCI" time="0.005">
    </testcase>
    <testcase classname="8.2 Pruebas de Integración Avanzadas - Componentes Reales Integración BPMN + RASCI con validación real Rendimiento con BPMN complejo + RASCI grande" name="8.2 Pruebas de Integración Avanzadas - Componentes Reales Integración BPMN + RASCI con validación real Rendimiento con BPMN complejo + RASCI grande" time="0.008">
    </testcase>
    <testcase classname="8.2 Pruebas de Integración Avanzadas - Componentes Reales Integración PPINOT + RALPH con tipos reales Compatibilidad de tipos PPINOT y RALPH reales" name="8.2 Pruebas de Integración Avanzadas - Componentes Reales Integración PPINOT + RALPH con tipos reales Compatibilidad de tipos PPINOT y RALPH reales" time="0.002">
    </testcase>
    <testcase classname="8.2 Pruebas de Integración Avanzadas - Componentes Reales Integración PPINOT + RALPH con tipos reales Validación cruzada PPINOT-RALPH en elementos BPMN" name="8.2 Pruebas de Integración Avanzadas - Componentes Reales Integración PPINOT + RALPH con tipos reales Validación cruzada PPINOT-RALPH en elementos BPMN" time="0.002">
    </testcase>
    <testcase classname="8.2 Pruebas de Integración Avanzadas - Componentes Reales Integración PPINOT + RALPH con tipos reales Manejo de tipos no soportados en integración real" name="8.2 Pruebas de Integración Avanzadas - Componentes Reales Integración PPINOT + RALPH con tipos reales Manejo de tipos no soportados en integración real" time="0.005">
    </testcase>
    <testcase classname="8.2 Pruebas de Integración Avanzadas - Componentes Reales Coordinación completa multinotación real Workflow completo con todas las notaciones integradas" name="8.2 Pruebas de Integración Avanzadas - Componentes Reales Coordinación completa multinotación real Workflow completo con todas las notaciones integradas" time="0.006">
    </testcase>
    <testcase classname="8.2 Pruebas de Integración Avanzadas - Componentes Reales Coordinación completa multinotación real Manejo de errores en cascada multinotación" name="8.2 Pruebas de Integración Avanzadas - Componentes Reales Coordinación completa multinotación real Manejo de errores en cascada multinotación" time="0.004">
    </testcase>
    <testcase classname="8.2 Pruebas de Integración Avanzadas - Componentes Reales Coordinación completa multinotación real Sincronización de cambios entre notaciones" name="8.2 Pruebas de Integración Avanzadas - Componentes Reales Coordinación completa multinotación real Sincronización de cambios entre notaciones" time="0.007">
    </testcase>
    <testcase classname="8.2 Pruebas de Integración Avanzadas - Componentes Reales Tests de regresión con componentes reales Regresión: Validación de secuencias BPMN" name="8.2 Pruebas de Integración Avanzadas - Componentes Reales Tests de regresión con componentes reales Regresión: Validación de secuencias BPMN" time="0.047">
    </testcase>
    <testcase classname="8.2 Pruebas de Integración Avanzadas - Componentes Reales Tests de regresión con componentes reales Regresión: RASCI matrix con roles edge case" name="8.2 Pruebas de Integración Avanzadas - Componentes Reales Tests de regresión con componentes reales Regresión: RASCI matrix con roles edge case" time="0.008">
    </testcase>
    <testcase classname="8.2 Pruebas de Integración Avanzadas - Componentes Reales Tests de regresión con componentes reales Regresión: PPINOT types con elementos complejos" name="8.2 Pruebas de Integración Avanzadas - Componentes Reales Tests de regresión con componentes reales Regresión: PPINOT types con elementos complejos" time="0.003">
    </testcase>
  </testsuite>
  <testsuite name="Rendimiento Real de la Aplicación" errors="0" failures="2" skipped="0" timestamp="2025-09-21T17:20:00" time="11.418" tests="6">
    <testcase classname="Rendimiento Real de la Aplicación debe medir Core Web Vitals reales" name="Rendimiento Real de la Aplicación debe medir Core Web Vitals reales" time="1.121">
    </testcase>
    <testcase classname="Rendimiento Real de la Aplicación debe medir el rendimiento de carga de diagramas grandes" name="Rendimiento Real de la Aplicación debe medir el rendimiento de carga de diagramas grandes" time="0.229">
    </testcase>
    <testcase classname="Rendimiento Real de la Aplicación debe mantener uso de memoria estable" name="Rendimiento Real de la Aplicación debe mantener uso de memoria estable" time="2.655">
    </testcase>
    <testcase classname="Rendimiento Real de la Aplicación debe responder rápidamente a interacciones del usuario" name="Rendimiento Real de la Aplicación debe responder rápidamente a interacciones del usuario" time="0.092">
      <failure>Error: expect(received).toBeLessThan(expected)

Expected: &lt; 50
Received:   77
    at toBeLessThan (D:\ETSII\4 CARRERA\2C\TFG\MNM2\MultiModeler\tests\8.4-non-functional\performance-real.test.js:213:28)
    at Generator.call (D:\ETSII\4 CARRERA\2C\TFG\MNM2\MultiModeler\tests\8.4-non-functional\performance-real.test.js:2:1)
    at Generator._invoke [as next] (D:\ETSII\4 CARRERA\2C\TFG\MNM2\MultiModeler\tests\8.4-non-functional\performance-real.test.js:2:1)
    at asyncGeneratorStep (D:\ETSII\4 CARRERA\2C\TFG\MNM2\MultiModeler\tests\8.4-non-functional\performance-real.test.js:2:1)
    at asyncGeneratorStep (D:\ETSII\4 CARRERA\2C\TFG\MNM2\MultiModeler\tests\8.4-non-functional\performance-real.test.js:2:1)</failure>
    </testcase>
    <testcase classname="Rendimiento Real de la Aplicación debe manejar múltiples operaciones concurrentes" name="Rendimiento Real de la Aplicación debe manejar múltiples operaciones concurrentes" time="0.29">
    </testcase>
    <testcase classname="Rendimiento Real de la Aplicación debe mantener rendimiento bajo carga de trabajo intensa" name="Rendimiento Real de la Aplicación debe mantener rendimiento bajo carga de trabajo intensa" time="2.017">
      <failure>Error: expect(received).toBeLessThan(expected)

Expected: &lt; 50
Received:   59.86666666666667
    at toBeLessThan (D:\ETSII\4 CARRERA\2C\TFG\MNM2\MultiModeler\tests\8.4-non-functional\performance-real.test.js:310:35)
    at Generator.call (D:\ETSII\4 CARRERA\2C\TFG\MNM2\MultiModeler\tests\8.4-non-functional\performance-real.test.js:2:1)
    at Generator._invoke [as next] (D:\ETSII\4 CARRERA\2C\TFG\MNM2\MultiModeler\tests\8.4-non-functional\performance-real.test.js:2:1)
    at asyncGeneratorStep (D:\ETSII\4 CARRERA\2C\TFG\MNM2\MultiModeler\tests\8.4-non-functional\performance-real.test.js:2:1)
    at asyncGeneratorStep (D:\ETSII\4 CARRERA\2C\TFG\MNM2\MultiModeler\tests\8.4-non-functional\performance-real.test.js:2:1)</failure>
    </testcase>
  </testsuite>
  <testsuite name="8.2 Pruebas de Integración Reales (Corregidas)" errors="0" failures="0" skipped="0" timestamp="2025-09-21T17:20:11" time="0.425" tests="12">
    <testcase classname="8.2 Pruebas de Integración Reales (Corregidas) Integración BPMN + RASCI Real debe sincronizar tareas BPMN con matriz RASCI usando validadores reales" name="8.2 Pruebas de Integración Reales (Corregidas) Integración BPMN + RASCI Real debe sincronizar tareas BPMN con matriz RASCI usando validadores reales" time="0.013">
    </testcase>
    <testcase classname="8.2 Pruebas de Integración Reales (Corregidas) Integración BPMN + RASCI Real debe detectar inconsistencias reales entre BPMN y RASCI" name="8.2 Pruebas de Integración Reales (Corregidas) Integración BPMN + RASCI Real debe detectar inconsistencias reales entre BPMN y RASCI" time="0.006">
    </testcase>
    <testcase classname="8.2 Pruebas de Integración Reales (Corregidas) Integración BPMN + RASCI Real debe manejar casos extremos en integración BPMN-RASCI" name="8.2 Pruebas de Integración Reales (Corregidas) Integración BPMN + RASCI Real debe manejar casos extremos en integración BPMN-RASCI" time="0.004">
    </testcase>
    <testcase classname="8.2 Pruebas de Integración Reales (Corregidas) Integración PPINOT + RALPH Real debe verificar compatibilidad de tipos PPINOT y RALPH reales" name="8.2 Pruebas de Integración Reales (Corregidas) Integración PPINOT + RALPH Real debe verificar compatibilidad de tipos PPINOT y RALPH reales" time="0.006">
    </testcase>
    <testcase classname="8.2 Pruebas de Integración Reales (Corregidas) Integración PPINOT + RALPH Real debe validar elementos BPMN en ambas notaciones" name="8.2 Pruebas de Integración Reales (Corregidas) Integración PPINOT + RALPH Real debe validar elementos BPMN en ambas notaciones" time="0.012">
    </testcase>
    <testcase classname="8.2 Pruebas de Integración Reales (Corregidas) Integración PPINOT + RALPH Real debe manejar tipos no soportados en integración real" name="8.2 Pruebas de Integración Reales (Corregidas) Integración PPINOT + RALPH Real debe manejar tipos no soportados en integración real" time="0.001">
    </testcase>
    <testcase classname="8.2 Pruebas de Integración Reales (Corregidas) Integración Multinotación Completa debe coordinar BPMN + PPINOT + RALPH + RASCI en proyecto real" name="8.2 Pruebas de Integración Reales (Corregidas) Integración Multinotación Completa debe coordinar BPMN + PPINOT + RALPH + RASCI en proyecto real" time="0.004">
    </testcase>
    <testcase classname="8.2 Pruebas de Integración Reales (Corregidas) Integración Multinotación Completa debe detectar y manejar conflictos reales entre notaciones" name="8.2 Pruebas de Integración Reales (Corregidas) Integración Multinotación Completa debe detectar y manejar conflictos reales entre notaciones" time="0.004">
    </testcase>
    <testcase classname="8.2 Pruebas de Integración Reales (Corregidas) Casos de Rendimiento Real debe manejar validación de matrices RASCI grandes con rendimiento aceptable" name="8.2 Pruebas de Integración Reales (Corregidas) Casos de Rendimiento Real debe manejar validación de matrices RASCI grandes con rendimiento aceptable" time="0.007">
    </testcase>
    <testcase classname="8.2 Pruebas de Integración Reales (Corregidas) Casos de Rendimiento Real debe manejar análisis de BPMN complejos eficientemente" name="8.2 Pruebas de Integración Reales (Corregidas) Casos de Rendimiento Real debe manejar análisis de BPMN complejos eficientemente" time="0.023">
    </testcase>
    <testcase classname="8.2 Pruebas de Integración Reales (Corregidas) Tests de Regresión Reales debe mantener retrocompatibilidad con formatos XML anteriores" name="8.2 Pruebas de Integración Reales (Corregidas) Tests de Regresión Reales debe mantener retrocompatibilidad con formatos XML anteriores" time="0.06">
    </testcase>
    <testcase classname="8.2 Pruebas de Integración Reales (Corregidas) Tests de Regresión Reales debe validar consistentemente diferentes configuraciones RASCI" name="8.2 Pruebas de Integración Reales (Corregidas) Tests de Regresión Reales debe validar consistentemente diferentes configuraciones RASCI" time="0.012">
    </testcase>
  </testsuite>
  <testsuite name="8.2 Pruebas de Integración - Multi-notación" errors="0" failures="0" skipped="0" timestamp="2025-09-21T17:20:12" time="0.366" tests="20">
    <testcase classname="8.2 Pruebas de Integración - Multi-notación Integración BPMN + PPINOT debe vincular PPIs a elementos BPMN correctamente" name="8.2 Pruebas de Integración - Multi-notación Integración BPMN + PPINOT debe vincular PPIs a elementos BPMN correctamente" time="0.003">
    </testcase>
    <testcase classname="8.2 Pruebas de Integración - Multi-notación Integración BPMN + PPINOT debe sincronizar cambios en BPMN con PPIs existentes" name="8.2 Pruebas de Integración - Multi-notación Integración BPMN + PPINOT debe sincronizar cambios en BPMN con PPIs existentes" time="0.003">
    </testcase>
    <testcase classname="8.2 Pruebas de Integración - Multi-notación Integración BPMN + RALPH debe asignar roles a tareas BPMN" name="8.2 Pruebas de Integración - Multi-notación Integración BPMN + RALPH debe asignar roles a tareas BPMN" time="0.007">
    </testcase>
    <testcase classname="8.2 Pruebas de Integración - Multi-notación Integración BPMN + RALPH debe validar permisos de roles en ejecución" name="8.2 Pruebas de Integración - Multi-notación Integración BPMN + RALPH debe validar permisos de roles en ejecución" time="0.001">
    </testcase>
    <testcase classname="8.2 Pruebas de Integración - Multi-notación Integración RASCI + BPMN + RALPH debe mapear automáticamente RASCI con elementos BPMN y roles RALPH" name="8.2 Pruebas de Integración - Multi-notación Integración RASCI + BPMN + RALPH debe mapear automáticamente RASCI con elementos BPMN y roles RALPH" time="0.002">
    </testcase>
    <testcase classname="8.2 Pruebas de Integración - Multi-notación Integración RASCI + BPMN + RALPH debe detectar conflictos entre RASCI y RALPH" name="8.2 Pruebas de Integración - Multi-notación Integración RASCI + BPMN + RALPH debe detectar conflictos entre RASCI y RALPH" time="0.001">
    </testcase>
    <testcase classname="8.2 Pruebas de Integración - Multi-notación Integración Completa: Persistencia Multi-notación debe guardar y cargar proyecto con todas las notaciones" name="8.2 Pruebas de Integración - Multi-notación Integración Completa: Persistencia Multi-notación debe guardar y cargar proyecto con todas las notaciones" time="0.002">
    </testcase>
    <testcase classname="8.2 Pruebas de Integración - Multi-notación Integración Completa: Persistencia Multi-notación debe sincronizar cambios entre notaciones durante guardado automático" name="8.2 Pruebas de Integración - Multi-notación Integración Completa: Persistencia Multi-notación debe sincronizar cambios entre notaciones durante guardado automático" time="0.002">
    </testcase>
    <testcase classname="8.2 Pruebas de Integración - Multi-notación Validación Cruzada de Notaciones debe validar consistencia entre BPMN y RASCI" name="8.2 Pruebas de Integración - Multi-notación Validación Cruzada de Notaciones debe validar consistencia entre BPMN y RASCI" time="0.002">
    </testcase>
    <testcase classname="8.2 Pruebas de Integración - Multi-notación Validación Cruzada de Notaciones debe detectar PPIs huérfanos (sin elementos BPMN correspondientes)" name="8.2 Pruebas de Integración - Multi-notación Validación Cruzada de Notaciones debe detectar PPIs huérfanos (sin elementos BPMN correspondientes)" time="0.001">
    </testcase>
    <testcase classname="8.2 Pruebas de Integración - Multi-notación Casos Avanzados de Integración debe manejar importación de proyecto corrupto" name="8.2 Pruebas de Integración - Multi-notación Casos Avanzados de Integración debe manejar importación de proyecto corrupto" time="0.013">
    </testcase>
    <testcase classname="8.2 Pruebas de Integración - Multi-notación Casos Avanzados de Integración debe sincronizar cambios concurrentes entre notaciones" name="8.2 Pruebas de Integración - Multi-notación Casos Avanzados de Integración debe sincronizar cambios concurrentes entre notaciones" time="0.005">
    </testcase>
    <testcase classname="8.2 Pruebas de Integración - Multi-notación Casos Avanzados de Integración debe validar dependencias circulares entre roles" name="8.2 Pruebas de Integración - Multi-notación Casos Avanzados de Integración debe validar dependencias circulares entre roles" time="0.009">
    </testcase>
    <testcase classname="8.2 Pruebas de Integración - Multi-notación Casos Avanzados de Integración debe manejar eliminación en cascada de elementos" name="8.2 Pruebas de Integración - Multi-notación Casos Avanzados de Integración debe manejar eliminación en cascada de elementos" time="0.016">
    </testcase>
    <testcase classname="8.2 Pruebas de Integración - Multi-notación Casos Avanzados de Integración debe recuperar estado tras error de sincronización" name="8.2 Pruebas de Integración - Multi-notación Casos Avanzados de Integración debe recuperar estado tras error de sincronización" time="0.002">
    </testcase>
    <testcase classname="8.2 Pruebas de Integración - Multi-notación Casos Avanzados de Integración debe manejar migración entre versiones de proyecto" name="8.2 Pruebas de Integración - Multi-notación Casos Avanzados de Integración debe manejar migración entre versiones de proyecto" time="0.003">
    </testcase>
    <testcase classname="8.2 Pruebas de Integración - Multi-notación Casos Avanzados de Integración debe validar integridad referencial completa" name="8.2 Pruebas de Integración - Multi-notación Casos Avanzados de Integración debe validar integridad referencial completa" time="0.006">
    </testcase>
    <testcase classname="8.2 Pruebas de Integración - Multi-notación Escenarios de Conflicto Avanzados debe manejar conflictos entre roles RASCI y RALPH" name="8.2 Pruebas de Integración - Multi-notación Escenarios de Conflicto Avanzados debe manejar conflictos entre roles RASCI y RALPH" time="0.001">
    </testcase>
    <testcase classname="8.2 Pruebas de Integración - Multi-notación Escenarios de Conflicto Avanzados debe manejar rollback cuando falla integración" name="8.2 Pruebas de Integración - Multi-notación Escenarios de Conflicto Avanzados debe manejar rollback cuando falla integración" time="0.002">
    </testcase>
    <testcase classname="8.2 Pruebas de Integración - Multi-notación Escenarios de Conflicto Avanzados debe verificar orden correcto de eventos en operaciones complejas" name="8.2 Pruebas de Integración - Multi-notación Escenarios de Conflicto Avanzados debe verificar orden correcto de eventos en operaciones complejas" time="0.002">
    </testcase>
  </testsuite>
  <testsuite name="Usabilidad Real de la Aplicación" errors="0" failures="4" skipped="0" timestamp="2025-09-21T17:20:00" time="12.505" tests="8">
    <testcase classname="Usabilidad Real de la Aplicación Accesibilidad Real debe cumplir estándares WCAG AA" name="Usabilidad Real de la Aplicación Accesibilidad Real debe cumplir estándares WCAG AA" time="0.076">
    </testcase>
    <testcase classname="Usabilidad Real de la Aplicación Accesibilidad Real debe ser navegable completamente por teclado" name="Usabilidad Real de la Aplicación Accesibilidad Real debe ser navegable completamente por teclado" time="0.067">
    </testcase>
    <testcase classname="Usabilidad Real de la Aplicación Accesibilidad Real debe tener textos alternativos y labels apropiados" name="Usabilidad Real de la Aplicación Accesibilidad Real debe tener textos alternativos y labels apropiados" time="0.104">
    </testcase>
    <testcase classname="Usabilidad Real de la Aplicación Experiencia de Usuario Real debe proporcionar feedback inmediato en todas las acciones" name="Usabilidad Real de la Aplicación Experiencia de Usuario Real debe proporcionar feedback inmediato en todas las acciones" time="0.353">
      <failure>Error: expect(received).toBeLessThan(expected)

Expected: &lt; 100
Received:   242
    at toBeLessThan (D:\ETSII\4 CARRERA\2C\TFG\MNM2\MultiModeler\tests\8.4-non-functional\usability-real.test.js:259:30)
    at Generator.call (D:\ETSII\4 CARRERA\2C\TFG\MNM2\MultiModeler\tests\8.4-non-functional\usability-real.test.js:2:1)
    at Generator._invoke [as next] (D:\ETSII\4 CARRERA\2C\TFG\MNM2\MultiModeler\tests\8.4-non-functional\usability-real.test.js:2:1)
    at asyncGeneratorStep (D:\ETSII\4 CARRERA\2C\TFG\MNM2\MultiModeler\tests\8.4-non-functional\usability-real.test.js:2:1)
    at asyncGeneratorStep (D:\ETSII\4 CARRERA\2C\TFG\MNM2\MultiModeler\tests\8.4-non-functional\usability-real.test.js:2:1)</failure>
    </testcase>
    <testcase classname="Usabilidad Real de la Aplicación Experiencia de Usuario Real debe mantener estado y contexto durante flujos de trabajo" name="Usabilidad Real de la Aplicación Experiencia de Usuario Real debe mantener estado y contexto durante flujos de trabajo" time="0.669">
      <failure>Error: expect(received).toBe(expected) // Object.is equality

Expected: undefined
Received: &quot;task-1&quot;
    at toBe (D:\ETSII\4 CARRERA\2C\TFG\MNM2\MultiModeler\tests\8.4-non-functional\usability-real.test.js:310:32)
    at Generator.call (D:\ETSII\4 CARRERA\2C\TFG\MNM2\MultiModeler\tests\8.4-non-functional\usability-real.test.js:2:1)
    at Generator._invoke [as next] (D:\ETSII\4 CARRERA\2C\TFG\MNM2\MultiModeler\tests\8.4-non-functional\usability-real.test.js:2:1)
    at asyncGeneratorStep (D:\ETSII\4 CARRERA\2C\TFG\MNM2\MultiModeler\tests\8.4-non-functional\usability-real.test.js:2:1)
    at asyncGeneratorStep (D:\ETSII\4 CARRERA\2C\TFG\MNM2\MultiModeler\tests\8.4-non-functional\usability-real.test.js:2:1)</failure>
    </testcase>
    <testcase classname="Usabilidad Real de la Aplicación Experiencia de Usuario Real debe ser intuitivo para nuevos usuarios" name="Usabilidad Real de la Aplicación Experiencia de Usuario Real debe ser intuitivo para nuevos usuarios" time="6.101">
    </testcase>
    <testcase classname="Usabilidad Real de la Aplicación Experiencia de Usuario Real debe manejar errores de manera amigable" name="Usabilidad Real de la Aplicación Experiencia de Usuario Real debe manejar errores de manera amigable" time="0.031">
      <failure>Error: expect(received).toBe(expected) // Object.is equality

Expected: true
Received: false
    at toBe (D:\ETSII\4 CARRERA\2C\TFG\MNM2\MultiModeler\tests\8.4-non-functional\usability-real.test.js:437:70)
    at Generator.call (D:\ETSII\4 CARRERA\2C\TFG\MNM2\MultiModeler\tests\8.4-non-functional\usability-real.test.js:2:1)
    at Generator._invoke [as next] (D:\ETSII\4 CARRERA\2C\TFG\MNM2\MultiModeler\tests\8.4-non-functional\usability-real.test.js:2:1)
    at asyncGeneratorStep (D:\ETSII\4 CARRERA\2C\TFG\MNM2\MultiModeler\tests\8.4-non-functional\usability-real.test.js:2:1)
    at asyncGeneratorStep (D:\ETSII\4 CARRERA\2C\TFG\MNM2\MultiModeler\tests\8.4-non-functional\usability-real.test.js:2:1)</failure>
    </testcase>
    <testcase classname="Usabilidad Real de la Aplicación Responsividad y Adaptabilidad debe adaptarse a diferentes tamaños de pantalla" name="Usabilidad Real de la Aplicación Responsividad y Adaptabilidad debe adaptarse a diferentes tamaños de pantalla" time="0.035">
      <failure>Error: expect(received).toBe(expected) // Object.is equality

Expected: true
Received: false
    at toBe (D:\ETSII\4 CARRERA\2C\TFG\MNM2\MultiModeler\tests\8.4-non-functional\usability-real.test.js:486:57)
    at Generator.call (D:\ETSII\4 CARRERA\2C\TFG\MNM2\MultiModeler\tests\8.4-non-functional\usability-real.test.js:2:1)
    at Generator._invoke [as next] (D:\ETSII\4 CARRERA\2C\TFG\MNM2\MultiModeler\tests\8.4-non-functional\usability-real.test.js:2:1)
    at asyncGeneratorStep (D:\ETSII\4 CARRERA\2C\TFG\MNM2\MultiModeler\tests\8.4-non-functional\usability-real.test.js:2:1)
    at asyncGeneratorStep (D:\ETSII\4 CARRERA\2C\TFG\MNM2\MultiModeler\tests\8.4-non-functional\usability-real.test.js:2:1)</failure>
    </testcase>
  </testsuite>
  <testsuite name="8.1 Pruebas Unitarias - Validadores REALES (Corregidos)" errors="0" failures="0" skipped="0" timestamp="2025-09-21T17:20:12" time="0.747" tests="17">
    <testcase classname="8.1 Pruebas Unitarias - Validadores REALES (Corregidos) Validadores BPMN - Lógica Real debe extraer estadísticas reales de XML BPMN" name="8.1 Pruebas Unitarias - Validadores REALES (Corregidos) Validadores BPMN - Lógica Real debe extraer estadísticas reales de XML BPMN" time="0.004">
    </testcase>
    <testcase classname="8.1 Pruebas Unitarias - Validadores REALES (Corregidos) Validadores BPMN - Lógica Real debe extraer tareas específicas del XML" name="8.1 Pruebas Unitarias - Validadores REALES (Corregidos) Validadores BPMN - Lógica Real debe extraer tareas específicas del XML" time="0.006">
    </testcase>
    <testcase classname="8.1 Pruebas Unitarias - Validadores REALES (Corregidos) Validadores BPMN - Lógica Real debe extraer secuencias de flujo reales" name="8.1 Pruebas Unitarias - Validadores REALES (Corregidos) Validadores BPMN - Lógica Real debe extraer secuencias de flujo reales" time="0.012">
    </testcase>
    <testcase classname="8.1 Pruebas Unitarias - Validadores REALES (Corregidos) Validadores BPMN - Lógica Real debe manejar XML vacío o inválido graciosamente" name="8.1 Pruebas Unitarias - Validadores REALES (Corregidos) Validadores BPMN - Lógica Real debe manejar XML vacío o inválido graciosamente" time="0.006">
    </testcase>
    <testcase classname="8.1 Pruebas Unitarias - Validadores REALES (Corregidos) Validador RASCI - Lógica Real debe crear instancia de validador correctamente" name="8.1 Pruebas Unitarias - Validadores REALES (Corregidos) Validador RASCI - Lógica Real debe crear instancia de validador correctamente" time="0.004">
    </testcase>
    <testcase classname="8.1 Pruebas Unitarias - Validadores REALES (Corregidos) Validador RASCI - Lógica Real debe validar matriz vacía correctamente" name="8.1 Pruebas Unitarias - Validadores REALES (Corregidos) Validador RASCI - Lógica Real debe validar matriz vacía correctamente" time="0.013">
    </testcase>
    <testcase classname="8.1 Pruebas Unitarias - Validadores REALES (Corregidos) Validador RASCI - Lógica Real debe validar matriz con datos válidos" name="8.1 Pruebas Unitarias - Validadores REALES (Corregidos) Validador RASCI - Lógica Real debe validar matriz con datos válidos" time="0.019">
    </testcase>
    <testcase classname="8.1 Pruebas Unitarias - Validadores REALES (Corregidos) Validador RASCI - Lógica Real debe detectar errores críticos en matriz RASCI" name="8.1 Pruebas Unitarias - Validadores REALES (Corregidos) Validador RASCI - Lógica Real debe detectar errores críticos en matriz RASCI" time="0.044">
    </testcase>
    <testcase classname="8.1 Pruebas Unitarias - Validadores REALES (Corregidos) Validador RASCI - Lógica Real debe detectar responsables duplicados" name="8.1 Pruebas Unitarias - Validadores REALES (Corregidos) Validador RASCI - Lógica Real debe detectar responsables duplicados" time="0.052">
    </testcase>
    <testcase classname="8.1 Pruebas Unitarias - Validadores REALES (Corregidos) Validador RASCI - Lógica Real debe generar resumen de validación completo" name="8.1 Pruebas Unitarias - Validadores REALES (Corregidos) Validador RASCI - Lógica Real debe generar resumen de validación completo" time="0.025">
    </testcase>
    <testcase classname="8.1 Pruebas Unitarias - Validadores REALES (Corregidos) Validadores PPINOT y RALPH - Lógica Real debe verificar tipos soportados por PPINOT" name="8.1 Pruebas Unitarias - Validadores REALES (Corregidos) Validadores PPINOT y RALPH - Lógica Real debe verificar tipos soportados por PPINOT" time="0.003">
    </testcase>
    <testcase classname="8.1 Pruebas Unitarias - Validadores REALES (Corregidos) Validadores PPINOT y RALPH - Lógica Real debe tener tipos RALPH definidos" name="8.1 Pruebas Unitarias - Validadores REALES (Corregidos) Validadores PPINOT y RALPH - Lógica Real debe tener tipos RALPH definidos" time="0.01">
    </testcase>
    <testcase classname="8.1 Pruebas Unitarias - Validadores REALES (Corregidos) Validadores PPINOT y RALPH - Lógica Real debe manejar tipos no soportados graciosamente" name="8.1 Pruebas Unitarias - Validadores REALES (Corregidos) Validadores PPINOT y RALPH - Lógica Real debe manejar tipos no soportados graciosamente" time="0.005">
    </testcase>
    <testcase classname="8.1 Pruebas Unitarias - Validadores REALES (Corregidos) Integración entre Validadores debe combinar validación BPMN y RASCI" name="8.1 Pruebas Unitarias - Validadores REALES (Corregidos) Integración entre Validadores debe combinar validación BPMN y RASCI" time="0.035">
    </testcase>
    <testcase classname="8.1 Pruebas Unitarias - Validadores REALES (Corregidos) Integración entre Validadores debe detectar incompatibilidades entre notaciones" name="8.1 Pruebas Unitarias - Validadores REALES (Corregidos) Integración entre Validadores debe detectar incompatibilidades entre notaciones" time="0.002">
    </testcase>
    <testcase classname="8.1 Pruebas Unitarias - Validadores REALES (Corregidos) Tests de regresión debe mantener compatibilidad con XML de diferentes versiones" name="8.1 Pruebas Unitarias - Validadores REALES (Corregidos) Tests de regresión debe mantener compatibilidad con XML de diferentes versiones" time="0.015">
    </testcase>
    <testcase classname="8.1 Pruebas Unitarias - Validadores REALES (Corregidos) Tests de regresión debe manejar matrices RASCI de diferentes tamaños" name="8.1 Pruebas Unitarias - Validadores REALES (Corregidos) Tests de regresión debe manejar matrices RASCI de diferentes tamaños" time="0.123">
    </testcase>
  </testsuite>
  <testsuite name="8.1 Pruebas Unitarias - Validadores" errors="0" failures="0" skipped="0" timestamp="2025-09-21T17:20:14" time="0.426" tests="18">
    <testcase classname="8.1 Pruebas Unitarias - Validadores Validador BPMN - Lógica Real debe analizar elementos BPMN usando validador real" name="8.1 Pruebas Unitarias - Validadores Validador BPMN - Lógica Real debe analizar elementos BPMN usando validador real" time="0.003">
    </testcase>
    <testcase classname="8.1 Pruebas Unitarias - Validadores Validador BPMN - Lógica Real debe extraer flujos secuenciales de XML real" name="8.1 Pruebas Unitarias - Validadores Validador BPMN - Lógica Real debe extraer flujos secuenciales de XML real" time="0.018">
    </testcase>
    <testcase classname="8.1 Pruebas Unitarias - Validadores Validador BPMN - Lógica Real debe detectar ciclos en flujos" name="8.1 Pruebas Unitarias - Validadores Validador BPMN - Lógica Real debe detectar ciclos en flujos" time="0.001">
    </testcase>
    <testcase classname="8.1 Pruebas Unitarias - Validadores Validador BPMN - Lógica Real debe validar XML BPMN válido usando helper" name="8.1 Pruebas Unitarias - Validadores Validador BPMN - Lógica Real debe validar XML BPMN válido usando helper" time="0.01">
    </testcase>
    <testcase classname="8.1 Pruebas Unitarias - Validadores Validador PPINOT - Configuración Real debe validar tipos PPINOT soportados" name="8.1 Pruebas Unitarias - Validadores Validador PPINOT - Configuración Real debe validar tipos PPINOT soportados" time="0.002">
    </testcase>
    <testcase classname="8.1 Pruebas Unitarias - Validadores Validador PPINOT - Configuración Real debe obtener iconos PPINOT" name="8.1 Pruebas Unitarias - Validadores Validador PPINOT - Configuración Real debe obtener iconos PPINOT" time="0.001">
    </testcase>
    <testcase classname="8.1 Pruebas Unitarias - Validadores Validador PPINOT - Configuración Real debe validar tipos editables" name="8.1 Pruebas Unitarias - Validadores Validador PPINOT - Configuración Real debe validar tipos editables" time="0.002">
    </testcase>
    <testcase classname="8.1 Pruebas Unitarias - Validadores Validador PPINOT - Configuración Real debe rechazar tipos no válidos" name="8.1 Pruebas Unitarias - Validadores Validador PPINOT - Configuración Real debe rechazar tipos no válidos" time="0.001">
    </testcase>
    <testcase classname="8.1 Pruebas Unitarias - Validadores Validador RALPH - Tipos Real debe validar elementos RALPH" name="8.1 Pruebas Unitarias - Validadores Validador RALPH - Tipos Real debe validar elementos RALPH" time="0.002">
    </testcase>
    <testcase classname="8.1 Pruebas Unitarias - Validadores Validador RALPH - Tipos Real debe validar conexiones RALPH" name="8.1 Pruebas Unitarias - Validadores Validador RALPH - Tipos Real debe validar conexiones RALPH" time="0.001">
    </testcase>
    <testcase classname="8.1 Pruebas Unitarias - Validadores Validador RALPH - Tipos Real debe tener tipos de entidades organizacionales" name="8.1 Pruebas Unitarias - Validadores Validador RALPH - Tipos Real debe tener tipos de entidades organizacionales" time="0">
    </testcase>
    <testcase classname="8.1 Pruebas Unitarias - Validadores Validador RASCI - Lógica Real debe validar matriz RASCI válida" name="8.1 Pruebas Unitarias - Validadores Validador RASCI - Lógica Real debe validar matriz RASCI válida" time="0.022">
    </testcase>
    <testcase classname="8.1 Pruebas Unitarias - Validadores Validador RASCI - Lógica Real debe detectar tareas sin responsable" name="8.1 Pruebas Unitarias - Validadores Validador RASCI - Lógica Real debe detectar tareas sin responsable" time="0.005">
    </testcase>
    <testcase classname="8.1 Pruebas Unitarias - Validadores Validador RASCI - Lógica Real debe detectar responsables duplicados" name="8.1 Pruebas Unitarias - Validadores Validador RASCI - Lógica Real debe detectar responsables duplicados" time="0.005">
    </testcase>
    <testcase classname="8.1 Pruebas Unitarias - Validadores Validador RASCI - Lógica Real debe validar celdas individuales" name="8.1 Pruebas Unitarias - Validadores Validador RASCI - Lógica Real debe validar celdas individuales" time="0.015">
    </testcase>
    <testcase classname="8.1 Pruebas Unitarias - Validadores Validador RASCI - Lógica Real debe generar resumen de validación" name="8.1 Pruebas Unitarias - Validadores Validador RASCI - Lógica Real debe generar resumen de validación" time="0.004">
    </testcase>
    <testcase classname="8.1 Pruebas Unitarias - Validadores Integración entre Validadores debe combinar validación BPMN y RASCI" name="8.1 Pruebas Unitarias - Validadores Integración entre Validadores debe combinar validación BPMN y RASCI" time="0.004">
    </testcase>
    <testcase classname="8.1 Pruebas Unitarias - Validadores Integración entre Validadores debe detectar incompatibilidades entre notaciones" name="8.1 Pruebas Unitarias - Validadores Integración entre Validadores debe detectar incompatibilidades entre notaciones" time="0">
    </testcase>
  </testsuite>
  <testsuite name="Compatibilidad Real de la Aplicación" errors="0" failures="1" skipped="0" timestamp="2025-09-21T17:20:00" time="14.904" tests="9">
    <testcase classname="Compatibilidad Real de la Aplicación Compatibilidad de Navegadores debe funcionar en navegadores principales" name="Compatibilidad Real de la Aplicación Compatibilidad de Navegadores debe funcionar en navegadores principales" time="0.579">
    </testcase>
    <testcase classname="Compatibilidad Real de la Aplicación Compatibilidad de Navegadores debe detectar características del navegador correctamente" name="Compatibilidad Real de la Aplicación Compatibilidad de Navegadores debe detectar características del navegador correctamente" time="0.102">
    </testcase>
    <testcase classname="Compatibilidad Real de la Aplicación Compatibilidad de Navegadores debe manejar diferencias de API entre navegadores" name="Compatibilidad Real de la Aplicación Compatibilidad de Navegadores debe manejar diferencias de API entre navegadores" time="0.252">
      <failure>Error: expect(received).toBe(expected) // Object.is equality

Expected: true
Received: &quot;input[type=file]&quot;
    at toBe (D:\ETSII\4 CARRERA\2C\TFG\MNM2\MultiModeler\tests\8.4-non-functional\compatibility-real.test.js:129:28)
    at Array.forEach (&lt;anonymous&gt;)
    at forEach (D:\ETSII\4 CARRERA\2C\TFG\MNM2\MultiModeler\tests\8.4-non-functional\compatibility-real.test.js:127:24)
    at Generator.call (D:\ETSII\4 CARRERA\2C\TFG\MNM2\MultiModeler\tests\8.4-non-functional\compatibility-real.test.js:2:1)
    at Generator._invoke [as next] (D:\ETSII\4 CARRERA\2C\TFG\MNM2\MultiModeler\tests\8.4-non-functional\compatibility-real.test.js:2:1)
    at asyncGeneratorStep (D:\ETSII\4 CARRERA\2C\TFG\MNM2\MultiModeler\tests\8.4-non-functional\compatibility-real.test.js:2:1)
    at asyncGeneratorStep (D:\ETSII\4 CARRERA\2C\TFG\MNM2\MultiModeler\tests\8.4-non-functional\compatibility-real.test.js:2:1)</failure>
    </testcase>
    <testcase classname="Compatibilidad Real de la Aplicación Compatibilidad de Dispositivos debe adaptarse a diferentes tipos de dispositivos" name="Compatibilidad Real de la Aplicación Compatibilidad de Dispositivos debe adaptarse a diferentes tipos de dispositivos" time="0.709">
    </testcase>
    <testcase classname="Compatibilidad Real de la Aplicación Compatibilidad de Dispositivos debe manejar diferentes métodos de entrada" name="Compatibilidad Real de la Aplicación Compatibilidad de Dispositivos debe manejar diferentes métodos de entrada" time="0.392">
    </testcase>
    <testcase classname="Compatibilidad Real de la Aplicación Compatibilidad de Formatos de Archivo debe manejar diferentes versiones de BPMN" name="Compatibilidad Real de la Aplicación Compatibilidad de Formatos de Archivo debe manejar diferentes versiones de BPMN" time="0.351">
    </testcase>
    <testcase classname="Compatibilidad Real de la Aplicación Compatibilidad de Formatos de Archivo debe exportar en múltiples formatos" name="Compatibilidad Real de la Aplicación Compatibilidad de Formatos de Archivo debe exportar en múltiples formatos" time="0.97">
    </testcase>
    <testcase classname="Compatibilidad Real de la Aplicación Compatibilidad de Red y Protocolos debe funcionar con diferentes configuraciones de red" name="Compatibilidad Real de la Aplicación Compatibilidad de Red y Protocolos debe funcionar con diferentes configuraciones de red" time="4.11">
    </testcase>
    <testcase classname="Compatibilidad Real de la Aplicación Compatibilidad de Red y Protocolos debe manejar protocolos de seguridad modernos" name="Compatibilidad Real de la Aplicación Compatibilidad de Red y Protocolos debe manejar protocolos de seguridad modernos" time="0.294">
    </testcase>
  </testsuite>
  <testsuite name="8.4 Requisitos No Funcionales - Aplicación Real" errors="0" failures="2" skipped="0" timestamp="2025-09-21T17:20:00" time="15.645" tests="13">
    <testcase classname="8.4 Requisitos No Funcionales - Aplicación Real NFR-01: Rendimiento de Aplicación Real la página principal debe cargar en menos de 3 segundos" name="8.4 Requisitos No Funcionales - Aplicación Real NFR-01: Rendimiento de Aplicación Real la página principal debe cargar en menos de 3 segundos" time="1.159">
    </testcase>
    <testcase classname="8.4 Requisitos No Funcionales - Aplicación Real NFR-01: Rendimiento de Aplicación Real la carga de diagramas BPMN debe ser fluida" name="8.4 Requisitos No Funcionales - Aplicación Real NFR-01: Rendimiento de Aplicación Real la carga de diagramas BPMN debe ser fluida" time="2.359">
    </testcase>
    <testcase classname="8.4 Requisitos No Funcionales - Aplicación Real NFR-01: Rendimiento de Aplicación Real las operaciones de zoom deben ser responsivas" name="8.4 Requisitos No Funcionales - Aplicación Real NFR-01: Rendimiento de Aplicación Real las operaciones de zoom deben ser responsivas" time="0.363">
    </testcase>
    <testcase classname="8.4 Requisitos No Funcionales - Aplicación Real NFR-01: Rendimiento de Aplicación Real el guardado de proyectos debe ser eficiente" name="8.4 Requisitos No Funcionales - Aplicación Real NFR-01: Rendimiento de Aplicación Real el guardado de proyectos debe ser eficiente" time="1.666">
    </testcase>
    <testcase classname="8.4 Requisitos No Funcionales - Aplicación Real NFR-02: Usabilidad Real la navegación entre paneles debe ser intuitiva" name="8.4 Requisitos No Funcionales - Aplicación Real NFR-02: Usabilidad Real la navegación entre paneles debe ser intuitiva" time="0.305">
      <failure>Error: expect(received).toBeLessThan(expected)

Expected: &lt; 100
Received:   104
    at toBeLessThan (D:\ETSII\4 CARRERA\2C\TFG\MNM2\MultiModeler\tests\8.4-non-functional\real-app-nfr.test.js:179:25)
    at Generator.call (D:\ETSII\4 CARRERA\2C\TFG\MNM2\MultiModeler\tests\8.4-non-functional\real-app-nfr.test.js:2:1)
    at Generator._invoke [as next] (D:\ETSII\4 CARRERA\2C\TFG\MNM2\MultiModeler\tests\8.4-non-functional\real-app-nfr.test.js:2:1)
    at asyncGeneratorStep (D:\ETSII\4 CARRERA\2C\TFG\MNM2\MultiModeler\tests\8.4-non-functional\real-app-nfr.test.js:2:1)
    at asyncGeneratorStep (D:\ETSII\4 CARRERA\2C\TFG\MNM2\MultiModeler\tests\8.4-non-functional\real-app-nfr.test.js:2:1)</failure>
    </testcase>
    <testcase classname="8.4 Requisitos No Funcionales - Aplicación Real NFR-02: Usabilidad Real la interfaz debe mantener estado entre operaciones" name="8.4 Requisitos No Funcionales - Aplicación Real NFR-02: Usabilidad Real la interfaz debe mantener estado entre operaciones" time="0.126">
    </testcase>
    <testcase classname="8.4 Requisitos No Funcionales - Aplicación Real NFR-02: Usabilidad Real los mensajes de error deben ser claros y accionables" name="8.4 Requisitos No Funcionales - Aplicación Real NFR-02: Usabilidad Real los mensajes de error deben ser claros y accionables" time="0.005">
    </testcase>
    <testcase classname="8.4 Requisitos No Funcionales - Aplicación Real NFR-03: Escalabilidad Real debe manejar diagramas con muchos elementos" name="8.4 Requisitos No Funcionales - Aplicación Real NFR-03: Escalabilidad Real debe manejar diagramas con muchos elementos" time="2.866">
    </testcase>
    <testcase classname="8.4 Requisitos No Funcionales - Aplicación Real NFR-03: Escalabilidad Real el uso de memoria debe ser estable" name="8.4 Requisitos No Funcionales - Aplicación Real NFR-03: Escalabilidad Real el uso de memoria debe ser estable" time="0.339">
    </testcase>
    <testcase classname="8.4 Requisitos No Funcionales - Aplicación Real NFR-04: Compatibilidad Real debe funcionar en diferentes resoluciones de pantalla" name="8.4 Requisitos No Funcionales - Aplicación Real NFR-04: Compatibilidad Real debe funcionar en diferentes resoluciones de pantalla" time="0.136">
      <failure>Error: expect(received).toBe(expected) // Object.is equality

Expected: true
Received: false
    at toBe (D:\ETSII\4 CARRERA\2C\TFG\MNM2\MultiModeler\tests\8.4-non-functional\real-app-nfr.test.js:424:33)
    at Generator.call (D:\ETSII\4 CARRERA\2C\TFG\MNM2\MultiModeler\tests\8.4-non-functional\real-app-nfr.test.js:2:1)
    at Generator._invoke [as next] (D:\ETSII\4 CARRERA\2C\TFG\MNM2\MultiModeler\tests\8.4-non-functional\real-app-nfr.test.js:2:1)
    at Generator.call (D:\ETSII\4 CARRERA\2C\TFG\MNM2\MultiModeler\tests\8.4-non-functional\real-app-nfr.test.js:2:1)
    at Generator._invoke [as next] (D:\ETSII\4 CARRERA\2C\TFG\MNM2\MultiModeler\tests\8.4-non-functional\real-app-nfr.test.js:2:1)
    at asyncGeneratorStep (D:\ETSII\4 CARRERA\2C\TFG\MNM2\MultiModeler\tests\8.4-non-functional\real-app-nfr.test.js:2:1)
    at asyncGeneratorStep (D:\ETSII\4 CARRERA\2C\TFG\MNM2\MultiModeler\tests\8.4-non-functional\real-app-nfr.test.js:2:1)</failure>
    </testcase>
    <testcase classname="8.4 Requisitos No Funcionales - Aplicación Real NFR-04: Compatibilidad Real debe manejar diferentes tipos de archivos correctamente" name="8.4 Requisitos No Funcionales - Aplicación Real NFR-04: Compatibilidad Real debe manejar diferentes tipos de archivos correctamente" time="0.928">
    </testcase>
    <testcase classname="8.4 Requisitos No Funcionales - Aplicación Real NFR-05: Seguridad Real debe validar entrada de usuario correctamente" name="8.4 Requisitos No Funcionales - Aplicación Real NFR-05: Seguridad Real debe validar entrada de usuario correctamente" time="0.025">
    </testcase>
    <testcase classname="8.4 Requisitos No Funcionales - Aplicación Real NFR-05: Seguridad Real debe manejar datos sensibles de forma segura" name="8.4 Requisitos No Funcionales - Aplicación Real NFR-05: Seguridad Real debe manejar datos sensibles de forma segura" time="0.198">
    </testcase>
  </testsuite>
  <testsuite name="8.1 Validación del Sistema Real - Sin Mocks Falsos" errors="0" failures="2" skipped="0" timestamp="2025-09-21T17:20:11" time="4.104" tests="12">
    <testcase classname="8.1 Validación del Sistema Real - Sin Mocks Falsos REAL: MultiNotationModelerCore debe importar y instanciar el MultiNotationModelerCore real" name="8.1 Validación del Sistema Real - Sin Mocks Falsos REAL: MultiNotationModelerCore debe importar y instanciar el MultiNotationModelerCore real" time="0.396">
    </testcase>
    <testcase classname="8.1 Validación del Sistema Real - Sin Mocks Falsos REAL: MultiNotationModelerCore debe inicializar el core real y publicar eventos reales" name="8.1 Validación del Sistema Real - Sin Mocks Falsos REAL: MultiNotationModelerCore debe inicializar el core real y publicar eventos reales" time="0.031">
    </testcase>
    <testcase classname="8.1 Validación del Sistema Real - Sin Mocks Falsos REAL: MultiNotationModelerCore debe registrar y obtener módulos reales" name="8.1 Validación del Sistema Real - Sin Mocks Falsos REAL: MultiNotationModelerCore debe registrar y obtener módulos reales" time="0.004">
    </testcase>
    <testcase classname="8.1 Validación del Sistema Real - Sin Mocks Falsos REAL: EventBus del Sistema debe usar el EventBus real del sistema" name="8.1 Validación del Sistema Real - Sin Mocks Falsos REAL: EventBus del Sistema debe usar el EventBus real del sistema" time="0.01">
    </testcase>
    <testcase classname="8.1 Validación del Sistema Real - Sin Mocks Falsos REAL: ServiceRegistry del Sistema debe usar el ServiceRegistry real del sistema" name="8.1 Validación del Sistema Real - Sin Mocks Falsos REAL: ServiceRegistry del Sistema debe usar el ServiceRegistry real del sistema" time="0.021">
    </testcase>
    <testcase classname="8.1 Validación del Sistema Real - Sin Mocks Falsos REAL: StorageManager del Sistema debe usar el StorageManager real del sistema" name="8.1 Validación del Sistema Real - Sin Mocks Falsos REAL: StorageManager del Sistema debe usar el StorageManager real del sistema" time="0.022">
      <failure>Error: expect(received).toBeNull()

Received: [Error: Cannot find module &apos;../../app/modules/ui/managers/storage-manager.js&apos; from &apos;tests/8.1-unitarias/real-system-validation.test.js&apos;]
    at toBeNull (D:\ETSII\4 CARRERA\2C\TFG\MNM2\MultiModeler\tests\8.1-unitarias\real-system-validation.test.js:251:27)
    at Generator.call (D:\ETSII\4 CARRERA\2C\TFG\MNM2\MultiModeler\tests\8.1-unitarias\real-system-validation.test.js:2:1)
    at Generator._invoke [as throw] (D:\ETSII\4 CARRERA\2C\TFG\MNM2\MultiModeler\tests\8.1-unitarias\real-system-validation.test.js:2:1)
    at asyncGeneratorStep (D:\ETSII\4 CARRERA\2C\TFG\MNM2\MultiModeler\tests\8.1-unitarias\real-system-validation.test.js:2:1)
    at asyncGeneratorStep (D:\ETSII\4 CARRERA\2C\TFG\MNM2\MultiModeler\tests\8.1-unitarias\real-system-validation.test.js:2:1)
    at processTicksAndRejections (node:internal/process/task_queues:105:5)</failure>
    </testcase>
    <testcase classname="8.1 Validación del Sistema Real - Sin Mocks Falsos REAL: RASCI Manager y Adapter debe importar y usar el RASCIAdapter real" name="8.1 Validación del Sistema Real - Sin Mocks Falsos REAL: RASCI Manager y Adapter debe importar y usar el RASCIAdapter real" time="0.039">
    </testcase>
    <testcase classname="8.1 Validación del Sistema Real - Sin Mocks Falsos REAL: RASCI Manager y Adapter debe inicializar el módulo RASCI real" name="8.1 Validación del Sistema Real - Sin Mocks Falsos REAL: RASCI Manager y Adapter debe inicializar el módulo RASCI real" time="0.028">
    </testcase>
    <testcase classname="8.1 Validación del Sistema Real - Sin Mocks Falsos REAL: Coordinación Multi-Notación debe coordinar entre EventBus real y Core real" name="8.1 Validación del Sistema Real - Sin Mocks Falsos REAL: Coordinación Multi-Notación debe coordinar entre EventBus real y Core real" time="0.025">
    </testcase>
    <testcase classname="8.1 Validación del Sistema Real - Sin Mocks Falsos REAL: Coordinación Multi-Notación debe usar ServiceRegistry real para dependencias" name="8.1 Validación del Sistema Real - Sin Mocks Falsos REAL: Coordinación Multi-Notación debe usar ServiceRegistry real para dependencias" time="0.041">
    </testcase>
    <testcase classname="8.1 Validación del Sistema Real - Sin Mocks Falsos REAL: Persistencia y Almacenamiento debe guardar y cargar datos reales en localStorage" name="8.1 Validación del Sistema Real - Sin Mocks Falsos REAL: Persistencia y Almacenamiento debe guardar y cargar datos reales en localStorage" time="0.011">
      <failure>Error: expect(received).toBeNull()

Received: [Error: Cannot find module &apos;../../app/modules/ui/managers/storage-manager.js&apos; from &apos;tests/8.1-unitarias/real-system-validation.test.js&apos;]
    at toBeNull (D:\ETSII\4 CARRERA\2C\TFG\MNM2\MultiModeler\tests\8.1-unitarias\real-system-validation.test.js:527:26)
    at Generator.call (D:\ETSII\4 CARRERA\2C\TFG\MNM2\MultiModeler\tests\8.1-unitarias\real-system-validation.test.js:2:1)
    at Generator._invoke [as throw] (D:\ETSII\4 CARRERA\2C\TFG\MNM2\MultiModeler\tests\8.1-unitarias\real-system-validation.test.js:2:1)
    at asyncGeneratorStep (D:\ETSII\4 CARRERA\2C\TFG\MNM2\MultiModeler\tests\8.1-unitarias\real-system-validation.test.js:2:1)
    at asyncGeneratorStep (D:\ETSII\4 CARRERA\2C\TFG\MNM2\MultiModeler\tests\8.1-unitarias\real-system-validation.test.js:2:1)
    at processTicksAndRejections (node:internal/process/task_queues:105:5)</failure>
    </testcase>
    <testcase classname="8.1 Validación del Sistema Real - Sin Mocks Falsos REAL: Integración Completa del Sistema debe inicializar la aplicación real completa" name="8.1 Validación del Sistema Real - Sin Mocks Falsos REAL: Integración Completa del Sistema debe inicializar la aplicación real completa" time="3.009">
    </testcase>
  </testsuite>
  <testsuite name="8.1 Pruebas Unitarias - StorageManager REAL" errors="0" failures="8" skipped="0" timestamp="2025-09-21T17:20:15" time="0.703" tests="8">
    <testcase classname="8.1 Pruebas Unitarias - StorageManager REAL registro en el ServiceRegistry registra la instancia y los métodos públicos" name="8.1 Pruebas Unitarias - StorageManager REAL registro en el ServiceRegistry registra la instancia y los métodos públicos" time="0.069">
      <failure>Error: Cannot find module &apos;../../app/modules/ui/managers/storage-manager.js&apos; from &apos;tests/8.1-unitarias/storage-manager-real.test.js&apos;
    at Resolver._throwModNotFoundError (D:\ETSII\4 CARRERA\2C\TFG\MNM2\MultiModeler\node_modules\jest-resolve\build\index.js:863:11)
    at Resolver.resolveModule (D:\ETSII\4 CARRERA\2C\TFG\MNM2\MultiModeler\node_modules\jest-resolve\build\index.js:810:10)
    at Resolver._getVirtualMockPath (D:\ETSII\4 CARRERA\2C\TFG\MNM2\MultiModeler\node_modules\jest-resolve\build\index.js:1004:84)
    at Resolver._getAbsolutePath (D:\ETSII\4 CARRERA\2C\TFG\MNM2\MultiModeler\node_modules\jest-resolve\build\index.js:984:98)
    at Resolver.getModuleID (D:\ETSII\4 CARRERA\2C\TFG\MNM2\MultiModeler\node_modules\jest-resolve\build\index.js:949:31)
    at Runtime._shouldMockCjs (D:\ETSII\4 CARRERA\2C\TFG\MNM2\MultiModeler\node_modules\jest-runtime\build\index.js:1486:37)
    at Runtime.requireModuleOrMock (D:\ETSII\4 CARRERA\2C\TFG\MNM2\MultiModeler\node_modules\jest-runtime\build\index.js:961:16)
    at require (D:\ETSII\4 CARRERA\2C\TFG\MNM2\MultiModeler\tests\8.1-unitarias\storage-manager-real.test.js:110:13)
    at processTicksAndRejections (node:internal/process/task_queues:105:5)</failure>
    </testcase>
    <testcase classname="8.1 Pruebas Unitarias - StorageManager REAL gestión de limpieza básica clearStorage elimina claves no preservadas y limpia RASCI/PPI" name="8.1 Pruebas Unitarias - StorageManager REAL gestión de limpieza básica clearStorage elimina claves no preservadas y limpia RASCI/PPI" time="0.035">
      <failure>Error: Cannot find module &apos;../../app/modules/ui/managers/storage-manager.js&apos; from &apos;tests/8.1-unitarias/storage-manager-real.test.js&apos;
    at Resolver._throwModNotFoundError (D:\ETSII\4 CARRERA\2C\TFG\MNM2\MultiModeler\node_modules\jest-resolve\build\index.js:863:11)
    at Resolver.resolveModule (D:\ETSII\4 CARRERA\2C\TFG\MNM2\MultiModeler\node_modules\jest-resolve\build\index.js:810:10)
    at Resolver._getVirtualMockPath (D:\ETSII\4 CARRERA\2C\TFG\MNM2\MultiModeler\node_modules\jest-resolve\build\index.js:1004:84)
    at Resolver._getAbsolutePath (D:\ETSII\4 CARRERA\2C\TFG\MNM2\MultiModeler\node_modules\jest-resolve\build\index.js:984:98)
    at Resolver.getModuleID (D:\ETSII\4 CARRERA\2C\TFG\MNM2\MultiModeler\node_modules\jest-resolve\build\index.js:949:31)
    at Runtime._shouldMockCjs (D:\ETSII\4 CARRERA\2C\TFG\MNM2\MultiModeler\node_modules\jest-runtime\build\index.js:1486:37)
    at Runtime.requireModuleOrMock (D:\ETSII\4 CARRERA\2C\TFG\MNM2\MultiModeler\node_modules\jest-runtime\build\index.js:961:16)
    at require (D:\ETSII\4 CARRERA\2C\TFG\MNM2\MultiModeler\tests\8.1-unitarias\storage-manager-real.test.js:110:13)
    at processTicksAndRejections (node:internal/process/task_queues:105:5)</failure>
    </testcase>
    <testcase classname="8.1 Pruebas Unitarias - StorageManager REAL gestión de limpieza básica clearStorage propaga el error cuando forcePanelDataReload falla" name="8.1 Pruebas Unitarias - StorageManager REAL gestión de limpieza básica clearStorage propaga el error cuando forcePanelDataReload falla" time="0.023">
      <failure>Error: Cannot find module &apos;../../app/modules/ui/managers/storage-manager.js&apos; from &apos;tests/8.1-unitarias/storage-manager-real.test.js&apos;
    at Resolver._throwModNotFoundError (D:\ETSII\4 CARRERA\2C\TFG\MNM2\MultiModeler\node_modules\jest-resolve\build\index.js:863:11)
    at Resolver.resolveModule (D:\ETSII\4 CARRERA\2C\TFG\MNM2\MultiModeler\node_modules\jest-resolve\build\index.js:810:10)
    at Resolver._getVirtualMockPath (D:\ETSII\4 CARRERA\2C\TFG\MNM2\MultiModeler\node_modules\jest-resolve\build\index.js:1004:84)
    at Resolver._getAbsolutePath (D:\ETSII\4 CARRERA\2C\TFG\MNM2\MultiModeler\node_modules\jest-resolve\build\index.js:984:98)
    at Resolver.getModuleID (D:\ETSII\4 CARRERA\2C\TFG\MNM2\MultiModeler\node_modules\jest-resolve\build\index.js:949:31)
    at Runtime._shouldMockCjs (D:\ETSII\4 CARRERA\2C\TFG\MNM2\MultiModeler\node_modules\jest-runtime\build\index.js:1486:37)
    at Runtime.requireModuleOrMock (D:\ETSII\4 CARRERA\2C\TFG\MNM2\MultiModeler\node_modules\jest-runtime\build\index.js:961:16)
    at require (D:\ETSII\4 CARRERA\2C\TFG\MNM2\MultiModeler\tests\8.1-unitarias\storage-manager-real.test.js:110:13)
    at processTicksAndRejections (node:internal/process/task_queues:105:5)</failure>
    </testcase>
    <testcase classname="8.1 Pruebas Unitarias - StorageManager REAL preparación e importación prepareForImport limpia sin marcar storageCleared" name="8.1 Pruebas Unitarias - StorageManager REAL preparación e importación prepareForImport limpia sin marcar storageCleared" time="0.055">
      <failure>Error: Cannot find module &apos;../../app/modules/ui/managers/storage-manager.js&apos; from &apos;tests/8.1-unitarias/storage-manager-real.test.js&apos;
    at Resolver._throwModNotFoundError (D:\ETSII\4 CARRERA\2C\TFG\MNM2\MultiModeler\node_modules\jest-resolve\build\index.js:863:11)
    at Resolver.resolveModule (D:\ETSII\4 CARRERA\2C\TFG\MNM2\MultiModeler\node_modules\jest-resolve\build\index.js:810:10)
    at Resolver._getVirtualMockPath (D:\ETSII\4 CARRERA\2C\TFG\MNM2\MultiModeler\node_modules\jest-resolve\build\index.js:1004:84)
    at Resolver._getAbsolutePath (D:\ETSII\4 CARRERA\2C\TFG\MNM2\MultiModeler\node_modules\jest-resolve\build\index.js:984:98)
    at Resolver.getModuleID (D:\ETSII\4 CARRERA\2C\TFG\MNM2\MultiModeler\node_modules\jest-resolve\build\index.js:949:31)
    at Runtime._shouldMockCjs (D:\ETSII\4 CARRERA\2C\TFG\MNM2\MultiModeler\node_modules\jest-runtime\build\index.js:1486:37)
    at Runtime.requireModuleOrMock (D:\ETSII\4 CARRERA\2C\TFG\MNM2\MultiModeler\node_modules\jest-runtime\build\index.js:961:16)
    at require (D:\ETSII\4 CARRERA\2C\TFG\MNM2\MultiModeler\tests\8.1-unitarias\storage-manager-real.test.js:110:13)
    at processTicksAndRejections (node:internal/process/task_queues:105:5)</failure>
    </testcase>
    <testcase classname="8.1 Pruebas Unitarias - StorageManager REAL preparación e importación prepareForImport retorna false si la limpieza falla" name="8.1 Pruebas Unitarias - StorageManager REAL preparación e importación prepareForImport retorna false si la limpieza falla" time="0.013">
      <failure>Error: Cannot find module &apos;../../app/modules/ui/managers/storage-manager.js&apos; from &apos;tests/8.1-unitarias/storage-manager-real.test.js&apos;
    at Resolver._throwModNotFoundError (D:\ETSII\4 CARRERA\2C\TFG\MNM2\MultiModeler\node_modules\jest-resolve\build\index.js:863:11)
    at Resolver.resolveModule (D:\ETSII\4 CARRERA\2C\TFG\MNM2\MultiModeler\node_modules\jest-resolve\build\index.js:810:10)
    at Resolver._getVirtualMockPath (D:\ETSII\4 CARRERA\2C\TFG\MNM2\MultiModeler\node_modules\jest-resolve\build\index.js:1004:84)
    at Resolver._getAbsolutePath (D:\ETSII\4 CARRERA\2C\TFG\MNM2\MultiModeler\node_modules\jest-resolve\build\index.js:984:98)
    at Resolver.getModuleID (D:\ETSII\4 CARRERA\2C\TFG\MNM2\MultiModeler\node_modules\jest-resolve\build\index.js:949:31)
    at Runtime._shouldMockCjs (D:\ETSII\4 CARRERA\2C\TFG\MNM2\MultiModeler\node_modules\jest-runtime\build\index.js:1486:37)
    at Runtime.requireModuleOrMock (D:\ETSII\4 CARRERA\2C\TFG\MNM2\MultiModeler\node_modules\jest-runtime\build\index.js:961:16)
    at require (D:\ETSII\4 CARRERA\2C\TFG\MNM2\MultiModeler\tests\8.1-unitarias\storage-manager-real.test.js:110:13)
    at processTicksAndRejections (node:internal/process/task_queues:105:5)</failure>
    </testcase>
    <testcase classname="8.1 Pruebas Unitarias - StorageManager REAL reset completo de almacenamiento resetStorage crea diagrama limpio y estado inicial" name="8.1 Pruebas Unitarias - StorageManager REAL reset completo de almacenamiento resetStorage crea diagrama limpio y estado inicial" time="0.014">
      <failure>Error: Cannot find module &apos;../../app/modules/ui/managers/storage-manager.js&apos; from &apos;tests/8.1-unitarias/storage-manager-real.test.js&apos;
    at Resolver._throwModNotFoundError (D:\ETSII\4 CARRERA\2C\TFG\MNM2\MultiModeler\node_modules\jest-resolve\build\index.js:863:11)
    at Resolver.resolveModule (D:\ETSII\4 CARRERA\2C\TFG\MNM2\MultiModeler\node_modules\jest-resolve\build\index.js:810:10)
    at Resolver._getVirtualMockPath (D:\ETSII\4 CARRERA\2C\TFG\MNM2\MultiModeler\node_modules\jest-resolve\build\index.js:1004:84)
    at Resolver._getAbsolutePath (D:\ETSII\4 CARRERA\2C\TFG\MNM2\MultiModeler\node_modules\jest-resolve\build\index.js:984:98)
    at Resolver.getModuleID (D:\ETSII\4 CARRERA\2C\TFG\MNM2\MultiModeler\node_modules\jest-resolve\build\index.js:949:31)
    at Runtime._shouldMockCjs (D:\ETSII\4 CARRERA\2C\TFG\MNM2\MultiModeler\node_modules\jest-runtime\build\index.js:1486:37)
    at Runtime.requireModuleOrMock (D:\ETSII\4 CARRERA\2C\TFG\MNM2\MultiModeler\node_modules\jest-runtime\build\index.js:961:16)
    at require (D:\ETSII\4 CARRERA\2C\TFG\MNM2\MultiModeler\tests\8.1-unitarias\storage-manager-real.test.js:110:13)
    at processTicksAndRejections (node:internal/process/task_queues:105:5)</failure>
    </testcase>
    <testcase classname="8.1 Pruebas Unitarias - StorageManager REAL reset completo de almacenamiento resetStorage retorna false cuando crear el diagrama falla" name="8.1 Pruebas Unitarias - StorageManager REAL reset completo de almacenamiento resetStorage retorna false cuando crear el diagrama falla" time="0.01">
      <failure>Error: Cannot find module &apos;../../app/modules/ui/managers/storage-manager.js&apos; from &apos;tests/8.1-unitarias/storage-manager-real.test.js&apos;
    at Resolver._throwModNotFoundError (D:\ETSII\4 CARRERA\2C\TFG\MNM2\MultiModeler\node_modules\jest-resolve\build\index.js:863:11)
    at Resolver.resolveModule (D:\ETSII\4 CARRERA\2C\TFG\MNM2\MultiModeler\node_modules\jest-resolve\build\index.js:810:10)
    at Resolver._getVirtualMockPath (D:\ETSII\4 CARRERA\2C\TFG\MNM2\MultiModeler\node_modules\jest-resolve\build\index.js:1004:84)
    at Resolver._getAbsolutePath (D:\ETSII\4 CARRERA\2C\TFG\MNM2\MultiModeler\node_modules\jest-resolve\build\index.js:984:98)
    at Resolver.getModuleID (D:\ETSII\4 CARRERA\2C\TFG\MNM2\MultiModeler\node_modules\jest-resolve\build\index.js:949:31)
    at Runtime._shouldMockCjs (D:\ETSII\4 CARRERA\2C\TFG\MNM2\MultiModeler\node_modules\jest-runtime\build\index.js:1486:37)
    at Runtime.requireModuleOrMock (D:\ETSII\4 CARRERA\2C\TFG\MNM2\MultiModeler\node_modules\jest-runtime\build\index.js:961:16)
    at require (D:\ETSII\4 CARRERA\2C\TFG\MNM2\MultiModeler\tests\8.1-unitarias\storage-manager-real.test.js:110:13)
    at processTicksAndRejections (node:internal/process/task_queues:105:5)</failure>
    </testcase>
    <testcase classname="8.1 Pruebas Unitarias - StorageManager REAL utilidades de almacenamiento createBackup persiste el snapshot del estado actual" name="8.1 Pruebas Unitarias - StorageManager REAL utilidades de almacenamiento createBackup persiste el snapshot del estado actual" time="0.013">
      <failure>Error: Cannot find module &apos;../../app/modules/ui/managers/storage-manager.js&apos; from &apos;tests/8.1-unitarias/storage-manager-real.test.js&apos;
    at Resolver._throwModNotFoundError (D:\ETSII\4 CARRERA\2C\TFG\MNM2\MultiModeler\node_modules\jest-resolve\build\index.js:863:11)
    at Resolver.resolveModule (D:\ETSII\4 CARRERA\2C\TFG\MNM2\MultiModeler\node_modules\jest-resolve\build\index.js:810:10)
    at Resolver._getVirtualMockPath (D:\ETSII\4 CARRERA\2C\TFG\MNM2\MultiModeler\node_modules\jest-resolve\build\index.js:1004:84)
    at Resolver._getAbsolutePath (D:\ETSII\4 CARRERA\2C\TFG\MNM2\MultiModeler\node_modules\jest-resolve\build\index.js:984:98)
    at Resolver.getModuleID (D:\ETSII\4 CARRERA\2C\TFG\MNM2\MultiModeler\node_modules\jest-resolve\build\index.js:949:31)
    at Runtime._shouldMockCjs (D:\ETSII\4 CARRERA\2C\TFG\MNM2\MultiModeler\node_modules\jest-runtime\build\index.js:1486:37)
    at Runtime.requireModuleOrMock (D:\ETSII\4 CARRERA\2C\TFG\MNM2\MultiModeler\node_modules\jest-runtime\build\index.js:961:16)
    at require (D:\ETSII\4 CARRERA\2C\TFG\MNM2\MultiModeler\tests\8.1-unitarias\storage-manager-real.test.js:110:13)
    at processTicksAndRejections (node:internal/process/task_queues:105:5)</failure>
    </testcase>
  </testsuite>
  <testsuite name="8.1 Pruebas Unitarias - Validadores REALES" errors="0" failures="0" skipped="0" timestamp="2025-09-21T17:20:15" time="0.447" tests="17">
    <testcase classname="8.1 Pruebas Unitarias - Validadores REALES Validador BPMN - Lógica Real debe analizar estadísticas de elementos BPMN reales" name="8.1 Pruebas Unitarias - Validadores REALES Validador BPMN - Lógica Real debe analizar estadísticas de elementos BPMN reales" time="0.003">
    </testcase>
    <testcase classname="8.1 Pruebas Unitarias - Validadores REALES Validador BPMN - Lógica Real debe extraer flujos secuenciales de XML real" name="8.1 Pruebas Unitarias - Validadores REALES Validador BPMN - Lógica Real debe extraer flujos secuenciales de XML real" time="0.006">
    </testcase>
    <testcase classname="8.1 Pruebas Unitarias - Validadores REALES Validador BPMN - Lógica Real debe detectar ciclos en flujos usando lógica real" name="8.1 Pruebas Unitarias - Validadores REALES Validador BPMN - Lógica Real debe detectar ciclos en flujos usando lógica real" time="0.002">
    </testcase>
    <testcase classname="8.1 Pruebas Unitarias - Validadores REALES Validador BPMN - Lógica Real debe validar XML BPMN malformado" name="8.1 Pruebas Unitarias - Validadores REALES Validador BPMN - Lógica Real debe validar XML BPMN malformado" time="0.001">
    </testcase>
    <testcase classname="8.1 Pruebas Unitarias - Validadores REALES Validador PPINOT - Configuración Real debe validar tipos PPINOT soportados usando configuración real" name="8.1 Pruebas Unitarias - Validadores REALES Validador PPINOT - Configuración Real debe validar tipos PPINOT soportados usando configuración real" time="0.02">
    </testcase>
    <testcase classname="8.1 Pruebas Unitarias - Validadores REALES Validador PPINOT - Configuración Real debe rechazar tipos PPINOT no soportados" name="8.1 Pruebas Unitarias - Validadores REALES Validador PPINOT - Configuración Real debe rechazar tipos PPINOT no soportados" time="0.001">
    </testcase>
    <testcase classname="8.1 Pruebas Unitarias - Validadores REALES Validador PPINOT - Configuración Real debe obtener iconos para elementos PPINOT válidos" name="8.1 Pruebas Unitarias - Validadores REALES Validador PPINOT - Configuración Real debe obtener iconos para elementos PPINOT válidos" time="0.001">
    </testcase>
    <testcase classname="8.1 Pruebas Unitarias - Validadores REALES Validador PPINOT - Configuración Real debe validar tipos editables de PPINOT" name="8.1 Pruebas Unitarias - Validadores REALES Validador PPINOT - Configuración Real debe validar tipos editables de PPINOT" time="0.009">
    </testcase>
    <testcase classname="8.1 Pruebas Unitarias - Validadores REALES Validador RALPH - Tipos Real debe validar elementos RALPH soportados" name="8.1 Pruebas Unitarias - Validadores REALES Validador RALPH - Tipos Real debe validar elementos RALPH soportados" time="0.003">
    </testcase>
    <testcase classname="8.1 Pruebas Unitarias - Validadores REALES Validador RALPH - Tipos Real debe validar conexiones RALPH soportadas" name="8.1 Pruebas Unitarias - Validadores REALES Validador RALPH - Tipos Real debe validar conexiones RALPH soportadas" time="0.001">
    </testcase>
    <testcase classname="8.1 Pruebas Unitarias - Validadores REALES Validador RALPH - Tipos Real debe validar estructura de roles RALPH" name="8.1 Pruebas Unitarias - Validadores REALES Validador RALPH - Tipos Real debe validar estructura de roles RALPH" time="0.001">
    </testcase>
    <testcase classname="8.1 Pruebas Unitarias - Validadores REALES Validador RASCI - Lógica Real debe validar matriz RASCI usando validador real" name="8.1 Pruebas Unitarias - Validadores REALES Validador RASCI - Lógica Real debe validar matriz RASCI usando validador real" time="0.099">
    </testcase>
    <testcase classname="8.1 Pruebas Unitarias - Validadores REALES Validador RASCI - Lógica Real debe detectar errores críticos en matriz RASCI" name="8.1 Pruebas Unitarias - Validadores REALES Validador RASCI - Lógica Real debe detectar errores críticos en matriz RASCI" time="0.003">
    </testcase>
    <testcase classname="8.1 Pruebas Unitarias - Validadores REALES Validador RASCI - Lógica Real debe detectar responsables duplicados" name="8.1 Pruebas Unitarias - Validadores REALES Validador RASCI - Lógica Real debe detectar responsables duplicados" time="0.003">
    </testcase>
    <testcase classname="8.1 Pruebas Unitarias - Validadores REALES Validador RASCI - Lógica Real debe validar letras RASCI válidas" name="8.1 Pruebas Unitarias - Validadores REALES Validador RASCI - Lógica Real debe validar letras RASCI válidas" time="0.003">
    </testcase>
    <testcase classname="8.1 Pruebas Unitarias - Validadores REALES Validador RASCI - Lógica Real debe generar resumen de validación completo" name="8.1 Pruebas Unitarias - Validadores REALES Validador RASCI - Lógica Real debe generar resumen de validación completo" time="0.014">
    </testcase>
    <testcase classname="8.1 Pruebas Unitarias - Validadores REALES Integración entre Validadores debe combinar validación BPMN y RASCI" name="8.1 Pruebas Unitarias - Validadores REALES Integración entre Validadores debe combinar validación BPMN y RASCI" time="0.005">
    </testcase>
  </testsuite>
  <testsuite name="8.1 Pruebas Unitarias - RASCI Core" errors="0" failures="0" skipped="0" timestamp="2025-09-21T17:20:16" time="0.455" tests="13">
    <testcase classname="8.1 Pruebas Unitarias - RASCI Core RasciStore - Gestión de Datos debe manejar operaciones básicas de roles" name="8.1 Pruebas Unitarias - RASCI Core RasciStore - Gestión de Datos debe manejar operaciones básicas de roles" time="0.038">
    </testcase>
    <testcase classname="8.1 Pruebas Unitarias - RASCI Core RasciStore - Gestión de Datos debe validar estructura de datos RASCI" name="8.1 Pruebas Unitarias - RASCI Core RasciStore - Gestión de Datos debe validar estructura de datos RASCI" time="0.002">
    </testcase>
    <testcase classname="8.1 Pruebas Unitarias - RASCI Core RASCIAdapter - Integración debe importar y instanciar RASCIAdapter" name="8.1 Pruebas Unitarias - RASCI Core RASCIAdapter - Integración debe importar y instanciar RASCIAdapter" time="0.006">
    </testcase>
    <testcase classname="8.1 Pruebas Unitarias - RASCI Core RASCIAdapter - Integración debe manejar comunicación con otros módulos" name="8.1 Pruebas Unitarias - RASCI Core RASCIAdapter - Integración debe manejar comunicación con otros módulos" time="0.024">
    </testcase>
    <testcase classname="8.1 Pruebas Unitarias - RASCI Core RASCI Validation - Validadores Reales debe ejecutar validación de matriz real" name="8.1 Pruebas Unitarias - RASCI Core RASCI Validation - Validadores Reales debe ejecutar validación de matriz real" time="0.03">
    </testcase>
    <testcase classname="8.1 Pruebas Unitarias - RASCI Core RASCI Validation - Validadores Reales debe validar reglas RASCI básicas" name="8.1 Pruebas Unitarias - RASCI Core RASCI Validation - Validadores Reales debe validar reglas RASCI básicas" time="0.01">
    </testcase>
    <testcase classname="8.1 Pruebas Unitarias - RASCI Core RASCI Mapping - Mapeo Automático debe ejecutar funciones de mapeo básicas" name="8.1 Pruebas Unitarias - RASCI Core RASCI Mapping - Mapeo Automático debe ejecutar funciones de mapeo básicas" time="0.026">
    </testcase>
    <testcase classname="8.1 Pruebas Unitarias - RASCI Core RASCI Mapping - Mapeo Automático debe manejar auto-mapping de roles" name="8.1 Pruebas Unitarias - RASCI Core RASCI Mapping - Mapeo Automático debe manejar auto-mapping de roles" time="0.002">
    </testcase>
    <testcase classname="8.1 Pruebas Unitarias - RASCI Core RASCI UI - Validadores de Interfaz debe manejar validación de UI" name="8.1 Pruebas Unitarias - RASCI Core RASCI UI - Validadores de Interfaz debe manejar validación de UI" time="0.003">
    </testcase>
    <testcase classname="8.1 Pruebas Unitarias - RASCI Core RASCI UI - Validadores de Interfaz debe generar mensajes de validación" name="8.1 Pruebas Unitarias - RASCI Core RASCI UI - Validadores de Interfaz debe generar mensajes de validación" time="0.003">
    </testcase>
    <testcase classname="8.1 Pruebas Unitarias - RASCI Core RASCI Change Management debe manejar cola de cambios" name="8.1 Pruebas Unitarias - RASCI Core RASCI Change Management debe manejar cola de cambios" time="0.009">
    </testcase>
    <testcase classname="8.1 Pruebas Unitarias - RASCI Core RASCI Change Management debe gestionar estado de cambios pendientes" name="8.1 Pruebas Unitarias - RASCI Core RASCI Change Management debe gestionar estado de cambios pendientes" time="0.001">
    </testcase>
    <testcase classname="8.1 Pruebas Unitarias - RASCI Core RASCI Configuration debe cargar configuración de validación" name="8.1 Pruebas Unitarias - RASCI Core RASCI Configuration debe cargar configuración de validación" time="0.033">
    </testcase>
  </testsuite>
  <testsuite name="8.1 PPINOT - LocalStorage y Parentescos" errors="0" failures="0" skipped="0" timestamp="2025-09-21T17:20:16" time="0.455" tests="11">
    <testcase classname="8.1 PPINOT - LocalStorage y Parentescos LocalStorage: Persistencia de PPIs debe guardar y cargar PPIs con targets correctamente" name="8.1 PPINOT - LocalStorage y Parentescos LocalStorage: Persistencia de PPIs debe guardar y cargar PPIs con targets correctamente" time="0.122">
[...]
    at asyncGeneratorStep (D:\ETSII\4 CARRERA\2C\TFG\MNM2\MultiModeler\tests\8.1-unitarias\autosave-manager.test.js:2:1)
    at asyncGeneratorStep (D:\ETSII\4 CARRERA\2C\TFG\MNM2\MultiModeler\tests\8.1-unitarias\autosave-manager.test.js:2:1)
    at processTicksAndRejections (node:internal/process/task_queues:105:5)</failure>
    </testcase>
    <testcase classname="8.1 Pruebas Unitarias - AutosaveManager Ejecución de Autoguardado debe evitar autoguardados concurrentes" name="8.1 Pruebas Unitarias - AutosaveManager Ejecución de Autoguardado debe evitar autoguardados concurrentes" time="0.006">
      <failure>Error: expect(received).toContain(expected) // indexOf

Expected substring: &quot;Already saving&quot;
Received string:    &quot;Autosave disabled&quot;
    at toContain (D:\ETSII\4 CARRERA\2C\TFG\MNM2\MultiModeler\tests\8.1-unitarias\autosave-manager.test.js:272:29)
    at Generator.call (D:\ETSII\4 CARRERA\2C\TFG\MNM2\MultiModeler\tests\8.1-unitarias\autosave-manager.test.js:2:1)
    at Generator._invoke [as next] (D:\ETSII\4 CARRERA\2C\TFG\MNM2\MultiModeler\tests\8.1-unitarias\autosave-manager.test.js:2:1)
    at asyncGeneratorStep (D:\ETSII\4 CARRERA\2C\TFG\MNM2\MultiModeler\tests\8.1-unitarias\autosave-manager.test.js:2:1)
    at asyncGeneratorStep (D:\ETSII\4 CARRERA\2C\TFG\MNM2\MultiModeler\tests\8.1-unitarias\autosave-manager.test.js:2:1)
    at processTicksAndRejections (node:internal/process/task_queues:105:5)</failure>
    </testcase>
    <testcase classname="8.1 Pruebas Unitarias - AutosaveManager Manejo de Errores debe manejar errores del modelador" name="8.1 Pruebas Unitarias - AutosaveManager Manejo de Errores debe manejar errores del modelador" time="0.022">
      <failure>Error: expect(received).toBeDefined()

Received: undefined
    at toBeDefined (D:\ETSII\4 CARRERA\2C\TFG\MNM2\MultiModeler\tests\8.1-unitarias\autosave-manager.test.js:291:28)
    at Generator.call (D:\ETSII\4 CARRERA\2C\TFG\MNM2\MultiModeler\tests\8.1-unitarias\autosave-manager.test.js:2:1)
    at Generator._invoke [as next] (D:\ETSII\4 CARRERA\2C\TFG\MNM2\MultiModeler\tests\8.1-unitarias\autosave-manager.test.js:2:1)
    at asyncGeneratorStep (D:\ETSII\4 CARRERA\2C\TFG\MNM2\MultiModeler\tests\8.1-unitarias\autosave-manager.test.js:2:1)
    at asyncGeneratorStep (D:\ETSII\4 CARRERA\2C\TFG\MNM2\MultiModeler\tests\8.1-unitarias\autosave-manager.test.js:2:1)
    at processTicksAndRejections (node:internal/process/task_queues:105:5)</failure>
    </testcase>
    <testcase classname="8.1 Pruebas Unitarias - AutosaveManager Manejo de Errores debe manejar errores del storage" name="8.1 Pruebas Unitarias - AutosaveManager Manejo de Errores debe manejar errores del storage" time="0.018">
      <failure>Error: expect(received).toBeDefined()

Received: undefined
    at toBeDefined (D:\ETSII\4 CARRERA\2C\TFG\MNM2\MultiModeler\tests\8.1-unitarias\autosave-manager.test.js:321:28)
    at Generator.call (D:\ETSII\4 CARRERA\2C\TFG\MNM2\MultiModeler\tests\8.1-unitarias\autosave-manager.test.js:2:1)
    at Generator._invoke [as next] (D:\ETSII\4 CARRERA\2C\TFG\MNM2\MultiModeler\tests\8.1-unitarias\autosave-manager.test.js:2:1)
    at asyncGeneratorStep (D:\ETSII\4 CARRERA\2C\TFG\MNM2\MultiModeler\tests\8.1-unitarias\autosave-manager.test.js:2:1)
    at asyncGeneratorStep (D:\ETSII\4 CARRERA\2C\TFG\MNM2\MultiModeler\tests\8.1-unitarias\autosave-manager.test.js:2:1)
    at processTicksAndRejections (node:internal/process/task_queues:105:5)</failure>
    </testcase>
    <testcase classname="8.1 Pruebas Unitarias - AutosaveManager Control de Estado debe habilitar y deshabilitar autoguardado" name="8.1 Pruebas Unitarias - AutosaveManager Control de Estado debe habilitar y deshabilitar autoguardado" time="0.002">
    </testcase>
    <testcase classname="8.1 Pruebas Unitarias - AutosaveManager Control de Estado debe forzar autoguardado manualmente" name="8.1 Pruebas Unitarias - AutosaveManager Control de Estado debe forzar autoguardado manualmente" time="0.011">
      <failure>Error: expect(received).toBe(expected) // Object.is equality

Expected: true
Received: false
    at toBe (D:\ETSII\4 CARRERA\2C\TFG\MNM2\MultiModeler\tests\8.1-unitarias\autosave-manager.test.js:360:30)
    at Generator.call (D:\ETSII\4 CARRERA\2C\TFG\MNM2\MultiModeler\tests\8.1-unitarias\autosave-manager.test.js:2:1)
    at Generator._invoke [as next] (D:\ETSII\4 CARRERA\2C\TFG\MNM2\MultiModeler\tests\8.1-unitarias\autosave-manager.test.js:2:1)
    at asyncGeneratorStep (D:\ETSII\4 CARRERA\2C\TFG\MNM2\MultiModeler\tests\8.1-unitarias\autosave-manager.test.js:2:1)
    at asyncGeneratorStep (D:\ETSII\4 CARRERA\2C\TFG\MNM2\MultiModeler\tests\8.1-unitarias\autosave-manager.test.js:2:1)
    at processTicksAndRejections (node:internal/process/task_queues:105:5)</failure>
    </testcase>
    <testcase classname="8.1 Pruebas Unitarias - AutosaveManager Control de Estado debe limpiar recursos al destruir" name="8.1 Pruebas Unitarias - AutosaveManager Control de Estado debe limpiar recursos al destruir" time="0.004">
      <failure>Error: expect(received).toBeTruthy()

Received: null
    at Object.toBeTruthy (D:\ETSII\4 CARRERA\2C\TFG\MNM2\MultiModeler\tests\8.1-unitarias\autosave-manager.test.js:375:45)
    at Promise.finally.completed (D:\ETSII\4 CARRERA\2C\TFG\MNM2\MultiModeler\node_modules\jest-circus\build\jestAdapterInit.js:1556:28)
    at new Promise (&lt;anonymous&gt;)
    at callAsyncCircusFn (D:\ETSII\4 CARRERA\2C\TFG\MNM2\MultiModeler\node_modules\jest-circus\build\jestAdapterInit.js:1496:10)
    at _callCircusTest (D:\ETSII\4 CARRERA\2C\TFG\MNM2\MultiModeler\node_modules\jest-circus\build\jestAdapterInit.js:1006:40)
    at processTicksAndRejections (node:internal/process/task_queues:105:5)
    at _runTest (D:\ETSII\4 CARRERA\2C\TFG\MNM2\MultiModeler\node_modules\jest-circus\build\jestAdapterInit.js:946:3)
    at _runTestsForDescribeBlock (D:\ETSII\4 CARRERA\2C\TFG\MNM2\MultiModeler\node_modules\jest-circus\build\jestAdapterInit.js:839:13)
    at _runTestsForDescribeBlock (D:\ETSII\4 CARRERA\2C\TFG\MNM2\MultiModeler\node_modules\jest-circus\build\jestAdapterInit.js:829:11)
    at _runTestsForDescribeBlock (D:\ETSII\4 CARRERA\2C\TFG\MNM2\MultiModeler\node_modules\jest-circus\build\jestAdapterInit.js:829:11)
    at run (D:\ETSII\4 CARRERA\2C\TFG\MNM2\MultiModeler\node_modules\jest-circus\build\jestAdapterInit.js:757:3)
    at runAndTransformResultsToJestFormat (D:\ETSII\4 CARRERA\2C\TFG\MNM2\MultiModeler\node_modules\jest-circus\build\jestAdapterInit.js:1917:21)
    at jestAdapter (D:\ETSII\4 CARRERA\2C\TFG\MNM2\MultiModeler\node_modules\jest-circus\build\runner.js:101:19)
    at runTestInternal (D:\ETSII\4 CARRERA\2C\TFG\MNM2\MultiModeler\node_modules\jest-runner\build\testWorker.js:275:16)
    at runTest (D:\ETSII\4 CARRERA\2C\TFG\MNM2\MultiModeler\node_modules\jest-runner\build\testWorker.js:343:7)
    at Object.worker (D:\ETSII\4 CARRERA\2C\TFG\MNM2\MultiModeler\node_modules\jest-runner\build\testWorker.js:497:12)</failure>
    </testcase>
    <testcase classname="8.1 Pruebas Unitarias - AutosaveManager Integración con Sistema Multi-notación debe guardar datos de todas las notaciones" name="8.1 Pruebas Unitarias - AutosaveManager Integración con Sistema Multi-notación debe guardar datos de todas las notaciones" time="0.011">
      <failure>TypeError: Cannot read properties of null (reading &apos;data&apos;)
    at data (D:\ETSII\4 CARRERA\2C\TFG\MNM2\MultiModeler\tests\8.1-unitarias\autosave-manager.test.js:401:25)
    at Generator.call (D:\ETSII\4 CARRERA\2C\TFG\MNM2\MultiModeler\tests\8.1-unitarias\autosave-manager.test.js:2:1)
    at Generator._invoke [as next] (D:\ETSII\4 CARRERA\2C\TFG\MNM2\MultiModeler\tests\8.1-unitarias\autosave-manager.test.js:2:1)
    at asyncGeneratorStep (D:\ETSII\4 CARRERA\2C\TFG\MNM2\MultiModeler\tests\8.1-unitarias\autosave-manager.test.js:2:1)
    at asyncGeneratorStep (D:\ETSII\4 CARRERA\2C\TFG\MNM2\MultiModeler\tests\8.1-unitarias\autosave-manager.test.js:2:1)
    at processTicksAndRejections (node:internal/process/task_queues:105:5)</failure>
    </testcase>
    <testcase classname="8.1 Pruebas Unitarias - AutosaveManager Integración con Sistema Multi-notación debe responder a cambios en RASCI" name="8.1 Pruebas Unitarias - AutosaveManager Integración con Sistema Multi-notación debe responder a cambios en RASCI" time="0.002">
    </testcase>
    <testcase classname="8.1 Pruebas Unitarias - AutosaveManager Integración con Sistema Multi-notación debe responder a cambios en PPINOT" name="8.1 Pruebas Unitarias - AutosaveManager Integración con Sistema Multi-notación debe responder a cambios en PPINOT" time="0">
    </testcase>
  </testsuite>
  <testsuite name="8.3 Componentes UI Críticos" errors="0" failures="0" skipped="0" timestamp="2025-09-21T17:20:17" time="1.083" tests="6">
    <testcase classname="8.3 Componentes UI Críticos Componente: Panel de Propiedades debe actualizar propiedades en tiempo real" name="8.3 Componentes UI Críticos Componente: Panel de Propiedades debe actualizar propiedades en tiempo real" time="0.004">
    </testcase>
    <testcase classname="8.3 Componentes UI Críticos Componente: Panel de Propiedades debe validar propiedades antes de aplicar cambios" name="8.3 Componentes UI Críticos Componente: Panel de Propiedades debe validar propiedades antes de aplicar cambios" time="0.004">
    </testcase>
    <testcase classname="8.3 Componentes UI Críticos Componente: Toolbar y Menús debe manejar estados de botones dinámicamente" name="8.3 Componentes UI Críticos Componente: Toolbar y Menús debe manejar estados de botones dinámicamente" time="0.003">
    </testcase>
    <testcase classname="8.3 Componentes UI Críticos Componente: Toolbar y Menús debe manejar menús contextuales dinámicos" name="8.3 Componentes UI Críticos Componente: Toolbar y Menús debe manejar menús contextuales dinámicos" time="0.004">
    </testcase>
    <testcase classname="8.3 Componentes UI Críticos Componente: Sistema de Notificaciones debe gestionar múltiples notificaciones simultáneas" name="8.3 Componentes UI Críticos Componente: Sistema de Notificaciones debe gestionar múltiples notificaciones simultáneas" time="0.003">
    </testcase>
    <testcase classname="8.3 Componentes UI Críticos Componente: Canvas y Viewport debe optimizar rendering con viewport virtual" name="8.3 Componentes UI Críticos Componente: Canvas y Viewport debe optimizar rendering con viewport virtual" time="0.008">
    </testcase>
  </testsuite>
  <testsuite name="8.3 Pruebas UI/E2E - Historias de Usuario" errors="0" failures="0" skipped="0" timestamp="2025-09-21T17:20:17" time="1.256" tests="10">
    <testcase classname="8.3 Pruebas UI/E2E - Historias de Usuario HU-01: Crear Diagrama BPMN debe permitir crear un diagrama BPMN básico" name="8.3 Pruebas UI/E2E - Historias de Usuario HU-01: Crear Diagrama BPMN debe permitir crear un diagrama BPMN básico" time="0.003">
    </testcase>
    <testcase classname="8.3 Pruebas UI/E2E - Historias de Usuario HU-01: Crear Diagrama BPMN debe validar diagrama antes de guardar" name="8.3 Pruebas UI/E2E - Historias de Usuario HU-01: Crear Diagrama BPMN debe validar diagrama antes de guardar" time="0.001">
    </testcase>
    <testcase classname="8.3 Pruebas UI/E2E - Historias de Usuario HU-05: Crear Matriz RASCI debe permitir crear y editar matriz RASCI" name="8.3 Pruebas UI/E2E - Historias de Usuario HU-05: Crear Matriz RASCI debe permitir crear y editar matriz RASCI" time="0.002">
    </testcase>
    <testcase classname="8.3 Pruebas UI/E2E - Historias de Usuario HU-05: Crear Matriz RASCI debe detectar y corregir errores en matriz RASCI" name="8.3 Pruebas UI/E2E - Historias de Usuario HU-05: Crear Matriz RASCI debe detectar y corregir errores en matriz RASCI" time="0.003">
    </testcase>
    <testcase classname="8.3 Pruebas UI/E2E - Historias de Usuario HU-07: Sincronizar PPIs debe vincular PPIs a elementos del canvas" name="8.3 Pruebas UI/E2E - Historias de Usuario HU-07: Sincronizar PPIs debe vincular PPIs a elementos del canvas" time="0.006">
    </testcase>
    <testcase classname="8.3 Pruebas UI/E2E - Historias de Usuario HU-07: Sincronizar PPIs debe manejar eliminación de elementos vinculados a PPIs" name="8.3 Pruebas UI/E2E - Historias de Usuario HU-07: Sincronizar PPIs debe manejar eliminación de elementos vinculados a PPIs" time="0.001">
    </testcase>
    <testcase classname="8.3 Pruebas UI/E2E - Historias de Usuario HU-09: Autoguardado y Recuperación debe autoguardar cambios automáticamente" name="8.3 Pruebas UI/E2E - Historias de Usuario HU-09: Autoguardado y Recuperación debe autoguardar cambios automáticamente" time="0.001">
    </testcase>
    <testcase classname="8.3 Pruebas UI/E2E - Historias de Usuario HU-09: Autoguardado y Recuperación debe recuperar proyecto después de cierre inesperado" name="8.3 Pruebas UI/E2E - Historias de Usuario HU-09: Autoguardado y Recuperación debe recuperar proyecto después de cierre inesperado" time="0.001">
    </testcase>
    <testcase classname="8.3 Pruebas UI/E2E - Historias de Usuario HU-12: Exportar e Importar Proyectos debe exportar proyecto completo en formato .mmproject" name="8.3 Pruebas UI/E2E - Historias de Usuario HU-12: Exportar e Importar Proyectos debe exportar proyecto completo en formato .mmproject" time="0.005">
    </testcase>
    <testcase classname="8.3 Pruebas UI/E2E - Historias de Usuario HU-12: Exportar e Importar Proyectos debe importar proyecto .mmproject sin pérdida de información" name="8.3 Pruebas UI/E2E - Historias de Usuario HU-12: Exportar e Importar Proyectos debe importar proyecto .mmproject sin pérdida de información" time="0.001">
    </testcase>
  </testsuite>
  <testsuite name="8.3 E2E Real - Aplicación Completa" errors="0" failures="0" skipped="0" timestamp="2025-09-21T17:20:16" time="2.734" tests="6">
    <testcase classname="8.3 E2E Real - Aplicación Completa REAL: Inicialización de Aplicación Completa debe inicializar aplicación real y verificar DOM real" name="8.3 E2E Real - Aplicación Completa REAL: Inicialización de Aplicación Completa debe inicializar aplicación real y verificar DOM real" time="1.074">
    </testcase>
    <testcase classname="8.3 E2E Real - Aplicación Completa REAL: Inicialización de Aplicación Completa debe manejar eventos DOM reales y actualizar estado" name="8.3 E2E Real - Aplicación Completa REAL: Inicialización de Aplicación Completa debe manejar eventos DOM reales y actualizar estado" time="0.004">
    </testcase>
    <testcase classname="8.3 E2E Real - Aplicación Completa REAL: Flujos de Usuario End-to-End debe ejecutar flujo completo: crear -&gt; editar -&gt; guardar -&gt; cargar" name="8.3 E2E Real - Aplicación Completa REAL: Flujos de Usuario End-to-End debe ejecutar flujo completo: crear -&gt; editar -&gt; guardar -&gt; cargar" time="0.004">
    </testcase>
    <testcase classname="8.3 E2E Real - Aplicación Completa REAL: Verificación de Estado de la Aplicación debe verificar que los servicios reales están registrados correctamente" name="8.3 E2E Real - Aplicación Completa REAL: Verificación de Estado de la Aplicación debe verificar que los servicios reales están registrados correctamente" time="0.011">
    </testcase>
    <testcase classname="8.3 E2E Real - Aplicación Completa REAL: Verificación de Estado de la Aplicación debe verificar persistencia real con localStorage del navegador" name="8.3 E2E Real - Aplicación Completa REAL: Verificación de Estado de la Aplicación debe verificar persistencia real con localStorage del navegador" time="0.005">
    </testcase>
    <testcase classname="8.3 E2E Real - Aplicación Completa REAL: Detección de Regresiones debe detectar si el sistema real tiene regresiones críticas" name="8.3 E2E Real - Aplicación Completa REAL: Detección de Regresiones debe detectar si el sistema real tiene regresiones críticas" time="0.026">
    </testcase>
  </testsuite>
  <testsuite name="8.3 Experiencia de Usuario Avanzada" errors="0" failures="0" skipped="0" timestamp="2025-09-21T17:20:00" time="20.254" tests="12">
    <testcase classname="8.3 Experiencia de Usuario Avanzada UX-01: Flujos de Trabajo Complejos debe manejar flujo completo de modelado multi-notación" name="8.3 Experiencia de Usuario Avanzada UX-01: Flujos de Trabajo Complejos debe manejar flujo completo de modelado multi-notación" time="0.094">
    </testcase>
    <testcase classname="8.3 Experiencia de Usuario Avanzada UX-01: Flujos de Trabajo Complejos debe manejar interrupción y recuperación del flujo de trabajo" name="8.3 Experiencia de Usuario Avanzada UX-01: Flujos de Trabajo Complejos debe manejar interrupción y recuperación del flujo de trabajo" time="0.004">
    </testcase>
    <testcase classname="8.3 Experiencia de Usuario Avanzada UX-02: Manejo de Errores y Feedback al Usuario debe mostrar mensajes de error claros y accionables" name="8.3 Experiencia de Usuario Avanzada UX-02: Manejo de Errores y Feedback al Usuario debe mostrar mensajes de error claros y accionables" time="0.015">
    </testcase>
    <testcase classname="8.3 Experiencia de Usuario Avanzada UX-02: Manejo de Errores y Feedback al Usuario debe proporcionar feedback visual inmediato en operaciones" name="8.3 Experiencia de Usuario Avanzada UX-02: Manejo de Errores y Feedback al Usuario debe proporcionar feedback visual inmediato en operaciones" time="11.715">
    </testcase>
    <testcase classname="8.3 Experiencia de Usuario Avanzada UX-03: Rendimiento y Responsividad de UI debe mantener UI responsiva con diagramas grandes" name="8.3 Experiencia de Usuario Avanzada UX-03: Rendimiento y Responsividad de UI debe mantener UI responsiva con diagramas grandes" time="0.132">
    </testcase>
    <testcase classname="8.3 Experiencia de Usuario Avanzada UX-03: Rendimiento y Responsividad de UI debe optimizar rendering con lazy loading" name="8.3 Experiencia de Usuario Avanzada UX-03: Rendimiento y Responsividad de UI debe optimizar rendering con lazy loading" time="0.001">
    </testcase>
    <testcase classname="8.3 Experiencia de Usuario Avanzada UX-04: Accesibilidad y Usabilidad debe soportar navegación por teclado completa" name="8.3 Experiencia de Usuario Avanzada UX-04: Accesibilidad y Usabilidad debe soportar navegación por teclado completa" time="0.001">
    </testcase>
    <testcase classname="8.3 Experiencia de Usuario Avanzada UX-04: Accesibilidad y Usabilidad debe soportar múltiples idiomas y localización" name="8.3 Experiencia de Usuario Avanzada UX-04: Accesibilidad y Usabilidad debe soportar múltiples idiomas y localización" time="0.001">
    </testcase>
    <testcase classname="8.3 Experiencia de Usuario Avanzada UX-05: Flujos de Usuario Avanzados debe manejar colaboración multi-usuario simulada" name="8.3 Experiencia de Usuario Avanzada UX-05: Flujos de Usuario Avanzados debe manejar colaboración multi-usuario simulada" time="0.001">
    </testcase>
    <testcase classname="8.3 Experiencia de Usuario Avanzada UX-05: Flujos de Usuario Avanzados debe manejar flujo de trabajo con validación en tiempo real" name="8.3 Experiencia de Usuario Avanzada UX-05: Flujos de Usuario Avanzados debe manejar flujo de trabajo con validación en tiempo real" time="1.045">
    </testcase>
    <testcase classname="8.3 Experiencia de Usuario Avanzada UX-06: Casos de Uso Extremos y Edge Cases debe manejar pérdida de datos y recuperación graceful" name="8.3 Experiencia de Usuario Avanzada UX-06: Casos de Uso Extremos y Edge Cases debe manejar pérdida de datos y recuperación graceful" time="0.002">
    </testcase>
    <testcase classname="8.3 Experiencia de Usuario Avanzada UX-06: Casos de Uso Extremos y Edge Cases debe optimizar memoria con proyectos muy grandes" name="8.3 Experiencia de Usuario Avanzada UX-06: Casos de Uso Extremos y Edge Cases debe optimizar memoria con proyectos muy grandes" time="0.01">
    </testcase>
  </testsuite>
</testsuites>