<?xml version="1.0" encoding="UTF-8"?>
<testsuites name="jest tests" tests="229" failures="41" errors="0" time="5.849">
  <testsuite name="8.1 InitializeApplication - Código Real" errors="0" failures="7" skipped="0" timestamp="2025-09-18T12:01:02" time="2.812" tests="7">
    <testcase classname="8.1 InitializeApplication - Código Real REAL: Importación y Existencia debe importar initializeApplication real sin fallbacks" name="8.1 InitializeApplication - Código Real REAL: Importación y Existencia debe importar initializeApplication real sin fallbacks" time="0.186">
      <failure>Jest encountered an unexpected token

Jest failed to parse a file. This happens e.g. when your code or its dependencies use non-standard JavaScript syntax, or when Jest is not configured to support such syntax.

Out of the box Jest supports Babel, which will be used to transform your files into valid JS based on your Babel configuration.

By default &quot;node_modules&quot; folder is ignored by transformers.

Here&apos;s what you can do:
 • If you are trying to use ECMAScript Modules, see https://jestjs.io/docs/ecmascript-modules for how to enable it.
 • If you are trying to use TypeScript, see https://jestjs.io/docs/getting-started#using-typescript
 • To have some of your &quot;node_modules&quot; files transformed, you can specify a custom &quot;transformIgnorePatterns&quot; in your config.
 • If you need a custom transformation, specify a &quot;transform&quot; option in your config.
 • If you simply want to mock your non-JS modules (e.g. binary assets) you can stub them out with the &quot;moduleNameMapper&quot; config option.

You&apos;ll find more details and examples of these config options in the docs:
https://jestjs.io/docs/configuration
For information about custom transformations, see:
https://jestjs.io/docs/code-transformation

Details:

D:\ETSII\4 CARRERA\2C\TFG\MNModeler\node_modules\bpmn-js\lib\Modeler.js:1
import inherits from &apos;inherits-browser&apos;;
^^^^^^

SyntaxError: Cannot use import statement outside a module
    at internalCompileFunction (node:internal/vm:128:18)
    at compileFunction (node:vm:365:10)
    at Runtime.createScriptFromCode (D:\ETSII\4 CARRERA\2C\TFG\MNModeler\node_modules\jest-runtime\build\index.js:1318:40)
    at Runtime._execModule (D:\ETSII\4 CARRERA\2C\TFG\MNModeler\node_modules\jest-runtime\build\index.js:1244:35)
    at Runtime._loadModule (D:\ETSII\4 CARRERA\2C\TFG\MNModeler\node_modules\jest-runtime\build\index.js:944:12)
    at Runtime.requireModule (D:\ETSII\4 CARRERA\2C\TFG\MNModeler\node_modules\jest-runtime\build\index.js:832:12)
    at Runtime.requireModuleOrMock (D:\ETSII\4 CARRERA\2C\TFG\MNModeler\node_modules\jest-runtime\build\index.js:964:21)
    at Object.require (D:\ETSII\4 CARRERA\2C\TFG\MNModeler\app\modules\multinotationModeler\index.js:8:1)
    at Runtime._execModule (D:\ETSII\4 CARRERA\2C\TFG\MNModeler\node_modules\jest-runtime\build\index.js:1268:24)
    at Runtime._loadModule (D:\ETSII\4 CARRERA\2C\TFG\MNModeler\node_modules\jest-runtime\build\index.js:944:12)
    at Runtime.requireModule (D:\ETSII\4 CARRERA\2C\TFG\MNModeler\node_modules\jest-runtime\build\index.js:832:12)
    at Runtime.requireModuleOrMock (D:\ETSII\4 CARRERA\2C\TFG\MNModeler\node_modules\jest-runtime\build\index.js:964:21)
    at Object.require (D:\ETSII\4 CARRERA\2C\TFG\MNModeler\app\modules\index.js:8:1)
    at Runtime._execModule (D:\ETSII\4 CARRERA\2C\TFG\MNModeler\node_modules\jest-runtime\build\index.js:1268:24)
    at Runtime._loadModule (D:\ETSII\4 CARRERA\2C\TFG\MNModeler\node_modules\jest-runtime\build\index.js:944:12)
    at Runtime.requireModule (D:\ETSII\4 CARRERA\2C\TFG\MNModeler\node_modules\jest-runtime\build\index.js:832:12)
    at Runtime.requireModuleOrMock (D:\ETSII\4 CARRERA\2C\TFG\MNModeler\node_modules\jest-runtime\build\index.js:964:21)
    at require (D:\ETSII\4 CARRERA\2C\TFG\MNModeler\tests\8.1-unitarias\initialize-application-real.test.js:64:68)
    at processTicksAndRejections (node:internal/process/task_queues:105:5)</failure>
    </testcase>
    <testcase classname="8.1 InitializeApplication - Código Real REAL: Inicialización con Dependencias Reales debe ejecutar initializeApplication real con mocks útiles" name="8.1 InitializeApplication - Código Real REAL: Inicialización con Dependencias Reales debe ejecutar initializeApplication real con mocks útiles" time="0.004">
      <failure>Jest encountered an unexpected token

Jest failed to parse a file. This happens e.g. when your code or its dependencies use non-standard JavaScript syntax, or when Jest is not configured to support such syntax.

Out of the box Jest supports Babel, which will be used to transform your files into valid JS based on your Babel configuration.

By default &quot;node_modules&quot; folder is ignored by transformers.

Here&apos;s what you can do:
 • If you are trying to use ECMAScript Modules, see https://jestjs.io/docs/ecmascript-modules for how to enable it.
 • If you are trying to use TypeScript, see https://jestjs.io/docs/getting-started#using-typescript
 • To have some of your &quot;node_modules&quot; files transformed, you can specify a custom &quot;transformIgnorePatterns&quot; in your config.
 • If you need a custom transformation, specify a &quot;transform&quot; option in your config.
 • If you simply want to mock your non-JS modules (e.g. binary assets) you can stub them out with the &quot;moduleNameMapper&quot; config option.

You&apos;ll find more details and examples of these config options in the docs:
https://jestjs.io/docs/configuration
For information about custom transformations, see:
https://jestjs.io/docs/code-transformation

Details:

D:\ETSII\4 CARRERA\2C\TFG\MNModeler\node_modules\bpmn-js\lib\Modeler.js:1
import inherits from &apos;inherits-browser&apos;;
^^^^^^

SyntaxError: Cannot use import statement outside a module
    at internalCompileFunction (node:internal/vm:128:18)
    at compileFunction (node:vm:365:10)
    at Runtime.createScriptFromCode (D:\ETSII\4 CARRERA\2C\TFG\MNModeler\node_modules\jest-runtime\build\index.js:1318:40)
    at Runtime._execModule (D:\ETSII\4 CARRERA\2C\TFG\MNModeler\node_modules\jest-runtime\build\index.js:1244:35)
    at Runtime._loadModule (D:\ETSII\4 CARRERA\2C\TFG\MNModeler\node_modules\jest-runtime\build\index.js:944:12)
    at Runtime.requireModule (D:\ETSII\4 CARRERA\2C\TFG\MNModeler\node_modules\jest-runtime\build\index.js:832:12)
    at Runtime.requireModuleOrMock (D:\ETSII\4 CARRERA\2C\TFG\MNModeler\node_modules\jest-runtime\build\index.js:964:21)
    at Object.require (D:\ETSII\4 CARRERA\2C\TFG\MNModeler\app\modules\multinotationModeler\index.js:8:1)
    at Runtime._execModule (D:\ETSII\4 CARRERA\2C\TFG\MNModeler\node_modules\jest-runtime\build\index.js:1268:24)
    at Runtime._loadModule (D:\ETSII\4 CARRERA\2C\TFG\MNModeler\node_modules\jest-runtime\build\index.js:944:12)
    at Runtime.requireModule (D:\ETSII\4 CARRERA\2C\TFG\MNModeler\node_modules\jest-runtime\build\index.js:832:12)
    at Runtime.requireModuleOrMock (D:\ETSII\4 CARRERA\2C\TFG\MNModeler\node_modules\jest-runtime\build\index.js:964:21)
    at Object.require (D:\ETSII\4 CARRERA\2C\TFG\MNModeler\app\modules\index.js:8:1)
    at Runtime._execModule (D:\ETSII\4 CARRERA\2C\TFG\MNModeler\node_modules\jest-runtime\build\index.js:1268:24)
    at Runtime._loadModule (D:\ETSII\4 CARRERA\2C\TFG\MNModeler\node_modules\jest-runtime\build\index.js:944:12)
    at Runtime.requireModule (D:\ETSII\4 CARRERA\2C\TFG\MNModeler\node_modules\jest-runtime\build\index.js:832:12)
    at Runtime.requireModuleOrMock (D:\ETSII\4 CARRERA\2C\TFG\MNModeler\node_modules\jest-runtime\build\index.js:964:21)
    at require (D:\ETSII\4 CARRERA\2C\TFG\MNModeler\tests\8.1-unitarias\initialize-application-real.test.js:77:71)
    at processTicksAndRejections (node:internal/process/task_queues:105:5)</failure>
    </testcase>
    <testcase classname="8.1 InitializeApplication - Código Real REAL: Inicialización con Dependencias Reales debe registrar módulos reales durante inicialización" name="8.1 InitializeApplication - Código Real REAL: Inicialización con Dependencias Reales debe registrar módulos reales durante inicialización" time="0.017">
      <failure>Jest encountered an unexpected token

Jest failed to parse a file. This happens e.g. when your code or its dependencies use non-standard JavaScript syntax, or when Jest is not configured to support such syntax.

Out of the box Jest supports Babel, which will be used to transform your files into valid JS based on your Babel configuration.

By default &quot;node_modules&quot; folder is ignored by transformers.

Here&apos;s what you can do:
 • If you are trying to use ECMAScript Modules, see https://jestjs.io/docs/ecmascript-modules for how to enable it.
 • If you are trying to use TypeScript, see https://jestjs.io/docs/getting-started#using-typescript
 • To have some of your &quot;node_modules&quot; files transformed, you can specify a custom &quot;transformIgnorePatterns&quot; in your config.
 • If you need a custom transformation, specify a &quot;transform&quot; option in your config.
 • If you simply want to mock your non-JS modules (e.g. binary assets) you can stub them out with the &quot;moduleNameMapper&quot; config option.

You&apos;ll find more details and examples of these config options in the docs:
https://jestjs.io/docs/configuration
For information about custom transformations, see:
https://jestjs.io/docs/code-transformation

Details:

D:\ETSII\4 CARRERA\2C\TFG\MNModeler\node_modules\bpmn-js\lib\Modeler.js:1
import inherits from &apos;inherits-browser&apos;;
^^^^^^

SyntaxError: Cannot use import statement outside a module
    at internalCompileFunction (node:internal/vm:128:18)
    at compileFunction (node:vm:365:10)
    at Runtime.createScriptFromCode (D:\ETSII\4 CARRERA\2C\TFG\MNModeler\node_modules\jest-runtime\build\index.js:1318:40)
    at Runtime._execModule (D:\ETSII\4 CARRERA\2C\TFG\MNModeler\node_modules\jest-runtime\build\index.js:1244:35)
    at Runtime._loadModule (D:\ETSII\4 CARRERA\2C\TFG\MNModeler\node_modules\jest-runtime\build\index.js:944:12)
    at Runtime.requireModule (D:\ETSII\4 CARRERA\2C\TFG\MNModeler\node_modules\jest-runtime\build\index.js:832:12)
    at Runtime.requireModuleOrMock (D:\ETSII\4 CARRERA\2C\TFG\MNModeler\node_modules\jest-runtime\build\index.js:964:21)
    at Object.require (D:\ETSII\4 CARRERA\2C\TFG\MNModeler\app\modules\multinotationModeler\index.js:8:1)
    at Runtime._execModule (D:\ETSII\4 CARRERA\2C\TFG\MNModeler\node_modules\jest-runtime\build\index.js:1268:24)
    at Runtime._loadModule (D:\ETSII\4 CARRERA\2C\TFG\MNModeler\node_modules\jest-runtime\build\index.js:944:12)
    at Runtime.requireModule (D:\ETSII\4 CARRERA\2C\TFG\MNModeler\node_modules\jest-runtime\build\index.js:832:12)
    at Runtime.requireModuleOrMock (D:\ETSII\4 CARRERA\2C\TFG\MNModeler\node_modules\jest-runtime\build\index.js:964:21)
    at Object.require (D:\ETSII\4 CARRERA\2C\TFG\MNModeler\app\modules\index.js:8:1)
    at Runtime._execModule (D:\ETSII\4 CARRERA\2C\TFG\MNModeler\node_modules\jest-runtime\build\index.js:1268:24)
    at Runtime._loadModule (D:\ETSII\4 CARRERA\2C\TFG\MNModeler\node_modules\jest-runtime\build\index.js:944:12)
    at Runtime.requireModule (D:\ETSII\4 CARRERA\2C\TFG\MNModeler\node_modules\jest-runtime\build\index.js:832:12)
    at Runtime.requireModuleOrMock (D:\ETSII\4 CARRERA\2C\TFG\MNModeler\node_modules\jest-runtime\build\index.js:964:21)
    at require (D:\ETSII\4 CARRERA\2C\TFG\MNModeler\tests\8.1-unitarias\initialize-application-real.test.js:140:66)
    at processTicksAndRejections (node:internal/process/task_queues:105:5)</failure>
    </testcase>
    <testcase classname="8.1 InitializeApplication - Código Real REAL: ServiceRegistry Integration debe registrar servicios reales en ServiceRegistry" name="8.1 InitializeApplication - Código Real REAL: ServiceRegistry Integration debe registrar servicios reales en ServiceRegistry" time="0.098">
      <failure>Jest encountered an unexpected token

Jest failed to parse a file. This happens e.g. when your code or its dependencies use non-standard JavaScript syntax, or when Jest is not configured to support such syntax.

Out of the box Jest supports Babel, which will be used to transform your files into valid JS based on your Babel configuration.

By default &quot;node_modules&quot; folder is ignored by transformers.

Here&apos;s what you can do:
 • If you are trying to use ECMAScript Modules, see https://jestjs.io/docs/ecmascript-modules for how to enable it.
 • If you are trying to use TypeScript, see https://jestjs.io/docs/getting-started#using-typescript
 • To have some of your &quot;node_modules&quot; files transformed, you can specify a custom &quot;transformIgnorePatterns&quot; in your config.
 • If you need a custom transformation, specify a &quot;transform&quot; option in your config.
 • If you simply want to mock your non-JS modules (e.g. binary assets) you can stub them out with the &quot;moduleNameMapper&quot; config option.

You&apos;ll find more details and examples of these config options in the docs:
https://jestjs.io/docs/configuration
For information about custom transformations, see:
https://jestjs.io/docs/code-transformation

Details:

D:\ETSII\4 CARRERA\2C\TFG\MNModeler\node_modules\bpmn-js\lib\Modeler.js:1
import inherits from &apos;inherits-browser&apos;;
^^^^^^

SyntaxError: Cannot use import statement outside a module
    at internalCompileFunction (node:internal/vm:128:18)
    at compileFunction (node:vm:365:10)
    at Runtime.createScriptFromCode (D:\ETSII\4 CARRERA\2C\TFG\MNModeler\node_modules\jest-runtime\build\index.js:1318:40)
    at Runtime._execModule (D:\ETSII\4 CARRERA\2C\TFG\MNModeler\node_modules\jest-runtime\build\index.js:1244:35)
    at Runtime._loadModule (D:\ETSII\4 CARRERA\2C\TFG\MNModeler\node_modules\jest-runtime\build\index.js:944:12)
    at Runtime.requireModule (D:\ETSII\4 CARRERA\2C\TFG\MNModeler\node_modules\jest-runtime\build\index.js:832:12)
    at Runtime.requireModuleOrMock (D:\ETSII\4 CARRERA\2C\TFG\MNModeler\node_modules\jest-runtime\build\index.js:964:21)
    at Object.require (D:\ETSII\4 CARRERA\2C\TFG\MNModeler\app\modules\multinotationModeler\index.js:8:1)
    at Runtime._execModule (D:\ETSII\4 CARRERA\2C\TFG\MNModeler\node_modules\jest-runtime\build\index.js:1268:24)
    at Runtime._loadModule (D:\ETSII\4 CARRERA\2C\TFG\MNModeler\node_modules\jest-runtime\build\index.js:944:12)
    at Runtime.requireModule (D:\ETSII\4 CARRERA\2C\TFG\MNModeler\node_modules\jest-runtime\build\index.js:832:12)
    at Runtime.requireModuleOrMock (D:\ETSII\4 CARRERA\2C\TFG\MNModeler\node_modules\jest-runtime\build\index.js:964:21)
    at Object.require (D:\ETSII\4 CARRERA\2C\TFG\MNModeler\app\modules\index.js:8:1)
    at Runtime._execModule (D:\ETSII\4 CARRERA\2C\TFG\MNModeler\node_modules\jest-runtime\build\index.js:1268:24)
    at Runtime._loadModule (D:\ETSII\4 CARRERA\2C\TFG\MNModeler\node_modules\jest-runtime\build\index.js:944:12)
    at Runtime.requireModule (D:\ETSII\4 CARRERA\2C\TFG\MNModeler\node_modules\jest-runtime\build\index.js:832:12)
    at Runtime.requireModuleOrMock (D:\ETSII\4 CARRERA\2C\TFG\MNModeler\node_modules\jest-runtime\build\index.js:964:21)
    at require (D:\ETSII\4 CARRERA\2C\TFG\MNModeler\tests\8.1-unitarias\initialize-application-real.test.js:199:7)
    at processTicksAndRejections (node:internal/process/task_queues:105:5)</failure>
    </testcase>
    <testcase classname="8.1 InitializeApplication - Código Real REAL: EventBus Integration debe usar EventBus real para comunicación" name="8.1 InitializeApplication - Código Real REAL: EventBus Integration debe usar EventBus real para comunicación" time="0.02">
      <failure>Jest encountered an unexpected token

Jest failed to parse a file. This happens e.g. when your code or its dependencies use non-standard JavaScript syntax, or when Jest is not configured to support such syntax.

Out of the box Jest supports Babel, which will be used to transform your files into valid JS based on your Babel configuration.

By default &quot;node_modules&quot; folder is ignored by transformers.

Here&apos;s what you can do:
 • If you are trying to use ECMAScript Modules, see https://jestjs.io/docs/ecmascript-modules for how to enable it.
 • If you are trying to use TypeScript, see https://jestjs.io/docs/getting-started#using-typescript
 • To have some of your &quot;node_modules&quot; files transformed, you can specify a custom &quot;transformIgnorePatterns&quot; in your config.
 • If you need a custom transformation, specify a &quot;transform&quot; option in your config.
 • If you simply want to mock your non-JS modules (e.g. binary assets) you can stub them out with the &quot;moduleNameMapper&quot; config option.

You&apos;ll find more details and examples of these config options in the docs:
https://jestjs.io/docs/configuration
For information about custom transformations, see:
https://jestjs.io/docs/code-transformation

Details:

D:\ETSII\4 CARRERA\2C\TFG\MNModeler\node_modules\bpmn-js\lib\Modeler.js:1
import inherits from &apos;inherits-browser&apos;;
^^^^^^

SyntaxError: Cannot use import statement outside a module
    at internalCompileFunction (node:internal/vm:128:18)
    at compileFunction (node:vm:365:10)
    at Runtime.createScriptFromCode (D:\ETSII\4 CARRERA\2C\TFG\MNModeler\node_modules\jest-runtime\build\index.js:1318:40)
    at Runtime._execModule (D:\ETSII\4 CARRERA\2C\TFG\MNModeler\node_modules\jest-runtime\build\index.js:1244:35)
    at Runtime._loadModule (D:\ETSII\4 CARRERA\2C\TFG\MNModeler\node_modules\jest-runtime\build\index.js:944:12)
    at Runtime.requireModule (D:\ETSII\4 CARRERA\2C\TFG\MNModeler\node_modules\jest-runtime\build\index.js:832:12)
    at Runtime.requireModuleOrMock (D:\ETSII\4 CARRERA\2C\TFG\MNModeler\node_modules\jest-runtime\build\index.js:964:21)
    at Object.require (D:\ETSII\4 CARRERA\2C\TFG\MNModeler\app\modules\multinotationModeler\index.js:8:1)
    at Runtime._execModule (D:\ETSII\4 CARRERA\2C\TFG\MNModeler\node_modules\jest-runtime\build\index.js:1268:24)
    at Runtime._loadModule (D:\ETSII\4 CARRERA\2C\TFG\MNModeler\node_modules\jest-runtime\build\index.js:944:12)
    at Runtime.requireModule (D:\ETSII\4 CARRERA\2C\TFG\MNModeler\node_modules\jest-runtime\build\index.js:832:12)
    at Runtime.requireModuleOrMock (D:\ETSII\4 CARRERA\2C\TFG\MNModeler\node_modules\jest-runtime\build\index.js:964:21)
    at Object.require (D:\ETSII\4 CARRERA\2C\TFG\MNModeler\app\modules\index.js:8:1)
    at Runtime._execModule (D:\ETSII\4 CARRERA\2C\TFG\MNModeler\node_modules\jest-runtime\build\index.js:1268:24)
    at Runtime._loadModule (D:\ETSII\4 CARRERA\2C\TFG\MNModeler\node_modules\jest-runtime\build\index.js:944:12)
    at Runtime.requireModule (D:\ETSII\4 CARRERA\2C\TFG\MNModeler\node_modules\jest-runtime\build\index.js:832:12)
    at Runtime.requireModuleOrMock (D:\ETSII\4 CARRERA\2C\TFG\MNModeler\node_modules\jest-runtime\build\index.js:964:21)
    at require (D:\ETSII\4 CARRERA\2C\TFG\MNModeler\tests\8.1-unitarias\initialize-application-real.test.js:245:7)
    at processTicksAndRejections (node:internal/process/task_queues:105:5)</failure>
    </testcase>
    <testcase classname="8.1 InitializeApplication - Código Real REAL: Error Handling debe fallar claramente si dependencias críticas faltan" name="8.1 InitializeApplication - Código Real REAL: Error Handling debe fallar claramente si dependencias críticas faltan" time="0.012">
      <failure>Jest encountered an unexpected token

Jest failed to parse a file. This happens e.g. when your code or its dependencies use non-standard JavaScript syntax, or when Jest is not configured to support such syntax.

Out of the box Jest supports Babel, which will be used to transform your files into valid JS based on your Babel configuration.

By default &quot;node_modules&quot; folder is ignored by transformers.

Here&apos;s what you can do:
 • If you are trying to use ECMAScript Modules, see https://jestjs.io/docs/ecmascript-modules for how to enable it.
 • If you are trying to use TypeScript, see https://jestjs.io/docs/getting-started#using-typescript
 • To have some of your &quot;node_modules&quot; files transformed, you can specify a custom &quot;transformIgnorePatterns&quot; in your config.
 • If you need a custom transformation, specify a &quot;transform&quot; option in your config.
 • If you simply want to mock your non-JS modules (e.g. binary assets) you can stub them out with the &quot;moduleNameMapper&quot; config option.

You&apos;ll find more details and examples of these config options in the docs:
https://jestjs.io/docs/configuration
For information about custom transformations, see:
https://jestjs.io/docs/code-transformation

Details:

D:\ETSII\4 CARRERA\2C\TFG\MNModeler\node_modules\bpmn-js\lib\Modeler.js:1
import inherits from &apos;inherits-browser&apos;;
^^^^^^

SyntaxError: Cannot use import statement outside a module
    at internalCompileFunction (node:internal/vm:128:18)
    at compileFunction (node:vm:365:10)
    at Runtime.createScriptFromCode (D:\ETSII\4 CARRERA\2C\TFG\MNModeler\node_modules\jest-runtime\build\index.js:1318:40)
    at Runtime._execModule (D:\ETSII\4 CARRERA\2C\TFG\MNModeler\node_modules\jest-runtime\build\index.js:1244:35)
    at Runtime._loadModule (D:\ETSII\4 CARRERA\2C\TFG\MNModeler\node_modules\jest-runtime\build\index.js:944:12)
    at Runtime.requireModule (D:\ETSII\4 CARRERA\2C\TFG\MNModeler\node_modules\jest-runtime\build\index.js:832:12)
    at Runtime.requireModuleOrMock (D:\ETSII\4 CARRERA\2C\TFG\MNModeler\node_modules\jest-runtime\build\index.js:964:21)
    at Object.require (D:\ETSII\4 CARRERA\2C\TFG\MNModeler\app\modules\multinotationModeler\index.js:8:1)
    at Runtime._execModule (D:\ETSII\4 CARRERA\2C\TFG\MNModeler\node_modules\jest-runtime\build\index.js:1268:24)
    at Runtime._loadModule (D:\ETSII\4 CARRERA\2C\TFG\MNModeler\node_modules\jest-runtime\build\index.js:944:12)
    at Runtime.requireModule (D:\ETSII\4 CARRERA\2C\TFG\MNModeler\node_modules\jest-runtime\build\index.js:832:12)
    at Runtime.requireModuleOrMock (D:\ETSII\4 CARRERA\2C\TFG\MNModeler\node_modules\jest-runtime\build\index.js:964:21)
    at Object.require (D:\ETSII\4 CARRERA\2C\TFG\MNModeler\app\modules\index.js:8:1)
    at Runtime._execModule (D:\ETSII\4 CARRERA\2C\TFG\MNModeler\node_modules\jest-runtime\build\index.js:1268:24)
    at Runtime._loadModule (D:\ETSII\4 CARRERA\2C\TFG\MNModeler\node_modules\jest-runtime\build\index.js:944:12)
    at Runtime.requireModule (D:\ETSII\4 CARRERA\2C\TFG\MNModeler\node_modules\jest-runtime\build\index.js:832:12)
    at Runtime.requireModuleOrMock (D:\ETSII\4 CARRERA\2C\TFG\MNModeler\node_modules\jest-runtime\build\index.js:964:21)
    at require (D:\ETSII\4 CARRERA\2C\TFG\MNModeler\tests\8.1-unitarias\initialize-application-real.test.js:277:68)
    at processTicksAndRejections (node:internal/process/task_queues:105:5)</failure>
    </testcase>
    <testcase classname="8.1 InitializeApplication - Código Real REAL: Error Handling debe manejar errores de módulos de forma transparente" name="8.1 InitializeApplication - Código Real REAL: Error Handling debe manejar errores de módulos de forma transparente" time="0.047">
      <failure>Jest encountered an unexpected token

Jest failed to parse a file. This happens e.g. when your code or its dependencies use non-standard JavaScript syntax, or when Jest is not configured to support such syntax.

Out of the box Jest supports Babel, which will be used to transform your files into valid JS based on your Babel configuration.

By default &quot;node_modules&quot; folder is ignored by transformers.

Here&apos;s what you can do:
 • If you are trying to use ECMAScript Modules, see https://jestjs.io/docs/ecmascript-modules for how to enable it.
 • If you are trying to use TypeScript, see https://jestjs.io/docs/getting-started#using-typescript
 • To have some of your &quot;node_modules&quot; files transformed, you can specify a custom &quot;transformIgnorePatterns&quot; in your config.
 • If you need a custom transformation, specify a &quot;transform&quot; option in your config.
 • If you simply want to mock your non-JS modules (e.g. binary assets) you can stub them out with the &quot;moduleNameMapper&quot; config option.

You&apos;ll find more details and examples of these config options in the docs:
https://jestjs.io/docs/configuration
For information about custom transformations, see:
https://jestjs.io/docs/code-transformation

Details:

D:\ETSII\4 CARRERA\2C\TFG\MNModeler\node_modules\bpmn-js\lib\Modeler.js:1
import inherits from &apos;inherits-browser&apos;;
^^^^^^

SyntaxError: Cannot use import statement outside a module
    at internalCompileFunction (node:internal/vm:128:18)
    at compileFunction (node:vm:365:10)
    at Runtime.createScriptFromCode (D:\ETSII\4 CARRERA\2C\TFG\MNModeler\node_modules\jest-runtime\build\index.js:1318:40)
    at Runtime._execModule (D:\ETSII\4 CARRERA\2C\TFG\MNModeler\node_modules\jest-runtime\build\index.js:1244:35)
    at Runtime._loadModule (D:\ETSII\4 CARRERA\2C\TFG\MNModeler\node_modules\jest-runtime\build\index.js:944:12)
    at Runtime.requireModule (D:\ETSII\4 CARRERA\2C\TFG\MNModeler\node_modules\jest-runtime\build\index.js:832:12)
    at Runtime.requireModuleOrMock (D:\ETSII\4 CARRERA\2C\TFG\MNModeler\node_modules\jest-runtime\build\index.js:964:21)
    at Object.require (D:\ETSII\4 CARRERA\2C\TFG\MNModeler\app\modules\multinotationModeler\index.js:8:1)
    at Runtime._execModule (D:\ETSII\4 CARRERA\2C\TFG\MNModeler\node_modules\jest-runtime\build\index.js:1268:24)
    at Runtime._loadModule (D:\ETSII\4 CARRERA\2C\TFG\MNModeler\node_modules\jest-runtime\build\index.js:944:12)
    at Runtime.requireModule (D:\ETSII\4 CARRERA\2C\TFG\MNModeler\node_modules\jest-runtime\build\index.js:832:12)
    at Runtime.requireModuleOrMock (D:\ETSII\4 CARRERA\2C\TFG\MNModeler\node_modules\jest-runtime\build\index.js:964:21)
    at Object.require (D:\ETSII\4 CARRERA\2C\TFG\MNModeler\app\modules\index.js:8:1)
    at Runtime._execModule (D:\ETSII\4 CARRERA\2C\TFG\MNModeler\node_modules\jest-runtime\build\index.js:1268:24)
    at Runtime._loadModule (D:\ETSII\4 CARRERA\2C\TFG\MNModeler\node_modules\jest-runtime\build\index.js:944:12)
    at Runtime.requireModule (D:\ETSII\4 CARRERA\2C\TFG\MNModeler\node_modules\jest-runtime\build\index.js:832:12)
    at Runtime.requireModuleOrMock (D:\ETSII\4 CARRERA\2C\TFG\MNModeler\node_modules\jest-runtime\build\index.js:964:21)
    at require (D:\ETSII\4 CARRERA\2C\TFG\MNModeler\tests\8.1-unitarias\initialize-application-real.test.js:310:67)
    at processTicksAndRejections (node:internal/process/task_queues:105:5)</failure>
    </testcase>
  </testsuite>
  <testsuite name="8.1 Comunicación Real Entre Notaciones" errors="0" failures="5" skipped="0" timestamp="2025-09-18T12:01:02" time="3.057" tests="7">
    <testcase classname="8.1 Comunicación Real Entre Notaciones REAL: BPMN -&gt; PPINOT Communication debe usar PPIAdapter real para sincronización BPMN-PPINOT" name="8.1 Comunicación Real Entre Notaciones REAL: BPMN -&gt; PPINOT Communication debe usar PPIAdapter real para sincronización BPMN-PPINOT" time="0.09">
      <failure>Error: expect(received).toBe(expected) // Object.is equality

Expected: &quot;function&quot;
Received: &quot;undefined&quot;
    at toBe (D:\ETSII\4 CARRERA\2C\TFG\MNModeler\tests\8.1-unitarias\comunicacion-real-notaciones.test.js:45:48)
    at Generator.call (D:\ETSII\4 CARRERA\2C\TFG\MNModeler\tests\8.1-unitarias\comunicacion-real-notaciones.test.js:2:1)
    at Generator._invoke [as next] (D:\ETSII\4 CARRERA\2C\TFG\MNModeler\tests\8.1-unitarias\comunicacion-real-notaciones.test.js:2:1)
    at asyncGeneratorStep (D:\ETSII\4 CARRERA\2C\TFG\MNModeler\tests\8.1-unitarias\comunicacion-real-notaciones.test.js:2:1)
    at asyncGeneratorStep (D:\ETSII\4 CARRERA\2C\TFG\MNModeler\tests\8.1-unitarias\comunicacion-real-notaciones.test.js:2:1)
    at processTicksAndRejections (node:internal/process/task_queues:105:5)</failure>
    </testcase>
    <testcase classname="8.1 Comunicación Real Entre Notaciones REAL: BPMN -&gt; PPINOT Communication debe sincronizar cambios BPMN reales con PPIs" name="8.1 Comunicación Real Entre Notaciones REAL: BPMN -&gt; PPINOT Communication debe sincronizar cambios BPMN reales con PPIs" time="0.001">
      <failure>TypeError: realPPIAdapter.updatePPIData is not a function
    at updatePPIData (D:\ETSII\4 CARRERA\2C\TFG\MNModeler\tests\8.1-unitarias\comunicacion-real-notaciones.test.js:82:22)
    at Generator.call (D:\ETSII\4 CARRERA\2C\TFG\MNModeler\tests\8.1-unitarias\comunicacion-real-notaciones.test.js:2:1)
    at Generator._invoke [as next] (D:\ETSII\4 CARRERA\2C\TFG\MNModeler\tests\8.1-unitarias\comunicacion-real-notaciones.test.js:2:1)
    at asyncGeneratorStep (D:\ETSII\4 CARRERA\2C\TFG\MNModeler\tests\8.1-unitarias\comunicacion-real-notaciones.test.js:2:1)
    at asyncGeneratorStep (D:\ETSII\4 CARRERA\2C\TFG\MNModeler\tests\8.1-unitarias\comunicacion-real-notaciones.test.js:2:1)
    at processTicksAndRejections (node:internal/process/task_queues:105:5)</failure>
    </testcase>
    <testcase classname="8.1 Comunicación Real Entre Notaciones REAL: RASCI -&gt; RALPH Communication debe usar RASCIAdapter real para comunicación con RALPH" name="8.1 Comunicación Real Entre Notaciones REAL: RASCI -&gt; RALPH Communication debe usar RASCIAdapter real para comunicación con RALPH" time="0.027">
    </testcase>
    <testcase classname="8.1 Comunicación Real Entre Notaciones REAL: RASCI -&gt; RALPH Communication debe coordinar matriz RASCI real con roles RALPH" name="8.1 Comunicación Real Entre Notaciones REAL: RASCI -&gt; RALPH Communication debe coordinar matriz RASCI real con roles RALPH" time="0.105">
    </testcase>
    <testcase classname="8.1 Comunicación Real Entre Notaciones REAL: Cross-Notation Validation debe validar consistencia real entre todas las notaciones" name="8.1 Comunicación Real Entre Notaciones REAL: Cross-Notation Validation debe validar consistencia real entre todas las notaciones" time="0.002">
      <failure>TypeError: realPPIAdapter.updatePPIData is not a function
    at updatePPIData (D:\ETSII\4 CARRERA\2C\TFG\MNModeler\tests\8.1-unitarias\comunicacion-real-notaciones.test.js:263:22)
    at Generator.call (D:\ETSII\4 CARRERA\2C\TFG\MNModeler\tests\8.1-unitarias\comunicacion-real-notaciones.test.js:2:1)
    at Generator._invoke [as next] (D:\ETSII\4 CARRERA\2C\TFG\MNModeler\tests\8.1-unitarias\comunicacion-real-notaciones.test.js:2:1)
    at asyncGeneratorStep (D:\ETSII\4 CARRERA\2C\TFG\MNModeler\tests\8.1-unitarias\comunicacion-real-notaciones.test.js:2:1)
    at asyncGeneratorStep (D:\ETSII\4 CARRERA\2C\TFG\MNModeler\tests\8.1-unitarias\comunicacion-real-notaciones.test.js:2:1)
    at processTicksAndRejections (node:internal/process/task_queues:105:5)</failure>
    </testcase>
    <testcase classname="8.1 Comunicación Real Entre Notaciones REAL: Event-Driven Communication debe usar EventBus real para comunicación entre notaciones" name="8.1 Comunicación Real Entre Notaciones REAL: Event-Driven Communication debe usar EventBus real para comunicación entre notaciones" time="0.058">
      <failure>Error: expect(received).toBe(expected) // Object.is equality

Expected: 2
Received: 0
    at toBe (D:\ETSII\4 CARRERA\2C\TFG\MNModeler\tests\8.1-unitarias\comunicacion-real-notaciones.test.js:409:41)
    at Generator.call (D:\ETSII\4 CARRERA\2C\TFG\MNModeler\tests\8.1-unitarias\comunicacion-real-notaciones.test.js:2:1)
    at Generator._invoke [as next] (D:\ETSII\4 CARRERA\2C\TFG\MNModeler\tests\8.1-unitarias\comunicacion-real-notaciones.test.js:2:1)
    at asyncGeneratorStep (D:\ETSII\4 CARRERA\2C\TFG\MNModeler\tests\8.1-unitarias\comunicacion-real-notaciones.test.js:2:1)
    at asyncGeneratorStep (D:\ETSII\4 CARRERA\2C\TFG\MNModeler\tests\8.1-unitarias\comunicacion-real-notaciones.test.js:2:1)
    at processTicksAndRejections (node:internal/process/task_queues:105:5)</failure>
    </testcase>
    <testcase classname="8.1 Comunicación Real Entre Notaciones REAL: Performance y Escalabilidad debe manejar comunicación real con datasets grandes" name="8.1 Comunicación Real Entre Notaciones REAL: Performance y Escalabilidad debe manejar comunicación real con datasets grandes" time="0.002">
      <failure>TypeError: realPPIAdapter.updatePPIData is not a function
    at updatePPIData (D:\ETSII\4 CARRERA\2C\TFG\MNModeler\tests\8.1-unitarias\comunicacion-real-notaciones.test.js:460:22)
    at Generator.call (D:\ETSII\4 CARRERA\2C\TFG\MNModeler\tests\8.1-unitarias\comunicacion-real-notaciones.test.js:2:1)
    at Generator._invoke [as next] (D:\ETSII\4 CARRERA\2C\TFG\MNModeler\tests\8.1-unitarias\comunicacion-real-notaciones.test.js:2:1)
    at asyncGeneratorStep (D:\ETSII\4 CARRERA\2C\TFG\MNModeler\tests\8.1-unitarias\comunicacion-real-notaciones.test.js:2:1)
    at asyncGeneratorStep (D:\ETSII\4 CARRERA\2C\TFG\MNModeler\tests\8.1-unitarias\comunicacion-real-notaciones.test.js:2:1)
    at processTicksAndRejections (node:internal/process/task_queues:105:5)</failure>
    </testcase>
  </testsuite>
  <testsuite name="8.1 Pruebas Unitarias - MultiNotation Core" errors="0" failures="1" skipped="0" timestamp="2025-09-18T12:01:02" time="3.27" tests="6">
    <testcase classname="8.1 Pruebas Unitarias - MultiNotation Core Inicialización de Aplicación debe inicializar módulos principales correctamente" name="8.1 Pruebas Unitarias - MultiNotation Core Inicialización de Aplicación debe inicializar módulos principales correctamente" time="0.196">
    </testcase>
    <testcase classname="8.1 Pruebas Unitarias - MultiNotation Core Inicialización de Aplicación debe registrar servicios en ServiceRegistry durante inicialización" name="8.1 Pruebas Unitarias - MultiNotation Core Inicialización de Aplicación debe registrar servicios en ServiceRegistry durante inicialización" time="0.011">
    </testcase>
    <testcase classname="8.1 Pruebas Unitarias - MultiNotation Core Comunicación Entre Módulos debe facilitar comunicación RASCI ↔ PPINOT" name="8.1 Pruebas Unitarias - MultiNotation Core Comunicación Entre Módulos debe facilitar comunicación RASCI ↔ PPINOT" time="0.138">
    </testcase>
    <testcase classname="8.1 Pruebas Unitarias - MultiNotation Core Comunicación Entre Módulos debe sincronizar cambios entre notaciones de forma específica" name="8.1 Pruebas Unitarias - MultiNotation Core Comunicación Entre Módulos debe sincronizar cambios entre notaciones de forma específica" time="0.018">
      <failure>TypeError: Cannot read properties of undefined (reading &apos;getMatrixData&apos;)
    at getMatrixData (D:\ETSII\4 CARRERA\2C\TFG\MNModeler\tests\8.1-unitarias\multinotation-core.test.js:407:27)
    at Generator.call (D:\ETSII\4 CARRERA\2C\TFG\MNModeler\tests\8.1-unitarias\multinotation-core.test.js:2:1)
    at Generator._invoke [as next] (D:\ETSII\4 CARRERA\2C\TFG\MNModeler\tests\8.1-unitarias\multinotation-core.test.js:2:1)
    at asyncGeneratorStep (D:\ETSII\4 CARRERA\2C\TFG\MNModeler\tests\8.1-unitarias\multinotation-core.test.js:2:1)
    at asyncGeneratorStep (D:\ETSII\4 CARRERA\2C\TFG\MNModeler\tests\8.1-unitarias\multinotation-core.test.js:2:1)
    at processTicksAndRejections (node:internal/process/task_queues:105:5)</failure>
    </testcase>
    <testcase classname="8.1 Pruebas Unitarias - MultiNotation Core Validación Cross-Notation debe detectar inconsistencias específicas entre BPMN y RASCI" name="8.1 Pruebas Unitarias - MultiNotation Core Validación Cross-Notation debe detectar inconsistencias específicas entre BPMN y RASCI" time="0.006">
    </testcase>
    <testcase classname="8.1 Pruebas Unitarias - MultiNotation Core Validación Cross-Notation debe validar integridad de datos entre notaciones" name="8.1 Pruebas Unitarias - MultiNotation Core Validación Cross-Notation debe validar integridad de datos entre notaciones" time="0.002">
    </testcase>
  </testsuite>
  <testsuite name="8.1 RASCI Core - Módulos Reales" errors="0" failures="2" skipped="0" timestamp="2025-09-18T12:01:02" time="3.448" tests="9">
    <testcase classname="8.1 RASCI Core - Módulos Reales RasciStore - Gestión Real de Datos debe persistir roles y matriz en localStorage usando RasciStore real" name="8.1 RASCI Core - Módulos Reales RasciStore - Gestión Real de Datos debe persistir roles y matriz en localStorage usando RasciStore real" time="0.046">
    </testcase>
    <testcase classname="8.1 RASCI Core - Módulos Reales RasciStore - Gestión Real de Datos debe validar estructura RASCI real con reglas de negocio" name="8.1 RASCI Core - Módulos Reales RasciStore - Gestión Real de Datos debe validar estructura RASCI real con reglas de negocio" time="0.003">
    </testcase>
    <testcase classname="8.1 RASCI Core - Módulos Reales RASCIAdapter - Integración Real debe inicializarse usando RASCIAdapter real" name="8.1 RASCI Core - Módulos Reales RASCIAdapter - Integración Real debe inicializarse usando RASCIAdapter real" time="0.216">
    </testcase>
    <testcase classname="8.1 RASCI Core - Módulos Reales RASCIAdapter - Integración Real updateMatrixData debe usar EventBus real para comunicación" name="8.1 RASCI Core - Módulos Reales RASCIAdapter - Integración Real updateMatrixData debe usar EventBus real para comunicación" time="0.05">
      <failure>Error: expect(received).toBe(expected) // Object.is equality

Expected: 1
Received: 0
    at toBe (D:\ETSII\4 CARRERA\2C\TFG\MNModeler\tests\8.1-unitarias\rasci-core-mejorado.test.js:150:30)
    at Generator.call (D:\ETSII\4 CARRERA\2C\TFG\MNModeler\tests\8.1-unitarias\rasci-core-mejorado.test.js:2:1)
    at Generator._invoke [as next] (D:\ETSII\4 CARRERA\2C\TFG\MNModeler\tests\8.1-unitarias\rasci-core-mejorado.test.js:2:1)
    at asyncGeneratorStep (D:\ETSII\4 CARRERA\2C\TFG\MNModeler\tests\8.1-unitarias\rasci-core-mejorado.test.js:2:1)
    at asyncGeneratorStep (D:\ETSII\4 CARRERA\2C\TFG\MNModeler\tests\8.1-unitarias\rasci-core-mejorado.test.js:2:1)
    at processTicksAndRejections (node:internal/process/task_queues:105:5)</failure>
    </testcase>
    <testcase classname="8.1 RASCI Core - Módulos Reales RASCIAdapter - Integración Real communicateWithPPIs debe usar comunicación real entre módulos" name="8.1 RASCI Core - Módulos Reales RASCIAdapter - Integración Real communicateWithPPIs debe usar comunicación real entre módulos" time="0.044">
    </testcase>
    <testcase classname="8.1 RASCI Core - Módulos Reales RASCI Validation - Validadores Reales debe usar validador real de matriz RASCI" name="8.1 RASCI Core - Módulos Reales RASCI Validation - Validadores Reales debe usar validador real de matriz RASCI" time="0.178">
    </testcase>
    <testcase classname="8.1 RASCI Core - Módulos Reales RASCI Validation - Validadores Reales debe detectar violaciones reales de reglas RASCI" name="8.1 RASCI Core - Módulos Reales RASCI Validation - Validadores Reales debe detectar violaciones reales de reglas RASCI" time="0.012">
      <failure>Error: expect(received).toBe(expected) // Object.is equality

Expected: &quot;invalid_value&quot;
Received: &quot;no_accountable&quot;
    at toBe (D:\ETSII\4 CARRERA\2C\TFG\MNModeler\tests\8.1-unitarias\rasci-core-mejorado.test.js:273:36)
    at Array.forEach (&lt;anonymous&gt;)
    at Object.forEach (D:\ETSII\4 CARRERA\2C\TFG\MNModeler\tests\8.1-unitarias\rasci-core-mejorado.test.js:252:29)
    at Promise.finally.completed (D:\ETSII\4 CARRERA\2C\TFG\MNModeler\node_modules\jest-circus\build\jestAdapterInit.js:1556:28)
    at new Promise (&lt;anonymous&gt;)
    at callAsyncCircusFn (D:\ETSII\4 CARRERA\2C\TFG\MNModeler\node_modules\jest-circus\build\jestAdapterInit.js:1496:10)
    at _callCircusTest (D:\ETSII\4 CARRERA\2C\TFG\MNModeler\node_modules\jest-circus\build\jestAdapterInit.js:1006:40)
    at processTicksAndRejections (node:internal/process/task_queues:105:5)
    at _runTest (D:\ETSII\4 CARRERA\2C\TFG\MNModeler\node_modules\jest-circus\build\jestAdapterInit.js:946:3)
    at _runTestsForDescribeBlock (D:\ETSII\4 CARRERA\2C\TFG\MNModeler\node_modules\jest-circus\build\jestAdapterInit.js:839:13)
    at _runTestsForDescribeBlock (D:\ETSII\4 CARRERA\2C\TFG\MNModeler\node_modules\jest-circus\build\jestAdapterInit.js:829:11)
    at _runTestsForDescribeBlock (D:\ETSII\4 CARRERA\2C\TFG\MNModeler\node_modules\jest-circus\build\jestAdapterInit.js:829:11)
    at run (D:\ETSII\4 CARRERA\2C\TFG\MNModeler\node_modules\jest-circus\build\jestAdapterInit.js:757:3)
    at runAndTransformResultsToJestFormat (D:\ETSII\4 CARRERA\2C\TFG\MNModeler\node_modules\jest-circus\build\jestAdapterInit.js:1917:21)
    at jestAdapter (D:\ETSII\4 CARRERA\2C\TFG\MNModeler\node_modules\jest-circus\build\runner.js:101:19)
    at runTestInternal (D:\ETSII\4 CARRERA\2C\TFG\MNModeler\node_modules\jest-runner\build\testWorker.js:275:16)
    at runTest (D:\ETSII\4 CARRERA\2C\TFG\MNModeler\node_modules\jest-runner\build\testWorker.js:343:7)
    at Object.worker (D:\ETSII\4 CARRERA\2C\TFG\MNModeler\node_modules\jest-runner\build\testWorker.js:497:12)</failure>
    </testcase>
    <testcase classname="8.1 RASCI Core - Módulos Reales RASCI Real - Problemas Específicos del Sistema debe reproducir problema real de sincronización RASCI-BPMN" name="8.1 RASCI Core - Módulos Reales RASCI Real - Problemas Específicos del Sistema debe reproducir problema real de sincronización RASCI-BPMN" time="0.006">
    </testcase>
    <testcase classname="8.1 RASCI Core - Módulos Reales RASCI Real - Problemas Específicos del Sistema debe validar integridad real de datos RASCI en localStorage" name="8.1 RASCI Core - Módulos Reales RASCI Real - Problemas Específicos del Sistema debe validar integridad real de datos RASCI en localStorage" time="0.002">
    </testcase>
  </testsuite>
  <testsuite name="8.1 MultiNotation Core - Código Real Sin Fallbacks" errors="0" failures="4" skipped="0" timestamp="2025-09-18T12:01:02" time="3.447" tests="8">
    <testcase classname="8.1 MultiNotation Core - Código Real Sin Fallbacks REAL: Inicialización de Aplicación debe importar initializeApplication real o fallar claramente" name="8.1 MultiNotation Core - Código Real Sin Fallbacks REAL: Inicialización de Aplicación debe importar initializeApplication real o fallar claramente" time="0.218">
      <failure>Jest encountered an unexpected token

Jest failed to parse a file. This happens e.g. when your code or its dependencies use non-standard JavaScript syntax, or when Jest is not configured to support such syntax.

Out of the box Jest supports Babel, which will be used to transform your files into valid JS based on your Babel configuration.

By default &quot;node_modules&quot; folder is ignored by transformers.

Here&apos;s what you can do:
 • If you are trying to use ECMAScript Modules, see https://jestjs.io/docs/ecmascript-modules for how to enable it.
 • If you are trying to use TypeScript, see https://jestjs.io/docs/getting-started#using-typescript
 • To have some of your &quot;node_modules&quot; files transformed, you can specify a custom &quot;transformIgnorePatterns&quot; in your config.
 • If you need a custom transformation, specify a &quot;transform&quot; option in your config.
 • If you simply want to mock your non-JS modules (e.g. binary assets) you can stub them out with the &quot;moduleNameMapper&quot; config option.

You&apos;ll find more details and examples of these config options in the docs:
https://jestjs.io/docs/configuration
For information about custom transformations, see:
https://jestjs.io/docs/code-transformation

Details:

D:\ETSII\4 CARRERA\2C\TFG\MNModeler\node_modules\bpmn-js\lib\Modeler.js:1
import inherits from &apos;inherits-browser&apos;;
^^^^^^

SyntaxError: Cannot use import statement outside a module
    at internalCompileFunction (node:internal/vm:128:18)
    at compileFunction (node:vm:365:10)
    at Runtime.createScriptFromCode (D:\ETSII\4 CARRERA\2C\TFG\MNModeler\node_modules\jest-runtime\build\index.js:1318:40)
    at Runtime._execModule (D:\ETSII\4 CARRERA\2C\TFG\MNModeler\node_modules\jest-runtime\build\index.js:1244:35)
    at Runtime._loadModule (D:\ETSII\4 CARRERA\2C\TFG\MNModeler\node_modules\jest-runtime\build\index.js:944:12)
    at Runtime.requireModule (D:\ETSII\4 CARRERA\2C\TFG\MNModeler\node_modules\jest-runtime\build\index.js:832:12)
    at Runtime.requireModuleOrMock (D:\ETSII\4 CARRERA\2C\TFG\MNModeler\node_modules\jest-runtime\build\index.js:964:21)
    at Object.require (D:\ETSII\4 CARRERA\2C\TFG\MNModeler\app\modules\multinotationModeler\index.js:8:1)
    at Runtime._execModule (D:\ETSII\4 CARRERA\2C\TFG\MNModeler\node_modules\jest-runtime\build\index.js:1268:24)
    at Runtime._loadModule (D:\ETSII\4 CARRERA\2C\TFG\MNModeler\node_modules\jest-runtime\build\index.js:944:12)
    at Runtime.requireModule (D:\ETSII\4 CARRERA\2C\TFG\MNModeler\node_modules\jest-runtime\build\index.js:832:12)
    at Runtime.requireModuleOrMock (D:\ETSII\4 CARRERA\2C\TFG\MNModeler\node_modules\jest-runtime\build\index.js:964:21)
    at Object.require (D:\ETSII\4 CARRERA\2C\TFG\MNModeler\app\modules\index.js:8:1)
    at Runtime._execModule (D:\ETSII\4 CARRERA\2C\TFG\MNModeler\node_modules\jest-runtime\build\index.js:1268:24)
    at Runtime._loadModule (D:\ETSII\4 CARRERA\2C\TFG\MNModeler\node_modules\jest-runtime\build\index.js:944:12)
    at Runtime.requireModule (D:\ETSII\4 CARRERA\2C\TFG\MNModeler\node_modules\jest-runtime\build\index.js:832:12)
    at Runtime.requireModuleOrMock (D:\ETSII\4 CARRERA\2C\TFG\MNModeler\node_modules\jest-runtime\build\index.js:964:21)
    at require (D:\ETSII\4 CARRERA\2C\TFG\MNModeler\tests\8.1-unitarias\multinotation-core-real.test.js:32:74)
    at processTicksAndRejections (node:internal/process/task_queues:105:5)</failure>
    </testcase>
    <testcase classname="8.1 MultiNotation Core - Código Real Sin Fallbacks REAL: Inicialización de Aplicación debe inicializar aplicación real con dependencias mínimas" name="8.1 MultiNotation Core - Código Real Sin Fallbacks REAL: Inicialización de Aplicación debe inicializar aplicación real con dependencias mínimas" time="0.002">
      <failure>Jest encountered an unexpected token

Jest failed to parse a file. This happens e.g. when your code or its dependencies use non-standard JavaScript syntax, or when Jest is not configured to support such syntax.

Out of the box Jest supports Babel, which will be used to transform your files into valid JS based on your Babel configuration.

By default &quot;node_modules&quot; folder is ignored by transformers.

Here&apos;s what you can do:
 • If you are trying to use ECMAScript Modules, see https://jestjs.io/docs/ecmascript-modules for how to enable it.
 • If you are trying to use TypeScript, see https://jestjs.io/docs/getting-started#using-typescript
 • To have some of your &quot;node_modules&quot; files transformed, you can specify a custom &quot;transformIgnorePatterns&quot; in your config.
 • If you need a custom transformation, specify a &quot;transform&quot; option in your config.
 • If you simply want to mock your non-JS modules (e.g. binary assets) you can stub them out with the &quot;moduleNameMapper&quot; config option.

You&apos;ll find more details and examples of these config options in the docs:
https://jestjs.io/docs/configuration
For information about custom transformations, see:
https://jestjs.io/docs/code-transformation

Details:

D:\ETSII\4 CARRERA\2C\TFG\MNModeler\node_modules\bpmn-js\lib\Modeler.js:1
import inherits from &apos;inherits-browser&apos;;
^^^^^^

SyntaxError: Cannot use import statement outside a module
    at internalCompileFunction (node:internal/vm:128:18)
    at compileFunction (node:vm:365:10)
    at Runtime.createScriptFromCode (D:\ETSII\4 CARRERA\2C\TFG\MNModeler\node_modules\jest-runtime\build\index.js:1318:40)
    at Runtime._execModule (D:\ETSII\4 CARRERA\2C\TFG\MNModeler\node_modules\jest-runtime\build\index.js:1244:35)
    at Runtime._loadModule (D:\ETSII\4 CARRERA\2C\TFG\MNModeler\node_modules\jest-runtime\build\index.js:944:12)
    at Runtime.requireModule (D:\ETSII\4 CARRERA\2C\TFG\MNModeler\node_modules\jest-runtime\build\index.js:832:12)
    at Runtime.requireModuleOrMock (D:\ETSII\4 CARRERA\2C\TFG\MNModeler\node_modules\jest-runtime\build\index.js:964:21)
    at Object.require (D:\ETSII\4 CARRERA\2C\TFG\MNModeler\app\modules\multinotationModeler\index.js:8:1)
    at Runtime._execModule (D:\ETSII\4 CARRERA\2C\TFG\MNModeler\node_modules\jest-runtime\build\index.js:1268:24)
    at Runtime._loadModule (D:\ETSII\4 CARRERA\2C\TFG\MNModeler\node_modules\jest-runtime\build\index.js:944:12)
    at Runtime.requireModule (D:\ETSII\4 CARRERA\2C\TFG\MNModeler\node_modules\jest-runtime\build\index.js:832:12)
    at Runtime.requireModuleOrMock (D:\ETSII\4 CARRERA\2C\TFG\MNModeler\node_modules\jest-runtime\build\index.js:964:21)
    at Object.require (D:\ETSII\4 CARRERA\2C\TFG\MNModeler\app\modules\index.js:8:1)
    at Runtime._execModule (D:\ETSII\4 CARRERA\2C\TFG\MNModeler\node_modules\jest-runtime\build\index.js:1268:24)
    at Runtime._loadModule (D:\ETSII\4 CARRERA\2C\TFG\MNModeler\node_modules\jest-runtime\build\index.js:944:12)
    at Runtime.requireModule (D:\ETSII\4 CARRERA\2C\TFG\MNModeler\node_modules\jest-runtime\build\index.js:832:12)
    at Runtime.requireModuleOrMock (D:\ETSII\4 CARRERA\2C\TFG\MNModeler\node_modules\jest-runtime\build\index.js:964:21)
    at require (D:\ETSII\4 CARRERA\2C\TFG\MNModeler\tests\8.1-unitarias\multinotation-core-real.test.js:43:71)
    at processTicksAndRejections (node:internal/process/task_queues:105:5)</failure>
    </testcase>
    <testcase classname="8.1 MultiNotation Core - Código Real Sin Fallbacks REAL: MultiNotationModelerCore debe instanciar MultiNotationModelerCore real sin fallbacks" name="8.1 MultiNotation Core - Código Real Sin Fallbacks REAL: MultiNotationModelerCore debe instanciar MultiNotationModelerCore real sin fallbacks" time="0.327">
    </testcase>
    <testcase classname="8.1 MultiNotation Core - Código Real Sin Fallbacks REAL: MultiNotationModelerCore debe inicializar core real y publicar core.initialized" name="8.1 MultiNotation Core - Código Real Sin Fallbacks REAL: MultiNotationModelerCore debe inicializar core real y publicar core.initialized" time="0.098">
      <failure>Error: expect(received).toBe(expected) // Object.is equality

Expected: 1
Received: 0
    at toBe (D:\ETSII\4 CARRERA\2C\TFG\MNModeler\tests\8.1-unitarias\multinotation-core-real.test.js:121:33)
    at Generator.call (D:\ETSII\4 CARRERA\2C\TFG\MNModeler\tests\8.1-unitarias\multinotation-core-real.test.js:2:1)
    at Generator._invoke [as next] (D:\ETSII\4 CARRERA\2C\TFG\MNModeler\tests\8.1-unitarias\multinotation-core-real.test.js:2:1)
    at asyncGeneratorStep (D:\ETSII\4 CARRERA\2C\TFG\MNModeler\tests\8.1-unitarias\multinotation-core-real.test.js:2:1)
    at asyncGeneratorStep (D:\ETSII\4 CARRERA\2C\TFG\MNModeler\tests\8.1-unitarias\multinotation-core-real.test.js:2:1)
    at processTicksAndRejections (node:internal/process/task_queues:105:5)</failure>
    </testcase>
    <testcase classname="8.1 MultiNotation Core - Código Real Sin Fallbacks REAL: Comunicación Entre Notaciones debe coordinar BPMN -&gt; PPINOT usando código real" name="8.1 MultiNotation Core - Código Real Sin Fallbacks REAL: Comunicación Entre Notaciones debe coordinar BPMN -&gt; PPINOT usando código real" time="0.006">
      <failure>Error: expect(received).toBe(expected) // Object.is equality

Expected: 1
Received: 0
    at toBe (D:\ETSII\4 CARRERA\2C\TFG\MNModeler\tests\8.1-unitarias\multinotation-core-real.test.js:167:41)
    at Generator.call (D:\ETSII\4 CARRERA\2C\TFG\MNModeler\tests\8.1-unitarias\multinotation-core-real.test.js:2:1)
    at Generator._invoke [as next] (D:\ETSII\4 CARRERA\2C\TFG\MNModeler\tests\8.1-unitarias\multinotation-core-real.test.js:2:1)
    at asyncGeneratorStep (D:\ETSII\4 CARRERA\2C\TFG\MNModeler\tests\8.1-unitarias\multinotation-core-real.test.js:2:1)
    at asyncGeneratorStep (D:\ETSII\4 CARRERA\2C\TFG\MNModeler\tests\8.1-unitarias\multinotation-core-real.test.js:2:1)
    at processTicksAndRejections (node:internal/process/task_queues:105:5)</failure>
    </testcase>
    <testcase classname="8.1 MultiNotation Core - Código Real Sin Fallbacks REAL: Validación Cross-Notación debe validar consistencia real entre BPMN, PPINOT y RASCI" name="8.1 MultiNotation Core - Código Real Sin Fallbacks REAL: Validación Cross-Notación debe validar consistencia real entre BPMN, PPINOT y RASCI" time="0.016">
    </testcase>
    <testcase classname="8.1 MultiNotation Core - Código Real Sin Fallbacks REAL: Detección de Fallos del Sistema debe fallar si MultiNotationModelerCore real está roto" name="8.1 MultiNotation Core - Código Real Sin Fallbacks REAL: Detección de Fallos del Sistema debe fallar si MultiNotationModelerCore real está roto" time="0.01">
    </testcase>
    <testcase classname="8.1 MultiNotation Core - Código Real Sin Fallbacks REAL: Detección de Fallos del Sistema debe reproducir problema real de targets PPINOT" name="8.1 MultiNotation Core - Código Real Sin Fallbacks REAL: Detección de Fallos del Sistema debe reproducir problema real de targets PPINOT" time="0.008">
    </testcase>
  </testsuite>
  <testsuite name="8.1 Verificación Real del Sistema MNModeler" errors="0" failures="3" skipped="0" timestamp="2025-09-18T12:01:02" time="2.993" tests="14">
    <testcase classname="8.1 Verificación Real del Sistema MNModeler Verificación: EventBus Funciona Realmente debe comunicar eventos entre módulos REALES" name="8.1 Verificación Real del Sistema MNModeler Verificación: EventBus Funciona Realmente debe comunicar eventos entre módulos REALES" time="0.147">
    </testcase>
    <testcase classname="8.1 Verificación Real del Sistema MNModeler Verificación: EventBus Funciona Realmente debe mantener historial real de eventos" name="8.1 Verificación Real del Sistema MNModeler Verificación: EventBus Funciona Realmente debe mantener historial real de eventos" time="0.007">
      <failure>Error: expect(received).toBe(expected) // Object.is equality

Expected: 3
Received: 4
    at Object.toBe (D:\ETSII\4 CARRERA\2C\TFG\MNModeler\tests\8.1-unitarias\sistema-funcionamiento-real.test.js:64:30)
    at Promise.finally.completed (D:\ETSII\4 CARRERA\2C\TFG\MNModeler\node_modules\jest-circus\build\jestAdapterInit.js:1556:28)
    at new Promise (&lt;anonymous&gt;)
    at callAsyncCircusFn (D:\ETSII\4 CARRERA\2C\TFG\MNModeler\node_modules\jest-circus\build\jestAdapterInit.js:1496:10)
    at _callCircusTest (D:\ETSII\4 CARRERA\2C\TFG\MNModeler\node_modules\jest-circus\build\jestAdapterInit.js:1006:40)
    at processTicksAndRejections (node:internal/process/task_queues:105:5)
    at _runTest (D:\ETSII\4 CARRERA\2C\TFG\MNModeler\node_modules\jest-circus\build\jestAdapterInit.js:946:3)
    at _runTestsForDescribeBlock (D:\ETSII\4 CARRERA\2C\TFG\MNModeler\node_modules\jest-circus\build\jestAdapterInit.js:839:13)
    at _runTestsForDescribeBlock (D:\ETSII\4 CARRERA\2C\TFG\MNModeler\node_modules\jest-circus\build\jestAdapterInit.js:829:11)
    at _runTestsForDescribeBlock (D:\ETSII\4 CARRERA\2C\TFG\MNModeler\node_modules\jest-circus\build\jestAdapterInit.js:829:11)
    at run (D:\ETSII\4 CARRERA\2C\TFG\MNModeler\node_modules\jest-circus\build\jestAdapterInit.js:757:3)
    at runAndTransformResultsToJestFormat (D:\ETSII\4 CARRERA\2C\TFG\MNModeler\node_modules\jest-circus\build\jestAdapterInit.js:1917:21)
    at jestAdapter (D:\ETSII\4 CARRERA\2C\TFG\MNModeler\node_modules\jest-circus\build\runner.js:101:19)
    at runTestInternal (D:\ETSII\4 CARRERA\2C\TFG\MNModeler\node_modules\jest-runner\build\testWorker.js:275:16)
    at runTest (D:\ETSII\4 CARRERA\2C\TFG\MNModeler\node_modules\jest-runner\build\testWorker.js:343:7)
    at Object.worker (D:\ETSII\4 CARRERA\2C\TFG\MNModeler\node_modules\jest-runner\build\testWorker.js:497:12)</failure>
    </testcase>
    <testcase classname="8.1 Verificación Real del Sistema MNModeler Verificación: EventBus Funciona Realmente debe fallar cuando se rompe la comunicación real" name="8.1 Verificación Real del Sistema MNModeler Verificación: EventBus Funciona Realmente debe fallar cuando se rompe la comunicación real" time="0.035">
    </testcase>
    <testcase classname="8.1 Verificación Real del Sistema MNModeler Verificación: ServiceRegistry Funciona Realmente debe registrar y resolver servicios REALES" name="8.1 Verificación Real del Sistema MNModeler Verificación: ServiceRegistry Funciona Realmente debe registrar y resolver servicios REALES" time="0.017">
    </testcase>
    <testcase classname="8.1 Verificación Real del Sistema MNModeler Verificación: ServiceRegistry Funciona Realmente debe manejar inyección de dependencias REAL" name="8.1 Verificación Real del Sistema MNModeler Verificación: ServiceRegistry Funciona Realmente debe manejar inyección de dependencias REAL" time="0.037">
    </testcase>
    <testcase classname="8.1 Verificación Real del Sistema MNModeler Verificación: ServiceRegistry Funciona Realmente debe detectar dependencias circulares REALES" name="8.1 Verificación Real del Sistema MNModeler Verificación: ServiceRegistry Funciona Realmente debe detectar dependencias circulares REALES" time="0.005">
    </testcase>
    <testcase classname="8.1 Verificación Real del Sistema MNModeler Verificación: Persistencia Funciona Realmente debe guardar y recuperar datos REALES en localStorage" name="8.1 Verificación Real del Sistema MNModeler Verificación: Persistencia Funciona Realmente debe guardar y recuperar datos REALES en localStorage" time="0.007">
    </testcase>
    <testcase classname="8.1 Verificación Real del Sistema MNModeler Verificación: Persistencia Funciona Realmente debe detectar cuando localStorage realmente falla" name="8.1 Verificación Real del Sistema MNModeler Verificación: Persistencia Funciona Realmente debe detectar cuando localStorage realmente falla" time="0.006">
    </testcase>
    <testcase classname="8.1 Verificación Real del Sistema MNModeler Verificación: Multi-notación Funciona Realmente debe sincronizar cambios BPMN → RASCI realmente" name="8.1 Verificación Real del Sistema MNModeler Verificación: Multi-notación Funciona Realmente debe sincronizar cambios BPMN → RASCI realmente" time="0.011">
      <failure>Error: expect(received).toBe(expected) // Object.is equality

Expected: 2
Received: 8
    at toBe (D:\ETSII\4 CARRERA\2C\TFG\MNModeler\tests\8.1-unitarias\sistema-funcionamiento-real.test.js:385:30)
    at Generator.call (D:\ETSII\4 CARRERA\2C\TFG\MNModeler\tests\8.1-unitarias\sistema-funcionamiento-real.test.js:2:1)
    at Generator._invoke [as next] (D:\ETSII\4 CARRERA\2C\TFG\MNModeler\tests\8.1-unitarias\sistema-funcionamiento-real.test.js:2:1)
    at asyncGeneratorStep (D:\ETSII\4 CARRERA\2C\TFG\MNModeler\tests\8.1-unitarias\sistema-funcionamiento-real.test.js:2:1)
    at asyncGeneratorStep (D:\ETSII\4 CARRERA\2C\TFG\MNModeler\tests\8.1-unitarias\sistema-funcionamiento-real.test.js:2:1)
    at _next (D:\ETSII\4 CARRERA\2C\TFG\MNModeler\tests\8.1-unitarias\sistema-funcionamiento-real.test.js:2:1)
    at new Promise (&lt;anonymous&gt;)
    at Object.&lt;anonymous&gt; (D:\ETSII\4 CARRERA\2C\TFG\MNModeler\tests\8.1-unitarias\sistema-funcionamiento-real.test.js:2:1)
    at Promise.finally.completed (D:\ETSII\4 CARRERA\2C\TFG\MNModeler\node_modules\jest-circus\build\jestAdapterInit.js:1556:28)
    at new Promise (&lt;anonymous&gt;)
    at callAsyncCircusFn (D:\ETSII\4 CARRERA\2C\TFG\MNModeler\node_modules\jest-circus\build\jestAdapterInit.js:1496:10)
    at _callCircusTest (D:\ETSII\4 CARRERA\2C\TFG\MNModeler\node_modules\jest-circus\build\jestAdapterInit.js:1006:40)
    at processTicksAndRejections (node:internal/process/task_queues:105:5)
    at _runTest (D:\ETSII\4 CARRERA\2C\TFG\MNModeler\node_modules\jest-circus\build\jestAdapterInit.js:946:3)
    at _runTestsForDescribeBlock (D:\ETSII\4 CARRERA\2C\TFG\MNModeler\node_modules\jest-circus\build\jestAdapterInit.js:839:13)
    at _runTestsForDescribeBlock (D:\ETSII\4 CARRERA\2C\TFG\MNModeler\node_modules\jest-circus\build\jestAdapterInit.js:829:11)
    at _runTestsForDescribeBlock (D:\ETSII\4 CARRERA\2C\TFG\MNModeler\node_modules\jest-circus\build\jestAdapterInit.js:829:11)
    at run (D:\ETSII\4 CARRERA\2C\TFG\MNModeler\node_modules\jest-circus\build\jestAdapterInit.js:757:3)
    at runAndTransformResultsToJestFormat (D:\ETSII\4 CARRERA\2C\TFG\MNModeler\node_modules\jest-circus\build\jestAdapterInit.js:1917:21)
    at jestAdapter (D:\ETSII\4 CARRERA\2C\TFG\MNModeler\node_modules\jest-circus\build\runner.js:101:19)
    at runTestInternal (D:\ETSII\4 CARRERA\2C\TFG\MNModeler\node_modules\jest-runner\build\testWorker.js:275:16)
    at runTest (D:\ETSII\4 CARRERA\2C\TFG\MNModeler\node_modules\jest-runner\build\testWorker.js:343:7)
    at Object.worker (D:\ETSII\4 CARRERA\2C\TFG\MNModeler\node_modules\jest-runner\build\testWorker.js:497:12)</failure>
    </testcase>
    <testcase classname="8.1 Verificación Real del Sistema MNModeler Verificación: Multi-notación Funciona Realmente debe validar consistencia multi-notación REAL" name="8.1 Verificación Real del Sistema MNModeler Verificación: Multi-notación Funciona Realmente debe validar consistencia multi-notación REAL" time="0.009">
      <failure>Error: expect(received).toBe(expected) // Object.is equality

Expected: &quot;validation.errors.detected&quot;
Received: undefined
    at toBe (D:\ETSII\4 CARRERA\2C\TFG\MNModeler\tests\8.1-unitarias\sistema-funcionamiento-real.test.js:454:53)
    at Generator.call (D:\ETSII\4 CARRERA\2C\TFG\MNModeler\tests\8.1-unitarias\sistema-funcionamiento-real.test.js:2:1)
    at Generator._invoke [as next] (D:\ETSII\4 CARRERA\2C\TFG\MNModeler\tests\8.1-unitarias\sistema-funcionamiento-real.test.js:2:1)
    at asyncGeneratorStep (D:\ETSII\4 CARRERA\2C\TFG\MNModeler\tests\8.1-unitarias\sistema-funcionamiento-real.test.js:2:1)
    at asyncGeneratorStep (D:\ETSII\4 CARRERA\2C\TFG\MNModeler\tests\8.1-unitarias\sistema-funcionamiento-real.test.js:2:1)
    at _next (D:\ETSII\4 CARRERA\2C\TFG\MNModeler\tests\8.1-unitarias\sistema-funcionamiento-real.test.js:2:1)
    at new Promise (&lt;anonymous&gt;)
    at Object.&lt;anonymous&gt; (D:\ETSII\4 CARRERA\2C\TFG\MNModeler\tests\8.1-unitarias\sistema-funcionamiento-real.test.js:2:1)
    at Promise.finally.completed (D:\ETSII\4 CARRERA\2C\TFG\MNModeler\node_modules\jest-circus\build\jestAdapterInit.js:1556:28)
    at new Promise (&lt;anonymous&gt;)
    at callAsyncCircusFn (D:\ETSII\4 CARRERA\2C\TFG\MNModeler\node_modules\jest-circus\build\jestAdapterInit.js:1496:10)
    at _callCircusTest (D:\ETSII\4 CARRERA\2C\TFG\MNModeler\node_modules\jest-circus\build\jestAdapterInit.js:1006:40)
    at processTicksAndRejections (node:internal/process/task_queues:105:5)
    at _runTest (D:\ETSII\4 CARRERA\2C\TFG\MNModeler\node_modules\jest-circus\build\jestAdapterInit.js:946:3)
    at _runTestsForDescribeBlock (D:\ETSII\4 CARRERA\2C\TFG\MNModeler\node_modules\jest-circus\build\jestAdapterInit.js:839:13)
    at _runTestsForDescribeBlock (D:\ETSII\4 CARRERA\2C\TFG\MNModeler\node_modules\jest-circus\build\jestAdapterInit.js:829:11)
    at _runTestsForDescribeBlock (D:\ETSII\4 CARRERA\2C\TFG\MNModeler\node_modules\jest-circus\build\jestAdapterInit.js:829:11)
    at run (D:\ETSII\4 CARRERA\2C\TFG\MNModeler\node_modules\jest-circus\build\jestAdapterInit.js:757:3)
    at runAndTransformResultsToJestFormat (D:\ETSII\4 CARRERA\2C\TFG\MNModeler\node_modules\jest-circus\build\jestAdapterInit.js:1917:21)
    at jestAdapter (D:\ETSII\4 CARRERA\2C\TFG\MNModeler\node_modules\jest-circus\build\runner.js:101:19)
    at runTestInternal (D:\ETSII\4 CARRERA\2C\TFG\MNModeler\node_modules\jest-runner\build\testWorker.js:275:16)
    at runTest (D:\ETSII\4 CARRERA\2C\TFG\MNModeler\node_modules\jest-runner\build\testWorker.js:343:7)
    at Object.worker (D:\ETSII\4 CARRERA\2C\TFG\MNModeler\node_modules\jest-runner\build\testWorker.js:497:12)</failure>
    </testcase>
    <testcase classname="8.1 Verificación Real del Sistema MNModeler Verificación: Multi-notación Funciona Realmente debe procesar flujo completo REAL: BPMN → PPINOT → RASCI" name="8.1 Verificación Real del Sistema MNModeler Verificación: Multi-notación Funciona Realmente debe procesar flujo completo REAL: BPMN → PPINOT → RASCI" time="0.003">
    </testcase>
    <testcase classname="8.1 Verificación Real del Sistema MNModeler Tests Negativos: Sistema Debe Fallar Cuando Corresponde debe fallar cuando se corrompe el EventBus REAL" name="8.1 Verificación Real del Sistema MNModeler Tests Negativos: Sistema Debe Fallar Cuando Corresponde debe fallar cuando se corrompe el EventBus REAL" time="0.003">
    </testcase>
    <testcase classname="8.1 Verificación Real del Sistema MNModeler Tests Negativos: Sistema Debe Fallar Cuando Corresponde debe fallar cuando se registra servicio inválido REAL" name="8.1 Verificación Real del Sistema MNModeler Tests Negativos: Sistema Debe Fallar Cuando Corresponde debe fallar cuando se registra servicio inválido REAL" time="0.005">
    </testcase>
    <testcase classname="8.1 Verificación Real del Sistema MNModeler Tests Negativos: Sistema Debe Fallar Cuando Corresponde debe fallar cuando hay inconsistencias REALES en multi-notación" name="8.1 Verificación Real del Sistema MNModeler Tests Negativos: Sistema Debe Fallar Cuando Corresponde debe fallar cuando hay inconsistencias REALES en multi-notación" time="0.003">
    </testcase>
  </testsuite>
  <testsuite name="8.1 InitializeApplication - SOLUCIONADO" errors="0" failures="6" skipped="0" timestamp="2025-09-18T12:01:05" time="0.37" tests="7">
    <testcase classname="8.1 InitializeApplication - SOLUCIONADO REAL: Importación Sin Problemas ESM debe importar initializeApplication SIN errores ESM" name="8.1 InitializeApplication - SOLUCIONADO REAL: Importación Sin Problemas ESM debe importar initializeApplication SIN errores ESM" time="0.148">
      <failure>Jest encountered an unexpected token

Jest failed to parse a file. This happens e.g. when your code or its dependencies use non-standard JavaScript syntax, or when Jest is not configured to support such syntax.

Out of the box Jest supports Babel, which will be used to transform your files into valid JS based on your Babel configuration.

By default &quot;node_modules&quot; folder is ignored by transformers.

Here&apos;s what you can do:
 • If you are trying to use ECMAScript Modules, see https://jestjs.io/docs/ecmascript-modules for how to enable it.
 • If you are trying to use TypeScript, see https://jestjs.io/docs/getting-started#using-typescript
 • To have some of your &quot;node_modules&quot; files transformed, you can specify a custom &quot;transformIgnorePatterns&quot; in your config.
 • If you need a custom transformation, specify a &quot;transform&quot; option in your config.
 • If you simply want to mock your non-JS modules (e.g. binary assets) you can stub them out with the &quot;moduleNameMapper&quot; config option.

You&apos;ll find more details and examples of these config options in the docs:
https://jestjs.io/docs/configuration
For information about custom transformations, see:
https://jestjs.io/docs/code-transformation

Details:

D:\ETSII\4 CARRERA\2C\TFG\MNModeler\node_modules\bpmn-js\lib\util\ModelUtil.js:1
import {
^^^^^^

SyntaxError: Cannot use import statement outside a module
    at internalCompileFunction (node:internal/vm:128:18)
    at compileFunction (node:vm:365:10)
    at Runtime.createScriptFromCode (D:\ETSII\4 CARRERA\2C\TFG\MNModeler\node_modules\jest-runtime\build\index.js:1318:40)
    at Runtime._execModule (D:\ETSII\4 CARRERA\2C\TFG\MNModeler\node_modules\jest-runtime\build\index.js:1244:35)
    at Runtime._loadModule (D:\ETSII\4 CARRERA\2C\TFG\MNModeler\node_modules\jest-runtime\build\index.js:944:12)
    at Runtime.requireModule (D:\ETSII\4 CARRERA\2C\TFG\MNModeler\node_modules\jest-runtime\build\index.js:832:12)
    at Runtime.requireModuleOrMock (D:\ETSII\4 CARRERA\2C\TFG\MNModeler\node_modules\jest-runtime\build\index.js:964:21)
    at Object.require (D:\ETSII\4 CARRERA\2C\TFG\MNModeler\app\modules\multinotationModeler\notations\ppinot\utils\LabelUtil.js:1:1)
    at Runtime._execModule (D:\ETSII\4 CARRERA\2C\TFG\MNModeler\node_modules\jest-runtime\build\index.js:1268:24)
    at Runtime._loadModule (D:\ETSII\4 CARRERA\2C\TFG\MNModeler\node_modules\jest-runtime\build\index.js:944:12)
    at Runtime.requireModule (D:\ETSII\4 CARRERA\2C\TFG\MNModeler\node_modules\jest-runtime\build\index.js:832:12)
    at Runtime.requireModuleOrMock (D:\ETSII\4 CARRERA\2C\TFG\MNModeler\node_modules\jest-runtime\build\index.js:964:21)
    at Object.require (D:\ETSII\4 CARRERA\2C\TFG\MNModeler\app\modules\multinotationModeler\index.js:11:1)
    at Runtime._execModule (D:\ETSII\4 CARRERA\2C\TFG\MNModeler\node_modules\jest-runtime\build\index.js:1268:24)
    at Runtime._loadModule (D:\ETSII\4 CARRERA\2C\TFG\MNModeler\node_modules\jest-runtime\build\index.js:944:12)
    at Runtime.requireModule (D:\ETSII\4 CARRERA\2C\TFG\MNModeler\node_modules\jest-runtime\build\index.js:832:12)
    at Runtime.requireModuleOrMock (D:\ETSII\4 CARRERA\2C\TFG\MNModeler\node_modules\jest-runtime\build\index.js:964:21)
    at Object.require (D:\ETSII\4 CARRERA\2C\TFG\MNModeler\app\modules\index.js:8:1)
    at Runtime._execModule (D:\ETSII\4 CARRERA\2C\TFG\MNModeler\node_modules\jest-runtime\build\index.js:1268:24)
    at Runtime._loadModule (D:\ETSII\4 CARRERA\2C\TFG\MNModeler\node_modules\jest-runtime\build\index.js:944:12)
    at Runtime.requireModule (D:\ETSII\4 CARRERA\2C\TFG\MNModeler\node_modules\jest-runtime\build\index.js:832:12)
    at Runtime.requireModuleOrMock (D:\ETSII\4 CARRERA\2C\TFG\MNModeler\node_modules\jest-runtime\build\index.js:964:21)
    at require (D:\ETSII\4 CARRERA\2C\TFG\MNModeler\tests\8.1-unitarias\initialize-application-fixed.test.js:112:65)
    at processTicksAndRejections (node:internal/process/task_queues:105:5)</failure>
    </testcase>
    <testcase classname="8.1 InitializeApplication - SOLUCIONADO REAL: Importación Sin Problemas ESM debe crear instancia BpmnModeler usando mock" name="8.1 InitializeApplication - SOLUCIONADO REAL: Importación Sin Problemas ESM debe crear instancia BpmnModeler usando mock" time="0.028">
    </testcase>
    <testcase classname="8.1 InitializeApplication - SOLUCIONADO REAL: Inicialización de Aplicación debe ejecutar initializeApplication con módulos reales" name="8.1 InitializeApplication - SOLUCIONADO REAL: Inicialización de Aplicación debe ejecutar initializeApplication con módulos reales" time="0.003">
      <failure>Jest encountered an unexpected token

Jest failed to parse a file. This happens e.g. when your code or its dependencies use non-standard JavaScript syntax, or when Jest is not configured to support such syntax.

Out of the box Jest supports Babel, which will be used to transform your files into valid JS based on your Babel configuration.

By default &quot;node_modules&quot; folder is ignored by transformers.

Here&apos;s what you can do:
 • If you are trying to use ECMAScript Modules, see https://jestjs.io/docs/ecmascript-modules for how to enable it.
 • If you are trying to use TypeScript, see https://jestjs.io/docs/getting-started#using-typescript
 • To have some of your &quot;node_modules&quot; files transformed, you can specify a custom &quot;transformIgnorePatterns&quot; in your config.
 • If you need a custom transformation, specify a &quot;transform&quot; option in your config.
 • If you simply want to mock your non-JS modules (e.g. binary assets) you can stub them out with the &quot;moduleNameMapper&quot; config option.

You&apos;ll find more details and examples of these config options in the docs:
https://jestjs.io/docs/configuration
For information about custom transformations, see:
https://jestjs.io/docs/code-transformation

Details:

D:\ETSII\4 CARRERA\2C\TFG\MNModeler\node_modules\bpmn-js\lib\util\ModelUtil.js:1
import {
^^^^^^

SyntaxError: Cannot use import statement outside a module
    at internalCompileFunction (node:internal/vm:128:18)
    at compileFunction (node:vm:365:10)
    at Runtime.createScriptFromCode (D:\ETSII\4 CARRERA\2C\TFG\MNModeler\node_modules\jest-runtime\build\index.js:1318:40)
    at Runtime._execModule (D:\ETSII\4 CARRERA\2C\TFG\MNModeler\node_modules\jest-runtime\build\index.js:1244:35)
    at Runtime._loadModule (D:\ETSII\4 CARRERA\2C\TFG\MNModeler\node_modules\jest-runtime\build\index.js:944:12)
    at Runtime.requireModule (D:\ETSII\4 CARRERA\2C\TFG\MNModeler\node_modules\jest-runtime\build\index.js:832:12)
    at Runtime.requireModuleOrMock (D:\ETSII\4 CARRERA\2C\TFG\MNModeler\node_modules\jest-runtime\build\index.js:964:21)
    at Object.require (D:\ETSII\4 CARRERA\2C\TFG\MNModeler\app\modules\multinotationModeler\notations\ppinot\utils\LabelUtil.js:1:1)
    at Runtime._execModule (D:\ETSII\4 CARRERA\2C\TFG\MNModeler\node_modules\jest-runtime\build\index.js:1268:24)
    at Runtime._loadModule (D:\ETSII\4 CARRERA\2C\TFG\MNModeler\node_modules\jest-runtime\build\index.js:944:12)
    at Runtime.requireModule (D:\ETSII\4 CARRERA\2C\TFG\MNModeler\node_modules\jest-runtime\build\index.js:832:12)
    at Runtime.requireModuleOrMock (D:\ETSII\4 CARRERA\2C\TFG\MNModeler\node_modules\jest-runtime\build\index.js:964:21)
    at Object.require (D:\ETSII\4 CARRERA\2C\TFG\MNModeler\app\modules\multinotationModeler\index.js:11:1)
    at Runtime._execModule (D:\ETSII\4 CARRERA\2C\TFG\MNModeler\node_modules\jest-runtime\build\index.js:1268:24)
    at Runtime._loadModule (D:\ETSII\4 CARRERA\2C\TFG\MNModeler\node_modules\jest-runtime\build\index.js:944:12)
    at Runtime.requireModule (D:\ETSII\4 CARRERA\2C\TFG\MNModeler\node_modules\jest-runtime\build\index.js:832:12)
    at Runtime.requireModuleOrMock (D:\ETSII\4 CARRERA\2C\TFG\MNModeler\node_modules\jest-runtime\build\index.js:964:21)
    at Object.require (D:\ETSII\4 CARRERA\2C\TFG\MNModeler\app\modules\index.js:8:1)
    at Runtime._execModule (D:\ETSII\4 CARRERA\2C\TFG\MNModeler\node_modules\jest-runtime\build\index.js:1268:24)
    at Runtime._loadModule (D:\ETSII\4 CARRERA\2C\TFG\MNModeler\node_modules\jest-runtime\build\index.js:944:12)
    at Runtime.requireModule (D:\ETSII\4 CARRERA\2C\TFG\MNModeler\node_modules\jest-runtime\build\index.js:832:12)
    at Runtime.requireModuleOrMock (D:\ETSII\4 CARRERA\2C\TFG\MNModeler\node_modules\jest-runtime\build\index.js:964:21)
    at require (D:\ETSII\4 CARRERA\2C\TFG\MNModeler\tests\8.1-unitarias\initialize-application-fixed.test.js:143:68)
    at processTicksAndRejections (node:internal/process/task_queues:105:5)</failure>
    </testcase>
    <testcase classname="8.1 InitializeApplication - SOLUCIONADO REAL: Inicialización de Aplicación debe registrar servicios en ServiceRegistry real" name="8.1 InitializeApplication - SOLUCIONADO REAL: Inicialización de Aplicación debe registrar servicios en ServiceRegistry real" time="0.008">
      <failure>Jest encountered an unexpected token

Jest failed to parse a file. This happens e.g. when your code or its dependencies use non-standard JavaScript syntax, or when Jest is not configured to support such syntax.

Out of the box Jest supports Babel, which will be used to transform your files into valid JS based on your Babel configuration.

By default &quot;node_modules&quot; folder is ignored by transformers.

Here&apos;s what you can do:
 • If you are trying to use ECMAScript Modules, see https://jestjs.io/docs/ecmascript-modules for how to enable it.
 • If you are trying to use TypeScript, see https://jestjs.io/docs/getting-started#using-typescript
 • To have some of your &quot;node_modules&quot; files transformed, you can specify a custom &quot;transformIgnorePatterns&quot; in your config.
 • If you need a custom transformation, specify a &quot;transform&quot; option in your config.
 • If you simply want to mock your non-JS modules (e.g. binary assets) you can stub them out with the &quot;moduleNameMapper&quot; config option.

You&apos;ll find more details and examples of these config options in the docs:
https://jestjs.io/docs/configuration
For information about custom transformations, see:
https://jestjs.io/docs/code-transformation

Details:

D:\ETSII\4 CARRERA\2C\TFG\MNModeler\node_modules\bpmn-js\lib\util\ModelUtil.js:1
import {
^^^^^^

SyntaxError: Cannot use import statement outside a module
    at internalCompileFunction (node:internal/vm:128:18)
    at compileFunction (node:vm:365:10)
    at Runtime.createScriptFromCode (D:\ETSII\4 CARRERA\2C\TFG\MNModeler\node_modules\jest-runtime\build\index.js:1318:40)
    at Runtime._execModule (D:\ETSII\4 CARRERA\2C\TFG\MNModeler\node_modules\jest-runtime\build\index.js:1244:35)
    at Runtime._loadModule (D:\ETSII\4 CARRERA\2C\TFG\MNModeler\node_modules\jest-runtime\build\index.js:944:12)
    at Runtime.requireModule (D:\ETSII\4 CARRERA\2C\TFG\MNModeler\node_modules\jest-runtime\build\index.js:832:12)
    at Runtime.requireModuleOrMock (D:\ETSII\4 CARRERA\2C\TFG\MNModeler\node_modules\jest-runtime\build\index.js:964:21)
    at Object.require (D:\ETSII\4 CARRERA\2C\TFG\MNModeler\app\modules\multinotationModeler\notations\ppinot\utils\LabelUtil.js:1:1)
    at Runtime._execModule (D:\ETSII\4 CARRERA\2C\TFG\MNModeler\node_modules\jest-runtime\build\index.js:1268:24)
    at Runtime._loadModule (D:\ETSII\4 CARRERA\2C\TFG\MNModeler\node_modules\jest-runtime\build\index.js:944:12)
    at Runtime.requireModule (D:\ETSII\4 CARRERA\2C\TFG\MNModeler\node_modules\jest-runtime\build\index.js:832:12)
    at Runtime.requireModuleOrMock (D:\ETSII\4 CARRERA\2C\TFG\MNModeler\node_modules\jest-runtime\build\index.js:964:21)
    at Object.require (D:\ETSII\4 CARRERA\2C\TFG\MNModeler\app\modules\multinotationModeler\index.js:11:1)
    at Runtime._execModule (D:\ETSII\4 CARRERA\2C\TFG\MNModeler\node_modules\jest-runtime\build\index.js:1268:24)
    at Runtime._loadModule (D:\ETSII\4 CARRERA\2C\TFG\MNModeler\node_modules\jest-runtime\build\index.js:944:12)
    at Runtime.requireModule (D:\ETSII\4 CARRERA\2C\TFG\MNModeler\node_modules\jest-runtime\build\index.js:832:12)
    at Runtime.requireModuleOrMock (D:\ETSII\4 CARRERA\2C\TFG\MNModeler\node_modules\jest-runtime\build\index.js:964:21)
    at Object.require (D:\ETSII\4 CARRERA\2C\TFG\MNModeler\app\modules\index.js:8:1)
    at Runtime._execModule (D:\ETSII\4 CARRERA\2C\TFG\MNModeler\node_modules\jest-runtime\build\index.js:1268:24)
    at Runtime._loadModule (D:\ETSII\4 CARRERA\2C\TFG\MNModeler\node_modules\jest-runtime\build\index.js:944:12)
    at Runtime.requireModule (D:\ETSII\4 CARRERA\2C\TFG\MNModeler\node_modules\jest-runtime\build\index.js:832:12)
    at Runtime.requireModuleOrMock (D:\ETSII\4 CARRERA\2C\TFG\MNModeler\node_modules\jest-runtime\build\index.js:964:21)
    at require (D:\ETSII\4 CARRERA\2C\TFG\MNModeler\tests\8.1-unitarias\initialize-application-fixed.test.js:195:7)
    at processTicksAndRejections (node:internal/process/task_queues:105:5)</failure>
    </testcase>
    <testcase classname="8.1 InitializeApplication - SOLUCIONADO REAL: EventBus Integration debe usar EventBus real para comunicación" name="8.1 InitializeApplication - SOLUCIONADO REAL: EventBus Integration debe usar EventBus real para comunicación" time="0.004">
      <failure>Jest encountered an unexpected token

Jest failed to parse a file. This happens e.g. when your code or its dependencies use non-standard JavaScript syntax, or when Jest is not configured to support such syntax.

Out of the box Jest supports Babel, which will be used to transform your files into valid JS based on your Babel configuration.

By default &quot;node_modules&quot; folder is ignored by transformers.

Here&apos;s what you can do:
 • If you are trying to use ECMAScript Modules, see https://jestjs.io/docs/ecmascript-modules for how to enable it.
 • If you are trying to use TypeScript, see https://jestjs.io/docs/getting-started#using-typescript
[...]
    </testcase>
  </testsuite>
  <testsuite name="8.1 Pruebas Unitarias - BPMN Validators Avanzados" errors="0" failures="0" skipped="0" timestamp="2025-09-18T12:01:06" time="0.163" tests="10">
    <testcase classname="8.1 Pruebas Unitarias - BPMN Validators Avanzados Validación de Estructura .mmproject debe validar proyecto .mmproject válido" name="8.1 Pruebas Unitarias - BPMN Validators Avanzados Validación de Estructura .mmproject debe validar proyecto .mmproject válido" time="0.016">
    </testcase>
    <testcase classname="8.1 Pruebas Unitarias - BPMN Validators Avanzados Validación de Estructura .mmproject debe rechazar proyecto con campos faltantes" name="8.1 Pruebas Unitarias - BPMN Validators Avanzados Validación de Estructura .mmproject debe rechazar proyecto con campos faltantes" time="0.001">
    </testcase>
    <testcase classname="8.1 Pruebas Unitarias - BPMN Validators Avanzados Validación de Estructura .mmproject debe rechazar datos no válidos" name="8.1 Pruebas Unitarias - BPMN Validators Avanzados Validación de Estructura .mmproject debe rechazar datos no válidos" time="0.001">
    </testcase>
    <testcase classname="8.1 Pruebas Unitarias - BPMN Validators Avanzados Validación de Contenido BPMN debe validar XML BPMN correcto" name="8.1 Pruebas Unitarias - BPMN Validators Avanzados Validación de Contenido BPMN debe validar XML BPMN correcto" time="0">
    </testcase>
    <testcase classname="8.1 Pruebas Unitarias - BPMN Validators Avanzados Validación de Contenido BPMN debe rechazar XML BPMN inválido" name="8.1 Pruebas Unitarias - BPMN Validators Avanzados Validación de Contenido BPMN debe rechazar XML BPMN inválido" time="0.007">
    </testcase>
    <testcase classname="8.1 Pruebas Unitarias - BPMN Validators Avanzados Validación de Contenido PPINOT debe validar estructura PPINOT correcta" name="8.1 Pruebas Unitarias - BPMN Validators Avanzados Validación de Contenido PPINOT debe validar estructura PPINOT correcta" time="0.001">
    </testcase>
    <testcase classname="8.1 Pruebas Unitarias - BPMN Validators Avanzados Validación de Contenido PPINOT debe rechazar estructura PPINOT inválida" name="8.1 Pruebas Unitarias - BPMN Validators Avanzados Validación de Contenido PPINOT debe rechazar estructura PPINOT inválida" time="0.008">
    </testcase>
    <testcase classname="8.1 Pruebas Unitarias - BPMN Validators Avanzados Validación de Contenido RASCI debe validar matriz RASCI correcta" name="8.1 Pruebas Unitarias - BPMN Validators Avanzados Validación de Contenido RASCI debe validar matriz RASCI correcta" time="0.001">
    </testcase>
    <testcase classname="8.1 Pruebas Unitarias - BPMN Validators Avanzados Validación de Contenido RASCI debe rechazar matriz RASCI inválida" name="8.1 Pruebas Unitarias - BPMN Validators Avanzados Validación de Contenido RASCI debe rechazar matriz RASCI inválida" time="0.011">
    </testcase>
    <testcase classname="8.1 Pruebas Unitarias - BPMN Validators Avanzados Validación de Contenido RASCI debe detectar violaciones de reglas RASCI" name="8.1 Pruebas Unitarias - BPMN Validators Avanzados Validación de Contenido RASCI debe detectar violaciones de reglas RASCI" time="0.001">
    </testcase>
  </testsuite>
  <testsuite name="8.1 Pruebas Unitarias - EventBus" errors="0" failures="0" skipped="0" timestamp="2025-09-18T12:01:06" time="0.247" tests="16">
    <testcase classname="8.1 Pruebas Unitarias - EventBus Gestión de Instancia Singleton debe crear instancia singleton correctamente" name="8.1 Pruebas Unitarias - EventBus Gestión de Instancia Singleton debe crear instancia singleton correctamente" time="0.002">
    </testcase>
    <testcase classname="8.1 Pruebas Unitarias - EventBus Gestión de Instancia Singleton debe mantener estado consistente entre llamadas" name="8.1 Pruebas Unitarias - EventBus Gestión de Instancia Singleton debe mantener estado consistente entre llamadas" time="0.011">
    </testcase>
    <testcase classname="8.1 Pruebas Unitarias - EventBus Suscripción y Publicación de Eventos debe registrar y ejecutar suscriptores correctamente" name="8.1 Pruebas Unitarias - EventBus Suscripción y Publicación de Eventos debe registrar y ejecutar suscriptores correctamente" time="0.002">
    </testcase>
    <testcase classname="8.1 Pruebas Unitarias - EventBus Suscripción y Publicación de Eventos debe manejar múltiples suscriptores para el mismo evento" name="8.1 Pruebas Unitarias - EventBus Suscripción y Publicación de Eventos debe manejar múltiples suscriptores para el mismo evento" time="0.004">
    </testcase>
    <testcase classname="8.1 Pruebas Unitarias - EventBus Suscripción y Publicación de Eventos debe desuscribir correctamente" name="8.1 Pruebas Unitarias - EventBus Suscripción y Publicación de Eventos debe desuscribir correctamente" time="0.002">
    </testcase>
    <testcase classname="8.1 Pruebas Unitarias - EventBus Eventos Específicos del Sistema Multi-notación debe manejar eventos BPMN → PPINOT" name="8.1 Pruebas Unitarias - EventBus Eventos Específicos del Sistema Multi-notación debe manejar eventos BPMN → PPINOT" time="0.001">
    </testcase>
    <testcase classname="8.1 Pruebas Unitarias - EventBus Eventos Específicos del Sistema Multi-notación debe manejar eventos BPMN → RASCI" name="8.1 Pruebas Unitarias - EventBus Eventos Específicos del Sistema Multi-notación debe manejar eventos BPMN → RASCI" time="0.001">
    </testcase>
    <testcase classname="8.1 Pruebas Unitarias - EventBus Eventos Específicos del Sistema Multi-notación debe manejar eventos RASCI → RALPH" name="8.1 Pruebas Unitarias - EventBus Eventos Específicos del Sistema Multi-notación debe manejar eventos RASCI → RALPH" time="0">
    </testcase>
    <testcase classname="8.1 Pruebas Unitarias - EventBus Gestión de Historial de Eventos debe mantener historial de eventos" name="8.1 Pruebas Unitarias - EventBus Gestión de Historial de Eventos debe mantener historial de eventos" time="0">
    </testcase>
    <testcase classname="8.1 Pruebas Unitarias - EventBus Gestión de Historial de Eventos debe respetar límite de historial" name="8.1 Pruebas Unitarias - EventBus Gestión de Historial de Eventos debe respetar límite de historial" time="0.001">
    </testcase>
    <testcase classname="8.1 Pruebas Unitarias - EventBus Gestión de Historial de Eventos debe incluir timestamp en historial" name="8.1 Pruebas Unitarias - EventBus Gestión de Historial de Eventos debe incluir timestamp en historial" time="0.001">
    </testcase>
    <testcase classname="8.1 Pruebas Unitarias - EventBus Manejo de Errores debe manejar callbacks que lanzan excepciones" name="8.1 Pruebas Unitarias - EventBus Manejo de Errores debe manejar callbacks que lanzan excepciones" time="0.071">
    </testcase>
    <testcase classname="8.1 Pruebas Unitarias - EventBus Manejo de Errores debe manejar eventos sin suscriptores" name="8.1 Pruebas Unitarias - EventBus Manejo de Errores debe manejar eventos sin suscriptores" time="0.002">
    </testcase>
    <testcase classname="8.1 Pruebas Unitarias - EventBus Manejo de Errores debe validar parámetros de suscripción" name="8.1 Pruebas Unitarias - EventBus Manejo de Errores debe validar parámetros de suscripción" time="0.004">
    </testcase>
    <testcase classname="8.1 Pruebas Unitarias - EventBus Limpieza y Reset debe limpiar todos los suscriptores" name="8.1 Pruebas Unitarias - EventBus Limpieza y Reset debe limpiar todos los suscriptores" time="0">
    </testcase>
    <testcase classname="8.1 Pruebas Unitarias - EventBus Limpieza y Reset debe limpiar historial" name="8.1 Pruebas Unitarias - EventBus Limpieza y Reset debe limpiar historial" time="0.001">
    </testcase>
  </testsuite>
  <testsuite name="8.1 Pruebas Unitarias - AutosaveManager" errors="0" failures="0" skipped="0" timestamp="2025-09-18T12:01:06" time="0.188" tests="19">
    <testcase classname="8.1 Pruebas Unitarias - AutosaveManager Inicialización del AutosaveManager debe inicializar correctamente con configuración por defecto" name="8.1 Pruebas Unitarias - AutosaveManager Inicialización del AutosaveManager debe inicializar correctamente con configuración por defecto" time="0.006">
    </testcase>
    <testcase classname="8.1 Pruebas Unitarias - AutosaveManager Inicialización del AutosaveManager debe inicializar con configuración personalizada" name="8.1 Pruebas Unitarias - AutosaveManager Inicialización del AutosaveManager debe inicializar con configuración personalizada" time="0.004">
    </testcase>
    <testcase classname="8.1 Pruebas Unitarias - AutosaveManager Inicialización del AutosaveManager debe configurar listeners de eventos automáticamente" name="8.1 Pruebas Unitarias - AutosaveManager Inicialización del AutosaveManager debe configurar listeners de eventos automáticamente" time="0.002">
    </testcase>
    <testcase classname="8.1 Pruebas Unitarias - AutosaveManager Detección de Cambios debe detectar cambios en elementos BPMN" name="8.1 Pruebas Unitarias - AutosaveManager Detección de Cambios debe detectar cambios en elementos BPMN" time="0.005">
    </testcase>
    <testcase classname="8.1 Pruebas Unitarias - AutosaveManager Detección de Cambios debe detectar adición de elementos" name="8.1 Pruebas Unitarias - AutosaveManager Detección de Cambios debe detectar adición de elementos" time="0.002">
    </testcase>
    <testcase classname="8.1 Pruebas Unitarias - AutosaveManager Detección de Cambios debe detectar eliminación de elementos" name="8.1 Pruebas Unitarias - AutosaveManager Detección de Cambios debe detectar eliminación de elementos" time="0.003">
    </testcase>
    <testcase classname="8.1 Pruebas Unitarias - AutosaveManager Ejecución de Autoguardado debe ejecutar autoguardado cuando hay cambios" name="8.1 Pruebas Unitarias - AutosaveManager Ejecución de Autoguardado debe ejecutar autoguardado cuando hay cambios" time="0.005">
    </testcase>
    <testcase classname="8.1 Pruebas Unitarias - AutosaveManager Ejecución de Autoguardado debe programar autoguardado automático" name="8.1 Pruebas Unitarias - AutosaveManager Ejecución de Autoguardado debe programar autoguardado automático" time="0.002">
    </testcase>
    <testcase classname="8.1 Pruebas Unitarias - AutosaveManager Ejecución de Autoguardado debe publicar evento de autoguardado completado" name="8.1 Pruebas Unitarias - AutosaveManager Ejecución de Autoguardado debe publicar evento de autoguardado completado" time="0.002">
    </testcase>
    <testcase classname="8.1 Pruebas Unitarias - AutosaveManager Ejecución de Autoguardado no debe ejecutar autoguardado si no hay cambios" name="8.1 Pruebas Unitarias - AutosaveManager Ejecución de Autoguardado no debe ejecutar autoguardado si no hay cambios" time="0.003">
    </testcase>
    <testcase classname="8.1 Pruebas Unitarias - AutosaveManager Ejecución de Autoguardado debe evitar autoguardados concurrentes" name="8.1 Pruebas Unitarias - AutosaveManager Ejecución de Autoguardado debe evitar autoguardados concurrentes" time="0.002">
    </testcase>
    <testcase classname="8.1 Pruebas Unitarias - AutosaveManager Manejo de Errores debe manejar errores del modelador" name="8.1 Pruebas Unitarias - AutosaveManager Manejo de Errores debe manejar errores del modelador" time="0.007">
    </testcase>
    <testcase classname="8.1 Pruebas Unitarias - AutosaveManager Manejo de Errores debe manejar errores del storage" name="8.1 Pruebas Unitarias - AutosaveManager Manejo de Errores debe manejar errores del storage" time="0.002">
    </testcase>
    <testcase classname="8.1 Pruebas Unitarias - AutosaveManager Control de Estado debe habilitar y deshabilitar autoguardado" name="8.1 Pruebas Unitarias - AutosaveManager Control de Estado debe habilitar y deshabilitar autoguardado" time="0.002">
    </testcase>
    <testcase classname="8.1 Pruebas Unitarias - AutosaveManager Control de Estado debe forzar autoguardado manualmente" name="8.1 Pruebas Unitarias - AutosaveManager Control de Estado debe forzar autoguardado manualmente" time="0.002">
    </testcase>
    <testcase classname="8.1 Pruebas Unitarias - AutosaveManager Control de Estado debe limpiar recursos al destruir" name="8.1 Pruebas Unitarias - AutosaveManager Control de Estado debe limpiar recursos al destruir" time="0.002">
    </testcase>
    <testcase classname="8.1 Pruebas Unitarias - AutosaveManager Integración con Sistema Multi-notación debe guardar datos de todas las notaciones" name="8.1 Pruebas Unitarias - AutosaveManager Integración con Sistema Multi-notación debe guardar datos de todas las notaciones" time="0.006">
    </testcase>
    <testcase classname="8.1 Pruebas Unitarias - AutosaveManager Integración con Sistema Multi-notación debe responder a cambios en RASCI" name="8.1 Pruebas Unitarias - AutosaveManager Integración con Sistema Multi-notación debe responder a cambios en RASCI" time="0.002">
    </testcase>
    <testcase classname="8.1 Pruebas Unitarias - AutosaveManager Integración con Sistema Multi-notación debe responder a cambios en PPINOT" name="8.1 Pruebas Unitarias - AutosaveManager Integración con Sistema Multi-notación debe responder a cambios en PPINOT" time="0.001">
    </testcase>
  </testsuite>
  <testsuite name="8.1 Pruebas Unitarias - ServiceRegistry" errors="0" failures="0" skipped="0" timestamp="2025-09-18T12:01:06" time="0.145" tests="11">
    <testcase classname="8.1 Pruebas Unitarias - ServiceRegistry Registro de Servicios debe registrar un servicio correctamente" name="8.1 Pruebas Unitarias - ServiceRegistry Registro de Servicios debe registrar un servicio correctamente" time="0.001">
    </testcase>
    <testcase classname="8.1 Pruebas Unitarias - ServiceRegistry Registro de Servicios debe sobrescribir servicio existente" name="8.1 Pruebas Unitarias - ServiceRegistry Registro de Servicios debe sobrescribir servicio existente" time="0">
    </testcase>
    <testcase classname="8.1 Pruebas Unitarias - ServiceRegistry Registro de Servicios debe manejar servicios con factory functions" name="8.1 Pruebas Unitarias - ServiceRegistry Registro de Servicios debe manejar servicios con factory functions" time="0.001">
    </testcase>
    <testcase classname="8.1 Pruebas Unitarias - ServiceRegistry Resolución de Servicios debe resolver servicio registrado" name="8.1 Pruebas Unitarias - ServiceRegistry Resolución de Servicios debe resolver servicio registrado" time="0.001">
    </testcase>
    <testcase classname="8.1 Pruebas Unitarias - ServiceRegistry Resolución de Servicios debe retornar undefined para servicio no registrado" name="8.1 Pruebas Unitarias - ServiceRegistry Resolución de Servicios debe retornar undefined para servicio no registrado" time="0">
    </testcase>
    <testcase classname="8.1 Pruebas Unitarias - ServiceRegistry Resolución de Servicios debe manejar servicios singleton" name="8.1 Pruebas Unitarias - ServiceRegistry Resolución de Servicios debe manejar servicios singleton" time="0.001">
    </testcase>
    <testcase classname="8.1 Pruebas Unitarias - ServiceRegistry Gestión de Dependencias debe resolver dependencias automáticamente" name="8.1 Pruebas Unitarias - ServiceRegistry Gestión de Dependencias debe resolver dependencias automáticamente" time="0.001">
    </testcase>
    <testcase classname="8.1 Pruebas Unitarias - ServiceRegistry Gestión de Dependencias debe manejar dependencias circulares" name="8.1 Pruebas Unitarias - ServiceRegistry Gestión de Dependencias debe manejar dependencias circulares" time="0.001">
    </testcase>
    <testcase classname="8.1 Pruebas Unitarias - ServiceRegistry Utilidades del Registry debe listar todos los servicios registrados" name="8.1 Pruebas Unitarias - ServiceRegistry Utilidades del Registry debe listar todos los servicios registrados" time="0.001">
    </testcase>
    <testcase classname="8.1 Pruebas Unitarias - ServiceRegistry Utilidades del Registry debe verificar existencia de servicios" name="8.1 Pruebas Unitarias - ServiceRegistry Utilidades del Registry debe verificar existencia de servicios" time="0">
    </testcase>
    <testcase classname="8.1 Pruebas Unitarias - ServiceRegistry Utilidades del Registry debe limpiar servicios" name="8.1 Pruebas Unitarias - ServiceRegistry Utilidades del Registry debe limpiar servicios" time="0.011">
    </testcase>
  </testsuite>
  <testsuite name="8.1 Pruebas Unitarias - BPMN Validators Avanzados" errors="0" failures="0" skipped="0" timestamp="2025-09-18T12:01:06" time="0.182" tests="11">
    <testcase classname="8.1 Pruebas Unitarias - BPMN Validators Avanzados Validación de Eventos Obligatorios debe validar presencia de evento de inicio" name="8.1 Pruebas Unitarias - BPMN Validators Avanzados Validación de Eventos Obligatorios debe validar presencia de evento de inicio" time="0.01">
    </testcase>
    <testcase classname="8.1 Pruebas Unitarias - BPMN Validators Avanzados Validación de Eventos Obligatorios debe detectar ausencia de evento de inicio" name="8.1 Pruebas Unitarias - BPMN Validators Avanzados Validación de Eventos Obligatorios debe detectar ausencia de evento de inicio" time="0.001">
    </testcase>
    <testcase classname="8.1 Pruebas Unitarias - BPMN Validators Avanzados Validación de Eventos Obligatorios debe validar presencia de evento de fin" name="8.1 Pruebas Unitarias - BPMN Validators Avanzados Validación de Eventos Obligatorios debe validar presencia de evento de fin" time="0.002">
    </testcase>
    <testcase classname="8.1 Pruebas Unitarias - BPMN Validators Avanzados Validación de Eventos Obligatorios debe detectar ausencia de evento de fin" name="8.1 Pruebas Unitarias - BPMN Validators Avanzados Validación de Eventos Obligatorios debe detectar ausencia de evento de fin" time="0">
    </testcase>
    <testcase classname="8.1 Pruebas Unitarias - BPMN Validators Avanzados Detección de Ciclos Infinitos debe detectar ciclos sin eventos de fin" name="8.1 Pruebas Unitarias - BPMN Validators Avanzados Detección de Ciclos Infinitos debe detectar ciclos sin eventos de fin" time="0.002">
    </testcase>
    <testcase classname="8.1 Pruebas Unitarias - BPMN Validators Avanzados Detección de Ciclos Infinitos debe permitir ciclos con eventos de fin" name="8.1 Pruebas Unitarias - BPMN Validators Avanzados Detección de Ciclos Infinitos debe permitir ciclos con eventos de fin" time="0">
    </testcase>
    <testcase classname="8.1 Pruebas Unitarias - BPMN Validators Avanzados Detección de Ciclos Infinitos debe manejar XML sin ciclos" name="8.1 Pruebas Unitarias - BPMN Validators Avanzados Detección de Ciclos Infinitos debe manejar XML sin ciclos" time="0.001">
    </testcase>
    <testcase classname="8.1 Pruebas Unitarias - BPMN Validators Avanzados Detección de Ciclos Infinitos debe detectar ciclos complejos con algoritmo DFS" name="8.1 Pruebas Unitarias - BPMN Validators Avanzados Detección de Ciclos Infinitos debe detectar ciclos complejos con algoritmo DFS" time="0.001">
    </testcase>
    <testcase classname="8.1 Pruebas Unitarias - BPMN Validators Avanzados Tests Negativos para BPMN debe rechazar XML BPMN malformado" name="8.1 Pruebas Unitarias - BPMN Validators Avanzados Tests Negativos para BPMN debe rechazar XML BPMN malformado" time="0.002">
    </testcase>
    <testcase classname="8.1 Pruebas Unitarias - BPMN Validators Avanzados Tests Negativos para BPMN debe rechazar diagramas sin elementos obligatorios" name="8.1 Pruebas Unitarias - BPMN Validators Avanzados Tests Negativos para BPMN debe rechazar diagramas sin elementos obligatorios" time="0.008">
    </testcase>
    <testcase classname="8.1 Pruebas Unitarias - BPMN Validators Avanzados Tests Negativos para BPMN debe detectar elementos BPMN con tipos incorrectos" name="8.1 Pruebas Unitarias - BPMN Validators Avanzados Tests Negativos para BPMN debe detectar elementos BPMN con tipos incorrectos" time="0.001">
    </testcase>
  </testsuite>
</testsuites>