<?xml version="1.0" encoding="UTF-8"?>
<testsuites name="jest tests" tests="247" failures="52" errors="0" time="23.919">
  <testsuite name="tests\8.1-unitarias\rasci-core-real.test.js" errors="0" failures="0" skipped="0" timestamp="2025-09-18T13:00:51" time="4.171" tests="11">
    <testcase classname="8.1 RASCI Core - CÃ³digo Real Sin Fallbacks â€º REAL: RasciStore" name="debe importar y usar RasciStore real" time="0.034">
    </testcase>
    <testcase classname="8.1 RASCI Core - CÃ³digo Real Sin Fallbacks â€º REAL: RasciStore" name="debe manejar roles reales en RasciStore" time="0.004">
    </testcase>
    <testcase classname="8.1 RASCI Core - CÃ³digo Real Sin Fallbacks â€º REAL: RasciStore" name="debe manejar matriz RASCI real en RasciStore" time="0.006">
    </testcase>
    <testcase classname="8.1 RASCI Core - CÃ³digo Real Sin Fallbacks â€º REAL: RASCIAdapter" name="debe importar y usar RASCIAdapter real" time="0.175">
    </testcase>
    <testcase classname="8.1 RASCI Core - CÃ³digo Real Sin Fallbacks â€º REAL: RASCIAdapter" name="debe actualizar datos reales en RASCIAdapter" time="0.088">
    </testcase>
    <testcase classname="8.1 RASCI Core - CÃ³digo Real Sin Fallbacks â€º REAL: Problemas EspecÃ­ficos de Target y Scope" name="debe detectar problema real de targets PPINOT inconsistentes" time="0.008">
    </testcase>
    <testcase classname="8.1 RASCI Core - CÃ³digo Real Sin Fallbacks â€º REAL: Problemas EspecÃ­ficos de Target y Scope" name="debe validar matriz RASCI real con roles duplicados" time="0.012">
    </testcase>
    <testcase classname="8.1 RASCI Core - CÃ³digo Real Sin Fallbacks â€º REAL: RASCIAdapter" name="debe usar RASCIAdapter real sin fallbacks" time="0.036">
    </testcase>
    <testcase classname="8.1 RASCI Core - CÃ³digo Real Sin Fallbacks â€º REAL: RASCIAdapter" name="debe procesar datos reales en RASCIAdapter" time="0.002">
    </testcase>
    <testcase classname="8.1 RASCI Core - CÃ³digo Real Sin Fallbacks â€º REAL: SincronizaciÃ³n RASCI-BPMN" name="debe sincronizar cambios BPMN reales con matriz RASCI" time="0.004">
    </testcase>
    <testcase classname="8.1 RASCI Core - CÃ³digo Real Sin Fallbacks â€º REAL: ValidaciÃ³n de Consistencia RASCI" name="debe validar reglas RASCI reales y detectar violaciones" time="0.005">
    </testcase>
  </testsuite>
  <testsuite name="tests\8.1-unitarias\multinotation-core.test.js" errors="0" failures="1" skipped="0" timestamp="2025-09-18T13:00:51" time="4.846" tests="6">
    <testcase classname="8.1 Pruebas Unitarias - MultiNotation Core â€º InicializaciÃ³n de AplicaciÃ³n" name="debe inicializar mÃ³dulos principales correctamente" time="0.317">
    </testcase>
    <testcase classname="8.1 Pruebas Unitarias - MultiNotation Core â€º InicializaciÃ³n de AplicaciÃ³n" name="debe registrar servicios en ServiceRegistry durante inicializaciÃ³n" time="0.05">
    </testcase>
    <testcase classname="8.1 Pruebas Unitarias - MultiNotation Core â€º ComunicaciÃ³n Entre MÃ³dulos" name="debe facilitar comunicaciÃ³n RASCI â†” PPINOT" time="0.212">
    </testcase>
    <testcase classname="8.1 Pruebas Unitarias - MultiNotation Core â€º ComunicaciÃ³n Entre MÃ³dulos" name="debe sincronizar cambios entre notaciones de forma especÃ­fica" time="0.026">
      <failure>TypeError: Cannot read properties of undefined (reading &apos;getMatrixData&apos;)
    at getMatrixData (D:\ETSII\4 CARRERA\2C\TFG\MNModeler\tests\8.1-unitarias\multinotation-core.test.js:407:27)
    at Generator.call (D:\ETSII\4 CARRERA\2C\TFG\MNModeler\tests\8.1-unitarias\multinotation-core.test.js:2:1)
    at Generator._invoke [as next] (D:\ETSII\4 CARRERA\2C\TFG\MNModeler\tests\8.1-unitarias\multinotation-core.test.js:2:1)
    at asyncGeneratorStep (D:\ETSII\4 CARRERA\2C\TFG\MNModeler\tests\8.1-unitarias\multinotation-core.test.js:2:1)
    at asyncGeneratorStep (D:\ETSII\4 CARRERA\2C\TFG\MNModeler\tests\8.1-unitarias\multinotation-core.test.js:2:1)
    at processTicksAndRejections (node:internal/process/task_queues:105:5)</failure>
    </testcase>
    <testcase classname="8.1 Pruebas Unitarias - MultiNotation Core â€º ValidaciÃ³n Cross-Notation" name="debe detectar inconsistencias especÃ­ficas entre BPMN y RASCI" time="0.004">
    </testcase>
    <testcase classname="8.1 Pruebas Unitarias - MultiNotation Core â€º ValidaciÃ³n Cross-Notation" name="debe validar integridad de datos entre notaciones" time="0.002">
    </testcase>
  </testsuite>
  <testsuite name="tests\8.1-unitarias\sistema-funcionamiento-real.test.js" errors="0" failures="3" skipped="0" timestamp="2025-09-18T13:00:51" time="4.717" tests="14">
    <testcase classname="8.1 VerificaciÃ³n Real del Sistema MNModeler â€º VerificaciÃ³n: EventBus Funciona Realmente" name="debe comunicar eventos entre mÃ³dulos REALES" time="0.044">
    </testcase>
    <testcase classname="8.1 VerificaciÃ³n Real del Sistema MNModeler â€º VerificaciÃ³n: EventBus Funciona Realmente" name="debe mantener historial real de eventos" time="0.019">
      <failure>Error: expect(received).toBe(expected) // Object.is equality

Expected: 3
Received: 4
    at Object.toBe (D:\ETSII\4 CARRERA\2C\TFG\MNModeler\tests\8.1-unitarias\sistema-funcionamiento-real.test.js:64:30)
    at Promise.finally.completed (D:\ETSII\4 CARRERA\2C\TFG\MNModeler\node_modules\jest-circus\build\jestAdapterInit.js:1556:28)
    at new Promise (&lt;anonymous&gt;)
    at callAsyncCircusFn (D:\ETSII\4 CARRERA\2C\TFG\MNModeler\node_modules\jest-circus\build\jestAdapterInit.js:1496:10)
    at _callCircusTest (D:\ETSII\4 CARRERA\2C\TFG\MNModeler\node_modules\jest-circus\build\jestAdapterInit.js:1006:40)
    at processTicksAndRejections (node:internal/process/task_queues:105:5)
    at _runTest (D:\ETSII\4 CARRERA\2C\TFG\MNModeler\node_modules\jest-circus\build\jestAdapterInit.js:946:3)
    at _runTestsForDescribeBlock (D:\ETSII\4 CARRERA\2C\TFG\MNModeler\node_modules\jest-circus\build\jestAdapterInit.js:839:13)
    at _runTestsForDescribeBlock (D:\ETSII\4 CARRERA\2C\TFG\MNModeler\node_modules\jest-circus\build\jestAdapterInit.js:829:11)
    at _runTestsForDescribeBlock (D:\ETSII\4 CARRERA\2C\TFG\MNModeler\node_modules\jest-circus\build\jestAdapterInit.js:829:11)
    at run (D:\ETSII\4 CARRERA\2C\TFG\MNModeler\node_modules\jest-circus\build\jestAdapterInit.js:757:3)
    at runAndTransformResultsToJestFormat (D:\ETSII\4 CARRERA\2C\TFG\MNModeler\node_modules\jest-circus\build\jestAdapterInit.js:1917:21)
    at jestAdapter (D:\ETSII\4 CARRERA\2C\TFG\MNModeler\node_modules\jest-circus\build\runner.js:101:19)
    at runTestInternal (D:\ETSII\4 CARRERA\2C\TFG\MNModeler\node_modules\jest-runner\build\testWorker.js:275:16)
    at runTest (D:\ETSII\4 CARRERA\2C\TFG\MNModeler\node_modules\jest-runner\build\testWorker.js:343:7)
    at Object.worker (D:\ETSII\4 CARRERA\2C\TFG\MNModeler\node_modules\jest-runner\build\testWorker.js:497:12)</failure>
    </testcase>
    <testcase classname="8.1 VerificaciÃ³n Real del Sistema MNModeler â€º VerificaciÃ³n: EventBus Funciona Realmente" name="debe fallar cuando se rompe la comunicaciÃ³n real" time="0.051">
    </testcase>
    <testcase classname="8.1 VerificaciÃ³n Real del Sistema MNModeler â€º VerificaciÃ³n: ServiceRegistry Funciona Realmente" name="debe registrar y resolver servicios REALES" time="0.009">
    </testcase>
    <testcase classname="8.1 VerificaciÃ³n Real del Sistema MNModeler â€º VerificaciÃ³n: ServiceRegistry Funciona Realmente" name="debe manejar inyecciÃ³n de dependencias REAL" time="0.005">
    </testcase>
    <testcase classname="8.1 VerificaciÃ³n Real del Sistema MNModeler â€º VerificaciÃ³n: ServiceRegistry Funciona Realmente" name="debe detectar dependencias circulares REALES" time="0.002">
    </testcase>
    <testcase classname="8.1 VerificaciÃ³n Real del Sistema MNModeler â€º VerificaciÃ³n: Persistencia Funciona Realmente" name="debe guardar y recuperar datos REALES en localStorage" time="0.079">
    </testcase>
    <testcase classname="8.1 VerificaciÃ³n Real del Sistema MNModeler â€º VerificaciÃ³n: Persistencia Funciona Realmente" name="debe detectar cuando localStorage realmente falla" time="0.005">
    </testcase>
    <testcase classname="8.1 VerificaciÃ³n Real del Sistema MNModeler â€º VerificaciÃ³n: Multi-notaciÃ³n Funciona Realmente" name="debe sincronizar cambios BPMN â†’ RASCI realmente" time="0.011">
      <failure>Error: expect(received).toBe(expected) // Object.is equality

Expected: 2
Received: 8
    at toBe (D:\ETSII\4 CARRERA\2C\TFG\MNModeler\tests\8.1-unitarias\sistema-funcionamiento-real.test.js:385:30)
    at Generator.call (D:\ETSII\4 CARRERA\2C\TFG\MNModeler\tests\8.1-unitarias\sistema-funcionamiento-real.test.js:2:1)
    at Generator._invoke [as next] (D:\ETSII\4 CARRERA\2C\TFG\MNModeler\tests\8.1-unitarias\sistema-funcionamiento-real.test.js:2:1)
    at asyncGeneratorStep (D:\ETSII\4 CARRERA\2C\TFG\MNModeler\tests\8.1-unitarias\sistema-funcionamiento-real.test.js:2:1)
    at asyncGeneratorStep (D:\ETSII\4 CARRERA\2C\TFG\MNModeler\tests\8.1-unitarias\sistema-funcionamiento-real.test.js:2:1)
    at _next (D:\ETSII\4 CARRERA\2C\TFG\MNModeler\tests\8.1-unitarias\sistema-funcionamiento-real.test.js:2:1)
    at new Promise (&lt;anonymous&gt;)
    at Object.&lt;anonymous&gt; (D:\ETSII\4 CARRERA\2C\TFG\MNModeler\tests\8.1-unitarias\sistema-funcionamiento-real.test.js:2:1)
    at Promise.finally.completed (D:\ETSII\4 CARRERA\2C\TFG\MNModeler\node_modules\jest-circus\build\jestAdapterInit.js:1556:28)
    at new Promise (&lt;anonymous&gt;)
    at callAsyncCircusFn (D:\ETSII\4 CARRERA\2C\TFG\MNModeler\node_modules\jest-circus\build\jestAdapterInit.js:1496:10)
    at _callCircusTest (D:\ETSII\4 CARRERA\2C\TFG\MNModeler\node_modules\jest-circus\build\jestAdapterInit.js:1006:40)
    at processTicksAndRejections (node:internal/process/task_queues:105:5)
    at _runTest (D:\ETSII\4 CARRERA\2C\TFG\MNModeler\node_modules\jest-circus\build\jestAdapterInit.js:946:3)
    at _runTestsForDescribeBlock (D:\ETSII\4 CARRERA\2C\TFG\MNModeler\node_modules\jest-circus\build\jestAdapterInit.js:839:13)
    at _runTestsForDescribeBlock (D:\ETSII\4 CARRERA\2C\TFG\MNModeler\node_modules\jest-circus\build\jestAdapterInit.js:829:11)
    at _runTestsForDescribeBlock (D:\ETSII\4 CARRERA\2C\TFG\MNModeler\node_modules\jest-circus\build\jestAdapterInit.js:829:11)
    at run (D:\ETSII\4 CARRERA\2C\TFG\MNModeler\node_modules\jest-circus\build\jestAdapterInit.js:757:3)
    at runAndTransformResultsToJestFormat (D:\ETSII\4 CARRERA\2C\TFG\MNModeler\node_modules\jest-circus\build\jestAdapterInit.js:1917:21)
    at jestAdapter (D:\ETSII\4 CARRERA\2C\TFG\MNModeler\node_modules\jest-circus\build\runner.js:101:19)
    at runTestInternal (D:\ETSII\4 CARRERA\2C\TFG\MNModeler\node_modules\jest-runner\build\testWorker.js:275:16)
    at runTest (D:\ETSII\4 CARRERA\2C\TFG\MNModeler\node_modules\jest-runner\build\testWorker.js:343:7)
    at Object.worker (D:\ETSII\4 CARRERA\2C\TFG\MNModeler\node_modules\jest-runner\build\testWorker.js:497:12)</failure>
    </testcase>
    <testcase classname="8.1 VerificaciÃ³n Real del Sistema MNModeler â€º VerificaciÃ³n: Multi-notaciÃ³n Funciona Realmente" name="debe validar consistencia multi-notaciÃ³n REAL" time="0.003">
      <failure>Error: expect(received).toBe(expected) // Object.is equality

Expected: &quot;validation.errors.detected&quot;
Received: undefined
    at toBe (D:\ETSII\4 CARRERA\2C\TFG\MNModeler\tests\8.1-unitarias\sistema-funcionamiento-real.test.js:454:53)
    at Generator.call (D:\ETSII\4 CARRERA\2C\TFG\MNModeler\tests\8.1-unitarias\sistema-funcionamiento-real.test.js:2:1)
    at Generator._invoke [as next] (D:\ETSII\4 CARRERA\2C\TFG\MNModeler\tests\8.1-unitarias\sistema-funcionamiento-real.test.js:2:1)
    at asyncGeneratorStep (D:\ETSII\4 CARRERA\2C\TFG\MNModeler\tests\8.1-unitarias\sistema-funcionamiento-real.test.js:2:1)
    at asyncGeneratorStep (D:\ETSII\4 CARRERA\2C\TFG\MNModeler\tests\8.1-unitarias\sistema-funcionamiento-real.test.js:2:1)
    at _next (D:\ETSII\4 CARRERA\2C\TFG\MNModeler\tests\8.1-unitarias\sistema-funcionamiento-real.test.js:2:1)
    at new Promise (&lt;anonymous&gt;)
    at Object.&lt;anonymous&gt; (D:\ETSII\4 CARRERA\2C\TFG\MNModeler\tests\8.1-unitarias\sistema-funcionamiento-real.test.js:2:1)
    at Promise.finally.completed (D:\ETSII\4 CARRERA\2C\TFG\MNModeler\node_modules\jest-circus\build\jestAdapterInit.js:1556:28)
    at new Promise (&lt;anonymous&gt;)
    at callAsyncCircusFn (D:\ETSII\4 CARRERA\2C\TFG\MNModeler\node_modules\jest-circus\build\jestAdapterInit.js:1496:10)
    at _callCircusTest (D:\ETSII\4 CARRERA\2C\TFG\MNModeler\node_modules\jest-circus\build\jestAdapterInit.js:1006:40)
    at processTicksAndRejections (node:internal/process/task_queues:105:5)
    at _runTest (D:\ETSII\4 CARRERA\2C\TFG\MNModeler\node_modules\jest-circus\build\jestAdapterInit.js:946:3)
    at _runTestsForDescribeBlock (D:\ETSII\4 CARRERA\2C\TFG\MNModeler\node_modules\jest-circus\build\jestAdapterInit.js:839:13)
    at _runTestsForDescribeBlock (D:\ETSII\4 CARRERA\2C\TFG\MNModeler\node_modules\jest-circus\build\jestAdapterInit.js:829:11)
    at _runTestsForDescribeBlock (D:\ETSII\4 CARRERA\2C\TFG\MNModeler\node_modules\jest-circus\build\jestAdapterInit.js:829:11)
    at run (D:\ETSII\4 CARRERA\2C\TFG\MNModeler\node_modules\jest-circus\build\jestAdapterInit.js:757:3)
    at runAndTransformResultsToJestFormat (D:\ETSII\4 CARRERA\2C\TFG\MNModeler\node_modules\jest-circus\build\jestAdapterInit.js:1917:21)
    at jestAdapter (D:\ETSII\4 CARRERA\2C\TFG\MNModeler\node_modules\jest-circus\build\runner.js:101:19)
    at runTestInternal (D:\ETSII\4 CARRERA\2C\TFG\MNModeler\node_modules\jest-runner\build\testWorker.js:275:16)
    at runTest (D:\ETSII\4 CARRERA\2C\TFG\MNModeler\node_modules\jest-runner\build\testWorker.js:343:7)
    at Object.worker (D:\ETSII\4 CARRERA\2C\TFG\MNModeler\node_modules\jest-runner\build\testWorker.js:497:12)</failure>
    </testcase>
    <testcase classname="8.1 VerificaciÃ³n Real del Sistema MNModeler â€º VerificaciÃ³n: Multi-notaciÃ³n Funciona Realmente" name="debe procesar flujo completo REAL: BPMN â†’ PPINOT â†’ RASCI" time="0.014">
    </testcase>
    <testcase classname="8.1 VerificaciÃ³n Real del Sistema MNModeler â€º Tests Negativos: Sistema Debe Fallar Cuando Corresponde" name="debe fallar cuando se corrompe el EventBus REAL" time="0.003">
    </testcase>
    <testcase classname="8.1 VerificaciÃ³n Real del Sistema MNModeler â€º Tests Negativos: Sistema Debe Fallar Cuando Corresponde" name="debe fallar cuando se registra servicio invÃ¡lido REAL" time="0.007">
    </testcase>
    <testcase classname="8.1 VerificaciÃ³n Real del Sistema MNModeler â€º Tests Negativos: Sistema Debe Fallar Cuando Corresponde" name="debe fallar cuando hay inconsistencias REALES en multi-notaciÃ³n" time="0.002">
    </testcase>
  </testsuite>
  <testsuite name="tests\8.1-unitarias\ppinot-localstorage-parentescos.test.js" errors="0" failures="1" skipped="0" timestamp="2025-09-18T13:00:51" time="4.693" tests="11">
    <testcase classname="8.1 PPINOT - LocalStorage y Parentescos â€º LocalStorage: Persistencia de PPIs" name="debe guardar y cargar PPIs con targets correctamente" time="0.282">
    </testcase>
    <testcase classname="8.1 PPINOT - LocalStorage y Parentescos â€º LocalStorage: Persistencia de PPIs" name="debe manejar PPIs huÃ©rfanos (targets inexistentes)" time="0.009">
    </testcase>
    <testcase classname="8.1 PPINOT - LocalStorage y Parentescos â€º Parentescos: Medidas Padre-Hijo" name="debe validar jerarquÃ­a de medidas padre-hijo correctamente" time="0.024">
    </testcase>
    <testcase classname="8.1 PPINOT - LocalStorage y Parentescos â€º Parentescos: Medidas Padre-Hijo" name="debe detectar parentescos circulares o invÃ¡lidos" time="0.208">
    </testcase>
    <testcase classname="8.1 PPINOT - LocalStorage y Parentescos â€º Scope: ValidaciÃ³n de Ãmbitos" name="debe validar scope correcto para cada tipo de medida" time="0.011">
    </testcase>
    <testcase classname="8.1 PPINOT - LocalStorage y Parentescos â€º Targets: VinculaciÃ³n con Elementos BPMN" name="debe sincronizar targets cuando cambian elementos BPMN" time="0.016">
    </testcase>
    <testcase classname="8.1 PPINOT - LocalStorage y Parentescos â€º Targets: VinculaciÃ³n con Elementos BPMN" name="debe manejar targets con tipos de elemento especÃ­ficos" time="0.003">
    </testcase>
    <testcase classname="8.1 PPINOT - LocalStorage y Parentescos â€º Persistencia: Problemas Reales de LocalStorage" name="debe detectar y manejar corrupciÃ³n de datos PPINOT" time="0.013">
    </testcase>
    <testcase classname="8.1 PPINOT - LocalStorage y Parentescos â€º Persistencia: Problemas Reales de LocalStorage" name="debe manejar lÃ­mites de localStorage con PPIs complejos" time="0.009">
      <failure>Error: expect(received).toBe(expected) // Object.is equality

Expected: true
Received: false
    at toBe (D:\ETSII\4 CARRERA\2C\TFG\MNModeler\tests\8.1-unitarias\ppinot-localstorage-parentescos.test.js:711:37)
    at Generator.call (D:\ETSII\4 CARRERA\2C\TFG\MNModeler\tests\8.1-unitarias\ppinot-localstorage-parentescos.test.js:2:1)
    at Generator._invoke [as next] (D:\ETSII\4 CARRERA\2C\TFG\MNModeler\tests\8.1-unitarias\ppinot-localstorage-parentescos.test.js:2:1)
    at asyncGeneratorStep (D:\ETSII\4 CARRERA\2C\TFG\MNModeler\tests\8.1-unitarias\ppinot-localstorage-parentescos.test.js:2:1)
    at asyncGeneratorStep (D:\ETSII\4 CARRERA\2C\TFG\MNModeler\tests\8.1-unitarias\ppinot-localstorage-parentescos.test.js:2:1)
    at _next (D:\ETSII\4 CARRERA\2C\TFG\MNModeler\tests\8.1-unitarias\ppinot-localstorage-parentescos.test.js:2:1)
    at new Promise (&lt;anonymous&gt;)
    at Object.&lt;anonymous&gt; (D:\ETSII\4 CARRERA\2C\TFG\MNModeler\tests\8.1-unitarias\ppinot-localstorage-parentescos.test.js:2:1)
    at Promise.finally.completed (D:\ETSII\4 CARRERA\2C\TFG\MNModeler\node_modules\jest-circus\build\jestAdapterInit.js:1556:28)
    at new Promise (&lt;anonymous&gt;)
    at callAsyncCircusFn (D:\ETSII\4 CARRERA\2C\TFG\MNModeler\node_modules\jest-circus\build\jestAdapterInit.js:1496:10)
    at _callCircusTest (D:\ETSII\4 CARRERA\2C\TFG\MNModeler\node_modules\jest-circus\build\jestAdapterInit.js:1006:40)
    at processTicksAndRejections (node:internal/process/task_queues:105:5)
    at _runTest (D:\ETSII\4 CARRERA\2C\TFG\MNModeler\node_modules\jest-circus\build\jestAdapterInit.js:946:3)
    at _runTestsForDescribeBlock (D:\ETSII\4 CARRERA\2C\TFG\MNModeler\node_modules\jest-circus\build\jestAdapterInit.js:839:13)
    at _runTestsForDescribeBlock (D:\ETSII\4 CARRERA\2C\TFG\MNModeler\node_modules\jest-circus\build\jestAdapterInit.js:829:11)
    at _runTestsForDescribeBlock (D:\ETSII\4 CARRERA\2C\TFG\MNModeler\node_modules\jest-circus\build\jestAdapterInit.js:829:11)
    at run (D:\ETSII\4 CARRERA\2C\TFG\MNModeler\node_modules\jest-circus\build\jestAdapterInit.js:757:3)
    at runAndTransformResultsToJestFormat (D:\ETSII\4 CARRERA\2C\TFG\MNModeler\node_modules\jest-circus\build\jestAdapterInit.js:1917:21)
    at jestAdapter (D:\ETSII\4 CARRERA\2C\TFG\MNModeler\node_modules\jest-circus\build\runner.js:101:19)
    at runTestInternal (D:\ETSII\4 CARRERA\2C\TFG\MNModeler\node_modules\jest-runner\build\testWorker.js:275:16)
    at runTest (D:\ETSII\4 CARRERA\2C\TFG\MNModeler\node_modules\jest-runner\build\testWorker.js:343:7)
    at Object.worker (D:\ETSII\4 CARRERA\2C\TFG\MNModeler\node_modules\jest-runner\build\testWorker.js:497:12)</failure>
    </testcase>
    <testcase classname="8.1 PPINOT - LocalStorage y Parentescos â€º Medidas Hijas: Relaciones Complejas" name="debe validar dependencias entre medidas hijas" time="0.002">
    </testcase>
    <testcase classname="8.1 PPINOT - LocalStorage y Parentescos â€º Problemas Reales: Casos de Debugging" name="debe reproducir y diagnosticar problemas especÃ­ficos del sistema" time="0.017">
    </testcase>
  </testsuite>
  <testsuite name="tests\8.1-unitarias\buscar-agujeros-sistema.test.js" errors="0" failures="6" skipped="0" timestamp="2025-09-18T13:00:51" time="5.785" tests="13">
    <testcase classname="ðŸ•³ï¸ Tests Agresivos - Buscando Agujeros del Sistema â€º ðŸ”¥ Tests de Sobrecarga - Â¿Se Rompe el Sistema?" name="debe manejar 1000 eventos publicados rÃ¡pidamente" time="0.039">
    </testcase>
    <testcase classname="ðŸ•³ï¸ Tests Agresivos - Buscando Agujeros del Sistema â€º ðŸ”¥ Tests de Sobrecarga - Â¿Se Rompe el Sistema?" name="debe manejar 100 servicios registrados simultÃ¡neamente" time="0.005">
    </testcase>
    <testcase classname="ðŸ•³ï¸ Tests Agresivos - Buscando Agujeros del Sistema â€º ðŸ”¥ Tests de Sobrecarga - Â¿Se Rompe el Sistema?" name="debe manejar callbacks que fallan constantemente" time="0.49">
    </testcase>
    <testcase classname="ðŸ•³ï¸ Tests Agresivos - Buscando Agujeros del Sistema â€º ðŸ’£ Tests de Datos Maliciosos - Â¿Se Puede Romper?" name="debe manejar datos extremadamente grandes" time="0.608">
      <failure>Error: expect(received).toBe(expected) // Object.is equality

Expected: 0
Received: 1
    at toBe (D:\ETSII\4 CARRERA\2C\TFG\MNModeler\tests\8.1-unitarias\buscar-agujeros-sistema.test.js:198:36)
    at Generator.call (D:\ETSII\4 CARRERA\2C\TFG\MNModeler\tests\8.1-unitarias\buscar-agujeros-sistema.test.js:2:1)
    at Generator._invoke [as next] (D:\ETSII\4 CARRERA\2C\TFG\MNModeler\tests\8.1-unitarias\buscar-agujeros-sistema.test.js:2:1)
    at asyncGeneratorStep (D:\ETSII\4 CARRERA\2C\TFG\MNModeler\tests\8.1-unitarias\buscar-agujeros-sistema.test.js:2:1)
    at asyncGeneratorStep (D:\ETSII\4 CARRERA\2C\TFG\MNModeler\tests\8.1-unitarias\buscar-agujeros-sistema.test.js:2:1)
    at _next (D:\ETSII\4 CARRERA\2C\TFG\MNModeler\tests\8.1-unitarias\buscar-agujeros-sistema.test.js:2:1)
    at new Promise (&lt;anonymous&gt;)
    at Object.&lt;anonymous&gt; (D:\ETSII\4 CARRERA\2C\TFG\MNModeler\tests\8.1-unitarias\buscar-agujeros-sistema.test.js:2:1)
    at Promise.finally.completed (D:\ETSII\4 CARRERA\2C\TFG\MNModeler\node_modules\jest-circus\build\jestAdapterInit.js:1556:28)
    at new Promise (&lt;anonymous&gt;)
    at callAsyncCircusFn (D:\ETSII\4 CARRERA\2C\TFG\MNModeler\node_modules\jest-circus\build\jestAdapterInit.js:1496:10)
    at _callCircusTest (D:\ETSII\4 CARRERA\2C\TFG\MNModeler\node_modules\jest-circus\build\jestAdapterInit.js:1006:40)
    at processTicksAndRejections (node:internal/process/task_queues:105:5)
    at _runTest (D:\ETSII\4 CARRERA\2C\TFG\MNModeler\node_modules\jest-circus\build\jestAdapterInit.js:946:3)
    at _runTestsForDescribeBlock (D:\ETSII\4 CARRERA\2C\TFG\MNModeler\node_modules\jest-circus\build\jestAdapterInit.js:839:13)
    at _runTestsForDescribeBlock (D:\ETSII\4 CARRERA\2C\TFG\MNModeler\node_modules\jest-circus\build\jestAdapterInit.js:829:11)
    at _runTestsForDescribeBlock (D:\ETSII\4 CARRERA\2C\TFG\MNModeler\node_modules\jest-circus\build\jestAdapterInit.js:829:11)
    at run (D:\ETSII\4 CARRERA\2C\TFG\MNModeler\node_modules\jest-circus\build\jestAdapterInit.js:757:3)
    at runAndTransformResultsToJestFormat (D:\ETSII\4 CARRERA\2C\TFG\MNModeler\node_modules\jest-circus\build\jestAdapterInit.js:1917:21)
    at jestAdapter (D:\ETSII\4 CARRERA\2C\TFG\MNModeler\node_modules\jest-circus\build\runner.js:101:19)
    at runTestInternal (D:\ETSII\4 CARRERA\2C\TFG\MNModeler\node_modules\jest-runner\build\testWorker.js:275:16)
    at runTest (D:\ETSII\4 CARRERA\2C\TFG\MNModeler\node_modules\jest-runner\build\testWorker.js:343:7)
    at Object.worker (D:\ETSII\4 CARRERA\2C\TFG\MNModeler\node_modules\jest-runner\build\testWorker.js:497:12)</failure>
    </testcase>
    <testcase classname="ðŸ•³ï¸ Tests Agresivos - Buscando Agujeros del Sistema â€º ðŸ’£ Tests de Datos Maliciosos - Â¿Se Puede Romper?" name="debe rechazar datos maliciosos de inyecciÃ³n" time="0.008">
      <failure>Error: expect(received).toBe(expected) // Object.is equality

Expected: 0
Received: 2
    at Object.toBe (D:\ETSII\4 CARRERA\2C\TFG\MNModeler\tests\8.1-unitarias\buscar-agujeros-sistema.test.js:254:36)
    at Promise.finally.completed (D:\ETSII\4 CARRERA\2C\TFG\MNModeler\node_modules\jest-circus\build\jestAdapterInit.js:1556:28)
    at new Promise (&lt;anonymous&gt;)
    at callAsyncCircusFn (D:\ETSII\4 CARRERA\2C\TFG\MNModeler\node_modules\jest-circus\build\jestAdapterInit.js:1496:10)
    at _callCircusTest (D:\ETSII\4 CARRERA\2C\TFG\MNModeler\node_modules\jest-circus\build\jestAdapterInit.js:1006:40)
    at processTicksAndRejections (node:internal/process/task_queues:105:5)
    at _runTest (D:\ETSII\4 CARRERA\2C\TFG\MNModeler\node_modules\jest-circus\build\jestAdapterInit.js:946:3)
    at _runTestsForDescribeBlock (D:\ETSII\4 CARRERA\2C\TFG\MNModeler\node_modules\jest-circus\build\jestAdapterInit.js:839:13)
    at _runTestsForDescribeBlock (D:\ETSII\4 CARRERA\2C\TFG\MNModeler\node_modules\jest-circus\build\jestAdapterInit.js:829:11)
    at _runTestsForDescribeBlock (D:\ETSII\4 CARRERA\2C\TFG\MNModeler\node_modules\jest-circus\build\jestAdapterInit.js:829:11)
    at run (D:\ETSII\4 CARRERA\2C\TFG\MNModeler\node_modules\jest-circus\build\jestAdapterInit.js:757:3)
    at runAndTransformResultsToJestFormat (D:\ETSII\4 CARRERA\2C\TFG\MNModeler\node_modules\jest-circus\build\jestAdapterInit.js:1917:21)
    at jestAdapter (D:\ETSII\4 CARRERA\2C\TFG\MNModeler\node_modules\jest-circus\build\runner.js:101:19)
    at runTestInternal (D:\ETSII\4 CARRERA\2C\TFG\MNModeler\node_modules\jest-runner\build\testWorker.js:275:16)
    at runTest (D:\ETSII\4 CARRERA\2C\TFG\MNModeler\node_modules\jest-runner\build\testWorker.js:343:7)
    at Object.worker (D:\ETSII\4 CARRERA\2C\TFG\MNModeler\node_modules\jest-runner\build\testWorker.js:497:12)</failure>
    </testcase>
    <testcase classname="ðŸ•³ï¸ Tests Agresivos - Buscando Agujeros del Sistema â€º ðŸ” Tests de Casos Extremos - LÃ­mites del Sistema" name="debe manejar referencias circulares infinitas" time="0.002">
      <failure>Error: expect(received).toBe(expected) // Object.is equality

Expected: 0
Received: 1
    at Object.toBe (D:\ETSII\4 CARRERA\2C\TFG\MNModeler\tests\8.1-unitarias\buscar-agujeros-sistema.test.js:320:36)
    at Promise.finally.completed (D:\ETSII\4 CARRERA\2C\TFG\MNModeler\node_modules\jest-circus\build\jestAdapterInit.js:1556:28)
    at new Promise (&lt;anonymous&gt;)
    at callAsyncCircusFn (D:\ETSII\4 CARRERA\2C\TFG\MNModeler\node_modules\jest-circus\build\jestAdapterInit.js:1496:10)
    at _callCircusTest (D:\ETSII\4 CARRERA\2C\TFG\MNModeler\node_modules\jest-circus\build\jestAdapterInit.js:1006:40)
    at processTicksAndRejections (node:internal/process/task_queues:105:5)
    at _runTest (D:\ETSII\4 CARRERA\2C\TFG\MNModeler\node_modules\jest-circus\build\jestAdapterInit.js:946:3)
    at _runTestsForDescribeBlock (D:\ETSII\4 CARRERA\2C\TFG\MNModeler\node_modules\jest-circus\build\jestAdapterInit.js:839:13)
    at _runTestsForDescribeBlock (D:\ETSII\4 CARRERA\2C\TFG\MNModeler\node_modules\jest-circus\build\jestAdapterInit.js:829:11)
    at _runTestsForDescribeBlock (D:\ETSII\4 CARRERA\2C\TFG\MNModeler\node_modules\jest-circus\build\jestAdapterInit.js:829:11)
    at run (D:\ETSII\4 CARRERA\2C\TFG\MNModeler\node_modules\jest-circus\build\jestAdapterInit.js:757:3)
    at runAndTransformResultsToJestFormat (D:\ETSII\4 CARRERA\2C\TFG\MNModeler\node_modules\jest-circus\build\jestAdapterInit.js:1917:21)
    at jestAdapter (D:\ETSII\4 CARRERA\2C\TFG\MNModeler\node_modules\jest-circus\build\runner.js:101:19)
    at runTestInternal (D:\ETSII\4 CARRERA\2C\TFG\MNModeler\node_modules\jest-runner\build\testWorker.js:275:16)
    at runTest (D:\ETSII\4 CARRERA\2C\TFG\MNModeler\node_modules\jest-runner\build\testWorker.js:343:7)
    at Object.worker (D:\ETSII\4 CARRERA\2C\TFG\MNModeler\node_modules\jest-runner\build\testWorker.js:497:12)</failure>
    </testcase>
    <testcase classname="ðŸ•³ï¸ Tests Agresivos - Buscando Agujeros del Sistema â€º ðŸ” Tests de Casos Extremos - LÃ­mites del Sistema" name="debe manejar memoria insuficiente simulada" time="0.054">
    </testcase>
    <testcase classname="ðŸ•³ï¸ Tests Agresivos - Buscando Agujeros del Sistema â€º ðŸ” Tests de Casos Extremos - LÃ­mites del Sistema" name="debe manejar concurrencia simulada" time="0.106">
    </testcase>
    <testcase classname="ðŸ•³ï¸ Tests Agresivos - Buscando Agujeros del Sistema â€º ðŸ§¨ Tests de CorrupciÃ³n de Datos - Â¿QuÃ© Pasa si...?" name="debe detectar cuando se corrompe el estado interno" time="0.004">
      <failure>Error: expect(received).toBe(expected) // Object.is equality

Expected: 0
Received: 1
    at Object.toBe (D:\ETSII\4 CARRERA\2C\TFG\MNModeler\tests\8.1-unitarias\buscar-agujeros-sistema.test.js:478:36)
    at Promise.finally.completed (D:\ETSII\4 CARRERA\2C\TFG\MNModeler\node_modules\jest-circus\build\jestAdapterInit.js:1556:28)
    at new Promise (&lt;anonymous&gt;)
    at callAsyncCircusFn (D:\ETSII\4 CARRERA\2C\TFG\MNModeler\node_modules\jest-circus\build\jestAdapterInit.js:1496:10)
    at _callCircusTest (D:\ETSII\4 CARRERA\2C\TFG\MNModeler\node_modules\jest-circus\build\jestAdapterInit.js:1006:40)
    at _runTest (D:\ETSII\4 CARRERA\2C\TFG\MNModeler\node_modules\jest-circus\build\jestAdapterInit.js:946:3)
    at _runTestsForDescribeBlock (D:\ETSII\4 CARRERA\2C\TFG\MNModeler\node_modules\jest-circus\build\jestAdapterInit.js:839:13)
    at _runTestsForDescribeBlock (D:\ETSII\4 CARRERA\2C\TFG\MNModeler\node_modules\jest-circus\build\jestAdapterInit.js:829:11)
    at _runTestsForDescribeBlock (D:\ETSII\4 CARRERA\2C\TFG\MNModeler\node_modules\jest-circus\build\jestAdapterInit.js:829:11)
    at run (D:\ETSII\4 CARRERA\2C\TFG\MNModeler\node_modules\jest-circus\build\jestAdapterInit.js:757:3)
    at runAndTransformResultsToJestFormat (D:\ETSII\4 CARRERA\2C\TFG\MNModeler\node_modules\jest-circus\build\jestAdapterInit.js:1917:21)
    at jestAdapter (D:\ETSII\4 CARRERA\2C\TFG\MNModeler\node_modules\jest-circus\build\runner.js:101:19)
    at runTestInternal (D:\ETSII\4 CARRERA\2C\TFG\MNModeler\node_modules\jest-runner\build\testWorker.js:275:16)
    at runTest (D:\ETSII\4 CARRERA\2C\TFG\MNModeler\node_modules\jest-runner\build\testWorker.js:343:7)
    at Object.worker (D:\ETSII\4 CARRERA\2C\TFG\MNModeler\node_modules\jest-runner\build\testWorker.js:497:12)</failure>
    </testcase>
    <testcase classname="ðŸ•³ï¸ Tests Agresivos - Buscando Agujeros del Sistema â€º ðŸ§¨ Tests de CorrupciÃ³n de Datos - Â¿QuÃ© Pasa si...?" name="debe manejar tipos de datos inesperados" time="0.002">
      <failure>Error: expect(received).toBe(expected) // Object.is equality

Expected: 0
Received: 1
    at Object.toBe (D:\ETSII\4 CARRERA\2C\TFG\MNModeler\tests\8.1-unitarias\buscar-agujeros-sistema.test.js:526:36)
    at Promise.finally.completed (D:\ETSII\4 CARRERA\2C\TFG\MNModeler\node_modules\jest-circus\build\jestAdapterInit.js:1556:28)
    at new Promise (&lt;anonymous&gt;)
    at callAsyncCircusFn (D:\ETSII\4 CARRERA\2C\TFG\MNModeler\node_modules\jest-circus\build\jestAdapterInit.js:1496:10)
    at _callCircusTest (D:\ETSII\4 CARRERA\2C\TFG\MNModeler\node_modules\jest-circus\build\jestAdapterInit.js:1006:40)
    at _runTest (D:\ETSII\4 CARRERA\2C\TFG\MNModeler\node_modules\jest-circus\build\jestAdapterInit.js:946:3)
    at _runTestsForDescribeBlock (D:\ETSII\4 CARRERA\2C\TFG\MNModeler\node_modules\jest-circus\build\jestAdapterInit.js:839:13)
    at _runTestsForDescribeBlock (D:\ETSII\4 CARRERA\2C\TFG\MNModeler\node_modules\jest-circus\build\jestAdapterInit.js:829:11)
    at _runTestsForDescribeBlock (D:\ETSII\4 CARRERA\2C\TFG\MNModeler\node_modules\jest-circus\build\jestAdapterInit.js:829:11)
    at run (D:\ETSII\4 CARRERA\2C\TFG\MNModeler\node_modules\jest-circus\build\jestAdapterInit.js:757:3)
    at runAndTransformResultsToJestFormat (D:\ETSII\4 CARRERA\2C\TFG\MNModeler\node_modules\jest-circus\build\jestAdapterInit.js:1917:21)
    at jestAdapter (D:\ETSII\4 CARRERA\2C\TFG\MNModeler\node_modules\jest-circus\build\runner.js:101:19)
    at runTestInternal (D:\ETSII\4 CARRERA\2C\TFG\MNModeler\node_modules\jest-runner\build\testWorker.js:275:16)
    at runTest (D:\ETSII\4 CARRERA\2C\TFG\MNModeler\node_modules\jest-runner\build\testWorker.js:343:7)
    at Object.worker (D:\ETSII\4 CARRERA\2C\TFG\MNModeler\node_modules\jest-runner\build\testWorker.js:497:12)</failure>
    </testcase>
    <testcase classname="ðŸ•³ï¸ Tests Agresivos - Buscando Agujeros del Sistema â€º âš¡ Tests de Condiciones de Carrera - Timing Issues" name="debe manejar eventos publicados antes de suscriptores" time="0.002">
      <failure>Error: expect(received).toBe(expected) // Object.is equality

Expected: 0
Received: 1
    at Object.toBe (D:\ETSII\4 CARRERA\2C\TFG\MNModeler\tests\8.1-unitarias\buscar-agujeros-sistema.test.js:565:36)
    at Promise.finally.completed (D:\ETSII\4 CARRERA\2C\TFG\MNModeler\node_modules\jest-circus\build\jestAdapterInit.js:1556:28)
    at new Promise (&lt;anonymous&gt;)
    at callAsyncCircusFn (D:\ETSII\4 CARRERA\2C\TFG\MNModeler\node_modules\jest-circus\build\jestAdapterInit.js:1496:10)
    at _callCircusTest (D:\ETSII\4 CARRERA\2C\TFG\MNModeler\node_modules\jest-circus\build\jestAdapterInit.js:1006:40)
    at _runTest (D:\ETSII\4 CARRERA\2C\TFG\MNModeler\node_modules\jest-circus\build\jestAdapterInit.js:946:3)
    at _runTestsForDescribeBlock (D:\ETSII\4 CARRERA\2C\TFG\MNModeler\node_modules\jest-circus\build\jestAdapterInit.js:839:13)
    at _runTestsForDescribeBlock (D:\ETSII\4 CARRERA\2C\TFG\MNModeler\node_modules\jest-circus\build\jestAdapterInit.js:829:11)
    at _runTestsForDescribeBlock (D:\ETSII\4 CARRERA\2C\TFG\MNModeler\node_modules\jest-circus\build\jestAdapterInit.js:829:11)
    at run (D:\ETSII\4 CARRERA\2C\TFG\MNModeler\node_modules\jest-circus\build\jestAdapterInit.js:757:3)
    at runAndTransformResultsToJestFormat (D:\ETSII\4 CARRERA\2C\TFG\MNModeler\node_modules\jest-circus\build\jestAdapterInit.js:1917:21)
    at jestAdapter (D:\ETSII\4 CARRERA\2C\TFG\MNModeler\node_modules\jest-circus\build\runner.js:101:19)
    at runTestInternal (D:\ETSII\4 CARRERA\2C\TFG\MNModeler\node_modules\jest-runner\build\testWorker.js:275:16)
    at runTest (D:\ETSII\4 CARRERA\2C\TFG\MNModeler\node_modules\jest-runner\build\testWorker.js:343:7)
    at Object.worker (D:\ETSII\4 CARRERA\2C\TFG\MNModeler\node_modules\jest-runner\build\testWorker.js:497:12)</failure>
    </testcase>
    <testcase classname="ðŸ•³ï¸ Tests Agresivos - Buscando Agujeros del Sistema â€º âš¡ Tests de Condiciones de Carrera - Timing Issues" name="debe manejar modificaciones durante iteraciÃ³n" time="0.001">
    </testcase>
    <testcase classname="ðŸ•³ï¸ Tests Agresivos - Buscando Agujeros del Sistema â€º ðŸŽ¯ Tests de IntegraciÃ³n Extrema - Â¿Funciona Todo Junto?" name="debe manejar flujo completo bajo estrÃ©s" time="0.008">
    </testcase>
  </testsuite>
  <testsuite name="tests\8.1-unitarias\comunicacion-real-notaciones.test.js" errors="0" failures="5" skipped="0" timestamp="2025-09-18T13:00:56" time="0.666" tests="7">
    <testcase classname="8.1 ComunicaciÃ³n Real Entre Notaciones â€º REAL: BPMN -&gt; PPINOT Communication" name="debe usar PPIAdapter real para sincronizaciÃ³n BPMN-PPINOT" time="0.03">
      <failure>Error: expect(received).toBe(expected) // Object.is equality

Expected: &quot;function&quot;
Received: &quot;undefined&quot;
    at toBe (D:\ETSII\4 CARRERA\2C\TFG\MNModeler\tests\8.1-unitarias\comunicacion-real-notaciones.test.js:45:48)
    at Generator.call (D:\ETSII\4 CARRERA\2C\TFG\MNModeler\tests\8.1-unitarias\comunicacion-real-notaciones.test.js:2:1)
    at Generator._invoke [as next] (D:\ETSII\4 CARRERA\2C\TFG\MNModeler\tests\8.1-unitarias\comunicacion-real-notaciones.test.js:2:1)
    at asyncGeneratorStep (D:\ETSII\4 CARRERA\2C\TFG\MNModeler\tests\8.1-unitarias\comunicacion-real-notaciones.test.js:2:1)
    at asyncGeneratorStep (D:\ETSII\4 CARRERA\2C\TFG\MNModeler\tests\8.1-unitarias\comunicacion-real-notaciones.test.js:2:1)
    at processTicksAndRejections (node:internal/process/task_queues:105:5)</failure>
    </testcase>
    <testcase classname="8.1 ComunicaciÃ³n Real Entre Notaciones â€º REAL: BPMN -&gt; PPINOT Communication" name="debe sincronizar cambios BPMN reales con PPIs" time="0.002">
      <failure>TypeError: realPPIAdapter.updatePPIData is not a function
    at updatePPIData (D:\ETSII\4 CARRERA\2C\TFG\MNModeler\tests\8.1-unitarias\comunicacion-real-notaciones.test.js:82:22)
    at Generator.call (D:\ETSII\4 CARRERA\2C\TFG\MNModeler\tests\8.1-unitarias\comunicacion-real-notaciones.test.js:2:1)
    at Generator._invoke [as next] (D:\ETSII\4 CARRERA\2C\TFG\MNModeler\tests\8.1-unitarias\comunicacion-real-notaciones.test.js:2:1)
    at asyncGeneratorStep (D:\ETSII\4 CARRERA\2C\TFG\MNModeler\tests\8.1-unitarias\comunicacion-real-notaciones.test.js:2:1)
    at asyncGeneratorStep (D:\ETSII\4 CARRERA\2C\TFG\MNModeler\tests\8.1-unitarias\comunicacion-real-notaciones.test.js:2:1)
    at processTicksAndRejections (node:internal/process/task_queues:105:5)</failure>
    </testcase>
    <testcase classname="8.1 ComunicaciÃ³n Real Entre Notaciones â€º REAL: RASCI -&gt; RALPH Communication" name="debe usar RASCIAdapter real para comunicaciÃ³n con RALPH" time="0.004">
    </testcase>
    <testcase classname="8.1 ComunicaciÃ³n Real Entre Notaciones â€º REAL: RASCI -&gt; RALPH Communication" name="debe coordinar matriz RASCI real con roles RALPH" time="0.019">
    </testcase>
    <testcase classname="8.1 ComunicaciÃ³n Real Entre Notaciones â€º REAL: Cross-Notation Validation" name="debe validar consistencia real entre todas las notaciones" time="0.007">
      <failure>TypeError: realPPIAdapter.updatePPIData is not a function
    at updatePPIData (D:\ETSII\4 CARRERA\2C\TFG\MNModeler\tests\8.1-unitarias\comunicacion-real-notaciones.test.js:263:22)
    at Generator.call (D:\ETSII\4 CARRERA\2C\TFG\MNModeler\tests\8.1-unitarias\comunicacion-real-notaciones.test.js:2:1)
    at Generator._invoke [as next] (D:\ETSII\4 CARRERA\2C\TFG\MNModeler\tests\8.1-unitarias\comunicacion-real-notaciones.test.js:2:1)
    at asyncGeneratorStep (D:\ETSII\4 CARRERA\2C\TFG\MNModeler\tests\8.1-unitarias\comunicacion-real-notaciones.test.js:2:1)
    at asyncGeneratorStep (D:\ETSII\4 CARRERA\2C\TFG\MNModeler\tests\8.1-unitarias\comunicacion-real-notaciones.test.js:2:1)
    at processTicksAndRejections (node:internal/process/task_queues:105:5)</failure>
    </testcase>
    <testcase classname="8.1 ComunicaciÃ³n Real Entre Notaciones â€º REAL: Event-Driven Communication" name="debe usar EventBus real para comunicaciÃ³n entre notaciones" time="0.055">
      <failure>Error: expect(received).toBe(expected) // Object.is equality

Expected: 2
Received: 0
    at toBe (D:\ETSII\4 CARRERA\2C\TFG\MNModeler\tests\8.1-unitarias\comunicacion-real-notaciones.test.js:409:41)
    at Generator.call (D:\ETSII\4 CARRERA\2C\TFG\MNModeler\tests\8.1-unitarias\comunicacion-real-notaciones.test.js:2:1)
    at Generator._invoke [as next] (D:\ETSII\4 CARRERA\2C\TFG\MNModeler\tests\8.1-unitarias\comunicacion-real-notaciones.test.js:2:1)
    at asyncGeneratorStep (D:\ETSII\4 CARRERA\2C\TFG\MNModeler\tests\8.1-unitarias\comunicacion-real-notaciones.test.js:2:1)
    at asyncGeneratorStep (D:\ETSII\4 CARRERA\2C\TFG\MNModeler\tests\8.1-unitarias\comunicacion-real-notaciones.test.js:2:1)
    at processTicksAndRejections (node:internal/process/task_queues:105:5)</failure>
    </testcase>
    <testcase classname="8.1 ComunicaciÃ³n Real Entre Notaciones â€º REAL: Performance y Escalabilidad" name="debe manejar comunicaciÃ³n real con datasets grandes" time="0.006">
      <failure>TypeError: realPPIAdapter.updatePPIData is not a function
    at updatePPIData (D:\ETSII\4 CARRERA\2C\TFG\MNModeler\tests\8.1-unitarias\comunicacion-real-notaciones.test.js:460:22)
    at Generator.call (D:\ETSII\4 CARRERA\2C\TFG\MNModeler\tests\8.1-unitarias\comunicacion-real-notaciones.test.js:2:1)
    at Generator._invoke [as next] (D:\ETSII\4 CARRERA\2C\TFG\MNModeler\tests\8.1-unitarias\comunicacion-real-notaciones.test.js:2:1)
    at asyncGeneratorStep (D:\ETSII\4 CARRERA\2C\TFG\MNModeler\tests\8.1-unitarias\comunicacion-real-notaciones.test.js:2:1)
    at asyncGeneratorStep (D:\ETSII\4 CARRERA\2C\TFG\MNModeler\tests\8.1-unitarias\comunicacion-real-notaciones.test.js:2:1)
    at processTicksAndRejections (node:internal/process/task_queues:105:5)</failure>
    </testcase>
  </testsuite>
  <testsuite name="tests\8.1-unitarias\real-system-validation.test.js" errors="0" failures="7" skipped="0" timestamp="2025-09-18T13:00:51" time="6.432" tests="12">
    <testcase classname="8.1 ValidaciÃ³n del Sistema Real - Sin Mocks Falsos â€º REAL: MultiNotationModelerCore" name="debe importar y instanciar el MultiNotationModelerCore real" time="1.273">
    </testcase>
    <testcase classname="8.1 ValidaciÃ³n del Sistema Real - Sin Mocks Falsos â€º REAL: MultiNotationModelerCore" name="debe inicializar el core real y publicar eventos reales" time="0.049">
      <failure>Error: expect(received).toBeGreaterThan(expected)

Expected: &gt; 0
Received:   0
    at toBeGreaterThan (D:\ETSII\4 CARRERA\2C\TFG\MNModeler\tests\8.1-unitarias\real-system-validation.test.js:123:44)
    at Generator.call (D:\ETSII\4 CARRERA\2C\TFG\MNModeler\tests\8.1-unitarias\real-system-validation.test.js:2:1)
    at Generator._invoke [as next] (D:\ETSII\4 CARRERA\2C\TFG\MNModeler\tests\8.1-unitarias\real-system-validation.test.js:2:1)
    at asyncGeneratorStep (D:\ETSII\4 CARRERA\2C\TFG\MNModeler\tests\8.1-unitarias\real-system-validation.test.js:2:1)
    at asyncGeneratorStep (D:\ETSII\4 CARRERA\2C\TFG\MNModeler\tests\8.1-unitarias\real-system-validation.test.js:2:1)
    at processTicksAndRejections (node:internal/process/task_queues:105:5)</failure>
    </testcase>
    <testcase classname="8.1 ValidaciÃ³n del Sistema Real - Sin Mocks Falsos â€º REAL: MultiNotationModelerCore" name="debe registrar y obtener mÃ³dulos reales" time="0.003">
    </testcase>
    <testcase classname="8.1 ValidaciÃ³n del Sistema Real - Sin Mocks Falsos â€º REAL: EventBus del Sistema" name="debe usar el EventBus real del sistema" time="0.013">
      <failure>Error: expect(received).toBe(expected) // Object.is equality

Expected: 1
Received: 0
    at toBe (D:\ETSII\4 CARRERA\2C\TFG\MNModeler\tests\8.1-unitarias\real-system-validation.test.js:191:33)
    at Generator.call (D:\ETSII\4 CARRERA\2C\TFG\MNModeler\tests\8.1-unitarias\real-system-validation.test.js:2:1)
    at Generator._invoke [as next] (D:\ETSII\4 CARRERA\2C\TFG\MNModeler\tests\8.1-unitarias\real-system-validation.test.js:2:1)
    at asyncGeneratorStep (D:\ETSII\4 CARRERA\2C\TFG\MNModeler\tests\8.1-unitarias\real-system-validation.test.js:2:1)
    at asyncGeneratorStep (D:\ETSII\4 CARRERA\2C\TFG\MNModeler\tests\8.1-unitarias\real-system-validation.test.js:2:1)
    at processTicksAndRejections (node:internal/process/task_queues:105:5)</failure>
    </testcase>
    <testcase classname="8.1 ValidaciÃ³n del Sistema Real - Sin Mocks Falsos â€º REAL: ServiceRegistry del Sistema" name="debe usar el ServiceRegistry real del sistema" time="0.009">
    </testcase>
    <testcase classname="8.1 ValidaciÃ³n del Sistema Real - Sin Mocks Falsos â€º REAL: StorageManager del Sistema" name="debe usar el StorageManager real del sistema" time="0.01">
      <failure>Error: expect(received).toBe(expected) // Object.is equality

Expected: &quot;function&quot;
Received: &quot;undefined&quot;
    at toBe (D:\ETSII\4 CARRERA\2C\TFG\MNModeler\tests\8.1-unitarias\real-system-validation.test.js:270:46)
    at Generator.call (D:\ETSII\4 CARRERA\2C\TFG\MNModeler\tests\8.1-unitarias\real-system-validation.test.js:2:1)
    at Generator._invoke [as next] (D:\ETSII\4 CARRERA\2C\TFG\MNModeler\tests\8.1-unitarias\real-system-validation.test.js:2:1)
    at asyncGeneratorStep (D:\ETSII\4 CARRERA\2C\TFG\MNModeler\tests\8.1-unitarias\real-system-validation.test.js:2:1)
    at asyncGeneratorStep (D:\ETSII\4 CARRERA\2C\TFG\MNModeler\tests\8.1-unitarias\real-system-validation.test.js:2:1)
    at processTicksAndRejections (node:internal/process/task_queues:105:5)</failure>
    </testcase>
    <testcase classname="8.1 ValidaciÃ³n del Sistema Real - Sin Mocks Falsos â€º REAL: RASCI Manager y Adapter" name="debe importar y usar el RASCIAdapter real" time="0.079">
    </testcase>
    <testcase classname="8.1 ValidaciÃ³n del Sistema Real - Sin Mocks Falsos â€º REAL: RASCI Manager y Adapter" name="debe inicializar el mÃ³dulo RASCI real" time="0.059">
    </testcase>
    <testcase classname="8.1 ValidaciÃ³n del Sistema Real - Sin Mocks Falsos â€º REAL: CoordinaciÃ³n Multi-NotaciÃ³n" name="debe coordinar entre EventBus real y Core real" time="0.006">
      <failure>Error: expect(received).toBeGreaterThan(expected)

Expected: &gt; 0
Received:   0
    at toBeGreaterThan (D:\ETSII\4 CARRERA\2C\TFG\MNModeler\tests\8.1-unitarias\real-system-validation.test.js:479:41)
    at Generator.call (D:\ETSII\4 CARRERA\2C\TFG\MNModeler\tests\8.1-unitarias\real-system-validation.test.js:2:1)
    at Generator._invoke [as next] (D:\ETSII\4 CARRERA\2C\TFG\MNModeler\tests\8.1-unitarias\real-system-validation.test.js:2:1)
    at asyncGeneratorStep (D:\ETSII\4 CARRERA\2C\TFG\MNModeler\tests\8.1-unitarias\real-system-validation.test.js:2:1)
    at asyncGeneratorStep (D:\ETSII\4 CARRERA\2C\TFG\MNModeler\tests\8.1-unitarias\real-system-validation.test.js:2:1)
    at processTicksAndRejections (node:internal/process/task_queues:105:5)</failure>
    </testcase>
    <testcase classname="8.1 ValidaciÃ³n del Sistema Real - Sin Mocks Falsos â€º REAL: CoordinaciÃ³n Multi-NotaciÃ³n" name="debe usar ServiceRegistry real para dependencias" time="0.003">
      <failure>Error: expect(received).toBe(expected) // Object.is equality

Expected: false
Received: &quot;&quot;
    at toBe (D:\ETSII\4 CARRERA\2C\TFG\MNModeler\tests\8.1-unitarias\real-system-validation.test.js:518:33)
    at Generator.call (D:\ETSII\4 CARRERA\2C\TFG\MNModeler\tests\8.1-unitarias\real-system-validation.test.js:2:1)
    at Generator._invoke [as next] (D:\ETSII\4 CARRERA\2C\TFG\MNModeler\tests\8.1-unitarias\real-system-validation.test.js:2:1)
    at asyncGeneratorStep (D:\ETSII\4 CARRERA\2C\TFG\MNModeler\tests\8.1-unitarias\real-system-validation.test.js:2:1)
    at asyncGeneratorStep (D:\ETSII\4 CARRERA\2C\TFG\MNModeler\tests\8.1-unitarias\real-system-validation.test.js:2:1)
    at processTicksAndRejections (node:internal/process/task_queues:105:5)</failure>
    </testcase>
    <testcase classname="8.1 ValidaciÃ³n del Sistema Real - Sin Mocks Falsos â€º REAL: Persistencia y Almacenamiento" name="debe guardar y cargar datos reales en localStorage" time="0.006">
      <failure>Error: expect(received).toBeNull()

Received: [TypeError: realStorageManager.save is not a function]
    at toBeNull (D:\ETSII\4 CARRERA\2C\TFG\MNModeler\tests\8.1-unitarias\real-system-validation.test.js:583:25)
    at Generator.call (D:\ETSII\4 CARRERA\2C\TFG\MNModeler\tests\8.1-unitarias\real-system-validation.test.js:2:1)
    at Generator._invoke [as next] (D:\ETSII\4 CARRERA\2C\TFG\MNModeler\tests\8.1-unitarias\real-system-validation.test.js:2:1)
    at asyncGeneratorStep (D:\ETSII\4 CARRERA\2C\TFG\MNModeler\tests\8.1-unitarias\real-system-validation.test.js:2:1)
    at asyncGeneratorStep (D:\ETSII\4 CARRERA\2C\TFG\MNModeler\tests\8.1-unitarias\real-system-validation.test.js:2:1)
    at processTicksAndRejections (node:internal/process/task_queues:105:5)</failure>
    </testcase>
    <testcase classname="8.1 ValidaciÃ³n del Sistema Real - Sin Mocks Falsos â€º REAL: IntegraciÃ³n Completa del Sistema" name="debe inicializar la aplicaciÃ³n real completa" time="0.451">
      <failure>Error: expect(received).toBeNull()

Received: [Error: Cannot find module &apos;path-intersection&apos; from &apos;node_modules/diagram-js/lib/layout/LayoutUtil.js&apos;Â·
Require stack:
  node_modules/diagram-js/lib/layout/LayoutUtil.js
  node_modules/diagram-js/lib/core/Canvas.js
  node_modules/diagram-js/lib/core/index.js
  node_modules/diagram-js/lib/Diagram.js
  node_modules/bpmn-js/lib/BaseViewer.js
  node_modules/bpmn-js/lib/BaseModeler.js
  node_modules/bpmn-js/lib/Modeler.js
  app/modules/multinotationModeler/index.js
  app/modules/index.js
  tests/8.1-unitarias/real-system-validation.test.js
]
    at toBeNull (D:\ETSII\4 CARRERA\2C\TFG\MNModeler\tests\8.1-unitarias\real-system-validation.test.js:631:27)
    at Generator.call (D:\ETSII\4 CARRERA\2C\TFG\MNModeler\tests\8.1-unitarias\real-system-validation.test.js:2:1)
    at Generator._invoke [as throw] (D:\ETSII\4 CARRERA\2C\TFG\MNModeler\tests\8.1-unitarias\real-system-validation.test.js:2:1)
    at asyncGeneratorStep (D:\ETSII\4 CARRERA\2C\TFG\MNModeler\tests\8.1-unitarias\real-system-validation.test.js:2:1)
    at asyncGeneratorStep (D:\ETSII\4 CARRERA\2C\TFG\MNModeler\tests\8.1-unitarias\real-system-validation.test.js:2:1)
    at processTicksAndRejections (node:internal/process/task_queues:105:5)</failure>
    </testcase>
  </testsuite>
  <testsuite name="tests\8.1-unitarias\ppinot-core.test.js" errors="0" failures="0" skipped="0" timestamp="2025-09-18T13:00:56" time="0.631" tests="12">
    <testcase classname="8.1 Pruebas Unitarias - PPINOT Core â€º PPINOT Types - Tipos de Indicadores" name="debe cargar y validar tipos PPINOT" time="0.029">
    </testcase>
    <testcase classname="8.1 Pruebas Unitarias - PPINOT Core â€º PPINOT Types - Tipos de Indicadores" name="debe validar estructura de PPIs" time="0.055">
    </testcase>
    <testcase classname="8.1 Pruebas Unitarias - PPINOT Core â€º PPINOT SVG - Iconos y VisualizaciÃ³n" name="debe cargar iconos SVG para PPIs" time="0.037">
    </testcase>
    <testcase classname="8.1 Pruebas Unitarias - PPINOT Core â€º PPINOT Configuration" name="debe cargar configuraciÃ³n PPINOT" time="0.012">
    </testcase>
    <testcase classname="8.1 Pruebas Unitarias - PPINOT Core â€º PPINOT Events - Sistema de Eventos" name="debe manejar eventos de PPIs" time="0.023">
    </testcase>
    <testcase classname="8.1 Pruebas Unitarias - PPINOT Core â€º PPINOT Core - Funcionalidad Principal" name="debe manejar cÃ¡lculo de indicadores bÃ¡sicos" time="0.007">
    </testcase>
    <testcase classname="8.1 Pruebas Unitarias - PPINOT Core â€º PPINOT Core - Funcionalidad Principal" name="debe validar condiciones de PPIs" time="0.001">
    </testcase>
    <testcase classname="8.1 Pruebas Unitarias - PPINOT Core â€º PPINOT Integration - IntegraciÃ³n con BPMN" name="debe vincular PPIs a elementos BPMN" time="0.001">
    </testcase>
    <testcase classname="8.1 Pruebas Unitarias - PPINOT Core â€º PPINOT Integration - IntegraciÃ³n con BPMN" name="debe sincronizar PPIs con cambios BPMN" time="0.002">
    </testcase>
    <testcase classname="8.1 Pruebas Unitarias - PPINOT Core â€º PPINOT Utilities - Utilidades" name="debe generar IDs Ãºnicos para PPIs" time="0.001">
    </testcase>
    <testcase classname="8.1 Pruebas Unitarias - PPINOT Core â€º PPINOT Utilities - Utilidades" name="debe formatear valores de PPIs" time="0.012">
    </testcase>
    <testcase classname="8.1 Pruebas Unitarias - PPINOT Core â€º PPINOT Persistence - Persistencia" name="debe serializar y deserializar PPIs" time="0.003">
    </testcase>
  </testsuite>
  <testsuite name="tests\8.1-unitarias\rasci-core-sin-fallbacks.test.js" errors="0" failures="7" skipped="0" timestamp="2025-09-18T13:00:51" time="7.051" tests="15">
    <testcase classname="8.1 RASCI Core - SIN FALLBACKS FALSOS â€º REAL: RasciStore - Debe Existir y Funcionar" name="debe importar RasciStore real o fallar claramente" time="0.054">
    </testcase>
    <testcase classname="8.1 RASCI Core - SIN FALLBACKS FALSOS â€º REAL: RasciStore - Debe Existir y Funcionar" name="debe persistir roles reales en localStorage" time="0.013">
    </testcase>
    <testcase classname="8.1 RASCI Core - SIN FALLBACKS FALSOS â€º REAL: RasciStore - Debe Existir y Funcionar" name="debe persistir matriz RASCI real en localStorage" time="0.026">
    </testcase>
    <testcase classname="8.1 RASCI Core - SIN FALLBACKS FALSOS â€º REAL: RASCIAdapter - Debe Existir y Funcionar" name="debe importar RASCIAdapter real o fallar claramente" time="0.092">
    </testcase>
    <testcase classname="8.1 RASCI Core - SIN FALLBACKS FALSOS â€º REAL: RASCIAdapter - Debe Existir y Funcionar" name="debe procesar datos reales usando RASCIAdapter" time="0.057">
    </testcase>
    <testcase classname="8.1 RASCI Core - SIN FALLBACKS FALSOS â€º REAL: Validadores RASCI - Deben Existir y Funcionar" name="debe importar RasciMatrixValidator real o fallar" time="0.527">
    </testcase>
    <testcase classname="8.1 RASCI Core - SIN FALLBACKS FALSOS â€º REAL: Validadores RASCI - Deben Existir y Funcionar" name="debe validar matriz real y detectar violaciones especÃ­ficas" time="0.046">
      <failure>Error: expect(received).toBe(expected) // Object.is equality

Expected: false
Received: true
    at toBe (D:\ETSII\4 CARRERA\2C\TFG\MNModeler\tests\8.1-unitarias\rasci-core-sin-fallbacks.test.js:248:43)
    at Generator.call (D:\ETSII\4 CARRERA\2C\TFG\MNModeler\tests\8.1-unitarias\rasci-core-sin-fallbacks.test.js:2:1)
    at Generator._invoke [as next] (D:\ETSII\4 CARRERA\2C\TFG\MNModeler\tests\8.1-unitarias\rasci-core-sin-fallbacks.test.js:2:1)
    at asyncGeneratorStep (D:\ETSII\4 CARRERA\2C\TFG\MNModeler\tests\8.1-unitarias\rasci-core-sin-fallbacks.test.js:2:1)
    at asyncGeneratorStep (D:\ETSII\4 CARRERA\2C\TFG\MNModeler\tests\8.1-unitarias\rasci-core-sin-fallbacks.test.js:2:1)
    at processTicksAndRejections (node:internal/process/task_queues:105:5)</failure>
    </testcase>
    <testcase classname="8.1 RASCI Core - SIN FALLBACKS FALSOS â€º REAL: Mapeo AutomÃ¡tico - Debe Existir y Funcionar" name="debe importar funciones de mapeo real o fallar" time="0.012">
      <failure>Error: Cannot find module &apos;../../app/modules/rasci/core/auto-mapping.js&apos; from &apos;tests/8.1-unitarias/rasci-core-sin-fallbacks.test.js&apos;
    at Resolver._throwModNotFoundError (D:\ETSII\4 CARRERA\2C\TFG\MNModeler\node_modules\jest-resolve\build\index.js:863:11)
    at Resolver.resolveModule (D:\ETSII\4 CARRERA\2C\TFG\MNModeler\node_modules\jest-resolve\build\index.js:810:10)
    at Resolver._getVirtualMockPath (D:\ETSII\4 CARRERA\2C\TFG\MNModeler\node_modules\jest-resolve\build\index.js:1004:84)
    at Resolver._getAbsolutePath (D:\ETSII\4 CARRERA\2C\TFG\MNModeler\node_modules\jest-resolve\build\index.js:984:98)
    at Resolver.getModuleID (D:\ETSII\4 CARRERA\2C\TFG\MNModeler\node_modules\jest-resolve\build\index.js:949:31)
    at Runtime._shouldMockCjs (D:\ETSII\4 CARRERA\2C\TFG\MNModeler\node_modules\jest-runtime\build\index.js:1486:37)
    at Runtime.requireModuleOrMock (D:\ETSII\4 CARRERA\2C\TFG\MNModeler\node_modules\jest-runtime\build\index.js:961:16)
    at require (D:\ETSII\4 CARRERA\2C\TFG\MNModeler\tests\8.1-unitarias\rasci-core-sin-fallbacks.test.js:264:60)
    at processTicksAndRejections (node:internal/process/task_queues:105:5)</failure>
    </testcase>
    <testcase classname="8.1 RASCI Core - SIN FALLBACKS FALSOS â€º REAL: Mapeo AutomÃ¡tico - Debe Existir y Funcionar" name="debe ejecutar mapeo automÃ¡tico real con datos BPMN" time="0.001">
      <failure>Error: Cannot find module &apos;../../app/modules/rasci/core/auto-mapping.js&apos; from &apos;tests/8.1-unitarias/rasci-core-sin-fallbacks.test.js&apos;
    at Resolver._throwModNotFoundError (D:\ETSII\4 CARRERA\2C\TFG\MNModeler\node_modules\jest-resolve\build\index.js:863:11)
    at Resolver.resolveModule (D:\ETSII\4 CARRERA\2C\TFG\MNModeler\node_modules\jest-resolve\build\index.js:810:10)
    at Resolver._getVirtualMockPath (D:\ETSII\4 CARRERA\2C\TFG\MNModeler\node_modules\jest-resolve\build\index.js:1004:84)
    at Resolver._getAbsolutePath (D:\ETSII\4 CARRERA\2C\TFG\MNModeler\node_modules\jest-resolve\build\index.js:984:98)
    at Resolver.getModuleID (D:\ETSII\4 CARRERA\2C\TFG\MNModeler\node_modules\jest-resolve\build\index.js:949:31)
    at Runtime._shouldMockCjs (D:\ETSII\4 CARRERA\2C\TFG\MNModeler\node_modules\jest-runtime\build\index.js:1486:37)
    at Runtime.requireModuleOrMock (D:\ETSII\4 CARRERA\2C\TFG\MNModeler\node_modules\jest-runtime\build\index.js:961:16)
    at require (D:\ETSII\4 CARRERA\2C\TFG\MNModeler\tests\8.1-unitarias\rasci-core-sin-fallbacks.test.js:275:64)
    at processTicksAndRejections (node:internal/process/task_queues:105:5)</failure>
    </testcase>
    <testcase classname="8.1 RASCI Core - SIN FALLBACKS FALSOS â€º REAL: Validadores UI - Deben Existir y Funcionar" name="debe importar validadores UI reales o fallar" time="0.013">
      <failure>Error: expect(received).toBe(expected) // Object.is equality

Expected: true
Received: false
    at toBe (D:\ETSII\4 CARRERA\2C\TFG\MNModeler\tests\8.1-unitarias\rasci-core-sin-fallbacks.test.js:335:38)
    at Generator.call (D:\ETSII\4 CARRERA\2C\TFG\MNModeler\tests\8.1-unitarias\rasci-core-sin-fallbacks.test.js:2:1)
    at Generator._invoke [as next] (D:\ETSII\4 CARRERA\2C\TFG\MNModeler\tests\8.1-unitarias\rasci-core-sin-fallbacks.test.js:2:1)
    at asyncGeneratorStep (D:\ETSII\4 CARRERA\2C\TFG\MNModeler\tests\8.1-unitarias\rasci-core-sin-fallbacks.test.js:2:1)
    at asyncGeneratorStep (D:\ETSII\4 CARRERA\2C\TFG\MNModeler\tests\8.1-unitarias\rasci-core-sin-fallbacks.test.js:2:1)
    at processTicksAndRejections (node:internal/process/task_queues:105:5)</failure>
    </testcase>
    <testcase classname="8.1 RASCI Core - SIN FALLBACKS FALSOS â€º REAL: Change Queue Manager - Debe Existir y Funcionar" name="debe importar ChangeQueueManager real o fallar" time="0.002">
      <failure>Error: expect(received).toBeDefined()

Received: undefined
    at toBeDefined (D:\ETSII\4 CARRERA\2C\TFG\MNModeler\tests\8.1-unitarias\rasci-core-sin-fallbacks.test.js:347:52)
    at Generator.call (D:\ETSII\4 CARRERA\2C\TFG\MNModeler\tests\8.1-unitarias\rasci-core-sin-fallbacks.test.js:2:1)
    at Generator._invoke [as next] (D:\ETSII\4 CARRERA\2C\TFG\MNModeler\tests\8.1-unitarias\rasci-core-sin-fallbacks.test.js:2:1)
    at asyncGeneratorStep (D:\ETSII\4 CARRERA\2C\TFG\MNModeler\tests\8.1-unitarias\rasci-core-sin-fallbacks.test.js:2:1)
    at asyncGeneratorStep (D:\ETSII\4 CARRERA\2C\TFG\MNModeler\tests\8.1-unitarias\rasci-core-sin-fallbacks.test.js:2:1)
    at processTicksAndRejections (node:internal/process/task_queues:105:5)</failure>
    </testcase>
    <testcase classname="8.1 RASCI Core - SIN FALLBACKS FALSOS â€º REAL: Change Queue Manager - Debe Existir y Funcionar" name="debe procesar cambios reales usando ChangeQueueManager" time="0.001">
      <failure>TypeError: ChangeQueueManager is not a constructor
    at D:\ETSII\4 CARRERA\2C\TFG\MNModeler\tests\8.1-unitarias\rasci-core-sin-fallbacks.test.js:365:31
    at Generator.call (D:\ETSII\4 CARRERA\2C\TFG\MNModeler\tests\8.1-unitarias\rasci-core-sin-fallbacks.test.js:2:1)
    at Generator._invoke [as next] (D:\ETSII\4 CARRERA\2C\TFG\MNModeler\tests\8.1-unitarias\rasci-core-sin-fallbacks.test.js:2:1)
    at asyncGeneratorStep (D:\ETSII\4 CARRERA\2C\TFG\MNModeler\tests\8.1-unitarias\rasci-core-sin-fallbacks.test.js:2:1)
    at asyncGeneratorStep (D:\ETSII\4 CARRERA\2C\TFG\MNModeler\tests\8.1-unitarias\rasci-core-sin-fallbacks.test.js:2:1)
    at processTicksAndRejections (node:internal/process/task_queues:105:5)</failure>
    </testcase>
    <testcase classname="8.1 RASCI Core - SIN FALLBACKS FALSOS â€º REAL: ConfiguraciÃ³n RASCI - Debe Existir y Funcionar" name="debe importar configuraciÃ³n RASCI real o fallar" time="0.001">
      <failure>Error: Cannot find module &apos;../../app/modules/rasci/core/rasci-config.js&apos; from &apos;tests/8.1-unitarias/rasci-core-sin-fallbacks.test.js&apos;
    at Resolver._throwModNotFoundError (D:\ETSII\4 CARRERA\2C\TFG\MNModeler\node_modules\jest-resolve\build\index.js:863:11)
    at Resolver.resolveModule (D:\ETSII\4 CARRERA\2C\TFG\MNModeler\node_modules\jest-resolve\build\index.js:810:10)
    at Resolver._getVirtualMockPath (D:\ETSII\4 CARRERA\2C\TFG\MNModeler\node_modules\jest-resolve\build\index.js:1004:84)
    at Resolver._getAbsolutePath (D:\ETSII\4 CARRERA\2C\TFG\MNModeler\node_modules\jest-resolve\build\index.js:984:98)
    at Resolver.getModuleID (D:\ETSII\4 CARRERA\2C\TFG\MNModeler\node_modules\jest-resolve\build\index.js:949:31)
    at Runtime._shouldMockCjs (D:\ETSII\4 CARRERA\2C\TFG\MNModeler\node_modules\jest-runtime\build\index.js:1486:37)
    at Runtime.requireModuleOrMock (D:\ETSII\4 CARRERA\2C\TFG\MNModeler\node_modules\jest-runtime\build\index.js:961:16)
    at require (D:\ETSII\4 CARRERA\2C\TFG\MNModeler\tests\8.1-unitarias\rasci-core-sin-fallbacks.test.js:418:61)
    at processTicksAndRejections (node:internal/process/task_queues:105:5)</failure>
    </testcase>
    <testcase classname="8.1 RASCI Core - SIN FALLBACKS FALSOS â€º REAL: Problemas EspecÃ­ficos del Sistema RASCI" name="debe detectar inconsistencias reales en datos RASCI" time="0.008">
    </testcase>
    <testcase classname="8.1 RASCI Core - SIN FALLBACKS FALSOS â€º REAL: Problemas EspecÃ­ficos del Sistema RASCI" name="debe reproducir problema real de sincronizaciÃ³n RASCI-BPMN" time="0.019">
    </testcase>
  </testsuite>
  <testsuite name="tests\8.1-unitarias\rasci-core.test.js" errors="0" failures="0" skipped="0" timestamp="2025-09-18T13:00:57" time="1.215" tests="13">
    <testcase classname="8.1 Pruebas Unitarias - RASCI Core â€º RasciStore - GestiÃ³n de Datos" name="debe manejar operaciones bÃ¡sicas de roles" time="0.017">
    </testcase>
    <testcase classname="8.1 Pruebas Unitarias - RASCI Core â€º RasciStore - GestiÃ³n de Datos" name="debe validar estructura de datos RASCI" time="0.003">
    </testcase>
    <testcase classname="8.1 Pruebas Unitarias - RASCI Core â€º RASCIAdapter - IntegraciÃ³n" name="debe importar y instanciar RASCIAdapter" time="0.102">
    </testcase>
    <testcase classname="8.1 Pruebas Unitarias - RASCI Core â€º RASCIAdapter - IntegraciÃ³n" name="debe manejar comunicaciÃ³n con otros mÃ³dulos" time="0.067">
    </testcase>
    <testcase classname="8.1 Pruebas Unitarias - RASCI Core â€º RASCI Validation - Validadores Reales" name="debe ejecutar validaciÃ³n de matriz real" time="0.486">
    </testcase>
    <testcase classname="8.1 Pruebas Unitarias - RASCI Core â€º RASCI Validation - Validadores Reales" name="debe validar reglas RASCI bÃ¡sicas" time="0.006">
    </testcase>
    <testcase classname="8.1 Pruebas Unitarias - RASCI Core â€º RASCI Mapping - Mapeo AutomÃ¡tico" name="debe ejecutar funciones de mapeo bÃ¡sicas" time="0.135">
    </testcase>
    <testcase classname="8.1 Pruebas Unitarias - RASCI Core â€º RASCI Mapping - Mapeo AutomÃ¡tico" name="debe manejar auto-mapping de roles" time="0.002">
    </testcase>
    <testcase classname="8.1 Pruebas Unitarias - RASCI Core â€º RASCI UI - Validadores de Interfaz" name="debe manejar validaciÃ³n de UI" time="0.002">
    </testcase>
    <testcase classname="8.1 Pruebas Unitarias - RASCI Core â€º RASCI UI - Validadores de Interfaz" name="debe generar mensajes de validaciÃ³n" time="0.004">
    </testcase>
    <testcase classname="8.1 Pruebas Unitarias - RASCI Core â€º RASCI Change Management" name="debe manejar cola de cambios" time="0.002">
    </testcase>
    <testcase classname="8.1 Pruebas Unitarias - RASCI Core â€º RASCI Change Management" name="debe gestionar estado de cambios pendientes" time="0.003">
    </testcase>
    <testcase classname="8.1 Pruebas Unitarias - RASCI Core â€º RASCI Configuration" name="debe cargar configuraciÃ³n de validaciÃ³n" time="0.027">
    </testcase>
  </testsuite>
  <testsuite name="tests\8.1-unitarias\rasci-core-mejorado.test.js" errors="0" failures="3" skipped="0" timestamp="2025-09-18T13:00:58" time="1.207" tests="9">
    <testcase classname="8.1 RASCI Core - MÃ³dulos Reales â€º RasciStore - GestiÃ³n Real de Datos" name="debe persistir roles y matriz en localStorage usando RasciStore real" time="0.014">
      <failure>Error: expect(received).toHaveBeenCalledWith(...expected)

Matcher error: received value must be a mock or spy function

Received has type:  function
Received has value: [Function setItem]
    at toHaveBeenCalledWith (D:\ETSII\4 CARRERA\2C\TFG\MNModeler\tests\8.1-unitarias\rasci-core-mejorado.test.js:40:36)
    at Generator.call (D:\ETSII\4 CARRERA\2C\TFG\MNModeler\tests\8.1-unitarias\rasci-core-mejorado.test.js:2:1)
    at Generator._invoke [as next] (D:\ETSII\4 CARRERA\2C\TFG\MNModeler\tests\8.1-unitarias\rasci-core-mejorado.test.js:2:1)
    at asyncGeneratorStep (D:\ETSII\4 CARRERA\2C\TFG\MNModeler\tests\8.1-unitarias\rasci-core-mejorado.test.js:2:1)
    at asyncGeneratorStep (D:\ETSII\4 CARRERA\2C\TFG\MNModeler\tests\8.1-unitarias\rasci-core-mejorado.test.js:2:1)
    at processTicksAndRejections (node:internal/process/task_queues:105:5)</failure>
    </testcase>
    <testcase classname="8.1 RASCI Core - MÃ³dulos Reales â€º RasciStore - GestiÃ³n Real de Datos" name="debe validar estructura RASCI real con reglas de negocio" time="0.008">
    </testcase>
    <testcase classname="8.1 RASCI Core - MÃ³dulos Reales â€º RASCIAdapter - IntegraciÃ³n Real" name="debe inicializarse usando RASCIAdapter real" time="0.103">
    </testcase>
    <testcase classname="8.1 RASCI Core - MÃ³dulos Reales â€º RASCIAdapter - IntegraciÃ³n Real" name="updateMatrixData debe usar EventBus real para comunicaciÃ³n" time="0.006">
      <failure>Error: expect(received).toBe(expected) // Object.is equality

Expected: 1
Received: 0
    at toBe (D:\ETSII\4 CARRERA\2C\TFG\MNModeler\tests\8.1-unitarias\rasci-core-mejorado.test.js:150:30)
    at Generator.call (D:\ETSII\4 CARRERA\2C\TFG\MNModeler\tests\8.1-unitarias\rasci-core-mejorado.test.js:2:1)
    at Generator._invoke [as next] (D:\ETSII\4 CARRERA\2C\TFG\MNModeler\tests\8.1-unitarias\rasci-core-mejorado.test.js:2:1)
    at asyncGeneratorStep (D:\ETSII\4 CARRERA\2C\TFG\MNModeler\tests\8.1-unitarias\rasci-core-mejorado.test.js:2:1)
    at asyncGeneratorStep (D:\ETSII\4 CARRERA\2C\TFG\MNModeler\tests\8.1-unitarias\rasci-core-mejorado.test.js:2:1)
    at processTicksAndRejections (node:internal/process/task_queues:105:5)</failure>
    </testcase>
    <testcase classname="8.1 RASCI Core - MÃ³dulos Reales â€º RASCIAdapter - IntegraciÃ³n Real" name="communicateWithPPIs debe usar comunicaciÃ³n real entre mÃ³dulos" time="0.036">
    </testcase>
    <testcase classname="8.1 RASCI Core - MÃ³dulos Reales â€º RASCI Validation - Validadores Reales" name="debe usar validador real de matriz RASCI" time="0.48">
    </testcase>
    <testcase classname="8.1 RASCI Core - MÃ³dulos Reales â€º RASCI Validation - Validadores Reales" name="debe detectar violaciones reales de reglas RASCI" time="0.01">
      <failure>Error: expect(received).toBe(expected) // Object.is equality

Expected: &quot;invalid_value&quot;
Received: &quot;no_accountable&quot;
    at toBe (D:\ETSII\4 CARRERA\2C\TFG\MNModeler\tests\8.1-unitarias\rasci-core-mejorado.test.js:273:36)
    at Array.forEach (&lt;anonymous&gt;)
    at Object.forEach (D:\ETSII\4 CARRERA\2C\TFG\MNModeler\tests\8.1-unitarias\rasci-core-mejorado.test.js:252:29)
    at Promise.finally.completed (D:\ETSII\4 CARRERA\2C\TFG\MNModeler\node_modules\jest-circus\build\jestAdapterInit.js:1556:28)
    at new Promise (&lt;anonymous&gt;)
    at callAsyncCircusFn (D:\ETSII\4 CARRERA\2C\TFG\MNModeler\node_modules\jest-circus\build\jestAdapterInit.js:1496:10)
    at _callCircusTest (D:\ETSII\4 CARRERA\2C\TFG\MNModeler\node_modules\jest-circus\build\jestAdapterInit.js:1006:40)
    at processTicksAndRejections (node:internal/process/task_queues:105:5)
    at _runTest (D:\ETSII\4 CARRERA\2C\TFG\MNModeler\node_modules\jest-circus\build\jestAdapterInit.js:946:3)
    at _runTestsForDescribeBlock (D:\ETSII\4 CARRERA\2C\TFG\MNModeler\node_modules\jest-circus\build\jestAdapterInit.js:839:13)
    at _runTestsForDescribeBlock (D:\ETSII\4 CARRERA\2C\TFG\MNModeler\node_modules\jest-circus\build\jestAdapterInit.js:829:11)
    at _runTestsForDescribeBlock (D:\ETSII\4 CARRERA\2C\TFG\MNModeler\node_modules\jest-circus\build\jestAdapterInit.js:829:11)
    at run (D:\ETSII\4 CARRERA\2C\TFG\MNModeler\node_modules\jest-circus\build\jestAdapterInit.js:757:3)
    at runAndTransformResultsToJestFormat (D:\ETSII\4 CARRERA\2C\TFG\MNModeler\node_modules\jest-circus\build\jestAdapterInit.js:1917:21)
    at jestAdapter (D:\ETSII\4 CARRERA\2C\TFG\MNModeler\node_modules\jest-circus\build\runner.js:101:19)
    at runTestInternal (D:\ETSII\4 CARRERA\2C\TFG\MNModeler\node_modules\jest-runner\build\testWorker.js:275:16)
    at runTest (D:\ETSII\4 CARRERA\2C\TFG\MNModeler\node_modules\jest-runner\build\testWorker.js:343:7)
    at Object.worker (D:\ETSII\4 CARRERA\2C\TFG\MNModeler\node_modules\jest-runner\build\testWorker.js:497:12)</failure>
    </testcase>
    <testcase classname="8.1 RASCI Core - MÃ³dulos Reales â€º RASCI Real - Problemas EspecÃ­ficos del Sistema" name="debe reproducir problema real de sincronizaciÃ³n RASCI-BPMN" time="0.007">
    </testcase>
    <testcase classname="8.1 RASCI Core - MÃ³dulos Reales â€º RASCI Real - Problemas EspecÃ­ficos del Sistema" name="debe validar integridad real de datos RASCI en localStorage" time="0.039">
    </testcase>
  </testsuite>
  <testsuite name="tests\8.1-unitarias\multinotation-core-real.test.js" errors="0" failures="4" skipped="0" timestamp="2025-09-18T13:00:59" time="1.985" tests="8">
    <testcase classname="8.1 MultiNotation Core - CÃ³digo Real Sin Fallbacks â€º REAL: InicializaciÃ³n de AplicaciÃ³n" name="debe importar initializeApplication real o fallar claramente" time="0.336">
      <failure>Error: Cannot find module &apos;path-intersection&apos; from &apos;node_modules/diagram-js/lib/layout/LayoutUtil.js&apos;

Require stack:
  node_modules/diagram-js/lib/layout/LayoutUtil.js
  node_modules/diagram-js/lib/core/Canvas.js
  node_modules/diagram-js/lib/core/index.js
  node_modules/diagram-js/lib/Diagram.js
  node_modules/bpmn-js/lib/BaseViewer.js
  node_modules/bpmn-js/lib/BaseModeler.js
  node_modules/bpmn-js/lib/Modeler.js
  app/modules/multinotationModeler/index.js
  app/modules/index.js
  tests/8.1-unitarias/multinotation-core-real.test.js

    at Resolver._throwModNotFoundError (D:\ETSII\4 CARRERA\2C\TFG\MNModeler\node_modules\jest-resolve\build\index.js:863:11)
    at Resolver.resolveModule (D:\ETSII\4 CARRERA\2C\TFG\MNModeler\node_modules\jest-resolve\build\index.js:810:10)
    at Resolver._getVirtualMockPath (D:\ETSII\4 CARRERA\2C\TFG\MNModeler\node_modules\jest-resolve\build\index.js:1004:84)
    at Resolver._getAbsolutePath (D:\ETSII\4 CARRERA\2C\TFG\MNModeler\node_modules\jest-resolve\build\index.js:984:98)
    at Resolver.getModuleID (D:\ETSII\4 CARRERA\2C\TFG\MNModeler\node_modules\jest-resolve\build\index.js:949:31)
    at Runtime._shouldMockCjs (D:\ETSII\4 CARRERA\2C\TFG\MNModeler\node_modules\jest-runtime\build\index.js:1486:37)
    at Runtime.requireModuleOrMock (D:\ETSII\4 CARRERA\2C\TFG\MNModeler\node_modules\jest-runtime\build\index.js:961:16)
    at Object.require (D:\ETSII\4 CARRERA\2C\TFG\MNModeler\node_modules\diagram-js\lib\layout\LayoutUtil.js:11:1)
    at Runtime._execModule (D:\ETSII\4 CARRERA\2C\TFG\MNModeler\node_modules\jest-runtime\build\index.js:1268:24)
    at Runtime._loadModule (D:\ETSII\4 CARRERA\2C\TFG\MNModeler\node_modules\jest-runtime\build\index.js:944:12)
    at Runtime.requireModule (D:\ETSII\4 CARRERA\2C\TFG\MNModeler\node_modules\jest-runtime\build\index.js:832:12)
    at Runtime.requireModuleOrMock (D:\ETSII\4 CARRERA\2C\TFG\MNModeler\node_modules\jest-runtime\build\index.js:964:21)
    at Object.require (D:\ETSII\4 CARRERA\2C\TFG\MNModeler\node_modules\diagram-js\lib\core\Canvas.js:27:1)
    at Runtime._execModule (D:\ETSII\4 CARRERA\2C\TFG\MNModeler\node_modules\jest-runtime\build\index.js:1268:24)
    at Runtime._loadModule (D:\ETSII\4 CARRERA\2C\TFG\MNModeler\node_modules\jest-runtime\build\index.js:944:12)
    at Runtime.requireModule (D:\ETSII\4 CARRERA\2C\TFG\MNModeler\node_modules\jest-runtime\build\index.js:832:12)
    at Runtime.requireModuleOrMock (D:\ETSII\4 CARRERA\2C\TFG\MNModeler\node_modules\jest-runtime\build\index.js:964:21)
    at Object.require (D:\ETSII\4 CARRERA\2C\TFG\MNModeler\node_modules\diagram-js\lib\core\index.js:3:1)
    at Runtime._execModule (D:\ETSII\4 CARRERA\2C\TFG\MNModeler\node_modules\jest-runtime\build\index.js:1268:24)
    at Runtime._loadModule (D:\ETSII\4 CARRERA\2C\TFG\MNModeler\node_modules\jest-runtime\build\index.js:944:12)
    at Runtime.requireModule (D:\ETSII\4 CARRERA\2C\TFG\MNModeler\node_modules\jest-runtime\build\index.js:832:12)
    at Runtime.requireModuleOrMock (D:\ETSII\4 CARRERA\2C\TFG\MNModeler\node_modules\jest-runtime\build\index.js:964:21)
    at Object.require (D:\ETSII\4 CARRERA\2C\TFG\MNModeler\node_modules\diagram-js\lib\Diagram.js:3:1)
    at Runtime._execModule (D:\ETSII\4 CARRERA\2C\TFG\MNModeler\node_modules\jest-runtime\build\index.js:1268:24)
    at Runtime._loadModule (D:\ETSII\4 CARRERA\2C\TFG\MNModeler\node_modules\jest-runtime\build\index.js:944:12)
    at Runtime.requireModule (D:\ETSII\4 CARRERA\2C\TFG\MNModeler\node_modules\jest-runtime\build\index.js:832:12)
    at Runtime.requireModuleOrMock (D:\ETSII\4 CARRERA\2C\TFG\MNModeler\node_modules\jest-runtime\build\index.js:964:21)
    at Object.require (D:\ETSII\4 CARRERA\2C\TFG\MNModeler\node_modules\bpmn-js\lib\BaseViewer.js:25:1)
    at Runtime._execModule (D:\ETSII\4 CARRERA\2C\TFG\MNModeler\node_modules\jest-runtime\build\index.js:1268:24)
    at Runtime._loadModule (D:\ETSII\4 CARRERA\2C\TFG\MNModeler\node_modules\jest-runtime\build\index.js:944:12)
    at Runtime.requireModule (D:\ETSII\4 CARRERA\2C\TFG\MNModeler\node_modules\jest-runtime\build\index.js:832:12)
    at Runtime.requireModuleOrMock (D:\ETSII\4 CARRERA\2C\TFG\MNModeler\node_modules\jest-runtime\build\index.js:964:21)
    at Object.require (D:\ETSII\4 CARRERA\2C\TFG\MNModeler\node_modules\bpmn-js\lib\BaseModeler.js:5:1)
    at Runtime._execModule (D:\ETSII\4 CARRERA\2C\TFG\MNModeler\node_modules\jest-runtime\build\index.js:1268:24)
    at Runtime._loadModule (D:\ETSII\4 CARRERA\2C\TFG\MNModeler\node_modules\jest-runtime\build\index.js:944:12)
    at Runtime.requireModule (D:\ETSII\4 CARRERA\2C\TFG\MNModeler\node_modules\jest-runtime\build\index.js:832:12)
    at Runtime.requireModuleOrMock (D:\ETSII\4 CARRERA\2C\TFG\MNModeler\node_modules\jest-runtime\build\index.js:964:21)
    at Object.require (D:\ETSII\4 CARRERA\2C\TFG\MNModeler\node_modules\bpmn-js\lib\Modeler.js:3:1)
    at Runtime._execModule (D:\ETSII\4 CARRERA\2C\TFG\MNModeler\node_modules\jest-runtime\build\index.js:1268:24)
    at Runtime._loadModule (D:\ETSII\4 CARRERA\2C\TFG\MNModeler\node_modules\jest-runtime\build\index.js:944:12)
    at Runtime.requireModule (D:\ETSII\4 CARRERA\2C\TFG\MNModeler\node_modules\jest-runtime\build\index.js:832:12)
    at Runtime.requireModuleOrMock (D:\ETSII\4 CARRERA\2C\TFG\MNModeler\node_modules\jest-runtime\build\index.js:964:21)
    at Object.require (D:\ETSII\4 CARRERA\2C\TFG\MNModeler\app\modules\multinotationModeler\index.js:8:1)
    at Runtime._execModule (D:\ETSII\4 CARRERA\2C\TFG\MNModeler\node_modules\jest-runtime\build\index.js:1268:24)
    at Runtime._loadModule (D:\ETSII\4 CARRERA\2C\TFG\MNModeler\node_modules\jest-runtime\build\index.js:944:12)
    at Runtime.requireModule (D:\ETSII\4 CARRERA\2C\TFG\MNModeler\node_modules\jest-runtime\build\index.js:832:12)
    at Runtime.requireModuleOrMock (D:\ETSII\4 CARRERA\2C\TFG\MNModeler\node_modules\jest-runtime\build\index.js:964:21)
    at Object.require (D:\ETSII\4 CARRERA\2C\TFG\MNModeler\app\modules\index.js:8:1)
    at Runtime._execModule (D:\ETSII\4 CARRERA\2C\TFG\MNModeler\node_modules\jest-runtime\build\index.js:1268:24)
    at Runtime._loadModule (D:\ETSII\4 CARRERA\2C\TFG\MNModeler\node_modules\jest-runtime\build\index.js:944:12)
    at Runtime.requireModule (D:\ETSII\4 CARRERA\2C\TFG\MNModeler\node_modules\jest-runtime\build\index.js:832:12)
    at Runtime.requireModuleOrMock (D:\ETSII\4 CARRERA\2C\TFG\MNModeler\node_modules\jest-runtime\build\index.js:964:21)
    at require (D:\ETSII\4 CARRERA\2C\TFG\MNModeler\tests\8.1-unitarias\multinotation-core-real.test.js:32:74)
    at processTicksAndRejections (node:internal/process/task_queues:105:5)</failure>
    </testcase>
    <testcase classname="8.1 MultiNotation Core - CÃ³digo Real Sin Fallbacks â€º REAL: InicializaciÃ³n de AplicaciÃ³n" name="debe inicializar aplicaciÃ³n real con dependencias mÃ­nimas" time="0.014">
      <failure>Error: Cannot find module &apos;path-intersection&apos; from &apos;node_modules/diagram-js/lib/layout/LayoutUtil.js&apos;

Require stack:
  node_modules/diagram-js/lib/layout/LayoutUtil.js
  node_modules/diagram-js/lib/core/Canvas.js
  node_modules/diagram-js/lib/core/index.js
  node_modules/diagram-js/lib/Diagram.js
  node_modules/bpmn-js/lib/BaseViewer.js
  node_modules/bpmn-js/lib/BaseModeler.js
  node_modules/bpmn-js/lib/Modeler.js
  app/modules/multinotationModeler/index.js
  app/modules/index.js
  tests/8.1-unitarias/multinotation-core-real.test.js

    at Resolver._throwModNotFoundError (D:\ETSII\4 CARRERA\2C\TFG\MNModeler\node_modules\jest-resolve\build\index.js:863:11)
    at Resolver.resolveModule (D:\ETSII\4 CARRERA\2C\TFG\MNModeler\node_modules\jest-resolve\build\index.js:810:10)
    at Resolver._getVirtualMockPath (D:\ETSII\4 CARRERA\2C\TFG\MNModeler\node_modules\jest-resolve\build\index.js:1004:84)
    at Resolver._getAbsolutePath (D:\ETSII\4 CARRERA\2C\TFG\MNModeler\node_modules\jest-resolve\build\index.js:984:98)
    at Resolver.getModuleID (D:\ETSII\4 CARRERA\2C\TFG\MNModeler\node_modules\jest-resolve\build\index.js:949:31)
    at Runtime._shouldMockCjs (D:\ETSII\4 CARRERA\2C\TFG\MNModeler\node_modules\jest-runtime\build\index.js:1486:37)
    at Runtime.requireModuleOrMock (D:\ETSII\4 CARRERA\2C\TFG\MNModeler\node_modules\jest-runtime\build\index.js:961:16)
    at Object.require (D:\ETSII\4 CARRERA\2C\TFG\MNModeler\node_modules\diagram-js\lib\layout\LayoutUtil.js:11:1)
    at Runtime._execModule (D:\ETSII\4 CARRERA\2C\TFG\MNModeler\node_modules\jest-runtime\build\index.js:1268:24)
    at Runtime._loadModule (D:\ETSII\4 CARRERA\2C\TFG\MNModeler\node_modules\jest-runtime\build\index.js:944:12)
    at Runtime.requireModule (D:\ETSII\4 CARRERA\2C\TFG\MNModeler\node_modules\jest-runtime\build\index.js:832:12)
    at Runtime.requireModuleOrMock (D:\ETSII\4 CARRERA\2C\TFG\MNModeler\node_modules\jest-runtime\build\index.js:964:21)
    at Object.require (D:\ETSII\4 CARRERA\2C\TFG\MNModeler\node_modules\diagram-js\lib\core\Canvas.js:27:1)
    at Runtime._execModule (D:\ETSII\4 CARRERA\2C\TFG\MNModeler\node_modules\jest-runtime\build\index.js:1268:24)
    at Runtime._loadModule (D:\ETSII\4 CARRERA\2C\TFG\MNModeler\node_modules\jest-runtime\build\index.js:944:12)
    at Runtime.requireModule (D:\ETSII\4 CARRERA\2C\TFG\MNModeler\node_modules\jest-runtime\build\index.js:832:12)
    at Runtime.requireModuleOrMock (D:\ETSII\4 CARRERA\2C\TFG\MNModeler\node_modules\jest-runtime\build\index.js:964:21)
    at Object.require (D:\ETSII\4 CARRERA\2C\TFG\MNModeler\node_modules\diagram-js\lib\core\index.js:3:1)
    at Runtime._execModule (D:\ETSII\4 CARRERA\2C\TFG\MNModeler\node_modules\jest-runtime\build\index.js:1268:24)
    at Runtime._loadModule (D:\ETSII\4 CARRERA\2C\TFG\MNModeler\node_modules\jest-runtime\build\index.js:944:12)
    at Runtime.requireModule (D:\ETSII\4 CARRERA\2C\TFG\MNModeler\node_modules\jest-runtime\build\index.js:832:12)
    at Runtime.requireModuleOrMock (D:\ETSII\4 CARRERA\2C\TFG\MNModeler\node_modules\jest-runtime\build\index.js:964:21)
    at Object.require (D:\ETSII\4 CARRERA\2C\TFG\MNModeler\node_modules\diagram-js\lib\Diagram.js:3:1)
    at Runtime._execModule (D:\ETSII\4 CARRERA\2C\TFG\MNModeler\node_modules\jest-runtime\build\index.js:1268:24)
    at Runtime._loadModule (D:\ETSII\4 CARRERA\2C\TFG\MNModeler\node_modules\jest-runtime\build\index.js:944:12)
    at Runtime.requireModule (D:\ETSII\4 CARRERA\2C\TFG\MNModeler\node_modules\jest-runtime\build\index.js:832:12)
    at Runtime.requireModuleOrMock (D:\ETSII\4 CARRERA\2C\TFG\MNModeler\node_modules\jest-runtime\build\index.js:964:21)
    at Object.require (D:\ETSII\4 CARRERA\2C\TFG\MNModeler\node_modules\bpmn-js\lib\BaseViewer.js:25:1)
    at Runtime._execModule (D:\ETSII\4 CARRERA\2C\TFG\MNModeler\node_modules\jest-runtime\build\index.js:1268:24)
    at Runtime._loadModule (D:\ETSII\4 CARRERA\2C\TFG\MNModeler\node_modules\jest-runtime\build\index.js:944:12)
    at Runtime.requireModule (D:\ETSII\4 CARRERA\2C\TFG\MNModeler\node_modules\jest-runtime\build\index.js:832:12)
    at Runtime.requireModuleOrMock (D:\ETSII\4 CARRERA\2C\TFG\MNModeler\node_modules\jest-runtime\build\index.js:964:21)
    at Object.require (D:\ETSII\4 CARRERA\2C\TFG\MNModeler\node_modules\bpmn-js\lib\BaseModeler.js:5:1)
    at Runtime._execModule (D:\ETSII\4 CARRERA\2C\TFG\MNModeler\node_modules\jest-runtime\build\index.js:1268:24)
    at Runtime._loadModule (D:\ETSII\4 CARRERA\2C\TFG\MNModeler\node_modules\jest-runtime\build\index.js:944:12)
    at Runtime.requireModule (D:\ETSII\4 CARRERA\2C\TFG\MNModeler\node_modules\jest-runtime\build\index.js:832:12)
    at Runtime.requireModuleOrMock (D:\ETSII\4 CARRERA\2C\TFG\MNModeler\node_modules\jest-runtime\build\index.js:964:21)
    at Object.require (D:\ETSII\4 CARRERA\2C\TFG\MNModeler\node_modules\bpmn-js\lib\Modeler.js:3:1)
    at Runtime._execModule (D:\ETSII\4 CARRERA\2C\TFG\MNModeler\node_modules\jest-runtime\build\index.js:1268:24)
    at Runtime._loadModule (D:\ETSII\4 CARRERA\2C\TFG\MNModeler\node_modules\jest-runtime\build\index.js:944:12)
    at Runtime.requireModule (D:\ETSII\4 CARRERA\2C\TFG\MNModeler\node_modules\jest-runtime\build\index.js:832:12)
    at Runtime.requireModuleOrMock (D:\ETSII\4 CARRERA\2C\TFG\MNModeler\node_modules\jest-runtime\build\index.js:964:21)
    at Object.require (D:\ETSII\4 CARRERA\2C\TFG\MNModeler\app\modules\multinotationModeler\index.js:8:1)
    at Runtime._execModule (D:\ETSII\4 CARRERA\2C\TFG\MNModeler\node_modules\jest-runtime\build\index.js:1268:24)
    at Runtime._loadModule (D:\ETSII\4 CARRERA\2C\TFG\MNModeler\node_modules\jest-runtime\build\index.js:944:12)
    at Runtime.requireModule (D:\ETSII\4 CARRERA\2C\TFG\MNModeler\node_modules\jest-runtime\build\index.js:832:12)
    at Runtime.requireModuleOrMock (D:\ETSII\4 CARRERA\2C\TFG\MNModeler\node_modules\jest-runtime\build\index.js:964:21)
    at Object.require (D:\ETSII\4 CARRERA\2C\TFG\MNModeler\app\modules\index.js:8:1)
    at Runtime._execModule (D:\ETSII\4 CARRERA\2C\TFG\MNModeler\node_modules\jest-runtime\build\index.js:1268:24)
    at Runtime._loadModule (D:\ETSII\4 CARRERA\2C\TFG\MNModeler\node_modules\jest-runtime\build\index.js:944:12)
    at Runtime.requireModule (D:\ETSII\4 CARRERA\2C\TFG\MNModeler\node_modules\jest-runtime\build\index.js:832:12)
    at Runtime.requireModuleOrMock (D:\ETSII\4 CARRERA\2C\TFG\MNModeler\node_modules\jest-runtime\build\index.js:964:21)
    at require (D:\ETSII\4 CARRERA\2C\TFG\MNModeler\tests\8.1-unitarias\multinotation-core-real.test.js:43:71)
    at processTicksAndRejections (node:internal/process/task_queues:105:5)</failure>
    </testcase>
    <testcase classname="8.1 MultiNotation Core - CÃ³digo Real Sin Fallbacks â€º REAL: MultiNotationModelerCore" name="debe instanciar MultiNotationModelerCore real sin fallbacks" time="0.818">
    </testcase>
    <testcase classname="8.1 MultiNotation Core - CÃ³digo Real Sin Fallbacks â€º REAL: MultiNotationModelerCore" name="debe inicializar core real y publicar core.initialized" time="0.128">
      <failure>Error: expect(received).toBe(expected) // Object.is equality

Expected: 1
Received: 0
    at toBe (D:\ETSII\4 CARRERA\2C\TFG\MNModeler\tests\8.1-unitarias\multinotation-core-real.test.js:121:33)
    at Generator.call (D:\ETSII\4 CARRERA\2C\TFG\MNModeler\tests\8.1-unitarias\multinotation-core-real.test.js:2:1)
    at Generator._invoke [as next] (D:\ETSII\4 CARRERA\2C\TFG\MNModeler\tests\8.1-unitarias\multinotation-core-real.test.js:2:1)
    at asyncGeneratorStep (D:\ETSII\4 CARRERA\2C\TFG\MNModeler\tests\8.1-unitarias\multinotation-core-real.test.js:2:1)
    at asyncGeneratorStep (D:\ETSII\4 CARRERA\2C\TFG\MNModeler\tests\8.1-unitarias\multinotation-core-real.test.js:2:1)
    at processTicksAndRejections (node:internal/process/task_queues:105:5)</failure>
    </testcase>
    <testcase classname="8.1 MultiNotation Core - CÃ³digo Real Sin Fallbacks â€º REAL: ComunicaciÃ³n Entre Notaciones" name="debe coordinar BPMN -&gt; PPINOT usando cÃ³digo real" time="0.006">
      <failure>Error: expect(received).toBe(expected) // Object.is equality

Expected: 1
Received: 0
    at toBe (D:\ETSII\4 CARRERA\2C\TFG\MNModeler\tests\8.1-unitarias\multinotation-core-real.test.js:167:41)
    at Generator.call (D:\ETSII\4 CARRERA\2C\TFG\MNModeler\tests\8.1-unitarias\multinotation-core-real.test.js:2:1)
    at Generator._invoke [as next] (D:\ETSII\4 CARRERA\2C\TFG\MNModeler\tests\8.1-unitarias\multinotation-core-real.test.js:2:1)
    at asyncGeneratorStep (D:\ETSII\4 CARRERA\2C\TFG\MNModeler\tests\8.1-unitarias\multinotation-core-real.test.js:2:1)
    at asyncGeneratorStep (D:\ETSII\4 CARRERA\2C\TFG\MNModeler\tests\8.1-unitarias\multinotation-core-real.test.js:2:1)
    at processTicksAndRejections (node:internal/process/task_queues:105:5)</failure>
    </testcase>
    <testcase classname="8.1 MultiNotation Core - CÃ³digo Real Sin Fallbacks â€º REAL: ValidaciÃ³n Cross-NotaciÃ³n" name="debe validar consistencia real entre BPMN, PPINOT y RASCI" time="0.011">
    </testcase>
    <testcase classname="8.1 MultiNotation Core - CÃ³digo Real Sin Fallbacks â€º REAL: DetecciÃ³n de Fallos del Sistema" name="debe fallar si MultiNotationModelerCore real estÃ¡ roto" time="0.007">
    </testcase>
    <testcase classname="8.1 MultiNotation Core - CÃ³digo Real Sin Fallbacks â€º REAL: DetecciÃ³n de Fallos del Sistema" name="debe reproducir problema real de targets PPINOT" time="0.002">
    </testcase>
  </testsuite>
  <testsuite name="tests\8.1-unitarias\storage-manager.test.js" errors="0" failures="0" skipped="0" timestamp="2025-09-18T13:01:00" time="0.589" tests="15">
    <testcase classname="8.1 Pruebas Unitarias - StorageManager â€º Operaciones BÃ¡sicas de Almacenamiento" name="debe guardar proyecto .mmproject correctamente" time="0.005">
    </testcase>
    <testcase classname="8.1 Pruebas Unitarias - StorageManager â€º Operaciones BÃ¡sicas de Almacenamiento" name="debe cargar proyecto .mmproject correctamente" time="0.125">
    </testcase>
    <testcase classname="8.1 Pruebas Unitarias - StorageManager â€º Operaciones BÃ¡sicas de Almacenamiento" name="debe limpiar datos correctamente" time="0.002">
    </testcase>
    <testcase classname="8.1 Pruebas Unitarias - StorageManager â€º Operaciones BÃ¡sicas de Almacenamiento" name="debe verificar existencia de datos" time="0.001">
    </testcase>
    <testcase classname="8.1 Pruebas Unitarias - StorageManager â€º ValidaciÃ³n de Datos Multi-notaciÃ³n" name="debe validar estructura completa del proyecto" time="0.02">
    </testcase>
    <testcase classname="8.1 Pruebas Unitarias - StorageManager â€º ValidaciÃ³n de Datos Multi-notaciÃ³n" name="debe manejar datos RASCI correctamente" time="0.012">
    </testcase>
    <testcase classname="8.1 Pruebas Unitarias - StorageManager â€º ValidaciÃ³n de Datos Multi-notaciÃ³n" name="debe preservar datos PPINOT" time="0.007">
    </testcase>
    <testcase classname="8.1 Pruebas Unitarias - StorageManager â€º Manejo de Errores" name="debe manejar datos corruptos" time="0.006">
    </testcase>
    <testcase classname="8.1 Pruebas Unitarias - StorageManager â€º Manejo de Errores" name="debe manejar localStorage no disponible" time="0.001">
    </testcase>
    <testcase classname="8.1 Pruebas Unitarias - StorageManager â€º Manejo de Errores" name="debe manejar datos faltantes" time="0.001">
    </testcase>
    <testcase classname="8.1 Pruebas Unitarias - StorageManager â€º Manejo de Errores" name="debe validar datos de entrada" time="0.001">
    </testcase>
    <testcase classname="8.1 Pruebas Unitarias - StorageManager â€º GestiÃ³n de Versiones" name="debe manejar diferentes versiones de proyecto" time="0.001">
    </testcase>
    <testcase classname="8.1 Pruebas Unitarias - StorageManager â€º GestiÃ³n de Versiones" name="debe preservar metadatos del proyecto" time="0.002">
    </testcase>
    <testcase classname="8.1 Pruebas Unitarias - StorageManager â€º Performance y OptimizaciÃ³n" name="debe manejar proyectos grandes" time="0.002">
    </testcase>
    <testcase classname="8.1 Pruebas Unitarias - StorageManager â€º Performance y OptimizaciÃ³n" name="debe comprimir datos si es necesario" time="0.001">
    </testcase>
  </testsuite>
  <testsuite name="tests\8.1-unitarias\validadores.test.js" errors="0" failures="0" skipped="0" timestamp="2025-09-18T13:01:01" time="1.115" tests="17">
    <testcase classname="8.1 Pruebas Unitarias - Validadores â€º Validador BPMN - LÃ³gica BÃ¡sica" name="debe validar XML BPMN vÃ¡lido" time="0.008">
    </testcase>
    <testcase classname="8.1 Pruebas Unitarias - Validadores â€º Validador BPMN - LÃ³gica BÃ¡sica" name="debe detectar elementos BPMN en XML" time="0.001">
    </testcase>
    <testcase classname="8.1 Pruebas Unitarias - Validadores â€º Validador BPMN - LÃ³gica BÃ¡sica" name="debe identificar flujos secuenciales" time="0.001">
    </testcase>
    <testcase classname="8.1 Pruebas Unitarias - Validadores â€º Validador PPINOT" name="debe validar estructura de PPI" time="0.002">
    </testcase>
    <testcase classname="8.1 Pruebas Unitarias - Validadores â€º Validador PPINOT" name="debe rechazar PPI con datos incompletos" time="0.001">
    </testcase>
    <testcase classname="8.1 Pruebas Unitarias - Validadores â€º Validador RALPH" name="debe validar definiciÃ³n de roles" time="0.001">
    </testcase>
    <testcase classname="8.1 Pruebas Unitarias - Validadores â€º Validador RALPH" name="debe validar restricciones de roles" time="0.001">
    </testcase>
    <testcase classname="8.1 Pruebas Unitarias - Validadores â€º Validador RASCI" name="debe validar matriz RASCI completa" time="0.167">
    </testcase>
    <testcase classname="8.1 Pruebas Unitarias - Validadores â€º Validador RASCI" name="debe detectar matriz RASCI incompleta" time="0.001">
    </testcase>
    <testcase classname="8.1 Pruebas Unitarias - Validadores â€º Validador RASCI" name="debe validar asignaciones RASCI vÃ¡lidas" time="0.003">
    </testcase>
    <testcase classname="8.1 Pruebas Unitarias - Validadores â€º Validador RASCI" name="debe rechazar asignaciones RASCI invÃ¡lidas" time="0.004">
    </testcase>
    <testcase classname="8.1 Pruebas Unitarias - Validadores â€º Validador de Proyecto Completo" name="debe validar proyecto .mmproject completo" time="0.002">
    </testcase>
    <testcase classname="8.1 Pruebas Unitarias - Validadores â€º Validador de Proyecto Completo" name="debe detectar inconsistencias entre notaciones" time="0.001">
    </testcase>
    <testcase classname="8.1 Pruebas Unitarias - Validadores â€º Tests Negativos ExplÃ­citos" name="debe rechazar XML BPMN malformado" time="0.003">
    </testcase>
    <testcase classname="8.1 Pruebas Unitarias - Validadores â€º Tests Negativos ExplÃ­citos" name="debe rechazar estructuras PPINOT invÃ¡lidas" time="0.002">
    </testcase>
    <testcase classname="8.1 Pruebas Unitarias - Validadores â€º Tests Negativos ExplÃ­citos" name="debe rechazar matrices RASCI invÃ¡lidas" time="0.003">
    </testcase>
    <testcase classname="8.1 Pruebas Unitarias - Validadores â€º Tests Negativos ExplÃ­citos" name="debe fallar validaciÃ³n con datos circulares" time="0.012">
    </testcase>
  </testsuite>
  <testsuite name="tests\8.1-unitarias\mmproject-format-validation.test.js" errors="0" failures="0" skipped="0" timestamp="2025-09-18T13:01:02" time="0.47" tests="10">
    <testcase classname="8.1 Pruebas Unitarias - BPMN Validators Avanzados â€º ValidaciÃ³n de Estructura .mmproject" name="debe validar proyecto .mmproject vÃ¡lido" time="0.005">
    </testcase>
    <testcase classname="8.1 Pruebas Unitarias - BPMN Validators Avanzados â€º ValidaciÃ³n de Estructura .mmproject" name="debe rechazar proyecto con campos faltantes" time="0.024">
    </testcase>
    <testcase classname="8.1 Pruebas Unitarias - BPMN Validators Avanzados â€º ValidaciÃ³n de Estructura .mmproject" name="debe rechazar datos no vÃ¡lidos" time="0.01">
    </testcase>
    <testcase classname="8.1 Pruebas Unitarias - BPMN Validators Avanzados â€º ValidaciÃ³n de Contenido BPMN" name="debe validar XML BPMN correcto" time="0.001">
    </testcase>
    <testcase classname="8.1 Pruebas Unitarias - BPMN Validators Avanzados â€º ValidaciÃ³n de Contenido BPMN" name="debe rechazar XML BPMN invÃ¡lido" time="0.034">
    </testcase>
    <testcase classname="8.1 Pruebas Unitarias - BPMN Validators Avanzados â€º ValidaciÃ³n de Contenido PPINOT" name="debe validar estructura PPINOT correcta" time="0.001">
    </testcase>
    <testcase classname="8.1 Pruebas Unitarias - BPMN Validators Avanzados â€º ValidaciÃ³n de Contenido PPINOT" name="debe rechazar estructura PPINOT invÃ¡lida" time="0.014">
    </testcase>
    <testcase classname="8.1 Pruebas Unitarias - BPMN Validators Avanzados â€º ValidaciÃ³n de Contenido RASCI" name="debe validar matriz RASCI correcta" time="0.001">
    </testcase>
    <testcase classname="8.1 Pruebas Unitarias - BPMN Validators Avanzados â€º ValidaciÃ³n de Contenido RASCI" name="debe rechazar matriz RASCI invÃ¡lida" time="0.007">
    </testcase>
    <testcase classname="8.1 Pruebas Unitarias - BPMN Validators Avanzados â€º ValidaciÃ³n de Contenido RASCI" name="debe detectar violaciones de reglas RASCI" time="0.005">
    </testcase>
  </testsuite>
  <testsuite name="tests\8.1-unitarias\autosave-manager.test.js" errors="0" failures="7" skipped="0" timestamp="2025-09-18T13:00:57" time="5.35" tests="19">
    <testcase classname="8.1 Pruebas Unitarias - AutosaveManager â€º InicializaciÃ³n del AutosaveManager" name="debe inicializar correctamente con configuraciÃ³n por defecto" time="0.182">
    </testcase>
    <testcase classname="8.1 Pruebas Unitarias - AutosaveManager â€º InicializaciÃ³n del AutosaveManager" name="debe inicializar con configuraciÃ³n personalizada" time="0.002">
    </testcase>
    <testcase classname="8.1 Pruebas Unitarias - AutosaveManager â€º InicializaciÃ³n del AutosaveManager" name="debe configurar listeners de eventos automÃ¡ticamente" time="0.002">
    </testcase>
    <testcase classname="8.1 Pruebas Unitarias - AutosaveManager â€º DetecciÃ³n de Cambios" name="debe detectar cambios en elementos BPMN" time="0.078">
    </testcase>
    <testcase classname="8.1 Pruebas Unitarias - AutosaveManager â€º DetecciÃ³n de Cambios" name="debe detectar adiciÃ³n de elementos" time="0.004">
    </testcase>
    <testcase classname="8.1 Pruebas Unitarias - AutosaveManager â€º DetecciÃ³n de Cambios" name="debe detectar eliminaciÃ³n de elementos" time="0.008">
    </testcase>
    <testcase classname="8.1 Pruebas Unitarias - AutosaveManager â€º EjecuciÃ³n de Autoguardado" name="debe ejecutar autoguardado cuando hay cambios" time="0.003">
      <failure>Error: expect(received).toBe(expected) // Object.is equality

Expected: true
Received: false
    at toBe (D:\ETSII\4 CARRERA\2C\TFG\MNModeler\tests\8.1-unitarias\autosave-manager.test.js:305:42)
    at Generator.call (D:\ETSII\4 CARRERA\2C\TFG\MNModeler\tests\8.1-unitarias\autosave-manager.test.js:2:1)
    at Generator._invoke [as next] (D:\ETSII\4 CARRERA\2C\TFG\MNModeler\tests\8.1-unitarias\autosave-manager.test.js:2:1)
    at asyncGeneratorStep (D:\ETSII\4 CARRERA\2C\TFG\MNModeler\tests\8.1-unitarias\autosave-manager.test.js:2:1)
    at asyncGeneratorStep (D:\ETSII\4 CARRERA\2C\TFG\MNModeler\tests\8.1-unitarias\autosave-manager.test.js:2:1)
    at _next (D:\ETSII\4 CARRERA\2C\TFG\MNModeler\tests\8.1-unitarias\autosave-manager.test.js:2:1)
    at new Promise (&lt;anonymous&gt;)
    at Object.&lt;anonymous&gt; (D:\ETSII\4 CARRERA\2C\TFG\MNModeler\tests\8.1-unitarias\autosave-manager.test.js:2:1)
    at Promise.finally.completed (D:\ETSII\4 CARRERA\2C\TFG\MNModeler\node_modules\jest-circus\build\jestAdapterInit.js:1556:28)
    at new Promise (&lt;anonymous&gt;)
    at callAsyncCircusFn (D:\ETSII\4 CARRERA\2C\TFG\MNModeler\node_modules\jest-circus\build\jestAdapterInit.js:1496:10)
    at _callCircusTest (D:\ETSII\4 CARRERA\2C\TFG\MNModeler\node_modules\jest-circus\build\jestAdapterInit.js:1006:40)
    at processTicksAndRejections (node:internal/process/task_queues:105:5)
    at _runTest (D:\ETSII\4 CARRERA\2C\TFG\MNModeler\node_modules\jest-circus\build\jestAdapterInit.js:946:3)
    at _runTestsForDescribeBlock (D:\ETSII\4 CARRERA\2C\TFG\MNModeler\node_modules\jest-circus\build\jestAdapterInit.js:839:13)
    at _runTestsForDescribeBlock (D:\ETSII\4 CARRERA\2C\TFG\MNModeler\node_modules\jest-circus\build\jestAdapterInit.js:829:11)
    at _runTestsForDescribeBlock (D:\ETSII\4 CARRERA\2C\TFG\MNModeler\node_modules\jest-circus\build\jestAdapterInit.js:829:11)
    at run (D:\ETSII\4 CARRERA\2C\TFG\MNModeler\node_modules\jest-circus\build\jestAdapterInit.js:757:3)
    at runAndTransformResultsToJestFormat (D:\ETSII\4 CARRERA\2C\TFG\MNModeler\node_modules\jest-circus\build\jestAdapterInit.js:1917:21)
    at jestAdapter (D:\ETSII\4 CARRERA\2C\TFG\MNModeler\node_modules\jest-circus\build\runner.js:101:19)
    at runTestInternal (D:\ETSII\4 CARRERA\2C\TFG\MNModeler\node_modules\jest-runner\build\testWorker.js:275:16)
    at runTest (D:\ETSII\4 CARRERA\2C\TFG\MNModeler\node_modules\jest-runner\build\testWorker.js:343:7)
    at Object.worker (D:\ETSII\4 CARRERA\2C\TFG\MNModeler\node_modules\jest-runner\build\testWorker.js:497:12)</failure>
    </testcase>
    <testcase classname="8.1 Pruebas Unitarias - AutosaveManager â€º EjecuciÃ³n de Autoguardado" name="debe programar autoguardado automÃ¡tico" time="0.008">
    </testcase>
    <testcase classname="8.1 Pruebas Unitarias - AutosaveManager â€º EjecuciÃ³n de Autoguardado" name="debe publicar evento de autoguardado completado" time="0.004">
      <failure>Error: expect(received).toBe(expected) // Object.is equality

Expected: 1
Received: 0
    at toBe (D:\ETSII\4 CARRERA\2C\TFG\MNModeler\tests\8.1-unitarias\autosave-manager.test.js:348:38)
    at Generator.call (D:\ETSII\4 CARRERA\2C\TFG\MNModeler\tests\8.1-unitarias\autosave-manager.test.js:2:1)
    at Generator._invoke [as next] (D:\ETSII\4 CARRERA\2C\TFG\MNModeler\tests\8.1-unitarias\autosave-manager.test.js:2:1)
    at asyncGeneratorStep (D:\ETSII\4 CARRERA\2C\TFG\MNModeler\tests\8.1-unitarias\autosave-manager.test.js:2:1)
    at asyncGeneratorStep (D:\ETSII\4 CARRERA\2C\TFG\MNModeler\tests\8.1-unitarias\autosave-manager.test.js:2:1)
    at processTicksAndRejections (node:internal/process/task_queues:105:5)</failure>
    </testcase>
    <testcase classname="8.1 Pruebas Unitarias - AutosaveManager â€º EjecuciÃ³n de Autoguardado" name="no debe ejecutar autoguardado si no hay cambios" time="0.003">
      <failure>Error: expect(received).toContain(expected) // indexOf

Expected substring: &quot;no changes&quot;
Received string:    &quot;No changes&quot;
    at toContain (D:\ETSII\4 CARRERA\2C\TFG\MNModeler\tests\8.1-unitarias\autosave-manager.test.js:365:29)
    at Generator.call (D:\ETSII\4 CARRERA\2C\TFG\MNModeler\tests\8.1-unitarias\autosave-manager.test.js:2:1)
    at Generator._invoke [as next] (D:\ETSII\4 CARRERA\2C\TFG\MNModeler\tests\8.1-unitarias\autosave-manager.test.js:2:1)
    at asyncGeneratorStep (D:\ETSII\4 CARRERA\2C\TFG\MNModeler\tests\8.1-unitarias\autosave-manager.test.js:2:1)
    at asyncGeneratorStep (D:\ETSII\4 CARRERA\2C\TFG\MNModeler\tests\8.1-unitarias\autosave-manager.test.js:2:1)
    at processTicksAndRejections (node:internal/process/task_queues:105:5)</failure>
    </testcase>
    <testcase classname="8.1 Pruebas Unitarias - AutosaveManager â€º EjecuciÃ³n de Autoguardado" name="debe evitar autoguardados concurrentes" time="0.153">
    </testcase>
    <testcase classname="8.1 Pruebas Unitarias - AutosaveManager â€º Manejo de Errores" name="debe manejar errores del modelador" time="0.01">
      <failure>Error: expect(received).toContain(expected) // indexOf

Matcher error: received value must not be null nor undefined

Received has value: undefined
    at toContain (D:\ETSII\4 CARRERA\2C\TFG\MNModeler\tests\8.1-unitarias\autosave-manager.test.js:404:28)
    at Generator.call (D:\ETSII\4 CARRERA\2C\TFG\MNModeler\tests\8.1-unitarias\autosave-manager.test.js:2:1)
    at Generator._invoke [as next] (D:\ETSII\4 CARRERA\2C\TFG\MNModeler\tests\8.1-unitarias\autosave-manager.test.js:2:1)
    at asyncGeneratorStep (D:\ETSII\4 CARRERA\2C\TFG\MNModeler\tests\8.1-unitarias\autosave-manager.test.js:2:1)
    at asyncGeneratorStep (D:\ETSII\4 CARRERA\2C\TFG\MNModeler\tests\8.1-unitarias\autosave-manager.test.js:2:1)
    at processTicksAndRejections (node:internal/process/task_queues:105:5)</failure>
    </testcase>
    <testcase classname="8.1 Pruebas Unitarias - AutosaveManager â€º Manejo de Errores" name="debe manejar errores del storage" time="0.002">
      <failure>Error: expect(jest.fn()).toHaveBeenCalled()

Expected number of calls: &gt;= 1
Received number of calls:    0
    at toHaveBeenCalled (D:\ETSII\4 CARRERA\2C\TFG\MNModeler\tests\8.1-unitarias\autosave-manager.test.js:429:39)
    at Generator.call (D:\ETSII\4 CARRERA\2C\TFG\MNModeler\tests\8.1-unitarias\autosave-manager.test.js:2:1)
    at Generator._invoke [as next] (D:\ETSII\4 CARRERA\2C\TFG\MNModeler\tests\8.1-unitarias\autosave-manager.test.js:2:1)
    at asyncGeneratorStep (D:\ETSII\4 CARRERA\2C\TFG\MNModeler\tests\8.1-unitarias\autosave-manager.test.js:2:1)
    at asyncGeneratorStep (D:\ETSII\4 CARRERA\2C\TFG\MNModeler\tests\8.1-unitarias\autosave-manager.test.js:2:1)
    at processTicksAndRejections (node:internal/process/task_queues:105:5)</failure>
    </testcase>
    <testcase classname="8.1 Pruebas Unitarias - AutosaveManager â€º Control de Estado" name="debe habilitar y deshabilitar autoguardado" time="0.002">
    </testcase>
    <testcase classname="8.1 Pruebas Unitarias - AutosaveManager â€º Control de Estado" name="debe forzar autoguardado manualmente" time="0.008">
      <failure>Error: expect(jest.fn()).toHaveBeenCalled()

Expected number of calls: &gt;= 1
Received number of calls:    0
    at toHaveBeenCalled (D:\ETSII\4 CARRERA\2C\TFG\MNModeler\tests\8.1-unitarias\autosave-manager.test.js:464:39)
    at Generator.call (D:\ETSII\4 CARRERA\2C\TFG\MNModeler\tests\8.1-unitarias\autosave-manager.test.js:2:1)
    at Generator._invoke [as next] (D:\ETSII\4 CARRERA\2C\TFG\MNModeler\tests\8.1-unitarias\autosave-manager.test.js:2:1)
    at asyncGeneratorStep (D:\ETSII\4 CARRERA\2C\TFG\MNModeler\tests\8.1-unitarias\autosave-manager.test.js:2:1)
    at asyncGeneratorStep (D:\ETSII\4 CARRERA\2C\TFG\MNModeler\tests\8.1-unitarias\autosave-manager.test.js:2:1)
    at processTicksAndRejections (node:internal/process/task_queues:105:5)</failure>
    </testcase>
    <testcase classname="8.1 Pruebas Unitarias - AutosaveManager â€º Control de Estado" name="debe limpiar recursos al destruir" time="0.003">
    </testcase>
    <testcase classname="8.1 Pruebas Unitarias - AutosaveManager â€º IntegraciÃ³n con Sistema Multi-notaciÃ³n" name="debe guardar datos de todas las notaciones" time="0.003">
      <failure>TypeError: Cannot read properties of undefined (reading &apos;0&apos;)
    at D:\ETSII\4 CARRERA\2C\TFG\MNModeler\tests\8.1-unitarias\autosave-manager.test.js:498:61
    at Generator.call (D:\ETSII\4 CARRERA\2C\TFG\MNModeler\tests\8.1-unitarias\autosave-manager.test.js:2:1)
    at Generator._invoke [as next] (D:\ETSII\4 CARRERA\2C\TFG\MNModeler\tests\8.1-unitarias\autosave-manager.test.js:2:1)
    at asyncGeneratorStep (D:\ETSII\4 CARRERA\2C\TFG\MNModeler\tests\8.1-unitarias\autosave-manager.test.js:2:1)
    at asyncGeneratorStep (D:\ETSII\4 CARRERA\2C\TFG\MNModeler\tests\8.1-unitarias\autosave-manager.test.js:2:1)
    at processTicksAndRejections (node:internal/process/task_queues:105:5)</failure>
    </testcase>
    <testcase classname="8.1 Pruebas Unitarias - AutosaveManager â€º IntegraciÃ³n con Sistema Multi-notaciÃ³n" name="debe responder a cambios en RASCI" time="0.001">
    </testcase>
    <testcase classname="8.1 Pruebas Unitarias - AutosaveManager â€º IntegraciÃ³n con Sistema Multi-notaciÃ³n" name="debe responder a cambios en PPINOT" time="0.001">
    </testcase>
  </testsuite>
  <testsuite name="tests\8.1-unitarias\ppinot-parentescos-real.test.js" errors="0" failures="1" skipped="0" timestamp="2025-09-18T13:00:59" time="5.019" tests="1">
    <testcase classname="8.1 PPINOT - Relaciones Padre-Hijo (Sistema Real) â€º Autoguardado de Relaciones Padre-Hijo" name="debe guardar y restaurar PPIs con relaciones padre-hijo correctamente" time="3.003">
      <failure>Error: expect(received).toBeDefined()

Received: undefined
    at toBeDefined (D:\ETSII\4 CARRERA\2C\TFG\MNModeler\tests\8.1-unitarias\ppinot-parentescos-real.test.js:227:31)
    at Generator.call (D:\ETSII\4 CARRERA\2C\TFG\MNModeler\tests\8.1-unitarias\ppinot-parentescos-real.test.js:2:1)
    at Generator._invoke [as next] (D:\ETSII\4 CARRERA\2C\TFG\MNModeler\tests\8.1-unitarias\ppinot-parentescos-real.test.js:2:1)
    at asyncGeneratorStep (D:\ETSII\4 CARRERA\2C\TFG\MNModeler\tests\8.1-unitarias\ppinot-parentescos-real.test.js:2:1)
    at asyncGeneratorStep (D:\ETSII\4 CARRERA\2C\TFG\MNModeler\tests\8.1-unitarias\ppinot-parentescos-real.test.js:2:1)
    at processTicksAndRejections (node:internal/process/task_queues:105:5)</failure>
    </testcase>
  </testsuite>
  <testsuite name="tests\8.1-unitarias\bpmn-validators-advanced.test.js" errors="0" failures="0" skipped="0" timestamp="2025-09-18T13:01:03" time="0.468" tests="11">
    <testcase classname="8.1 Pruebas Unitarias - BPMN Validators Avanzados â€º ValidaciÃ³n de Eventos Obligatorios" name="debe validar presencia de evento de inicio" time="0.002">
    </testcase>
    <testcase classname="8.1 Pruebas Unitarias - BPMN Validators Avanzados â€º ValidaciÃ³n de Eventos Obligatorios" name="debe detectar ausencia de evento de inicio" time="0">
    </testcase>
    <testcase classname="8.1 Pruebas Unitarias - BPMN Validators Avanzados â€º ValidaciÃ³n de Eventos Obligatorios" name="debe validar presencia de evento de fin" time="0">
    </testcase>
    <testcase classname="8.1 Pruebas Unitarias - BPMN Validators Avanzados â€º ValidaciÃ³n de Eventos Obligatorios" name="debe detectar ausencia de evento de fin" time="0">
    </testcase>
    <testcase classname="8.1 Pruebas Unitarias - BPMN Validators Avanzados â€º DetecciÃ³n de Ciclos Infinitos" name="debe detectar ciclos sin eventos de fin" time="0.002">
    </testcase>
    <testcase classname="8.1 Pruebas Unitarias - BPMN Validators Avanzados â€º DetecciÃ³n de Ciclos Infinitos" name="debe permitir ciclos con eventos de fin" time="0.001">
    </testcase>
    <testcase classname="8.1 Pruebas Unitarias - BPMN Validators Avanzados â€º DetecciÃ³n de Ciclos Infinitos" name="debe manejar XML sin ciclos" time="0.001">
    </testcase>
    <testcase classname="8.1 Pruebas Unitarias - BPMN Validators Avanzados â€º DetecciÃ³n de Ciclos Infinitos" name="debe detectar ciclos complejos con algoritmo DFS" time="0.002">
    </testcase>
    <testcase classname="8.1 Pruebas Unitarias - BPMN Validators Avanzados â€º Tests Negativos para BPMN" name="debe rechazar XML BPMN malformado" time="0.003">
    </testcase>
    <testcase classname="8.1 Pruebas Unitarias - BPMN Validators Avanzados â€º Tests Negativos para BPMN" name="debe rechazar diagramas sin elementos obligatorios" time="0.001">
    </testcase>
    <testcase classname="8.1 Pruebas Unitarias - BPMN Validators Avanzados â€º Tests Negativos para BPMN" name="debe detectar elementos BPMN con tipos incorrectos" time="0.001">
    </testcase>
  </testsuite>
  <testsuite name="tests\8.1-unitarias\service-registry.test.js" errors="0" failures="0" skipped="0" timestamp="2025-09-18T13:01:03" time="0.438" tests="11">
    <testcase classname="8.1 Pruebas Unitarias - ServiceRegistry â€º Registro de Servicios" name="debe registrar un servicio correctamente" time="0.002">
    </testcase>
    <testcase classname="8.1 Pruebas Unitarias - ServiceRegistry â€º Registro de Servicios" name="debe sobrescribir servicio existente" time="0">
    </testcase>
    <testcase classname="8.1 Pruebas Unitarias - ServiceRegistry â€º Registro de Servicios" name="debe manejar servicios con factory functions" time="0.002">
    </testcase>
    <testcase classname="8.1 Pruebas Unitarias - ServiceRegistry â€º ResoluciÃ³n de Servicios" name="debe resolver servicio registrado" time="0.001">
    </testcase>
    <testcase classname="8.1 Pruebas Unitarias - ServiceRegistry â€º ResoluciÃ³n de Servicios" name="debe retornar undefined para servicio no registrado" time="0">
    </testcase>
    <testcase classname="8.1 Pruebas Unitarias - ServiceRegistry â€º ResoluciÃ³n de Servicios" name="debe manejar servicios singleton" time="0.001">
    </testcase>
    <testcase classname="8.1 Pruebas Unitarias - ServiceRegistry â€º GestiÃ³n de Dependencias" name="debe resolver dependencias automÃ¡ticamente" time="0.001">
    </testcase>
    <testcase classname="8.1 Pruebas Unitarias - ServiceRegistry â€º GestiÃ³n de Dependencias" name="debe manejar dependencias circulares" time="0.001">
    </testcase>
    <testcase classname="8.1 Pruebas Unitarias - ServiceRegistry â€º Utilidades del Registry" name="debe listar todos los servicios registrados" time="0.001">
    </testcase>
    <testcase classname="8.1 Pruebas Unitarias - ServiceRegistry â€º Utilidades del Registry" name="debe verificar existencia de servicios" time="0.001">
    </testcase>
    <testcase classname="8.1 Pruebas Unitarias - ServiceRegistry â€º Utilidades del Registry" name="debe limpiar servicios" time="0.012">
    </testcase>
  </testsuite>
  <testsuite name="tests\8.1-unitarias\event-bus.test.js" errors="0" failures="0" skipped="0" timestamp="2025-09-18T13:01:03" time="0.503" tests="16">
    <testcase classname="8.1 Pruebas Unitarias - EventBus â€º GestiÃ³n de Instancia Singleton" name="debe crear instancia singleton correctamente" time="0.002">
    </testcase>
    <testcase classname="8.1 Pruebas Unitarias - EventBus â€º GestiÃ³n de Instancia Singleton" name="debe mantener estado consistente entre llamadas" time="0.002">
    </testcase>
    <testcase classname="8.1 Pruebas Unitarias - EventBus â€º SuscripciÃ³n y PublicaciÃ³n de Eventos" name="debe registrar y ejecutar suscriptores correctamente" time="0.003">
    </testcase>
    <testcase classname="8.1 Pruebas Unitarias - EventBus â€º SuscripciÃ³n y PublicaciÃ³n de Eventos" name="debe manejar mÃºltiples suscriptores para el mismo evento" time="0.003">
    </testcase>
    <testcase classname="8.1 Pruebas Unitarias - EventBus â€º SuscripciÃ³n y PublicaciÃ³n de Eventos" name="debe desuscribir correctamente" time="0.001">
    </testcase>
    <testcase classname="8.1 Pruebas Unitarias - EventBus â€º Eventos EspecÃ­ficos del Sistema Multi-notaciÃ³n" name="debe manejar eventos BPMN â†’ PPINOT" time="0.001">
    </testcase>
    <testcase classname="8.1 Pruebas Unitarias - EventBus â€º Eventos EspecÃ­ficos del Sistema Multi-notaciÃ³n" name="debe manejar eventos BPMN â†’ RASCI" time="0.001">
    </testcase>
    <testcase classname="8.1 Pruebas Unitarias - EventBus â€º Eventos EspecÃ­ficos del Sistema Multi-notaciÃ³n" name="debe manejar eventos RASCI â†’ RALPH" time="0">
    </testcase>
    <testcase classname="8.1 Pruebas Unitarias - EventBus â€º GestiÃ³n de Historial de Eventos" name="debe mantener historial de eventos" time="0">
    </testcase>
    <testcase classname="8.1 Pruebas Unitarias - EventBus â€º GestiÃ³n de Historial de Eventos" name="debe respetar lÃ­mite de historial" time="0.002">
    </testcase>
    <testcase classname="8.1 Pruebas Unitarias - EventBus â€º GestiÃ³n de Historial de Eventos" name="debe incluir timestamp en historial" time="0">
    </testcase>
    <testcase classname="8.1 Pruebas Unitarias - EventBus â€º Manejo de Errores" name="debe manejar callbacks que lanzan excepciones" time="0.06">
    </testcase>
    <testcase classname="8.1 Pruebas Unitarias - EventBus â€º Manejo de Errores" name="debe manejar eventos sin suscriptores" time="0.001">
    </testcase>
    <testcase classname="8.1 Pruebas Unitarias - EventBus â€º Manejo de Errores" name="debe validar parÃ¡metros de suscripciÃ³n" time="0.002">
    </testcase>
    <testcase classname="8.1 Pruebas Unitarias - EventBus â€º Limpieza y Reset" name="debe limpiar todos los suscriptores" time="0.001">
    </testcase>
    <testcase classname="8.1 Pruebas Unitarias - EventBus â€º Limpieza y Reset" name="debe limpiar historial" time="0.001">
    </testcase>
  </testsuite>
  <testsuite name="tests\8.1-unitarias\autosave-manager-real.test.js" errors="0" failures="2" skipped="0" timestamp="2025-09-18T13:01:00" time="7.234" tests="9">
    <testcase classname="8.1 AutosaveManager - CÃ³digo Real Sin Fallbacks â€º REAL: ImportaciÃ³n y Existencia" name="debe importar AutosaveManager real o fallar claramente" time="6.044">
    </testcase>
    <testcase classname="8.1 AutosaveManager - CÃ³digo Real Sin Fallbacks â€º REAL: ImportaciÃ³n y Existencia" name="debe instanciar AutosaveManager real correctamente" time="0.034">
    </testcase>
    <testcase classname="8.1 AutosaveManager - CÃ³digo Real Sin Fallbacks â€º REAL: Funcionalidad de Autoguardado" name="debe detectar cambios reales usando AutosaveManager real" time="0.003">
    </testcase>
    <testcase classname="8.1 AutosaveManager - CÃ³digo Real Sin Fallbacks â€º REAL: Funcionalidad de Autoguardado" name="debe ejecutar autoguardado real" time="0.067">
      <failure>Error: expect(jest.fn()).toHaveBeenCalled()

Expected number of calls: &gt;= 1
Received number of calls:    0
    at toHaveBeenCalled (D:\ETSII\4 CARRERA\2C\TFG\MNModeler\tests\8.1-unitarias\autosave-manager-real.test.js:140:39)
    at Generator.call (D:\ETSII\4 CARRERA\2C\TFG\MNModeler\tests\8.1-unitarias\autosave-manager-real.test.js:2:1)
    at Generator._invoke [as next] (D:\ETSII\4 CARRERA\2C\TFG\MNModeler\tests\8.1-unitarias\autosave-manager-real.test.js:2:1)
    at asyncGeneratorStep (D:\ETSII\4 CARRERA\2C\TFG\MNModeler\tests\8.1-unitarias\autosave-manager-real.test.js:2:1)
    at asyncGeneratorStep (D:\ETSII\4 CARRERA\2C\TFG\MNModeler\tests\8.1-unitarias\autosave-manager-real.test.js:2:1)
    at processTicksAndRejections (node:internal/process/task_queues:105:5)</failure>
    </testcase>
    <testcase classname="8.1 AutosaveManager - CÃ³digo Real Sin Fallbacks â€º REAL: Funcionalidad de Autoguardado" name="debe manejar errores reales durante autoguardado" time="0.005">
      <failure>Error: expect(received).toBe(expected) // Object.is equality

Expected: false
Received: true
    at toBe (D:\ETSII\4 CARRERA\2C\TFG\MNModeler\tests\8.1-unitarias\autosave-manager-real.test.js:171:30)
    at Generator.call (D:\ETSII\4 CARRERA\2C\TFG\MNModeler\tests\8.1-unitarias\autosave-manager-real.test.js:2:1)
    at Generator._invoke [as next] (D:\ETSII\4 CARRERA\2C\TFG\MNModeler\tests\8.1-unitarias\autosave-manager-real.test.js:2:1)
    at asyncGeneratorStep (D:\ETSII\4 CARRERA\2C\TFG\MNModeler\tests\8.1-unitarias\autosave-manager-real.test.js:2:1)
    at asyncGeneratorStep (D:\ETSII\4 CARRERA\2C\TFG\MNModeler\tests\8.1-unitarias\autosave-manager-real.test.js:2:1)
    at processTicksAndRejections (node:internal/process/task_queues:105:5)</failure>
    </testcase>
    <testcase classname="8.1 AutosaveManager - CÃ³digo Real Sin Fallbacks â€º REAL: ConfiguraciÃ³n y Estado" name="debe habilitar/deshabilitar autoguardado usando cÃ³digo real" time="0.006">
    </testcase>
    <testcase classname="8.1 AutosaveManager - CÃ³digo Real Sin Fallbacks â€º REAL: ConfiguraciÃ³n y Estado" name="debe limpiar recursos reales al destruir" time="0.004">
    </testcase>
    <testcase classname="8.1 AutosaveManager - CÃ³digo Real Sin Fallbacks â€º REAL: IntegraciÃ³n con Sistema Multi-notaciÃ³n" name="debe responder a eventos reales del sistema" time="0.019">
    </testcase>
    <testcase classname="8.1 AutosaveManager - CÃ³digo Real Sin Fallbacks â€º REAL: Problemas EspecÃ­ficos del Sistema" name="debe reproducir problema real de autoguardado concurrente" time="0.035">
    </testcase>
  </testsuite>
  <testsuite name="tests\8.1-unitarias\autosave-manager-real-corregido.test.js" errors="0" failures="5" skipped="0" timestamp="2025-09-18T13:01:03" time="6.076" tests="7">
    <testcase classname="8.1 LocalStorageAutoSaveManager - CÃ³digo Real Sin Fallbacks â€º REAL: ImportaciÃ³n y Existencia" name="debe importar LocalStorageAutoSaveManager real o fallar claramente" time="4.378">
    </testcase>
    <testcase classname="8.1 LocalStorageAutoSaveManager - CÃ³digo Real Sin Fallbacks â€º REAL: ImportaciÃ³n y Existencia" name="debe instanciar LocalStorageAutoSaveManager real correctamente" time="0.108">
      <failure>Error: expect(received).toBe(expected) // Object.is equality

Expected: &quot;function&quot;
Received: &quot;undefined&quot;
    at toBe (D:\ETSII\4 CARRERA\2C\TFG\MNModeler\tests\8.1-unitarias\autosave-manager-real-corregido.test.js:57:53)
    at Generator.call (D:\ETSII\4 CARRERA\2C\TFG\MNModeler\tests\8.1-unitarias\autosave-manager-real-corregido.test.js:2:1)
    at Generator._invoke [as next] (D:\ETSII\4 CARRERA\2C\TFG\MNModeler\tests\8.1-unitarias\autosave-manager-real-corregido.test.js:2:1)
    at asyncGeneratorStep (D:\ETSII\4 CARRERA\2C\TFG\MNModeler\tests\8.1-unitarias\autosave-manager-real-corregido.test.js:2:1)
    at asyncGeneratorStep (D:\ETSII\4 CARRERA\2C\TFG\MNModeler\tests\8.1-unitarias\autosave-manager-real-corregido.test.js:2:1)
    at processTicksAndRejections (node:internal/process/task_queues:105:5)</failure>
    </testcase>
    <testcase classname="8.1 LocalStorageAutoSaveManager - CÃ³digo Real Sin Fallbacks â€º REAL: Funcionalidad de Autoguardado" name="debe guardar datos reales usando LocalStorageAutoSaveManager" time="0.002">
      <failure>TypeError: autosaveManager.saveNow is not a function
    at saveNow (D:\ETSII\4 CARRERA\2C\TFG\MNModeler\tests\8.1-unitarias\autosave-manager-real-corregido.test.js:90:42)
    at Generator.call (D:\ETSII\4 CARRERA\2C\TFG\MNModeler\tests\8.1-unitarias\autosave-manager-real-corregido.test.js:2:1)
    at Generator._invoke [as next] (D:\ETSII\4 CARRERA\2C\TFG\MNModeler\tests\8.1-unitarias\autosave-manager-real-corregido.test.js:2:1)
    at asyncGeneratorStep (D:\ETSII\4 CARRERA\2C\TFG\MNModeler\tests\8.1-unitarias\autosave-manager-real-corregido.test.js:2:1)
    at asyncGeneratorStep (D:\ETSII\4 CARRERA\2C\TFG\MNModeler\tests\8.1-unitarias\autosave-manager-real-corregido.test.js:2:1)
    at processTicksAndRejections (node:internal/process/task_queues:105:5)</failure>
    </testcase>
    <testcase classname="8.1 LocalStorageAutoSaveManager - CÃ³digo Real Sin Fallbacks â€º REAL: Funcionalidad de Autoguardado" name="debe cargar datos reales usando LocalStorageAutoSaveManager" time="0.002">
      <failure>TypeError: autosaveManager.loadDraft is not a function
    at loadDraft (D:\ETSII\4 CARRERA\2C\TFG\MNModeler\tests\8.1-unitarias\autosave-manager-real-corregido.test.js:121:42)
    at Generator.call (D:\ETSII\4 CARRERA\2C\TFG\MNModeler\tests\8.1-unitarias\autosave-manager-real-corregido.test.js:2:1)
    at Generator._invoke [as next] (D:\ETSII\4 CARRERA\2C\TFG\MNModeler\tests\8.1-unitarias\autosave-manager-real-corregido.test.js:2:1)
    at asyncGeneratorStep (D:\ETSII\4 CARRERA\2C\TFG\MNModeler\tests\8.1-unitarias\autosave-manager-real-corregido.test.js:2:1)
    at asyncGeneratorStep (D:\ETSII\4 CARRERA\2C\TFG\MNModeler\tests\8.1-unitarias\autosave-manager-real-corregido.test.js:2:1)
    at processTicksAndRejections (node:internal/process/task_queues:105:5)</failure>
    </testcase>
    <testcase classname="8.1 LocalStorageAutoSaveManager - CÃ³digo Real Sin Fallbacks â€º REAL: ConfiguraciÃ³n y Control" name="debe habilitar/deshabilitar autoguardado usando cÃ³digo real" time="0.001">
      <failure>TypeError: autosaveManager.disableAutoSave is not a function
    at disableAutoSave (D:\ETSII\4 CARRERA\2C\TFG\MNModeler\tests\8.1-unitarias\autosave-manager-real-corregido.test.js:149:23)
    at Generator.call (D:\ETSII\4 CARRERA\2C\TFG\MNModeler\tests\8.1-unitarias\autosave-manager-real-corregido.test.js:2:1)
    at Generator._invoke [as next] (D:\ETSII\4 CARRERA\2C\TFG\MNModeler\tests\8.1-unitarias\autosave-manager-real-corregido.test.js:2:1)
    at asyncGeneratorStep (D:\ETSII\4 CARRERA\2C\TFG\MNModeler\tests\8.1-unitarias\autosave-manager-real-corregido.test.js:2:1)
    at asyncGeneratorStep (D:\ETSII\4 CARRERA\2C\TFG\MNModeler\tests\8.1-unitarias\autosave-manager-real-corregido.test.js:2:1)
    at processTicksAndRejections (node:internal/process/task_queues:105:5)</failure>
    </testcase>
    <testcase classname="8.1 LocalStorageAutoSaveManager - CÃ³digo Real Sin Fallbacks â€º REAL: Problemas EspecÃ­ficos del Sistema" name="debe manejar TTL real y limpieza de datos expirados" time="0.004">
      <failure>TypeError: autosaveManager.loadDraft is not a function
    at loadDraft (D:\ETSII\4 CARRERA\2C\TFG\MNModeler\tests\8.1-unitarias\autosave-manager-real-corregido.test.js:177:42)
    at Generator.call (D:\ETSII\4 CARRERA\2C\TFG\MNModeler\tests\8.1-unitarias\autosave-manager-real-corregido.test.js:2:1)
    at Generator._invoke [as next] (D:\ETSII\4 CARRERA\2C\TFG\MNModeler\tests\8.1-unitarias\autosave-manager-real-corregido.test.js:2:1)
    at asyncGeneratorStep (D:\ETSII\4 CARRERA\2C\TFG\MNModeler\tests\8.1-unitarias\autosave-manager-real-corregido.test.js:2:1)
    at asyncGeneratorStep (D:\ETSII\4 CARRERA\2C\TFG\MNModeler\tests\8.1-unitarias\autosave-manager-real-corregido.test.js:2:1)
    at processTicksAndRejections (node:internal/process/task_queues:105:5)</failure>
    </testcase>
    <testcase classname="8.1 LocalStorageAutoSaveManager - CÃ³digo Real Sin Fallbacks â€º REAL: Problemas EspecÃ­ficos del Sistema" name="debe manejar debouncing real para evitar guardados excesivos" time="0.002">
    </testcase>
  </testsuite>
</testsuites>