TN:
SF:app\app.js
FN:27,(anonymous_0)
FN:87,checkAllModulesReady
FN:88,(anonymous_2)
FN:94,(anonymous_3)
FN:108,startLoadingTimeout
FN:112,(anonymous_5)
FN:126,clearLoadingTimeout
FN:134,resetLoadingState
FN:140,(anonymous_8)
FN:148,markModuleReady
FN:162,waitForAllModules
FN:171,showLoadingScreen
FN:220,hideLoadingScreen
FN:230,updateLoadingProgress
FN:238,isAppReallyWorking
FN:266,initializeApp
FN:384,(anonymous_16)
FN:385,(anonymous_17)
FN:463,(anonymous_18)
FN:507,setupUIElements
FN:525,setupUIEvents
FN:526,(anonymous_21)
FN:554,(anonymous_22)
FN:586,(anonymous_23)
FN:588,(anonymous_24)
FN:599,(anonymous_25)
FN:604,(anonymous_26)
FN:609,(anonymous_27)
FN:655,(anonymous_28)
FN:670,downloadProjectHandler
FN:688,openDiagramHandler
FN:723,(anonymous_31)
FN:741,setupEventHandlers
FN:745,(anonymous_33)
FN:759,(anonymous_34)
FN:769,exposeAPIs
FN:791,initModeler
FN:866,openFile
FN:910,(anonymous_38)
FN:911,(anonymous_39)
FN:920,(anonymous_40)
FN:930,(anonymous_41)
FN:932,(anonymous_42)
FN:933,(anonymous_43)
FN:989,showErrorMessage
FN:998,(anonymous_45)
FNF:46
FNH:0
FNDA:0,(anonymous_0)
FNDA:0,checkAllModulesReady
FNDA:0,(anonymous_2)
FNDA:0,(anonymous_3)
FNDA:0,startLoadingTimeout
FNDA:0,(anonymous_5)
FNDA:0,clearLoadingTimeout
FNDA:0,resetLoadingState
FNDA:0,(anonymous_8)
FNDA:0,markModuleReady
FNDA:0,waitForAllModules
FNDA:0,showLoadingScreen
FNDA:0,hideLoadingScreen
FNDA:0,updateLoadingProgress
FNDA:0,isAppReallyWorking
FNDA:0,initializeApp
FNDA:0,(anonymous_16)
FNDA:0,(anonymous_17)
FNDA:0,(anonymous_18)
FNDA:0,setupUIElements
FNDA:0,setupUIEvents
FNDA:0,(anonymous_21)
FNDA:0,(anonymous_22)
FNDA:0,(anonymous_23)
FNDA:0,(anonymous_24)
FNDA:0,(anonymous_25)
FNDA:0,(anonymous_26)
FNDA:0,(anonymous_27)
FNDA:0,(anonymous_28)
FNDA:0,downloadProjectHandler
FNDA:0,openDiagramHandler
FNDA:0,(anonymous_31)
FNDA:0,setupEventHandlers
FNDA:0,(anonymous_33)
FNDA:0,(anonymous_34)
FNDA:0,exposeAPIs
FNDA:0,initModeler
FNDA:0,openFile
FNDA:0,(anonymous_38)
FNDA:0,(anonymous_39)
FNDA:0,(anonymous_40)
FNDA:0,(anonymous_41)
FNDA:0,(anonymous_42)
FNDA:0,(anonymous_43)
FNDA:0,showErrorMessage
FNDA:0,(anonymous_45)
DA:27,0
DA:28,0
DA:29,0
DA:30,0
DA:31,0
DA:32,0
DA:37,0
DA:40,0
DA:43,0
DA:52,0
DA:53,0
DA:56,0
DA:58,0
DA:59,0
DA:60,0
DA:61,0
DA:62,0
DA:64,0
DA:65,0
DA:66,0
DA:69,0
DA:88,0
DA:89,0
DA:90,0
DA:91,0
DA:94,0
DA:95,0
DA:96,0
DA:98,0
DA:101,0
DA:103,0
DA:107,0
DA:110,0
DA:112,0
DA:113,0
DA:117,0
DA:118,0
DA:119,0
DA:120,0
DA:121,0
DA:127,0
DA:128,0
DA:129,0
DA:135,0
DA:136,0
DA:137,0
DA:140,0
DA:141,0
DA:144,0
DA:149,0
DA:150,0
DA:153,0
DA:154,0
DA:157,0
DA:163,0
DA:164,0
DA:166,0
DA:172,0
DA:215,0
DA:216,0
DA:221,0
DA:222,0
DA:224,0
DA:225,0
DA:231,0
DA:232,0
DA:233,0
DA:240,0
DA:241,0
DA:245,0
DA:246,0
DA:247,0
DA:251,0
DA:252,0
DA:253,0
DA:254,0
DA:255,0
DA:258,0
DA:259,0
DA:262,0
DA:267,0
DA:268,0
DA:270,0
DA:272,0
DA:273,0
DA:274,0
DA:278,0
DA:279,0
DA:282,0
DA:283,0
DA:284,0
DA:285,0
DA:286,0
DA:287,0
DA:289,0
DA:290,0
DA:291,0
DA:294,0
DA:295,0
DA:299,0
DA:300,0
DA:305,0
DA:306,0
DA:309,0
DA:313,0
DA:314,0
DA:316,0
DA:320,0
DA:323,0
DA:326,0
DA:329,0
DA:334,0
DA:335,0
DA:338,0
DA:339,0
DA:342,0
DA:353,0
DA:354,0
DA:358,0
DA:359,0
DA:363,0
DA:364,0
DA:365,0
DA:371,0
DA:373,0
DA:374,0
DA:375,0
DA:377,0
DA:379,0
DA:384,0
DA:385,0
DA:388,0
DA:390,0
DA:391,0
DA:395,0
DA:396,0
DA:400,0
DA:402,0
DA:405,0
DA:407,0
DA:409,0
DA:413,0
DA:420,0
DA:422,0
DA:423,0
DA:424,0
DA:425,0
DA:427,0
DA:429,0
DA:430,0
DA:431,0
DA:434,0
DA:435,0
DA:436,0
DA:437,0
DA:439,0
DA:441,0
DA:442,0
DA:443,0
DA:447,0
DA:451,0
DA:452,0
DA:456,0
DA:457,0
DA:458,0
DA:462,0
DA:463,0
DA:465,0
DA:470,0
DA:475,0
DA:478,0
DA:479,0
DA:480,0
DA:481,0
DA:483,0
DA:484,0
DA:489,0
DA:492,0
DA:494,0
DA:498,0
DA:499,0
DA:502,0
DA:508,0
DA:509,0
DA:512,0
DA:513,0
DA:514,0
DA:517,0
DA:521,0
DA:526,0
DA:528,0
DA:529,0
DA:530,0
DA:531,0
DA:532,0
DA:533,0
DA:534,0
DA:535,0
DA:536,0
DA:541,0
DA:543,0
DA:544,0
DA:546,0
DA:549,0
DA:550,0
DA:554,0
DA:555,0
DA:556,0
DA:562,0
DA:564,0
DA:565,0
DA:566,0
DA:567,0
DA:568,0
DA:570,0
DA:571,0
DA:572,0
DA:574,0
DA:575,0
DA:580,0
DA:581,0
DA:582,0
DA:585,0
DA:586,0
DA:587,0
DA:589,0
DA:590,0
DA:593,0
DA:594,0
DA:599,0
DA:600,0
DA:604,0
DA:605,0
DA:609,0
DA:610,0
DA:611,0
DA:612,0
DA:614,0
DA:615,0
DA:616,0
DA:618,0
DA:621,0
DA:622,0
DA:623,0
DA:625,0
DA:626,0
DA:628,0
DA:630,0
DA:632,0
DA:633,0
DA:634,0
DA:635,0
DA:638,0
DA:642,0
DA:644,0
DA:645,0
DA:646,0
DA:649,0
DA:651,0
DA:652,0
DA:655,0
DA:660,0
DA:661,0
DA:671,0
DA:672,0
DA:674,0
DA:675,0
DA:676,0
DA:677,0
DA:679,0
DA:682,0
DA:683,0
DA:689,0
DA:690,0
DA:691,0
DA:692,0
DA:694,0
DA:695,0
DA:696,0
DA:697,0
DA:698,0
DA:700,0
DA:701,0
DA:703,0
DA:705,0
DA:706,0
DA:707,0
DA:708,0
DA:709,0
DA:711,0
DA:713,0
DA:715,0
DA:716,0
DA:717,0
DA:718,0
DA:719,0
DA:723,0
DA:729,0
DA:730,0
DA:732,0
DA:733,0
DA:736,0
DA:742,0
DA:745,0
DA:747,0
DA:748,0
DA:749,0
DA:750,0
DA:751,0
DA:754,0
DA:755,0
DA:759,0
DA:760,0
DA:761,0
DA:770,0
DA:771,0
DA:774,0
DA:777,0
DA:778,0
DA:779,0
DA:780,0
DA:781,0
DA:785,0
DA:786,0
DA:792,0
DA:794,0
DA:795,0
DA:798,0
DA:799,0
DA:800,0
DA:804,0
DA:805,0
DA:806,0
DA:807,0
DA:809,0
DA:810,0
DA:813,0
DA:814,0
DA:815,0
DA:817,0
DA:821,0
DA:841,0
DA:844,0
DA:845,0
DA:848,0
DA:851,0
DA:852,0
DA:855,0
DA:858,0
DA:860,0
DA:861,0
DA:867,0
DA:871,0
DA:873,0
DA:892,0
DA:893,0
DA:896,0
DA:897,0
DA:903,0
DA:905,0
DA:906,0
DA:907,0
DA:910,0
DA:911,0
DA:912,0
DA:913,0
DA:915,0
DA:920,0
DA:924,0
DA:927,0
DA:930,0
DA:931,0
DA:932,0
DA:933,0
DA:934,0
DA:939,0
DA:940,0
DA:944,0
DA:946,0
DA:948,0
DA:949,0
DA:950,0
DA:956,0
DA:958,0
DA:960,0
DA:966,0
DA:970,0
DA:971,0
DA:972,0
DA:975,0
DA:976,0
DA:991,0
DA:992,0
DA:997,0
DA:998,0
DA:999,0
LF:396
LH:0
BRDA:29,0,0,0
BRDA:29,0,1,0
BRDA:89,1,0,0
BRDA:89,1,1,0
BRDA:89,2,0,0
BRDA:89,2,1,0
BRDA:117,3,0,0
BRDA:117,3,1,0
BRDA:127,4,0,0
BRDA:127,4,1,0
BRDA:149,5,0,0
BRDA:149,5,1,0
BRDA:153,6,0,0
BRDA:153,6,1,0
BRDA:163,7,0,0
BRDA:163,7,1,0
BRDA:222,8,0,0
BRDA:222,8,1,0
BRDA:232,9,0,0
BRDA:232,9,1,0
BRDA:240,10,0,0
BRDA:240,10,1,0
BRDA:240,11,0,0
BRDA:240,11,1,0
BRDA:240,11,2,0
BRDA:246,12,0,0
BRDA:246,12,1,0
BRDA:246,13,0,0
BRDA:246,13,1,0
BRDA:254,14,0,0
BRDA:254,14,1,0
BRDA:254,15,0,0
BRDA:254,15,1,0
BRDA:267,16,0,0
BRDA:267,16,1,0
BRDA:272,17,0,0
BRDA:272,17,1,0
BRDA:278,18,0,0
BRDA:278,18,1,0
BRDA:278,19,0,0
BRDA:278,19,1,0
BRDA:283,20,0,0
BRDA:283,20,1,0
BRDA:283,21,0,0
BRDA:283,21,1,0
BRDA:290,22,0,0
BRDA:290,22,1,0
BRDA:305,23,0,0
BRDA:305,23,1,0
BRDA:313,24,0,0
BRDA:313,24,1,0
BRDA:334,25,0,0
BRDA:334,25,1,0
BRDA:338,26,0,0
BRDA:338,26,1,0
BRDA:353,27,0,0
BRDA:353,27,1,0
BRDA:358,28,0,0
BRDA:358,28,1,0
BRDA:358,29,0,0
BRDA:358,29,1,0
BRDA:364,30,0,0
BRDA:364,30,1,0
BRDA:373,31,0,0
BRDA:373,31,1,0
BRDA:374,32,0,0
BRDA:374,32,1,0
BRDA:377,33,0,0
BRDA:377,33,1,0
BRDA:390,34,0,0
BRDA:390,34,1,0
BRDA:395,35,0,0
BRDA:395,35,1,0
BRDA:420,36,0,0
BRDA:420,36,1,0
BRDA:420,37,0,0
BRDA:420,37,1,0
BRDA:420,37,2,0
BRDA:420,37,3,0
BRDA:420,37,4,0
BRDA:422,38,0,0
BRDA:422,38,1,0
BRDA:424,39,0,0
BRDA:424,39,1,0
BRDA:424,40,0,0
BRDA:424,40,1,0
BRDA:430,41,0,0
BRDA:430,41,1,0
BRDA:434,42,0,0
BRDA:434,42,1,0
BRDA:436,43,0,0
BRDA:436,43,1,0
BRDA:436,44,0,0
BRDA:436,44,1,0
BRDA:442,45,0,0
BRDA:442,45,1,0
BRDA:451,46,0,0
BRDA:451,46,1,0
BRDA:451,47,0,0
BRDA:451,47,1,0
BRDA:451,47,2,0
BRDA:457,48,0,0
BRDA:457,48,1,0
BRDA:462,49,0,0
BRDA:462,49,1,0
BRDA:462,50,0,0
BRDA:462,50,1,0
BRDA:462,50,2,0
BRDA:483,51,0,0
BRDA:483,51,1,0
BRDA:492,52,0,0
BRDA:492,52,1,0
BRDA:492,53,0,0
BRDA:492,53,1,0
BRDA:512,54,0,0
BRDA:512,54,1,0
BRDA:531,55,0,0
BRDA:531,55,1,0
BRDA:533,56,0,0
BRDA:533,56,1,0
BRDA:534,57,0,0
BRDA:534,57,1,0
BRDA:535,58,0,0
BRDA:535,58,1,0
BRDA:536,59,0,0
BRDA:536,59,1,0
BRDA:536,59,2,0
BRDA:536,59,3,0
BRDA:536,59,4,0
BRDA:536,59,5,0
BRDA:536,59,6,0
BRDA:536,59,7,0
BRDA:536,59,8,0
BRDA:536,59,9,0
BRDA:536,59,10,0
BRDA:541,60,0,0
BRDA:541,60,1,0
BRDA:543,61,0,0
BRDA:543,61,1,0
BRDA:567,62,0,0
BRDA:567,62,1,0
BRDA:568,63,0,0
BRDA:568,63,1,0
BRDA:571,64,0,0
BRDA:571,64,1,0
BRDA:574,65,0,0
BRDA:574,65,1,0
BRDA:575,66,0,0
BRDA:575,66,1,0
BRDA:614,67,0,0
BRDA:614,67,1,0
BRDA:622,68,0,0
BRDA:622,68,1,0
BRDA:623,69,0,0
BRDA:623,69,1,0
BRDA:623,70,0,0
BRDA:623,70,1,0
BRDA:625,71,0,0
BRDA:625,71,1,0
BRDA:628,72,0,0
BRDA:628,72,1,0
BRDA:630,73,0,0
BRDA:630,73,1,0
BRDA:634,74,0,0
BRDA:634,74,1,0
BRDA:634,75,0,0
BRDA:634,75,1,0
BRDA:644,76,0,0
BRDA:644,76,1,0
BRDA:649,77,0,0
BRDA:649,77,1,0
BRDA:674,78,0,0
BRDA:674,78,1,0
BRDA:675,79,0,0
BRDA:675,79,1,0
BRDA:690,80,0,0
BRDA:690,80,1,0
BRDA:698,81,0,0
BRDA:698,81,1,0
BRDA:703,82,0,0
BRDA:703,82,1,0
BRDA:706,83,0,0
BRDA:706,83,1,0
BRDA:707,84,0,0
BRDA:707,84,1,0
BRDA:713,85,0,0
BRDA:713,85,1,0
BRDA:729,86,0,0
BRDA:729,86,1,0
BRDA:729,87,0,0
BRDA:729,87,1,0
BRDA:742,88,0,0
BRDA:742,88,1,0
BRDA:748,89,0,0
BRDA:748,89,1,0
BRDA:749,90,0,0
BRDA:749,90,1,0
BRDA:749,90,2,0
BRDA:750,91,0,0
BRDA:750,91,1,0
BRDA:750,91,2,0
BRDA:751,92,0,0
BRDA:751,92,1,0
BRDA:754,93,0,0
BRDA:754,93,1,0
BRDA:754,94,0,0
BRDA:754,94,1,0
BRDA:754,94,2,0
BRDA:760,95,0,0
BRDA:760,95,1,0
BRDA:760,96,0,0
BRDA:760,96,1,0
BRDA:760,96,2,0
BRDA:760,96,3,0
BRDA:760,96,4,0
BRDA:771,97,0,0
BRDA:771,97,1,0
BRDA:777,98,0,0
BRDA:777,98,1,0
BRDA:785,99,0,0
BRDA:785,99,1,0
BRDA:798,100,0,0
BRDA:798,100,1,0
BRDA:807,101,0,0
BRDA:807,101,1,0
BRDA:871,102,0,0
BRDA:871,102,1,0
BRDA:871,103,0,0
BRDA:871,103,1,0
BRDA:892,104,0,0
BRDA:892,104,1,0
BRDA:892,105,0,0
BRDA:892,105,1,0
BRDA:903,106,0,0
BRDA:903,106,1,0
BRDA:912,107,0,0
BRDA:912,107,1,0
BRDA:912,108,0,0
BRDA:912,108,1,0
BRDA:939,109,0,0
BRDA:939,109,1,0
BRDA:946,110,0,0
BRDA:946,110,1,0
BRDA:958,111,0,0
BRDA:958,111,1,0
BRDA:958,112,0,0
BRDA:958,112,1,0
BRDA:970,113,0,0
BRDA:970,113,1,0
BRDA:970,114,0,0
BRDA:970,114,1,0
BRDA:991,115,0,0
BRDA:991,115,1,0
BRDA:997,116,0,0
BRDA:997,116,1,0
BRDA:997,117,0,0
BRDA:997,117,1,0
BRF:257
BRH:0
end_of_record
TN:
SF:app\modules\index.js
FN:21,initializeApplication
FN:41,(anonymous_1)
FN:114,main
FNF:3
FNH:0
FNDA:0,initializeApplication
FNDA:0,(anonymous_1)
FNDA:0,main
DA:25,0
DA:27,0
DA:28,0
DA:31,0
DA:32,0
DA:36,0
DA:40,0
DA:41,0
DA:42,0
DA:43,0
DA:44,0
DA:45,0
DA:51,0
DA:52,0
DA:55,0
DA:56,0
DA:59,0
DA:63,0
DA:66,0
DA:67,0
DA:70,0
DA:73,0
DA:74,0
DA:78,0
DA:83,0
DA:92,0
DA:103,0
DA:104,0
DA:117,0
DA:118,0
DA:122,0
DA:123,0
LF:32
LH:0
BRDA:21,0,0,0
BRDA:31,1,0,0
BRDA:31,1,1,0
BRDA:32,2,0,0
BRDA:32,2,1,0
BRDA:36,3,0,0
BRDA:36,3,1,0
BRDA:36,4,0,0
BRDA:36,4,1,0
BRDA:43,5,0,0
BRDA:43,5,1,0
BRDA:51,6,0,0
BRDA:51,6,1,0
BRDA:51,7,0,0
BRDA:51,7,1,0
BRDA:51,7,2,0
BRDA:55,8,0,0
BRDA:55,8,1,0
BRDA:73,9,0,0
BRDA:73,9,1,0
BRDA:122,10,0,0
BRDA:122,10,1,0
BRDA:122,11,0,0
BRDA:122,11,1,0
BRF:24
BRH:0
end_of_record
TN:
SF:app\modules\multinotationModeler\MultiNotationConnect.js
FN:6,validateAndSanitizeWaypoints
FN:11,(anonymous_1)
FN:17,(anonymous_2)
FN:29,MultiNotationConnect
FN:31,canConnect
FN:40,(anonymous_5)
FN:80,(anonymous_6)
FN:98,(anonymous_7)
FN:115,(anonymous_8)
FN:125,(anonymous_9)
FN:131,(anonymous_10)
FN:155,(anonymous_11)
FN:210,(anonymous_12)
FNF:13
FNH:0
FNDA:0,validateAndSanitizeWaypoints
FNDA:0,(anonymous_1)
FNDA:0,(anonymous_2)
FNDA:0,MultiNotationConnect
FNDA:0,canConnect
FNDA:0,(anonymous_5)
FNDA:0,(anonymous_6)
FNDA:0,(anonymous_7)
FNDA:0,(anonymous_8)
FNDA:0,(anonymous_9)
FNDA:0,(anonymous_10)
FNDA:0,(anonymous_11)
FNDA:0,(anonymous_12)
DA:7,0
DA:8,0
DA:11,0
DA:12,0
DA:19,0
DA:32,0
DA:40,0
DA:41,0
DA:43,0
DA:44,0
DA:47,0
DA:50,0
DA:51,0
DA:53,0
DA:54,0
DA:55,0
DA:56,0
DA:61,0
DA:62,0
DA:64,0
DA:65,0
DA:66,0
DA:67,0
DA:72,0
DA:73,0
DA:80,0
DA:81,0
DA:82,0
DA:83,0
DA:84,0
DA:88,0
DA:89,0
DA:90,0
DA:93,0
DA:98,0
DA:99,0
DA:100,0
DA:101,0
DA:102,0
DA:106,0
DA:107,0
DA:108,0
DA:111,0
DA:115,0
DA:116,0
DA:119,0
DA:120,0
DA:121,0
DA:125,0
DA:126,0
DA:127,0
DA:128,0
DA:131,0
DA:132,0
DA:135,0
DA:136,0
DA:139,0
DA:140,0
DA:142,0
DA:144,0
DA:146,0
DA:147,0
DA:150,0
DA:152,0
DA:155,0
DA:156,0
DA:159,0
DA:160,0
DA:163,0
DA:164,0
DA:165,0
DA:167,0
DA:168,0
DA:171,0
DA:173,0
DA:174,0
DA:177,0
DA:179,0
DA:182,0
DA:183,0
DA:186,0
DA:191,0
DA:192,0
DA:193,0
DA:196,0
DA:197,0
DA:203,0
DA:205,0
DA:210,0
DA:212,0
DA:213,0
DA:216,0
DA:220,0
DA:221,0
DA:224,0
DA:227,0
DA:228,0
DA:230,0
DA:231,0
DA:233,0
DA:237,0
DA:244,0
DA:254,0
LF:103
LH:0
BRDA:7,0,0,0
BRDA:7,0,1,0
BRDA:12,1,0,0
BRDA:12,1,1,0
BRDA:12,1,2,0
BRDA:12,1,3,0
BRDA:12,1,4,0
BRDA:12,1,5,0
BRDA:12,1,6,0
BRDA:20,2,0,0
BRDA:20,2,1,0
BRDA:21,3,0,0
BRDA:21,3,1,0
BRDA:43,4,0,0
BRDA:43,4,1,0
BRDA:43,5,0,0
BRDA:43,5,1,0
BRDA:50,6,0,0
BRDA:50,6,1,0
BRDA:51,7,0,0
BRDA:51,7,1,0
BRDA:51,8,0,0
BRDA:51,8,1,0
BRDA:51,8,2,0
BRDA:51,8,3,0
BRDA:53,9,0,0
BRDA:53,9,1,0
BRDA:54,10,0,0
BRDA:54,10,1,0
BRDA:55,11,0,0
BRDA:55,11,1,0
BRDA:56,12,0,0
BRDA:56,12,1,0
BRDA:61,13,0,0
BRDA:61,13,1,0
BRDA:62,14,0,0
BRDA:62,14,1,0
BRDA:62,15,0,0
BRDA:62,15,1,0
BRDA:62,15,2,0
BRDA:62,15,3,0
BRDA:64,16,0,0
BRDA:64,16,1,0
BRDA:65,17,0,0
BRDA:65,17,1,0
BRDA:66,18,0,0
BRDA:66,18,1,0
BRDA:67,19,0,0
BRDA:67,19,1,0
BRDA:72,20,0,0
BRDA:72,20,1,0
BRDA:72,21,0,0
BRDA:72,21,1,0
BRDA:82,22,0,0
BRDA:82,22,1,0
BRDA:82,23,0,0
BRDA:82,23,1,0
BRDA:88,24,0,0
BRDA:88,24,1,0
BRDA:88,25,0,0
BRDA:88,25,1,0
BRDA:88,25,2,0
BRDA:88,25,3,0
BRDA:100,26,0,0
BRDA:100,26,1,0
BRDA:100,27,0,0
BRDA:100,27,1,0
BRDA:106,28,0,0
BRDA:106,28,1,0
BRDA:106,29,0,0
BRDA:106,29,1,0
BRDA:106,29,2,0
BRDA:106,29,3,0
BRDA:119,30,0,0
BRDA:119,30,1,0
BRDA:119,31,0,0
BRDA:119,31,1,0
BRDA:119,31,2,0
BRDA:119,31,3,0
BRDA:135,32,0,0
BRDA:135,32,1,0
BRDA:135,33,0,0
BRDA:135,33,1,0
BRDA:146,34,0,0
BRDA:146,34,1,0
BRDA:152,35,0,0
BRDA:152,35,1,0
BRDA:159,36,0,0
BRDA:159,36,1,0
BRDA:159,37,0,0
BRDA:159,37,1,0
BRDA:165,38,0,0
BRDA:165,38,1,0
BRDA:167,39,0,0
BRDA:167,39,1,0
BRDA:173,40,0,0
BRDA:173,40,1,0
BRDA:179,41,0,0
BRDA:179,41,1,0
BRDA:179,41,2,0
BRDA:179,41,3,0
BRDA:182,42,0,0
BRDA:182,42,1,0
BRDA:182,43,0,0
BRDA:182,43,1,0
BRDA:182,43,2,0
BRDA:182,43,3,0
BRDA:186,44,0,0
BRDA:186,44,1,0
BRDA:191,45,0,0
BRDA:191,45,1,0
BRDA:191,46,0,0
BRDA:191,46,1,0
BRDA:192,47,0,0
BRDA:192,47,1,0
BRDA:196,48,0,0
BRDA:196,48,1,0
BRDA:212,49,0,0
BRDA:212,49,1,0
BRDA:220,50,0,0
BRDA:220,50,1,0
BRDA:220,51,0,0
BRDA:220,51,1,0
BRDA:220,51,2,0
BRDA:220,51,3,0
BRDA:227,52,0,0
BRDA:227,52,1,0
BRDA:227,53,0,0
BRDA:227,53,1,0
BRDA:230,54,0,0
BRDA:230,54,1,0
BRF:131
BRH:0
end_of_record
TN:
SF:app\modules\multinotationModeler\MultiNotationContextPadProvider.js
FN:8,(anonymous_0)
FN:51,(anonymous_1)
FNF:2
FNH:0
FNDA:0,(anonymous_0)
FNDA:0,(anonymous_1)
DA:23,0
DA:39,0
DA:40,0
DA:41,0
DA:44,0
DA:45,0
DA:48,0
DA:52,0
DA:53,0
DA:54,0
DA:55,0
DA:56,0
DA:58,0
DA:74,0
DA:79,0
LF:15
LH:0
BRDA:53,0,0,0
BRDA:53,0,1,0
BRDA:54,1,0,0
BRDA:54,1,1,0
BRDA:55,2,0,0
BRDA:55,2,1,0
BRDA:56,3,0,0
BRDA:56,3,1,0
BRDA:58,4,0,0
BRDA:58,4,1,0
BRF:10
BRH:0
end_of_record
TN:
SF:app\modules\multinotationModeler\MultiNotationElementFactory.js
FN:12,MultiNotationElementFactory
FN:24,(anonymous_1)
FN:48,CustomElementFactoryProvider
FNF:3
FNH:0
FNDA:0,MultiNotationElementFactory
FNDA:0,(anonymous_1)
FNDA:0,CustomElementFactoryProvider
DA:13,0
DA:16,0
DA:18,0
DA:24,0
DA:25,0
DA:27,0
DA:28,0
DA:29,0
DA:30,0
DA:34,0
DA:35,0
DA:36,0
DA:37,0
DA:38,0
DA:42,0
DA:44,0
DA:50,0
DA:52,0
DA:53,0
DA:55,0
DA:58,0
LF:21
LH:0
BRDA:25,0,0,0
BRDA:25,0,1,0
BRDA:27,1,0,0
BRDA:27,1,1,0
BRDA:35,2,0,0
BRDA:35,2,1,0
BRDA:48,3,0,0
BRDA:50,4,0,0
BRDA:50,4,1,0
BRF:9
BRH:0
end_of_record
TN:
SF:app\modules\multinotationModeler\MultiNotationModule.js
FNF:0
FNH:0
LF:0
LH:0
BRF:0
BRH:0
end_of_record
TN:
SF:app\modules\multinotationModeler\MultiNotationPaletteProvider.js
FN:6,MultiNotationPaletteProvider
FN:39,(anonymous_1)
FNF:2
FNH:0
FNDA:0,MultiNotationPaletteProvider
FNDA:0,(anonymous_1)
DA:7,0
DA:8,0
DA:11,0
DA:12,0
DA:14,0
DA:17,0
DA:18,0
DA:20,0
DA:24,0
DA:36,0
DA:37,0
DA:39,0
DA:40,0
DA:41,0
DA:44,0
DA:45,0
DA:46,0
DA:52,0
DA:53,0
DA:54,0
DA:59,0
LF:21
LH:0
BRDA:44,0,0,0
BRDA:44,0,1,0
BRDA:44,1,0,0
BRDA:44,1,1,0
BRDA:52,2,0,0
BRDA:52,2,1,0
BRDA:52,3,0,0
BRDA:52,3,1,0
BRF:8
BRH:0
end_of_record
TN:
SF:app\modules\multinotationModeler\MultiNotationRenderer.js
FN:8,MultiNotationRenderer
FN:27,(anonymous_1)
FN:45,(anonymous_2)
FN:55,(anonymous_3)
FN:65,(anonymous_4)
FN:75,(anonymous_5)
FN:85,(anonymous_6)
FNF:7
FNH:0
FNDA:0,MultiNotationRenderer
FNDA:0,(anonymous_1)
FNDA:0,(anonymous_2)
FNDA:0,(anonymous_3)
FNDA:0,(anonymous_4)
FNDA:0,(anonymous_5)
FNDA:0,(anonymous_6)
DA:9,0
DA:10,0
DA:11,0
DA:16,0
DA:18,0
DA:27,0
DA:28,0
DA:29,0
DA:33,0
DA:35,0
DA:38,0
DA:45,0
DA:46,0
DA:47,0
DA:49,0
DA:50,0
DA:52,0
DA:55,0
DA:56,0
DA:57,0
DA:59,0
DA:60,0
DA:62,0
DA:65,0
DA:66,0
DA:67,0
DA:69,0
DA:70,0
DA:72,0
DA:75,0
DA:76,0
DA:77,0
DA:79,0
DA:80,0
DA:82,0
DA:85,0
DA:86,0
DA:87,0
DA:89,0
DA:90,0
DA:92,0
DA:93,0
DA:94,0
DA:95,0
DA:96,0
DA:98,0
LF:46
LH:0
BRDA:28,0,0,0
BRDA:28,0,1,0
BRDA:29,1,0,0
BRDA:29,1,1,0
BRDA:30,2,0,0
BRDA:30,2,1,0
BRDA:30,2,2,0
BRDA:30,2,3,0
BRDA:39,3,0,0
BRDA:39,3,1,0
BRDA:39,3,2,0
BRDA:46,4,0,0
BRDA:46,4,1,0
BRDA:49,5,0,0
BRDA:49,5,1,0
BRDA:56,6,0,0
BRDA:56,6,1,0
BRDA:59,7,0,0
BRDA:59,7,1,0
BRDA:66,8,0,0
BRDA:66,8,1,0
BRDA:69,9,0,0
BRDA:69,9,1,0
BRDA:76,10,0,0
BRDA:76,10,1,0
BRDA:79,11,0,0
BRDA:79,11,1,0
BRDA:86,12,0,0
BRDA:86,12,1,0
BRDA:89,13,0,0
BRDA:89,13,1,0
BRDA:93,14,0,0
BRDA:93,14,1,0
BRF:33
BRH:0
end_of_record
TN:
SF:app\modules\multinotationModeler\MultiNotationReplaceMenuProvider.js
FN:4,(anonymous_0)
FN:12,(anonymous_1)
FNF:2
FNH:0
FNDA:0,(anonymous_0)
FNDA:0,(anonymous_1)
DA:5,0
DA:6,0
DA:7,0
DA:8,0
DA:9,0
DA:13,0
DA:14,0
DA:15,0
DA:17,0
DA:18,0
DA:19,0
DA:21,0
DA:25,0
LF:13
LH:0
BRDA:14,0,0,0
BRDA:14,0,1,0
BRDA:14,1,0,0
BRDA:14,1,1,0
BRDA:15,2,0,0
BRDA:15,2,1,0
BRDA:17,3,0,0
BRDA:17,3,1,0
BRDA:17,4,0,0
BRDA:17,4,1,0
BRDA:17,4,2,0
BRDA:18,5,0,0
BRDA:18,5,1,0
BRF:13
BRH:0
end_of_record
TN:
SF:app\modules\multinotationModeler\index.js
FN:25,(anonymous_0)
FN:44,(anonymous_1)
FN:49,(anonymous_2)
FN:53,(anonymous_3)
FN:57,(anonymous_4)
FN:66,(anonymous_5)
FN:75,(anonymous_6)
FN:83,(anonymous_7)
FN:96,(anonymous_8)
FN:100,(anonymous_9)
FN:118,initMultiNotationModeler
FN:129,(anonymous_11)
FNF:12
FNH:0
FNDA:0,(anonymous_0)
FNDA:0,(anonymous_1)
FNDA:0,(anonymous_2)
FNDA:0,(anonymous_3)
FNDA:0,(anonymous_4)
FNDA:0,(anonymous_5)
FNDA:0,(anonymous_6)
FNDA:0,(anonymous_7)
FNDA:0,(anonymous_8)
FNDA:0,(anonymous_9)
FNDA:0,initMultiNotationModeler
FNDA:0,(anonymous_11)
DA:26,0
DA:39,0
DA:41,0
DA:45,0
DA:46,0
DA:50,0
DA:54,0
DA:58,0
DA:59,0
DA:60,0
DA:61,0
DA:63,0
DA:67,0
DA:68,0
DA:72,0
DA:76,0
DA:77,0
DA:79,0
DA:84,0
DA:85,0
DA:86,0
DA:87,0
DA:88,0
DA:89,0
DA:90,0
DA:91,0
DA:93,0
DA:97,0
DA:98,0
DA:100,0
DA:102,0
DA:103,0
DA:104,0
DA:105,0
DA:120,0
DA:126,0
DA:131,0
DA:132,0
DA:134,0
DA:136,0
LF:40
LH:0
BRDA:25,0,0,0
BRDA:31,1,0,0
BRDA:31,1,1,0
BRDA:33,2,0,0
BRDA:33,2,1,0
BRDA:60,3,0,0
BRDA:60,3,1,0
BRDA:60,4,0,0
BRDA:60,4,1,0
BRDA:76,5,0,0
BRDA:76,5,1,0
BRDA:86,6,0,0
BRDA:86,6,1,0
BRDA:104,7,0,0
BRDA:104,7,1,0
BRDA:118,8,0,0
BRF:16
BRH:0
end_of_record
TN:
SF:app\modules\multinotationModeler\behaviour\BendpointBehavior.js
FN:1,BendpointBehavior
FN:2,validatePoint
FN:10,sanitizeWaypoints
FN:15,(anonymous_3)
FN:25,(anonymous_4)
FN:35,(anonymous_5)
FN:50,(anonymous_6)
FN:85,(anonymous_7)
FN:95,(anonymous_8)
FN:105,(anonymous_9)
FN:115,(anonymous_10)
FN:125,(anonymous_11)
FNF:12
FNH:0
FNDA:0,BendpointBehavior
FNDA:0,validatePoint
FNDA:0,sanitizeWaypoints
FNDA:0,(anonymous_3)
FNDA:0,(anonymous_4)
FNDA:0,(anonymous_5)
FNDA:0,(anonymous_6)
FNDA:0,(anonymous_7)
FNDA:0,(anonymous_8)
FNDA:0,(anonymous_9)
FNDA:0,(anonymous_10)
FNDA:0,(anonymous_11)
DA:3,0
DA:11,0
DA:12,0
DA:15,0
DA:17,0
DA:25,0
DA:26,0
DA:27,0
DA:29,0
DA:30,0
DA:35,0
DA:36,0
DA:37,0
DA:38,0
DA:39,0
DA:42,0
DA:43,0
DA:44,0
DA:45,0
DA:50,0
DA:51,0
DA:52,0
DA:54,0
DA:55,0
DA:58,0
DA:59,0
DA:60,0
DA:62,0
DA:64,0
DA:65,0
DA:66,0
DA:67,0
DA:70,0
DA:71,0
DA:72,0
DA:73,0
DA:75,0
DA:85,0
DA:86,0
DA:87,0
DA:89,0
DA:90,0
DA:95,0
DA:96,0
DA:97,0
DA:99,0
DA:100,0
DA:105,0
DA:106,0
DA:107,0
DA:109,0
DA:110,0
DA:115,0
DA:116,0
DA:117,0
DA:119,0
DA:120,0
DA:125,0
DA:126,0
DA:127,0
DA:129,0
DA:130,0
DA:135,0
LF:63
LH:0
BRDA:3,0,0,0
BRDA:3,0,1,0
BRDA:3,0,2,0
BRDA:3,0,3,0
BRDA:3,0,4,0
BRDA:3,0,5,0
BRDA:3,0,6,0
BRDA:11,1,0,0
BRDA:11,1,1,0
BRDA:18,2,0,0
BRDA:18,2,1,0
BRDA:19,3,0,0
BRDA:19,3,1,0
BRDA:29,4,0,0
BRDA:29,4,1,0
BRDA:29,5,0,0
BRDA:29,5,1,0
BRDA:42,6,0,0
BRDA:42,6,1,0
BRDA:54,7,0,0
BRDA:54,7,1,0
BRDA:54,8,0,0
BRDA:54,8,1,0
BRDA:58,9,0,0
BRDA:58,9,1,0
BRDA:62,10,0,0
BRDA:62,10,1,0
BRDA:62,11,0,0
BRDA:62,11,1,0
BRDA:64,12,0,0
BRDA:64,12,1,0
BRDA:65,13,0,0
BRDA:65,13,1,0
BRDA:66,14,0,0
BRDA:66,14,1,0
BRDA:67,15,0,0
BRDA:67,15,1,0
BRDA:70,16,0,0
BRDA:70,16,1,0
BRDA:71,17,0,0
BRDA:71,17,1,0
BRDA:72,18,0,0
BRDA:72,18,1,0
BRDA:73,19,0,0
BRDA:73,19,1,0
BRDA:87,20,0,0
BRDA:87,20,1,0
BRDA:89,21,0,0
BRDA:89,21,1,0
BRDA:99,22,0,0
BRDA:99,22,1,0
BRDA:99,23,0,0
BRDA:99,23,1,0
BRDA:109,24,0,0
BRDA:109,24,1,0
BRDA:109,25,0,0
BRDA:109,25,1,0
BRDA:119,26,0,0
BRDA:119,26,1,0
BRDA:119,27,0,0
BRDA:119,27,1,0
BRDA:129,28,0,0
BRDA:129,28,1,0
BRDA:129,29,0,0
BRDA:129,29,1,0
BRF:65
BRH:0
end_of_record
TN:
SF:app\modules\multinotationModeler\behaviour\CustomConnectionRulesGuard.js
FN:6,isCustom
FN:10,CustomConnectionRulesGuard
FN:16,(anonymous_2)
FN:28,(anonymous_3)
FN:44,(anonymous_4)
FN:47,(anonymous_5)
FN:70,forceCustomTypeOnConnectContext
FN:82,(anonymous_7)
FN:86,(anonymous_8)
FN:90,(anonymous_9)
FN:95,forcePreview
FN:121,ensureHUD
FN:140,showHUD
FN:154,hideHUD
FN:158,(anonymous_14)
FNF:15
FNH:0
FNDA:0,isCustom
FNDA:0,CustomConnectionRulesGuard
FNDA:0,(anonymous_2)
FNDA:0,(anonymous_3)
FNDA:0,(anonymous_4)
FNDA:0,(anonymous_5)
FNDA:0,forceCustomTypeOnConnectContext
FNDA:0,(anonymous_7)
FNDA:0,(anonymous_8)
FNDA:0,(anonymous_9)
FNDA:0,forcePreview
FNDA:0,ensureHUD
FNDA:0,showHUD
FNDA:0,hideHUD
FNDA:0,(anonymous_14)
DA:4,0
DA:7,0
DA:11,0
DA:12,0
DA:13,0
DA:16,0
DA:17,0
DA:18,0
DA:19,0
DA:20,0
DA:21,0
DA:22,0
DA:23,0
DA:24,0
DA:28,0
DA:29,0
DA:30,0
DA:31,0
DA:32,0
DA:33,0
DA:34,0
DA:35,0
DA:36,0
DA:40,0
DA:44,0
DA:47,0
DA:48,0
DA:49,0
DA:50,0
DA:51,0
DA:54,0
DA:55,0
DA:56,0
DA:58,0
DA:59,0
DA:63,0
DA:64,0
DA:65,0
DA:71,0
DA:72,0
DA:73,0
DA:74,0
DA:75,0
DA:76,0
DA:77,0
DA:78,0
DA:82,0
DA:83,0
DA:86,0
DA:87,0
DA:90,0
DA:91,0
DA:96,0
DA:97,0
DA:98,0
DA:99,0
DA:100,0
DA:101,0
DA:102,0
DA:103,0
DA:105,0
DA:106,0
DA:109,0
DA:113,0
DA:114,0
DA:116,0
DA:117,0
DA:119,0
DA:122,0
DA:123,0
DA:124,0
DA:125,0
DA:126,0
DA:127,0
DA:128,0
DA:129,0
DA:130,0
DA:131,0
DA:132,0
DA:133,0
DA:134,0
DA:135,0
DA:137,0
DA:141,0
DA:142,0
DA:143,0
DA:144,0
DA:145,0
DA:146,0
DA:147,0
DA:148,0
DA:149,0
DA:150,0
DA:151,0
DA:155,0
DA:158,0
DA:161,0
DA:163,0
LF:98
LH:0
BRDA:7,0,0,0
BRDA:7,0,1,0
BRDA:7,0,2,0
BRDA:7,0,3,0
BRDA:19,1,0,0
BRDA:19,1,1,0
BRDA:20,2,0,0
BRDA:20,2,1,0
BRDA:21,3,0,0
BRDA:21,3,1,0
BRDA:21,4,0,0
BRDA:21,4,1,0
BRDA:22,5,0,0
BRDA:22,5,1,0
BRDA:22,6,0,0
BRDA:22,6,1,0
BRDA:31,7,0,0
BRDA:31,7,1,0
BRDA:32,8,0,0
BRDA:32,8,1,0
BRDA:33,9,0,0
BRDA:33,9,1,0
BRDA:33,10,0,0
BRDA:33,10,1,0
BRDA:34,11,0,0
BRDA:34,11,1,0
BRDA:34,12,0,0
BRDA:34,12,1,0
BRDA:48,13,0,0
BRDA:48,13,1,0
BRDA:51,14,0,0
BRDA:51,14,1,0
BRDA:54,15,0,0
BRDA:54,15,1,0
BRDA:55,16,0,0
BRDA:55,16,1,0
BRDA:55,16,2,0
BRDA:55,16,3,0
BRDA:55,16,4,0
BRDA:56,17,0,0
BRDA:56,17,1,0
BRDA:58,18,0,0
BRDA:58,18,1,0
BRDA:58,19,0,0
BRDA:58,19,1,0
BRDA:63,20,0,0
BRDA:63,20,1,0
BRDA:64,21,0,0
BRDA:64,21,1,0
BRDA:71,22,0,0
BRDA:71,22,1,0
BRDA:72,23,0,0
BRDA:72,23,1,0
BRDA:72,23,2,0
BRDA:72,23,3,0
BRDA:72,23,4,0
BRDA:73,24,0,0
BRDA:73,24,1,0
BRDA:73,25,0,0
BRDA:73,25,1,0
BRDA:73,25,2,0
BRDA:75,26,0,0
BRDA:75,26,1,0
BRDA:83,27,0,0
BRDA:83,27,1,0
BRDA:87,28,0,0
BRDA:87,28,1,0
BRDA:91,29,0,0
BRDA:91,29,1,0
BRDA:96,30,0,0
BRDA:96,30,1,0
BRDA:97,31,0,0
BRDA:97,31,1,0
BRDA:98,32,0,0
BRDA:98,32,1,0
BRDA:98,32,2,0
BRDA:98,32,3,0
BRDA:98,32,4,0
BRDA:99,33,0,0
BRDA:99,33,1,0
BRDA:99,34,0,0
BRDA:99,34,1,0
BRDA:99,34,2,0
BRDA:100,35,0,0
BRDA:100,35,1,0
BRDA:105,36,0,0
BRDA:105,36,1,0
BRDA:105,37,0,0
BRDA:105,37,1,0
BRDA:105,37,2,0
BRDA:122,38,0,0
BRDA:122,38,1,0
BRDA:142,39,0,0
BRDA:142,39,1,0
BRDA:143,40,0,0
BRDA:143,40,1,0
BRDA:143,40,2,0
BRDA:143,40,3,0
BRDA:143,40,4,0
BRDA:144,41,0,0
BRDA:144,41,1,0
BRDA:144,41,2,0
BRDA:144,41,3,0
BRDA:144,41,4,0
BRDA:145,42,0,0
BRDA:145,42,1,0
BRDA:146,43,0,0
BRDA:146,43,1,0
BRDA:147,44,0,0
BRDA:147,44,1,0
BRDA:147,44,2,0
BRDA:148,45,0,0
BRDA:148,45,1,0
BRDA:148,46,0,0
BRDA:148,46,1,0
BRDA:155,47,0,0
BRDA:155,47,1,0
BRF:117
BRH:0
end_of_record
TN:
SF:app\modules\multinotationModeler\behaviour\NoopReplaceConnectionBehavior.js
FN:3,NoopReplaceConnectionBehavior
FNF:1
FNH:0
FNDA:0,NoopReplaceConnectionBehavior
DA:5,0
LF:1
LH:0
BRF:0
BRH:0
end_of_record
TN:
SF:app\modules\multinotationModeler\behaviour\ReplaceConnectionBehaviour.js
FN:14,ReplaceConnectionBehavior
FN:27,isPPINOTConnection
FN:31,isRALPHConnection
FN:35,dbg
FN:51,recomputePPINOTWaypoints
FN:80,isValidWaypoints
FN:81,(anonymous_6)
FN:86,fixConnection
FN:168,replaceReconnectedConnection
FN:240,cleanDraggingSelection
FN:262,(anonymous_10)
FN:275,(anonymous_11)
FN:282,(anonymous_12)
FN:290,(anonymous_13)
FN:298,(anonymous_14)
FN:306,(anonymous_15)
FN:314,(anonymous_16)
FN:324,(anonymous_17)
FN:330,(anonymous_18)
FN:356,(anonymous_19)
FN:364,(anonymous_20)
FN:369,(anonymous_21)
FN:386,(anonymous_22)
FN:423,restoreIfMissing
FN:442,(anonymous_24)
FN:450,(anonymous_25)
FN:456,(anonymous_26)
FN:472,(anonymous_27)
FN:495,(anonymous_28)
FN:500,(anonymous_29)
FN:515,performManualReconnect
FN:546,(anonymous_31)
FN:554,(anonymous_32)
FN:583,(anonymous_33)
FN:598,(anonymous_34)
FN:623,(anonymous_35)
FN:634,(anonymous_36)
FN:647,(anonymous_37)
FN:659,(anonymous_38)
FN:671,(anonymous_39)
FNF:40
FNH:0
FNDA:0,ReplaceConnectionBehavior
FNDA:0,isPPINOTConnection
FNDA:0,isRALPHConnection
FNDA:0,dbg
FNDA:0,recomputePPINOTWaypoints
FNDA:0,isValidWaypoints
FNDA:0,(anonymous_6)
FNDA:0,fixConnection
FNDA:0,replaceReconnectedConnection
FNDA:0,cleanDraggingSelection
FNDA:0,(anonymous_10)
FNDA:0,(anonymous_11)
FNDA:0,(anonymous_12)
FNDA:0,(anonymous_13)
FNDA:0,(anonymous_14)
FNDA:0,(anonymous_15)
FNDA:0,(anonymous_16)
FNDA:0,(anonymous_17)
FNDA:0,(anonymous_18)
FNDA:0,(anonymous_19)
FNDA:0,(anonymous_20)
FNDA:0,(anonymous_21)
FNDA:0,(anonymous_22)
FNDA:0,restoreIfMissing
FNDA:0,(anonymous_24)
FNDA:0,(anonymous_25)
FNDA:0,(anonymous_26)
FNDA:0,(anonymous_27)
FNDA:0,(anonymous_28)
FNDA:0,(anonymous_29)
FNDA:0,performManualReconnect
FNDA:0,(anonymous_31)
FNDA:0,(anonymous_32)
FNDA:0,(anonymous_33)
FNDA:0,(anonymous_34)
FNDA:0,(anonymous_35)
FNDA:0,(anonymous_36)
FNDA:0,(anonymous_37)
FNDA:0,(anonymous_38)
FNDA:0,(anonymous_39)
DA:16,0
DA:18,0
DA:19,0
DA:20,0
DA:23,0
DA:24,0
DA:25,0
DA:28,0
DA:32,0
DA:36,0
DA:37,0
DA:38,0
DA:39,0
DA:47,0
DA:48,0
DA:52,0
DA:53,0
DA:54,0
DA:55,0
DA:58,0
DA:59,0
DA:60,0
DA:61,0
DA:62,0
DA:63,0
DA:64,0
DA:73,0
DA:74,0
DA:75,0
DA:76,0
DA:77,0
DA:81,0
DA:82,0
DA:89,0
DA:90,0
DA:91,0
DA:95,0
DA:96,0
DA:97,0
DA:100,0
DA:101,0
DA:102,0
DA:107,0
DA:108,0
DA:122,0
DA:123,0
DA:124,0
DA:127,0
DA:128,0
DA:134,0
DA:136,0
DA:137,0
DA:140,0
DA:141,0
DA:146,0
DA:147,0
DA:153,0
DA:154,0
DA:155,0
DA:160,0
DA:161,0
DA:169,0
DA:170,0
DA:171,0
DA:172,0
DA:177,0
DA:178,0
DA:179,0
DA:180,0
DA:181,0
DA:182,0
DA:184,0
DA:188,0
DA:189,0
DA:191,0
DA:195,0
DA:196,0
DA:202,0
DA:205,0
DA:207,0
DA:208,0
DA:210,0
DA:211,0
DA:213,0
DA:214,0
DA:218,0
DA:219,0
DA:220,0
DA:223,0
DA:229,0
DA:232,0
DA:234,0
DA:235,0
DA:241,0
DA:242,0
DA:246,0
DA:247,0
DA:250,0
DA:252,0
DA:253,0
DA:256,0
DA:262,0
DA:263,0
DA:264,0
DA:266,0
DA:267,0
DA:269,0
DA:272,0
DA:276,0
DA:282,0
DA:288,0
DA:289,0
DA:290,0
DA:291,0
DA:292,0
DA:298,0
DA:305,0
DA:306,0
DA:307,0
DA:308,0
DA:309,0
DA:314,0
DA:315,0
DA:316,0
DA:317,0
DA:318,0
DA:324,0
DA:330,0
DA:331,0
DA:332,0
DA:333,0
DA:335,0
DA:337,0
DA:338,0
DA:339,0
DA:340,0
DA:342,0
DA:343,0
DA:347,0
DA:348,0
DA:349,0
DA:356,0
DA:358,0
DA:359,0
DA:361,0
DA:364,0
DA:365,0
DA:366,0
DA:368,0
DA:369,0
DA:370,0
DA:371,0
DA:372,0
DA:373,0
DA:374,0
DA:377,0
DA:385,0
DA:386,0
DA:388,0
DA:389,0
DA:390,0
DA:394,0
DA:395,0
DA:396,0
DA:398,0
DA:399,0
DA:402,0
DA:403,0
DA:408,0
DA:409,0
DA:417,0
DA:418,0
DA:419,0
DA:424,0
DA:425,0
DA:426,0
DA:427,0
DA:428,0
DA:429,0
DA:430,0
DA:431,0
DA:435,0
DA:436,0
DA:442,0
DA:443,0
DA:444,0
DA:445,0
DA:446,0
DA:450,0
DA:451,0
DA:452,0
DA:456,0
DA:457,0
DA:458,0
DA:459,0
DA:460,0
DA:462,0
DA:463,0
DA:464,0
DA:469,0
DA:473,0
DA:474,0
DA:475,0
DA:476,0
DA:477,0
DA:479,0
DA:480,0
DA:481,0
DA:482,0
DA:483,0
DA:484,0
DA:485,0
DA:490,0
DA:495,0
DA:496,0
DA:497,0
DA:498,0
DA:499,0
DA:500,0
DA:501,0
DA:502,0
DA:503,0
DA:504,0
DA:505,0
DA:506,0
DA:509,0
DA:516,0
DA:517,0
DA:518,0
DA:520,0
DA:521,0
DA:523,0
DA:525,0
DA:526,0
DA:527,0
DA:528,0
DA:531,0
DA:533,0
DA:534,0
DA:538,0
DA:539,0
DA:540,0
DA:542,0
DA:546,0
DA:547,0
DA:548,0
DA:549,0
DA:554,0
DA:555,0
DA:556,0
DA:557,0
DA:559,0
DA:560,0
DA:561,0
DA:562,0
DA:563,0
DA:564,0
DA:565,0
DA:566,0
DA:567,0
DA:569,0
DA:574,0
DA:580,0
DA:584,0
DA:585,0
DA:586,0
DA:587,0
DA:588,0
DA:589,0
DA:590,0
DA:591,0
DA:595,0
DA:599,0
DA:600,0
DA:601,0
DA:602,0
DA:605,0
DA:606,0
DA:607,0
DA:608,0
DA:609,0
DA:610,0
DA:611,0
DA:613,0
DA:614,0
DA:616,0
DA:619,0
DA:623,0
DA:624,0
DA:625,0
DA:626,0
DA:627,0
DA:628,0
DA:629,0
DA:634,0
DA:635,0
DA:636,0
DA:637,0
DA:638,0
DA:639,0
DA:640,0
DA:641,0
DA:642,0
DA:643,0
DA:647,0
DA:648,0
DA:649,0
DA:650,0
DA:651,0
DA:652,0
DA:653,0
DA:654,0
DA:655,0
DA:659,0
DA:660,0
DA:661,0
DA:662,0
DA:663,0
DA:664,0
DA:665,0
DA:666,0
DA:667,0
DA:671,0
DA:672,0
DA:673,0
DA:674,0
DA:675,0
DA:679,0
DA:680,0
DA:685,0
DA:686,0
DA:691,0
DA:692,0
DA:697,0
DA:699,0
LF:335
LH:0
BRDA:19,0,0,0
BRDA:19,0,1,0
BRDA:28,1,0,0
BRDA:28,1,1,0
BRDA:28,1,2,0
BRDA:32,2,0,0
BRDA:32,2,1,0
BRDA:32,2,2,0
BRDA:38,3,0,0
BRDA:38,3,1,0
BRDA:38,4,0,0
BRDA:38,4,1,0
BRDA:42,5,0,0
BRDA:42,5,1,0
BRDA:43,6,0,0
BRDA:43,6,1,0
BRDA:44,7,0,0
BRDA:44,7,1,0
BRDA:52,8,0,0
BRDA:52,8,1,0
BRDA:55,9,0,0
BRDA:55,9,1,0
BRDA:55,10,0,0
BRDA:55,10,1,0
BRDA:55,10,2,0
BRDA:55,10,3,0
BRDA:58,11,0,0
BRDA:58,11,1,0
BRDA:59,12,0,0
BRDA:59,12,1,0
BRDA:60,13,0,0
BRDA:60,13,1,0
BRDA:61,14,0,0
BRDA:61,14,1,0
BRDA:62,15,0,0
BRDA:62,15,1,0
BRDA:73,16,0,0
BRDA:73,16,1,0
BRDA:74,17,0,0
BRDA:74,17,1,0
BRDA:75,18,0,0
BRDA:75,18,1,0
BRDA:76,19,0,0
BRDA:76,19,1,0
BRDA:81,20,0,0
BRDA:81,20,1,0
BRDA:81,20,2,0
BRDA:82,21,0,0
BRDA:82,21,1,0
BRDA:82,21,2,0
BRDA:82,21,3,0
BRDA:82,21,4,0
BRDA:89,22,0,0
BRDA:89,22,1,0
BRDA:95,23,0,0
BRDA:95,23,1,0
BRDA:107,24,0,0
BRDA:107,24,1,0
BRDA:122,25,0,0
BRDA:122,25,1,0
BRDA:123,26,0,0
BRDA:123,26,1,0
BRDA:127,27,0,0
BRDA:127,27,1,0
BRDA:134,28,0,0
BRDA:134,28,1,0
BRDA:136,29,0,0
BRDA:136,29,1,0
BRDA:140,30,0,0
BRDA:140,30,1,0
BRDA:146,31,0,0
BRDA:146,31,1,0
BRDA:146,32,0,0
BRDA:146,32,1,0
BRDA:146,32,2,0
BRDA:153,33,0,0
BRDA:153,33,1,0
BRDA:160,34,0,0
BRDA:160,34,1,0
BRDA:171,35,0,0
BRDA:171,35,1,0
BRDA:172,36,0,0
BRDA:172,36,1,0
BRDA:177,37,0,0
BRDA:177,37,1,0
BRDA:177,38,0,0
BRDA:177,38,1,0
BRDA:179,39,0,0
BRDA:179,39,1,0
BRDA:179,40,0,0
BRDA:179,40,1,0
BRDA:179,40,2,0
BRDA:188,41,0,0
BRDA:188,41,1,0
BRDA:207,42,0,0
BRDA:207,42,1,0
BRDA:219,43,0,0
BRDA:219,43,1,0
BRDA:219,44,0,0
BRDA:219,44,1,0
BRDA:234,45,0,0
BRDA:234,45,1,0
BRDA:242,46,0,0
BRDA:242,46,1,0
BRDA:246,47,0,0
BRDA:246,47,1,0
BRDA:246,48,0,0
BRDA:246,48,1,0
BRDA:252,49,0,0
BRDA:252,49,1,0
BRDA:264,50,0,0
BRDA:264,50,1,0
BRDA:264,50,2,0
BRDA:282,51,0,0
BRDA:282,51,1,0
BRDA:288,52,0,0
BRDA:288,52,1,0
BRDA:288,53,0,0
BRDA:288,53,1,0
BRDA:291,54,0,0
BRDA:291,54,1,0
BRDA:291,55,0,0
BRDA:291,55,1,0
BRDA:291,55,2,0
BRDA:298,56,0,0
BRDA:298,56,1,0
BRDA:307,57,0,0
BRDA:307,57,1,0
BRDA:316,58,0,0
BRDA:316,58,1,0
BRDA:316,59,0,0
BRDA:316,59,1,0
BRDA:324,60,0,0
BRDA:324,60,1,0
BRDA:331,61,0,0
BRDA:331,61,1,0
BRDA:331,62,0,0
BRDA:331,62,1,0
BRDA:332,63,0,0
BRDA:332,63,1,0
BRDA:332,64,0,0
BRDA:332,64,1,0
BRDA:332,64,2,0
BRDA:337,65,0,0
BRDA:337,65,1,0
BRDA:337,66,0,0
BRDA:337,66,1,0
BRDA:338,67,0,0
BRDA:338,67,1,0
BRDA:338,68,0,0
BRDA:338,68,1,0
BRDA:339,69,0,0
BRDA:339,69,1,0
BRDA:339,70,0,0
BRDA:339,70,1,0
BRDA:345,71,0,0
BRDA:345,71,1,0
BRDA:345,72,0,0
BRDA:345,72,1,0
BRDA:347,73,0,0
BRDA:347,73,1,0
BRDA:348,74,0,0
BRDA:348,74,1,0
BRDA:348,75,0,0
BRDA:348,75,1,0
BRDA:365,76,0,0
BRDA:365,76,1,0
BRDA:368,77,0,0
BRDA:368,77,1,0
BRDA:369,78,0,0
BRDA:369,78,1,0
BRDA:369,79,0,0
BRDA:369,79,1,0
BRDA:369,79,2,0
BRDA:370,80,0,0
BRDA:370,80,1,0
BRDA:372,81,0,0
BRDA:372,81,1,0
BRDA:372,82,0,0
BRDA:372,82,1,0
BRDA:385,83,0,0
BRDA:385,83,1,0
BRDA:385,84,0,0
BRDA:385,84,1,0
BRDA:385,84,2,0
BRDA:388,85,0,0
BRDA:388,85,1,0
BRDA:389,86,0,0
BRDA:389,86,1,0
BRDA:394,87,0,0
BRDA:394,87,1,0
BRDA:394,88,0,0
BRDA:394,88,1,0
BRDA:395,89,0,0
BRDA:395,89,1,0
BRDA:395,90,0,0
BRDA:395,90,1,0
BRDA:396,91,0,0
BRDA:396,91,1,0
BRDA:396,92,0,0
BRDA:396,92,1,0
BRDA:398,93,0,0
BRDA:398,93,1,0
BRDA:398,94,0,0
BRDA:398,94,1,0
BRDA:405,95,0,0
BRDA:405,95,1,0
BRDA:405,96,0,0
BRDA:405,96,1,0
BRDA:408,97,0,0
BRDA:408,97,1,0
BRDA:408,98,0,0
BRDA:408,98,1,0
BRDA:424,99,0,0
BRDA:424,99,1,0
BRDA:424,100,0,0
BRDA:424,100,1,0
BRDA:425,101,0,0
BRDA:425,101,1,0
BRDA:426,102,0,0
BRDA:426,102,1,0
BRDA:427,103,0,0
BRDA:427,103,1,0
BRDA:427,104,0,0
BRDA:427,104,1,0
BRDA:428,105,0,0
BRDA:428,105,1,0
BRDA:428,106,0,0
BRDA:428,106,1,0
BRDA:429,107,0,0
BRDA:429,107,1,0
BRDA:429,108,0,0
BRDA:429,108,1,0
BRDA:433,109,0,0
BRDA:433,109,1,0
BRDA:433,110,0,0
BRDA:433,110,1,0
BRDA:435,111,0,0
BRDA:435,111,1,0
BRDA:435,112,0,0
BRDA:435,112,1,0
BRDA:436,113,0,0
BRDA:436,113,1,0
BRDA:444,114,0,0
BRDA:444,114,1,0
BRDA:444,115,0,0
BRDA:444,115,1,0
BRDA:452,116,0,0
BRDA:452,116,1,0
BRDA:452,117,0,0
BRDA:452,117,1,0
BRDA:457,118,0,0
BRDA:457,118,1,0
BRDA:458,119,0,0
BRDA:458,119,1,0
BRDA:462,120,0,0
BRDA:462,120,1,0
BRDA:473,121,0,0
BRDA:473,121,1,0
BRDA:474,122,0,0
BRDA:474,122,1,0
BRDA:475,123,0,0
BRDA:475,123,1,0
BRDA:475,124,0,0
BRDA:475,124,1,0
BRDA:476,125,0,0
BRDA:476,125,1,0
BRDA:477,126,0,0
BRDA:477,126,1,0
BRDA:479,127,0,0
BRDA:479,127,1,0
BRDA:480,128,0,0
BRDA:480,128,1,0
BRDA:480,129,0,0
BRDA:480,129,1,0
BRDA:483,130,0,0
BRDA:483,130,1,0
BRDA:496,131,0,0
BRDA:496,131,1,0
BRDA:496,131,2,0
BRDA:498,132,0,0
BRDA:498,132,1,0
BRDA:499,133,0,0
BRDA:499,133,1,0
BRDA:499,134,0,0
BRDA:499,134,1,0
BRDA:501,135,0,0
BRDA:501,135,1,0
BRDA:502,136,0,0
BRDA:502,136,1,0
BRDA:504,137,0,0
BRDA:504,137,1,0
BRDA:504,138,0,0
BRDA:504,138,1,0
BRDA:516,139,0,0
BRDA:516,139,1,0
BRDA:517,140,0,0
BRDA:517,140,1,0
BRDA:518,141,0,0
BRDA:518,141,1,0
BRDA:518,142,0,0
BRDA:518,142,1,0
BRDA:520,143,0,0
BRDA:520,143,1,0
BRDA:521,144,0,0
BRDA:521,144,1,0
BRDA:523,145,0,0
BRDA:523,145,1,0
BRDA:523,146,0,0
BRDA:523,146,1,0
BRDA:525,147,0,0
BRDA:525,147,1,0
BRDA:527,148,0,0
BRDA:527,148,1,0
BRDA:531,149,0,0
BRDA:531,149,1,0
BRDA:531,150,0,0
BRDA:531,150,1,0
BRDA:536,151,0,0
BRDA:536,151,1,0
BRDA:539,152,0,0
BRDA:539,152,1,0
BRDA:540,153,0,0
BRDA:540,153,1,0
BRDA:547,154,0,0
BRDA:547,154,1,0
BRDA:548,155,0,0
BRDA:548,155,1,0
BRDA:548,156,0,0
BRDA:548,156,1,0
BRDA:555,157,0,0
BRDA:555,157,1,0
BRDA:556,158,0,0
BRDA:556,158,1,0
BRDA:557,159,0,0
BRDA:557,159,1,0
BRDA:559,160,0,0
BRDA:559,160,1,0
BRDA:559,160,2,0
BRDA:559,160,3,0
BRDA:559,161,0,0
BRDA:559,161,1,0
BRDA:559,162,0,0
BRDA:559,162,1,0
BRDA:560,163,0,0
BRDA:560,163,1,0
BRDA:560,164,0,0
BRDA:560,164,1,0
BRDA:565,165,0,0
BRDA:565,165,1,0
BRDA:567,166,0,0
BRDA:567,166,1,0
BRDA:585,167,0,0
BRDA:585,167,1,0
BRDA:586,168,0,0
BRDA:586,168,1,0
BRDA:587,169,0,0
BRDA:587,169,1,0
BRDA:587,170,0,0
BRDA:587,170,1,0
BRDA:590,171,0,0
BRDA:590,171,1,0
BRDA:600,172,0,0
BRDA:600,172,1,0
BRDA:601,173,0,0
BRDA:601,173,1,0
BRDA:602,174,0,0
BRDA:602,174,1,0
BRDA:602,175,0,0
BRDA:602,175,1,0
BRDA:605,176,0,0
BRDA:605,176,1,0
BRDA:609,177,0,0
BRDA:609,177,1,0
BRDA:609,178,0,0
BRDA:609,178,1,0
BRDA:611,179,0,0
BRDA:611,179,1,0
BRDA:614,180,0,0
BRDA:614,180,1,0
BRDA:624,181,0,0
BRDA:624,181,1,0
BRDA:625,182,0,0
BRDA:625,182,1,0
BRDA:626,183,0,0
BRDA:626,183,1,0
BRDA:627,184,0,0
BRDA:627,184,1,0
BRDA:635,185,0,0
BRDA:635,185,1,0
BRDA:636,186,0,0
BRDA:636,186,1,0
BRDA:636,187,0,0
BRDA:636,187,1,0
BRDA:638,188,0,0
BRDA:638,188,1,0
BRDA:638,189,0,0
BRDA:638,189,1,0
BRDA:639,190,0,0
BRDA:639,190,1,0
BRDA:648,191,0,0
BRDA:648,191,1,0
BRDA:649,192,0,0
BRDA:649,192,1,0
BRDA:649,193,0,0
BRDA:649,193,1,0
BRDA:651,194,0,0
BRDA:651,194,1,0
BRDA:651,195,0,0
BRDA:651,195,1,0
BRDA:652,196,0,0
BRDA:652,196,1,0
BRDA:653,197,0,0
BRDA:653,197,1,0
BRDA:660,198,0,0
BRDA:660,198,1,0
BRDA:661,199,0,0
BRDA:661,199,1,0
BRDA:661,200,0,0
BRDA:661,200,1,0
BRDA:663,201,0,0
BRDA:663,201,1,0
BRDA:663,202,0,0
BRDA:663,202,1,0
BRDA:664,203,0,0
BRDA:664,203,1,0
BRDA:665,204,0,0
BRDA:665,204,1,0
BRDA:679,205,0,0
BRDA:679,205,1,0
BRDA:685,206,0,0
BRDA:685,206,1,0
BRDA:691,207,0,0
BRDA:691,207,1,0
BRDA:691,208,0,0
BRDA:691,208,1,0
BRF:436
BRH:0
end_of_record
TN:
SF:app\modules\multinotationModeler\core\MultiNotationModelerCore.js
FN:19,(anonymous_0)
FN:54,(anonymous_1)
FN:70,(anonymous_2)
FN:78,(anonymous_3)
FN:104,(anonymous_4)
FN:128,(anonymous_5)
FN:148,(anonymous_6)
FN:181,(anonymous_7)
FN:195,(anonymous_8)
FN:213,(anonymous_9)
FN:230,(anonymous_10)
FN:244,(anonymous_11)
FN:272,(anonymous_12)
FN:283,(anonymous_13)
FN:300,(anonymous_14)
FN:333,(anonymous_15)
FN:378,(anonymous_16)
FN:391,(anonymous_17)
FNF:18
FNH:0
FNDA:0,(anonymous_0)
FNDA:0,(anonymous_1)
FNDA:0,(anonymous_2)
FNDA:0,(anonymous_3)
FNDA:0,(anonymous_4)
FNDA:0,(anonymous_5)
FNDA:0,(anonymous_6)
FNDA:0,(anonymous_7)
FNDA:0,(anonymous_8)
FNDA:0,(anonymous_9)
FNDA:0,(anonymous_10)
FNDA:0,(anonymous_11)
FNDA:0,(anonymous_12)
FNDA:0,(anonymous_13)
FNDA:0,(anonymous_14)
FNDA:0,(anonymous_15)
FNDA:0,(anonymous_16)
FNDA:0,(anonymous_17)
DA:21,0
DA:22,0
DA:23,0
DA:26,0
DA:27,0
DA:28,0
DA:29,0
DA:30,0
DA:33,0
DA:34,0
DA:35,0
DA:39,0
DA:45,0
DA:46,0
DA:55,0
DA:60,0
DA:62,0
DA:71,0
DA:79,0
DA:81,0
DA:83,0
DA:85,0
DA:87,0
DA:89,0
DA:92,0
DA:94,0
DA:96,0
DA:99,0
DA:100,0
DA:103,0
DA:104,0
DA:105,0
DA:106,0
DA:107,0
DA:108,0
DA:115,0
DA:117,0
DA:118,0
DA:120,0
DA:129,0
DA:131,0
DA:132,0
DA:133,0
DA:134,0
DA:136,0
DA:140,0
DA:141,0
DA:142,0
DA:145,0
DA:147,0
DA:149,0
DA:151,0
DA:155,0
DA:164,0
DA:167,0
DA:172,0
DA:182,0
DA:184,0
DA:185,0
DA:186,0
DA:192,0
DA:196,0
DA:202,0
DA:203,0
DA:204,0
DA:210,0
DA:214,0
DA:222,0
DA:223,0
DA:232,0
DA:235,0
DA:245,0
DA:248,0
DA:250,0
DA:251,0
DA:255,0
DA:261,0
DA:262,0
DA:273,0
DA:276,0
DA:284,0
DA:286,0
DA:287,0
DA:288,0
DA:290,0
DA:291,0
DA:301,0
DA:303,0
DA:306,0
DA:314,0
DA:316,0
DA:317,0
DA:320,0
DA:322,0
DA:323,0
DA:324,0
DA:334,0
DA:336,0
DA:338,0
DA:339,0
DA:342,0
DA:345,0
DA:346,0
DA:350,0
DA:351,0
DA:355,0
DA:356,0
DA:360,0
DA:361,0
DA:362,0
DA:365,0
DA:367,0
DA:369,0
DA:370,0
DA:371,0
DA:379,0
DA:380,0
DA:381,0
DA:383,0
DA:384,0
DA:392,0
DA:393,0
DA:394,0
DA:395,0
DA:398,0
LF:125
LH:0
BRDA:19,0,0,0
BRDA:21,1,0,0
BRDA:21,1,1,0
BRDA:22,2,0,0
BRDA:22,2,1,0
BRDA:22,3,0,0
BRDA:22,3,1,0
BRDA:33,4,0,0
BRDA:33,4,1,0
BRDA:71,5,0,0
BRDA:71,5,1,0
BRDA:79,6,0,0
BRDA:79,6,1,0
BRDA:103,7,0,0
BRDA:103,7,1,0
BRDA:105,8,0,0
BRDA:105,8,1,0
BRDA:132,9,0,0
BRDA:132,9,1,0
BRDA:140,10,0,0
BRDA:140,10,1,0
BRDA:147,11,0,0
BRDA:147,11,1,0
BRDA:185,12,0,0
BRDA:185,12,1,0
BRDA:185,13,0,0
BRDA:185,13,1,0
BRDA:203,14,0,0
BRDA:203,14,1,0
BRDA:203,15,0,0
BRDA:203,15,1,0
BRDA:248,16,0,0
BRDA:248,16,1,0
BRDA:250,17,0,0
BRDA:250,17,1,0
BRDA:255,18,0,0
BRDA:255,18,1,0
BRDA:261,19,0,0
BRDA:261,19,1,0
BRDA:261,20,0,0
BRDA:261,20,1,0
BRDA:284,21,0,0
BRDA:284,21,1,0
BRDA:300,22,0,0
BRDA:308,23,0,0
BRDA:308,23,1,0
BRDA:309,24,0,0
BRDA:309,24,1,0
BRDA:316,25,0,0
BRDA:316,25,1,0
BRDA:333,26,0,0
BRDA:338,27,0,0
BRDA:338,27,1,0
BRDA:345,28,0,0
BRDA:345,28,1,0
BRDA:350,29,0,0
BRDA:350,29,1,0
BRDA:350,30,0,0
BRDA:350,30,1,0
BRDA:355,31,0,0
BRDA:355,31,1,0
BRDA:355,32,0,0
BRDA:355,32,1,0
BRDA:360,33,0,0
BRDA:360,33,1,0
BRDA:381,34,0,0
BRDA:381,34,1,0
BRDA:394,35,0,0
BRDA:394,35,1,0
BRF:69
BRH:0
end_of_record
TN:
SF:app\modules\multinotationModeler\notations\ppinot\PPINOTBpmnUpdater.js
FN:5,PPINOTBpmnUpdater
FN:12,(anonymous_1)
FN:19,updatePPINOTSemanticParent
FN:62,(anonymous_3)
FNF:4
FNH:0
FNDA:0,PPINOTBpmnUpdater
FNDA:0,(anonymous_1)
FNDA:0,updatePPINOTSemanticParent
FNDA:0,(anonymous_3)
DA:6,0
DA:9,0
DA:12,0
DA:13,0
DA:14,0
DA:16,0
DA:20,0
DA:21,0
DA:22,0
DA:23,0
DA:24,0
DA:25,0
DA:26,0
DA:27,0
DA:28,0
DA:29,0
DA:30,0
DA:32,0
DA:33,0
DA:34,0
DA:37,0
DA:38,0
DA:39,0
DA:40,0
DA:41,0
DA:42,0
DA:44,0
DA:45,0
DA:46,0
DA:48,0
DA:49,0
DA:50,0
DA:51,0
DA:52,0
DA:54,0
DA:55,0
DA:56,0
DA:58,0
DA:61,0
DA:62,0
DA:63,0
DA:64,0
DA:65,0
DA:66,0
DA:67,0
DA:68,0
DA:70,0
DA:71,0
DA:72,0
DA:73,0
DA:74,0
DA:77,0
DA:81,0
DA:82,0
LF:54
LH:0
BRDA:13,0,0,0
BRDA:13,0,1,0
BRDA:13,1,0,0
BRDA:13,1,1,0
BRDA:13,1,2,0
BRDA:20,2,0,0
BRDA:20,2,1,0
BRDA:21,3,0,0
BRDA:21,3,1,0
BRDA:23,4,0,0
BRDA:23,4,1,0
BRDA:25,5,0,0
BRDA:25,5,1,0
BRDA:26,6,0,0
BRDA:26,6,1,0
BRDA:27,7,0,0
BRDA:27,7,1,0
BRDA:28,8,0,0
BRDA:28,8,1,0
BRDA:28,9,0,0
BRDA:28,9,1,0
BRDA:30,10,0,0
BRDA:30,10,1,0
BRDA:32,11,0,0
BRDA:32,11,1,0
BRDA:37,12,0,0
BRDA:37,12,1,0
BRDA:38,13,0,0
BRDA:38,13,1,0
BRDA:39,14,0,0
BRDA:39,14,1,0
BRDA:40,15,0,0
BRDA:40,15,1,0
BRDA:40,16,0,0
BRDA:40,16,1,0
BRDA:42,17,0,0
BRDA:42,17,1,0
BRDA:44,18,0,0
BRDA:44,18,1,0
BRDA:48,19,0,0
BRDA:48,19,1,0
BRDA:49,20,0,0
BRDA:49,20,1,0
BRDA:50,21,0,0
BRDA:50,21,1,0
BRDA:50,22,0,0
BRDA:50,22,1,0
BRDA:52,23,0,0
BRDA:52,23,1,0
BRDA:54,24,0,0
BRDA:54,24,1,0
BRDA:63,25,0,0
BRDA:63,25,1,0
BRDA:63,26,0,0
BRDA:63,26,1,0
BRDA:63,26,2,0
BRDA:63,26,3,0
BRDA:64,27,0,0
BRDA:64,27,1,0
BRDA:66,28,0,0
BRDA:66,28,1,0
BRDA:67,29,0,0
BRDA:67,29,1,0
BRDA:68,30,0,0
BRDA:68,30,1,0
BRDA:70,31,0,0
BRDA:70,31,1,0
BRDA:71,32,0,0
BRDA:71,32,1,0
BRDA:72,33,0,0
BRDA:72,33,1,0
BRDA:73,34,0,0
BRDA:73,34,1,0
BRDA:74,35,0,0
BRDA:74,35,1,0
BRF:75
BRH:0
end_of_record
TN:
SF:app\modules\multinotationModeler\notations\ppinot\PPINOTContextPadProvider.js
FN:8,PPINOTContextPadProvider
FN:32,(anonymous_1)
FN:35,startConnect
FN:50,(anonymous_3)
FN:179,(anonymous_4)
FN:192,(anonymous_5)
FNF:6
FNH:0
FNDA:0,PPINOTContextPadProvider
FNDA:0,(anonymous_1)
FNDA:0,startConnect
FNDA:0,(anonymous_3)
FNDA:0,(anonymous_4)
FNDA:0,(anonymous_5)
DA:21,0
DA:22,0
DA:23,0
DA:24,0
DA:25,0
DA:26,0
DA:27,0
DA:28,0
DA:29,0
DA:32,0
DA:33,0
DA:36,0
DA:39,0
DA:50,0
DA:51,0
DA:52,0
DA:55,0
DA:56,0
DA:72,0
DA:92,0
DA:102,0
DA:121,0
DA:138,0
DA:147,0
DA:162,0
DA:163,0
DA:173,0
DA:180,0
DA:186,0
DA:195,0
DA:198,0
DA:201,0
DA:202,0
DA:203,0
DA:204,0
DA:205,0
DA:208,0
DA:217,0
DA:219,0
DA:222,0
DA:226,0
LF:41
LH:0
BRDA:29,0,0,0
BRDA:29,0,1,0
BRDA:29,1,0,0
BRDA:29,1,1,0
BRDA:32,2,0,0
BRDA:55,3,0,0
BRDA:55,3,1,0
BRDA:55,4,0,0
BRDA:55,4,1,0
BRDA:72,5,0,0
BRDA:72,5,1,0
BRDA:73,6,0,0
BRDA:73,6,1,0
BRDA:73,6,2,0
BRDA:73,6,3,0
BRDA:73,6,4,0
BRDA:73,6,5,0
BRDA:73,6,6,0
BRDA:73,6,7,0
BRDA:73,6,8,0
BRDA:73,6,9,0
BRDA:73,6,10,0
BRDA:73,6,11,0
BRDA:73,6,12,0
BRDA:73,6,13,0
BRDA:73,6,14,0
BRDA:73,6,15,0
BRDA:73,6,16,0
BRDA:73,6,17,0
BRDA:102,7,0,0
BRDA:102,7,1,0
BRDA:103,8,0,0
BRDA:103,8,1,0
BRDA:103,8,2,0
BRDA:103,8,3,0
BRDA:103,8,4,0
BRDA:103,8,5,0
BRDA:103,8,6,0
BRDA:103,8,7,0
BRDA:103,8,8,0
BRDA:103,8,9,0
BRDA:103,8,10,0
BRDA:103,8,11,0
BRDA:103,8,12,0
BRDA:103,8,13,0
BRDA:103,8,14,0
BRDA:103,8,15,0
BRDA:103,8,16,0
BRDA:138,9,0,0
BRDA:138,9,1,0
BRDA:139,10,0,0
BRDA:139,10,1,0
BRDA:139,10,2,0
BRDA:139,10,3,0
BRDA:139,10,4,0
BRDA:139,10,5,0
BRDA:139,10,6,0
BRDA:162,11,0,0
BRDA:162,11,1,0
BRDA:162,12,0,0
BRDA:162,12,1,0
BRDA:195,13,0,0
BRDA:195,13,1,0
BRDA:195,13,2,0
BRDA:201,14,0,0
BRDA:201,14,1,0
BRDA:204,15,0,0
BRDA:204,15,1,0
BRDA:217,16,0,0
BRDA:217,16,1,0
BRDA:217,17,0,0
BRDA:217,17,1,0
BRDA:217,17,2,0
BRF:73
BRH:0
end_of_record
TN:
SF:app\modules\multinotationModeler\notations\ppinot\PPINOTElementFactory.js
FN:3,(anonymous_0)
FN:59,(anonymous_1)
FN:81,(anonymous_2)
FNF:3
FNH:0
FNDA:0,(anonymous_0)
FNDA:0,(anonymous_1)
FNDA:0,(anonymous_2)
DA:4,0
DA:55,0
DA:60,0
DA:61,0
DA:62,0
DA:64,0
DA:65,0
DA:66,0
DA:70,0
DA:71,0
DA:75,0
DA:82,0
DA:104,0
DA:105,0
DA:109,0
DA:110,0
DA:113,0
LF:17
LH:0
BRDA:55,0,0,0
BRDA:55,0,1,0
BRDA:61,1,0,0
BRDA:61,1,1,0
BRDA:64,2,0,0
BRDA:64,2,1,0
BRDA:70,3,0,0
BRDA:70,3,1,0
BRDA:81,4,0,0
BRDA:104,5,0,0
BRDA:104,5,1,0
BRDA:105,6,0,0
BRDA:105,6,1,0
BRDA:109,7,0,0
BRDA:109,7,1,0
BRDA:109,8,0,0
BRDA:109,8,1,0
BRDA:110,9,0,0
BRDA:110,9,1,0
BRDA:110,9,2,0
BRDA:113,10,0,0
BRDA:113,10,1,0
BRF:22
BRH:0
end_of_record
TN:
SF:app\modules\multinotationModeler\notations\ppinot\PPINOTLabelProvider.js
FN:6,PPINOTLabelProvider
FN:12,(anonymous_1)
FN:27,createCustomEditor
FN:76,finishEditing
FN:89,(anonymous_4)
FN:100,(anonymous_5)
FN:105,onDocumentClick
FN:113,canEditPPINOTConnection
FN:126,getPPINOTDefaultText
FN:179,updatePPINOTConnectionLabel
FN:213,(anonymous_10)
FN:221,createConnectionLabel
FN:277,(anonymous_12)
FN:293,(anonymous_13)
FN:316,(anonymous_14)
FN:317,(anonymous_15)
FN:343,(anonymous_16)
FN:362,createLabel
FN:393,isLabel
FN:397,shouldCreateExternalLabel
FN:410,getExternalLabelMid
FN:436,getExternalLabelPosition
FNF:22
FNH:0
FNDA:0,PPINOTLabelProvider
FNDA:0,(anonymous_1)
FNDA:0,createCustomEditor
FNDA:0,finishEditing
FNDA:0,(anonymous_4)
FNDA:0,(anonymous_5)
FNDA:0,onDocumentClick
FNDA:0,canEditPPINOTConnection
FNDA:0,getPPINOTDefaultText
FNDA:0,updatePPINOTConnectionLabel
FNDA:0,(anonymous_10)
FNDA:0,createConnectionLabel
FNDA:0,(anonymous_12)
FNDA:0,(anonymous_13)
FNDA:0,(anonymous_14)
FNDA:0,(anonymous_15)
FNDA:0,(anonymous_16)
FNDA:0,createLabel
FNDA:0,isLabel
FNDA:0,shouldCreateExternalLabel
FNDA:0,getExternalLabelMid
FNDA:0,getExternalLabelPosition
DA:9,0
DA:12,0
DA:13,0
DA:15,0
DA:18,0
DA:19,0
DA:20,0
DA:23,0
DA:29,0
DA:30,0
DA:31,0
DA:36,0
DA:37,0
DA:40,0
DA:41,0
DA:43,0
DA:44,0
DA:47,0
DA:50,0
DA:51,0
DA:52,0
DA:53,0
DA:54,0
DA:55,0
DA:56,0
DA:57,0
DA:58,0
DA:59,0
DA:60,0
DA:61,0
DA:62,0
DA:63,0
DA:64,0
DA:67,0
DA:68,0
DA:71,0
DA:72,0
DA:77,0
DA:79,0
DA:80,0
DA:81,0
DA:84,0
DA:85,0
DA:89,0
DA:90,0
DA:91,0
DA:92,0
DA:93,0
DA:94,0
DA:95,0
DA:100,0
DA:101,0
DA:105,0
DA:106,0
DA:107,0
DA:108,0
DA:115,0
DA:116,0
DA:119,0
DA:120,0
DA:123,0
DA:128,0
DA:129,0
DA:133,0
DA:136,0
DA:137,0
DA:141,0
DA:143,0
DA:144,0
DA:147,0
DA:148,0
DA:151,0
DA:155,0
DA:156,0
DA:157,0
DA:159,0
DA:160,0
DA:162,0
DA:163,0
DA:165,0
DA:166,0
DA:168,0
DA:169,0
DA:171,0
DA:172,0
DA:176,0
DA:180,0
DA:184,0
DA:186,0
DA:187,0
DA:189,0
DA:192,0
DA:193,0
DA:195,0
DA:198,0
DA:202,0
DA:203,0
DA:205,0
DA:207,0
DA:213,0
DA:214,0
DA:216,0
DA:217,0
DA:222,0
DA:224,0
DA:227,0
DA:230,0
DA:231,0
DA:233,0
DA:237,0
DA:242,0
DA:251,0
DA:262,0
DA:263,0
DA:265,0
DA:267,0
DA:277,0
DA:278,0
DA:279,0
DA:282,0
DA:284,0
DA:285,0
DA:286,0
DA:289,0
DA:293,0
DA:294,0
DA:297,0
DA:298,0
DA:302,0
DA:303,0
DA:304,0
DA:306,0
DA:307,0
DA:311,0
DA:312,0
DA:316,0
DA:317,0
DA:319,0
DA:320,0
DA:324,0
DA:325,0
DA:326,0
DA:328,0
DA:329,0
DA:333,0
DA:334,0
DA:337,0
DA:338,0
DA:343,0
DA:344,0
DA:346,0
DA:348,0
DA:349,0
DA:351,0
DA:352,0
DA:357,0
DA:363,0
DA:365,0
DA:368,0
DA:378,0
DA:383,0
DA:385,0
DA:387,0
DA:394,0
DA:398,0
DA:399,0
DA:403,0
DA:404,0
DA:407,0
DA:412,0
DA:413,0
DA:414,0
DA:415,0
DA:416,0
DA:417,0
DA:418,0
DA:425,0
DA:427,0
DA:430,0
DA:437,0
DA:438,0
DA:442,0
LF:182
LH:0
BRDA:15,0,0,0
BRDA:15,0,1,0
BRDA:19,1,0,0
BRDA:19,1,1,0
BRDA:19,2,0,0
BRDA:19,2,1,0
BRDA:29,3,0,0
BRDA:29,3,1,0
BRDA:47,4,0,0
BRDA:47,4,1,0
BRDA:76,5,0,0
BRDA:77,6,0,0
BRDA:77,6,1,0
BRDA:79,7,0,0
BRDA:79,7,1,0
BRDA:90,8,0,0
BRDA:90,8,1,0
BRDA:93,9,0,0
BRDA:93,9,1,0
BRDA:106,10,0,0
BRDA:106,10,1,0
BRDA:115,11,0,0
BRDA:115,11,1,0
BRDA:115,12,0,0
BRDA:115,12,1,0
BRDA:115,12,2,0
BRDA:115,12,3,0
BRDA:119,13,0,0
BRDA:119,13,1,0
BRDA:119,14,0,0
BRDA:119,14,1,0
BRDA:119,14,2,0
BRDA:128,15,0,0
BRDA:128,15,1,0
BRDA:128,16,0,0
BRDA:128,16,1,0
BRDA:136,17,0,0
BRDA:136,17,1,0
BRDA:136,18,0,0
BRDA:136,18,1,0
BRDA:141,19,0,0
BRDA:141,19,1,0
BRDA:141,20,0,0
BRDA:141,20,1,0
BRDA:143,21,0,0
BRDA:143,21,1,0
BRDA:143,22,0,0
BRDA:143,22,1,0
BRDA:143,22,2,0
BRDA:147,23,0,0
BRDA:147,23,1,0
BRDA:155,24,0,0
BRDA:155,24,1,0
BRDA:156,25,0,0
BRDA:156,25,1,0
BRDA:159,26,0,0
BRDA:159,26,1,0
BRDA:162,27,0,0
BRDA:162,27,1,0
BRDA:165,28,0,0
BRDA:165,28,1,0
BRDA:168,29,0,0
BRDA:168,29,1,0
BRDA:171,30,0,0
BRDA:171,30,1,0
BRDA:180,31,0,0
BRDA:180,31,1,0
BRDA:180,32,0,0
BRDA:180,32,1,0
BRDA:184,33,0,0
BRDA:184,33,1,0
BRDA:184,34,0,0
BRDA:184,34,1,0
BRDA:186,35,0,0
BRDA:186,35,1,0
BRDA:192,36,0,0
BRDA:192,36,1,0
BRDA:202,37,0,0
BRDA:202,37,1,0
BRDA:216,38,0,0
BRDA:216,38,1,0
BRDA:216,39,0,0
BRDA:216,39,1,0
BRDA:222,40,0,0
BRDA:222,40,1,0
BRDA:222,41,0,0
BRDA:222,41,1,0
BRDA:222,41,2,0
BRDA:222,41,3,0
BRDA:222,41,4,0
BRDA:230,42,0,0
BRDA:230,42,1,0
BRDA:259,43,0,0
BRDA:259,43,1,0
BRDA:265,44,0,0
BRDA:265,44,1,0
BRDA:282,45,0,0
BRDA:282,45,1,0
BRDA:282,46,0,0
BRDA:282,46,1,0
BRDA:282,46,2,0
BRDA:297,47,0,0
BRDA:297,47,1,0
BRDA:302,48,0,0
BRDA:302,48,1,0
BRDA:302,49,0,0
BRDA:302,49,1,0
BRDA:303,50,0,0
BRDA:303,50,1,0
BRDA:306,51,0,0
BRDA:306,51,1,0
BRDA:306,52,0,0
BRDA:306,52,1,0
BRDA:307,53,0,0
BRDA:307,53,1,0
BRDA:311,54,0,0
BRDA:311,54,1,0
BRDA:311,55,0,0
BRDA:311,55,1,0
BRDA:311,55,2,0
BRDA:311,55,3,0
BRDA:319,56,0,0
BRDA:319,56,1,0
BRDA:324,57,0,0
BRDA:324,57,1,0
BRDA:324,58,0,0
BRDA:324,58,1,0
BRDA:325,59,0,0
BRDA:325,59,1,0
BRDA:328,60,0,0
BRDA:328,60,1,0
BRDA:328,61,0,0
BRDA:328,61,1,0
BRDA:329,62,0,0
BRDA:329,62,1,0
BRDA:333,63,0,0
BRDA:333,63,1,0
BRDA:333,64,0,0
BRDA:333,64,1,0
BRDA:337,65,0,0
BRDA:337,65,1,0
BRDA:337,66,0,0
BRDA:337,66,1,0
BRDA:346,67,0,0
BRDA:346,67,1,0
BRDA:346,68,0,0
BRDA:346,68,1,0
BRDA:348,69,0,0
BRDA:348,69,1,0
BRDA:348,70,0,0
BRDA:348,70,1,0
BRDA:351,71,0,0
BRDA:351,71,1,0
BRDA:351,72,0,0
BRDA:351,72,1,0
BRDA:351,72,2,0
BRDA:363,73,0,0
BRDA:363,73,1,0
BRDA:363,74,0,0
BRDA:363,74,1,0
BRDA:363,74,2,0
BRDA:363,74,3,0
BRDA:363,74,4,0
BRDA:385,75,0,0
BRDA:385,75,1,0
BRDA:394,76,0,0
BRDA:394,76,1,0
BRDA:398,77,0,0
BRDA:398,77,1,0
BRDA:403,78,0,0
BRDA:403,78,1,0
BRDA:412,79,0,0
BRDA:412,79,1,0
BRDA:412,80,0,0
BRDA:412,80,1,0
BRDA:412,80,2,0
BRDA:425,81,0,0
BRDA:425,81,1,0
BRDA:425,82,0,0
BRDA:425,82,1,0
BRDA:425,82,2,0
BRDA:425,82,3,0
BRDA:425,82,4,0
BRDA:438,83,0,0
BRDA:438,83,1,0
BRF:185
BRH:0
end_of_record
TN:
SF:app\modules\multinotationModeler\notations\ppinot\PPINOTModeling.js
FN:13,(anonymous_0)
FN:18,(anonymous_1)
FN:27,(anonymous_2)
FNF:3
FNH:0
FNDA:0,(anonymous_0)
FNDA:0,(anonymous_1)
FNDA:0,(anonymous_2)
DA:15,0
DA:19,0
DA:20,0
DA:22,0
DA:24,0
DA:28,0
DA:29,0
DA:30,0
DA:32,0
DA:42,0
LF:10
LH:0
BRDA:29,0,0,0
BRDA:29,0,1,0
BRDA:29,1,0,0
BRDA:29,1,1,0
BRDA:36,2,0,0
BRDA:36,2,1,0
BRF:6
BRH:0
end_of_record
TN:
SF:app\modules\multinotationModeler\notations\ppinot\PPINOTOrderingProvider.js
FN:13,PPINOTOrderingProvider
FN:17,(anonymous_1)
FNF:2
FNH:0
FNDA:0,PPINOTOrderingProvider
FNDA:0,(anonymous_1)
DA:15,0
DA:17,0
DA:20,0
DA:21,0
DA:27,0
DA:31,0
DA:41,0
DA:43,0
LF:8
LH:0
BRDA:20,0,0,0
BRDA:20,0,1,0
BRDA:27,1,0,0
BRDA:27,1,1,0
BRF:4
BRH:0
end_of_record
TN:
SF:app\modules\multinotationModeler\notations\ppinot\PPINOTPalette.js
FN:9,PPINOTPalette
FN:21,(anonymous_1)
FN:26,createAction
FN:27,createListener
FNF:4
FNH:0
FNDA:0,PPINOTPalette
FNDA:0,(anonymous_1)
FNDA:0,createAction
FNDA:0,createListener
DA:10,0
DA:11,0
DA:12,0
DA:15,0
DA:21,0
DA:22,0
DA:23,0
DA:24,0
DA:28,0
DA:29,0
DA:30,0
DA:31,0
DA:32,0
DA:34,0
DA:37,0
DA:39,0
DA:50,0
LF:17
LH:0
BRDA:31,0,0,0
BRDA:31,0,1,0
BRDA:42,1,0,0
BRDA:42,1,1,0
BRF:4
BRH:0
end_of_record
TN:
SF:app\modules\multinotationModeler\notations\ppinot\PPINOTRenderer.js
FN:20,PPINOTRenderer
FN:27,addMarker
FN:66,colorEscape
FN:70,marker
FN:80,createMarker
FN:231,renderLabel
FN:250,renderEmbeddedLabel
FN:309,(anonymous_7)
FN:332,(anonymous_8)
FN:364,renderEmbeddedDefaultLabel
FN:380,drawBaseMeasure
FN:392,drawTarget
FN:415,drawScope
FN:436,drawAggregatedMeasure
FN:447,drawTimeAggregatedMeasure
FN:458,drawCyclicTimeAggregatedMeasure
FN:469,drawCountAggregatedMeasure
FN:480,drawCountMeasure
FN:491,drawTimeMeasure
FN:502,drawCyclicTimeMeasure
FN:513,drawDataAggregatedMeasure
FN:524,drawDataMeasure
FN:535,drawDataPropertyConditionAggregatedMeasure
FN:546,drawDataPropertyConditionMeasure
FN:557,drawDerivedMultiInstanceMeasure
FN:568,drawDerivedSingleInstanceMeasure
FN:579,drawPpi
FN:590,drawStateConditionMeasure
FN:601,drawStateConditionAggregatedMeasure
FN:612,renderer
FN:618,(anonymous_30)
FN:624,(anonymous_31)
FN:632,(anonymous_32)
FN:638,(anonymous_33)
FN:643,(anonymous_34)
FN:648,(anonymous_35)
FN:653,(anonymous_36)
FN:658,(anonymous_37)
FN:664,(anonymous_38)
FN:669,(anonymous_39)
FN:674,(anonymous_40)
FN:679,(anonymous_41)
FN:684,(anonymous_42)
FN:689,(anonymous_43)
FN:694,(anonymous_44)
FN:699,(anonymous_45)
FN:704,(anonymous_46)
FN:709,(anonymous_47)
FN:714,(anonymous_48)
FN:719,(anonymous_49)
FN:724,(anonymous_50)
FN:729,(anonymous_51)
FN:735,(anonymous_52)
FN:740,(anonymous_53)
FN:745,(anonymous_54)
FN:750,(anonymous_55)
FN:755,(anonymous_56)
FN:761,(anonymous_57)
FN:767,(anonymous_58)
FN:773,(anonymous_59)
FN:779,(anonymous_60)
FN:785,(anonymous_61)
FN:790,(anonymous_62)
FN:795,(anonymous_63)
FN:800,(anonymous_64)
FN:805,(anonymous_65)
FN:811,(anonymous_66)
FN:817,(anonymous_67)
FN:823,(anonymous_68)
FN:829,(anonymous_69)
FN:835,(anonymous_70)
FN:841,(anonymous_71)
FN:846,(anonymous_72)
FN:851,(anonymous_73)
FN:856,(anonymous_74)
FN:861,(anonymous_75)
FN:866,(anonymous_76)
FN:872,(anonymous_77)
FN:879,(anonymous_78)
FN:887,(anonymous_79)
FN:895,(anonymous_80)
FN:903,(anonymous_81)
FN:911,(anonymous_82)
FN:919,(anonymous_83)
FN:930,(anonymous_84)
FN:940,(anonymous_85)
FN:950,(anonymous_86)
FN:959,(anonymous_87)
FN:968,(anonymous_88)
FN:976,(anonymous_89)
FN:1007,(anonymous_90)
FN:1025,(anonymous_91)
FN:1042,(anonymous_92)
FN:1066,(anonymous_93)
FN:1090,(anonymous_94)
FN:1114,(anonymous_95)
FN:1138,(anonymous_96)
FN:1162,(anonymous_97)
FN:1186,(anonymous_98)
FN:1210,(anonymous_99)
FN:1234,(anonymous_100)
FN:1257,(anonymous_101)
FN:1280,(anonymous_102)
FN:1303,(anonymous_103)
FN:1327,(anonymous_104)
FN:1346,(anonymous_105)
FN:1363,(anonymous_106)
FN:1380,(anonymous_107)
FN:1409,(anonymous_108)
FN:1416,(anonymous_109)
FN:1466,(anonymous_110)
FN:1476,(anonymous_111)
FN:1479,(anonymous_112)
FN:1505,(anonymous_113)
FN:1514,(anonymous_114)
FNF:115
FNH:0
FNDA:0,PPINOTRenderer
FNDA:0,addMarker
FNDA:0,colorEscape
FNDA:0,marker
FNDA:0,createMarker
FNDA:0,renderLabel
FNDA:0,renderEmbeddedLabel
FNDA:0,(anonymous_7)
FNDA:0,(anonymous_8)
FNDA:0,renderEmbeddedDefaultLabel
FNDA:0,drawBaseMeasure
FNDA:0,drawTarget
FNDA:0,drawScope
FNDA:0,drawAggregatedMeasure
FNDA:0,drawTimeAggregatedMeasure
FNDA:0,drawCyclicTimeAggregatedMeasure
FNDA:0,drawCountAggregatedMeasure
FNDA:0,drawCountMeasure
FNDA:0,drawTimeMeasure
FNDA:0,drawCyclicTimeMeasure
FNDA:0,drawDataAggregatedMeasure
FNDA:0,drawDataMeasure
FNDA:0,drawDataPropertyConditionAggregatedMeasure
FNDA:0,drawDataPropertyConditionMeasure
FNDA:0,drawDerivedMultiInstanceMeasure
FNDA:0,drawDerivedSingleInstanceMeasure
FNDA:0,drawPpi
FNDA:0,drawStateConditionMeasure
FNDA:0,drawStateConditionAggregatedMeasure
FNDA:0,renderer
FNDA:0,(anonymous_30)
FNDA:0,(anonymous_31)
FNDA:0,(anonymous_32)
FNDA:0,(anonymous_33)
FNDA:0,(anonymous_34)
FNDA:0,(anonymous_35)
FNDA:0,(anonymous_36)
FNDA:0,(anonymous_37)
FNDA:0,(anonymous_38)
FNDA:0,(anonymous_39)
FNDA:0,(anonymous_40)
FNDA:0,(anonymous_41)
FNDA:0,(anonymous_42)
FNDA:0,(anonymous_43)
FNDA:0,(anonymous_44)
FNDA:0,(anonymous_45)
FNDA:0,(anonymous_46)
FNDA:0,(anonymous_47)
FNDA:0,(anonymous_48)
FNDA:0,(anonymous_49)
FNDA:0,(anonymous_50)
FNDA:0,(anonymous_51)
FNDA:0,(anonymous_52)
FNDA:0,(anonymous_53)
FNDA:0,(anonymous_54)
FNDA:0,(anonymous_55)
FNDA:0,(anonymous_56)
FNDA:0,(anonymous_57)
FNDA:0,(anonymous_58)
FNDA:0,(anonymous_59)
FNDA:0,(anonymous_60)
FNDA:0,(anonymous_61)
FNDA:0,(anonymous_62)
FNDA:0,(anonymous_63)
FNDA:0,(anonymous_64)
FNDA:0,(anonymous_65)
FNDA:0,(anonymous_66)
FNDA:0,(anonymous_67)
FNDA:0,(anonymous_68)
FNDA:0,(anonymous_69)
FNDA:0,(anonymous_70)
FNDA:0,(anonymous_71)
FNDA:0,(anonymous_72)
FNDA:0,(anonymous_73)
FNDA:0,(anonymous_74)
FNDA:0,(anonymous_75)
FNDA:0,(anonymous_76)
FNDA:0,(anonymous_77)
FNDA:0,(anonymous_78)
FNDA:0,(anonymous_79)
FNDA:0,(anonymous_80)
FNDA:0,(anonymous_81)
FNDA:0,(anonymous_82)
FNDA:0,(anonymous_83)
FNDA:0,(anonymous_84)
FNDA:0,(anonymous_85)
FNDA:0,(anonymous_86)
FNDA:0,(anonymous_87)
FNDA:0,(anonymous_88)
FNDA:0,(anonymous_89)
FNDA:0,(anonymous_90)
FNDA:0,(anonymous_91)
FNDA:0,(anonymous_92)
FNDA:0,(anonymous_93)
FNDA:0,(anonymous_94)
FNDA:0,(anonymous_95)
FNDA:0,(anonymous_96)
FNDA:0,(anonymous_97)
FNDA:0,(anonymous_98)
FNDA:0,(anonymous_99)
FNDA:0,(anonymous_100)
FNDA:0,(anonymous_101)
FNDA:0,(anonymous_102)
FNDA:0,(anonymous_103)
FNDA:0,(anonymous_104)
FNDA:0,(anonymous_105)
FNDA:0,(anonymous_106)
FNDA:0,(anonymous_107)
FNDA:0,(anonymous_108)
FNDA:0,(anonymous_109)
FNDA:0,(anonymous_110)
FNDA:0,(anonymous_111)
FNDA:0,(anonymous_112)
FNDA:0,(anonymous_113)
FNDA:0,(anonymous_114)
DA:13,0
DA:15,0
DA:22,0
DA:23,0
DA:24,0
DA:25,0
DA:28,0
DA:35,0
DA:36,0
DA:38,0
DA:39,0
DA:42,0
DA:43,0
DA:44,0
DA:46,0
DA:56,0
DA:58,0
DA:59,0
DA:60,0
DA:62,0
DA:63,0
DA:67,0
DA:71,0
DA:73,0
DA:74,0
DA:77,0
DA:81,0
DA:82,0
DA:83,0
DA:85,0
DA:97,0
DA:98,0
DA:99,0
DA:101,0
DA:115,0
DA:116,0
DA:117,0
DA:119,0
DA:133,0
DA:134,0
DA:135,0
DA:137,0
DA:148,0
DA:149,0
DA:150,0
DA:153,0
DA:165,0
DA:166,0
DA:167,0
DA:169,0
DA:182,0
DA:183,0
DA:184,0
DA:186,0
DA:199,0
DA:200,0
DA:201,0
DA:203,0
DA:215,0
DA:216,0
DA:217,0
DA:219,0
DA:232,0
DA:238,0
DA:241,0
DA:242,0
DA:244,0
DA:246,0
DA:251,0
DA:253,0
DA:254,0
DA:258,0
DA:261,0
DA:262,0
DA:264,0
DA:268,0
DA:269,0
DA:270,0
DA:271,0
DA:273,0
DA:274,0
DA:278,0
DA:279,0
DA:280,0
DA:282,0
DA:283,0
DA:287,0
DA:289,0
DA:301,0
DA:302,0
DA:304,0
DA:305,0
DA:307,0
DA:308,0
DA:309,0
DA:310,0
DA:311,0
DA:312,0
DA:313,0
DA:314,0
DA:316,0
DA:318,0
DA:321,0
DA:324,0
DA:328,0
DA:329,0
DA:330,0
DA:332,0
DA:333,0
DA:334,0
DA:335,0
DA:337,0
DA:339,0
DA:340,0
DA:343,0
DA:345,0
DA:349,0
DA:360,0
DA:365,0
DA:381,0
DA:389,0
DA:394,0
DA:395,0
DA:396,0
DA:397,0
DA:398,0
DA:399,0
DA:402,0
DA:404,0
DA:412,0
DA:417,0
DA:418,0
DA:419,0
DA:420,0
DA:421,0
DA:422,0
DA:424,0
DA:426,0
DA:433,0
DA:437,0
DA:444,0
DA:448,0
DA:455,0
DA:459,0
DA:466,0
DA:470,0
DA:477,0
DA:481,0
DA:488,0
DA:492,0
DA:499,0
DA:503,0
DA:510,0
DA:514,0
DA:521,0
DA:525,0
DA:532,0
DA:536,0
DA:543,0
DA:547,0
DA:554,0
DA:558,0
DA:565,0
DA:569,0
DA:576,0
DA:580,0
DA:587,0
DA:591,0
DA:598,0
DA:602,0
DA:609,0
DA:613,0
DA:617,0
DA:619,0
DA:620,0
DA:621,0
DA:622,0
DA:625,0
DA:626,0
DA:629,0
DA:630,0
DA:633,0
DA:634,0
DA:636,0
DA:639,0
DA:640,0
DA:641,0
DA:644,0
DA:645,0
DA:646,0
DA:649,0
DA:650,0
DA:651,0
DA:654,0
DA:655,0
DA:656,0
DA:659,0
DA:660,0
DA:662,0
DA:665,0
DA:666,0
DA:667,0
DA:670,0
DA:671,0
DA:672,0
DA:675,0
DA:676,0
DA:677,0
DA:680,0
DA:681,0
DA:682,0
DA:685,0
DA:686,0
DA:687,0
DA:690,0
DA:691,0
DA:692,0
DA:695,0
DA:696,0
DA:697,0
DA:700,0
DA:701,0
DA:702,0
DA:705,0
DA:706,0
DA:707,0
DA:710,0
DA:711,0
DA:712,0
DA:715,0
DA:716,0
DA:717,0
DA:720,0
DA:721,0
DA:722,0
DA:725,0
DA:726,0
DA:727,0
DA:730,0
DA:731,0
DA:733,0
DA:736,0
DA:737,0
DA:738,0
DA:741,0
DA:742,0
DA:743,0
DA:746,0
DA:747,0
DA:748,0
DA:751,0
DA:752,0
DA:753,0
DA:756,0
DA:757,0
DA:759,0
DA:762,0
DA:763,0
DA:765,0
DA:768,0
DA:769,0
DA:771,0
DA:774,0
DA:775,0
DA:777,0
DA:780,0
DA:781,0
DA:783,0
DA:786,0
DA:787,0
DA:788,0
DA:791,0
DA:792,0
DA:793,0
DA:796,0
DA:797,0
DA:798,0
DA:801,0
DA:802,0
DA:803,0
DA:806,0
DA:807,0
DA:809,0
DA:812,0
DA:813,0
DA:815,0
DA:818,0
DA:819,0
DA:821,0
DA:824,0
DA:825,0
DA:827,0
DA:830,0
DA:831,0
DA:833,0
DA:836,0
DA:837,0
DA:839,0
DA:842,0
DA:843,0
DA:844,0
DA:847,0
DA:848,0
DA:849,0
DA:852,0
DA:853,0
DA:854,0
DA:857,0
DA:858,0
DA:859,0
DA:862,0
DA:863,0
DA:864,0
DA:867,0
DA:868,0
DA:869,0
DA:870,0
DA:873,0
DA:874,0
DA:876,0
DA:880,0
DA:885,0
DA:888,0
DA:893,0
DA:896,0
DA:901,0
DA:904,0
DA:909,0
DA:912,0
DA:917,0
DA:920,0
DA:927,0
DA:931,0
DA:938,0
DA:941,0
DA:948,0
DA:951,0
DA:957,0
DA:960,0
DA:966,0
DA:969,0
DA:975,0
DA:977,0
DA:978,0
DA:979,0
DA:980,0
DA:982,0
DA:983,0
DA:984,0
DA:985,0
DA:987,0
DA:988,0
DA:990,0
DA:992,0
DA:1005,0
DA:1008,0
DA:1009,0
DA:1010,0
DA:1011,0
DA:1013,0
DA:1022,0
DA:1026,0
DA:1027,0
DA:1028,0
DA:1029,0
DA:1031,0
DA:1040,0
DA:1043,0
DA:1044,0
DA:1045,0
DA:1046,0
DA:1049,0
DA:1051,0
DA:1064,0
DA:1067,0
DA:1068,0
DA:1069,0
DA:1070,0
DA:1073,0
DA:1075,0
DA:1088,0
DA:1091,0
DA:1092,0
DA:1093,0
DA:1094,0
DA:1097,0
DA:1099,0
DA:1112,0
DA:1115,0
DA:1116,0
DA:1117,0
DA:1118,0
DA:1121,0
DA:1123,0
DA:1136,0
DA:1139,0
DA:1140,0
DA:1141,0
DA:1142,0
DA:1145,0
DA:1147,0
DA:1160,0
DA:1163,0
DA:1164,0
DA:1165,0
DA:1166,0
DA:1169,0
DA:1171,0
DA:1184,0
DA:1187,0
DA:1188,0
DA:1189,0
DA:1190,0
DA:1193,0
DA:1195,0
DA:1208,0
DA:1211,0
DA:1212,0
DA:1213,0
DA:1214,0
DA:1217,0
DA:1219,0
DA:1232,0
DA:1235,0
DA:1236,0
DA:1237,0
DA:1238,0
DA:1240,0
DA:1242,0
DA:1255,0
DA:1258,0
DA:1259,0
DA:1260,0
DA:1261,0
DA:1263,0
DA:1265,0
DA:1278,0
DA:1281,0
DA:1282,0
DA:1283,0
DA:1284,0
DA:1286,0
DA:1288,0
DA:1301,0
DA:1304,0
DA:1305,0
DA:1306,0
DA:1307,0
DA:1309,0
DA:1311,0
DA:1324,0
DA:1328,0
DA:1329,0
DA:1330,0
DA:1331,0
DA:1333,0
DA:1341,0
DA:1346,0
DA:1348,0
DA:1349,0
DA:1353,0
DA:1354,0
DA:1355,0
DA:1356,0
DA:1360,0
DA:1363,0
DA:1364,0
DA:1367,0
DA:1368,0
DA:1371,0
DA:1373,0
DA:1374,0
DA:1377,0
DA:1380,0
DA:1381,0
DA:1383,0
DA:1387,0
DA:1389,0
DA:1391,0
DA:1403,0
DA:1404,0
DA:1406,0
DA:1409,0
DA:1410,0
DA:1412,0
DA:1413,0
DA:1416,0
DA:1417,0
DA:1420,0
DA:1421,0
DA:1422,0
DA:1423,0
DA:1424,0
DA:1426,0
DA:1427,0
DA:1428,0
DA:1429,0
DA:1431,0
DA:1433,0
DA:1436,0
DA:1437,0
DA:1440,0
DA:1441,0
DA:1442,0
DA:1444,0
DA:1447,0
DA:1449,0
DA:1450,0
DA:1451,0
DA:1452,0
DA:1453,0
DA:1455,0
DA:1463,0
DA:1466,0
DA:1467,0
DA:1468,0
DA:1469,0
DA:1470,0
DA:1473,0
DA:1476,0
DA:1477,0
DA:1479,0
DA:1480,0
DA:1481,0
DA:1485,0
DA:1486,0
DA:1487,0
DA:1488,0
DA:1489,0
DA:1491,0
DA:1492,0
DA:1493,0
DA:1494,0
DA:1496,0
DA:1498,0
DA:1501,0
DA:1502,0
DA:1505,0
DA:1506,0
DA:1507,0
DA:1513,0
DA:1514,0
DA:1515,0
DA:1516,0
DA:1520,0
DA:1523,0
LF:546
LH:0
BRDA:35,0,0,0
BRDA:35,0,1,0
BRDA:36,1,0,0
BRDA:36,1,1,0
BRDA:38,2,0,0
BRDA:38,2,1,0
BRDA:58,3,0,0
BRDA:58,3,1,0
BRDA:73,4,0,0
BRDA:73,4,1,0
BRDA:81,5,0,0
BRDA:81,5,1,0
BRDA:97,6,0,0
BRDA:97,6,1,0
BRDA:115,7,0,0
BRDA:115,7,1,0
BRDA:133,8,0,0
BRDA:133,8,1,0
BRDA:148,9,0,0
BRDA:148,9,1,0
BRDA:165,10,0,0
BRDA:165,10,1,0
BRDA:182,11,0,0
BRDA:182,11,1,0
BRDA:199,12,0,0
BRDA:199,12,1,0
BRDA:215,13,0,0
BRDA:215,13,1,0
BRDA:238,14,0,0
BRDA:238,14,1,0
BRDA:253,15,0,0
BRDA:253,15,1,0
BRDA:253,16,0,0
BRDA:253,16,1,0
BRDA:258,17,0,0
BRDA:258,17,1,0
BRDA:258,18,0,0
BRDA:258,18,1,0
BRDA:268,19,0,0
BRDA:268,19,1,0
BRDA:269,20,0,0
BRDA:269,20,1,0
BRDA:278,21,0,0
BRDA:278,21,1,0
BRDA:297,22,0,0
BRDA:297,22,1,0
BRDA:301,23,0,0
BRDA:301,23,1,0
BRDA:301,24,0,0
BRDA:301,24,1,0
BRDA:304,25,0,0
BRDA:304,25,1,0
BRDA:310,26,0,0
BRDA:310,26,1,0
BRDA:311,27,0,0
BRDA:311,27,1,0
BRDA:312,28,0,0
BRDA:312,28,1,0
BRDA:324,29,0,0
BRDA:324,29,1,0
BRDA:334,30,0,0
BRDA:334,30,1,0
BRDA:354,31,0,0
BRDA:354,31,1,0
BRDA:370,32,0,0
BRDA:370,32,1,0
BRDA:371,33,0,0
BRDA:371,33,1,0
BRDA:372,34,0,0
BRDA:372,34,1,0
BRDA:881,35,0,0
BRDA:881,35,1,0
BRDA:1348,36,0,0
BRDA:1348,36,1,0
BRDA:1353,37,0,0
BRDA:1353,37,1,0
BRDA:1353,38,0,0
BRDA:1353,38,1,0
BRDA:1355,39,0,0
BRDA:1355,39,1,0
BRDA:1355,40,0,0
BRDA:1355,40,1,0
BRDA:1367,41,0,0
BRDA:1367,41,1,0
BRDA:1367,42,0,0
BRDA:1367,42,1,0
BRDA:1367,42,2,0
BRDA:1367,42,3,0
BRDA:1373,43,0,0
BRDA:1373,43,1,0
BRDA:1381,44,0,0
BRDA:1381,44,1,0
BRDA:1383,45,0,0
BRDA:1383,45,1,0
BRDA:1383,46,0,0
BRDA:1383,46,1,0
BRDA:1387,47,0,0
BRDA:1387,47,1,0
BRDA:1389,48,0,0
BRDA:1389,49,0,0
BRDA:1412,50,0,0
BRDA:1412,50,1,0
BRDA:1413,51,0,0
BRDA:1413,51,1,0
BRDA:1416,52,0,0
BRDA:1416,52,1,0
BRDA:1416,52,2,0
BRDA:1417,53,0,0
BRDA:1417,53,1,0
BRDA:1417,53,2,0
BRDA:1417,53,3,0
BRDA:1417,53,4,0
BRDA:1420,54,0,0
BRDA:1420,54,1,0
BRDA:1420,55,0,0
BRDA:1420,55,1,0
BRDA:1420,55,2,0
BRDA:1421,56,0,0
BRDA:1421,56,1,0
BRDA:1422,57,0,0
BRDA:1422,57,1,0
BRDA:1423,58,0,0
BRDA:1423,58,1,0
BRDA:1424,59,0,0
BRDA:1424,59,1,0
BRDA:1427,60,0,0
BRDA:1427,60,1,0
BRDA:1436,61,0,0
BRDA:1436,61,1,0
BRDA:1449,62,0,0
BRDA:1449,62,1,0
BRDA:1450,63,0,0
BRDA:1450,63,1,0
BRDA:1451,64,0,0
BRDA:1451,64,1,0
BRDA:1452,65,0,0
BRDA:1452,65,1,0
BRDA:1453,66,0,0
BRDA:1453,66,1,0
BRDA:1469,67,0,0
BRDA:1469,67,1,0
BRDA:1477,68,0,0
BRDA:1477,68,1,0
BRDA:1479,69,0,0
BRDA:1479,69,1,0
BRDA:1479,69,2,0
BRDA:1480,70,0,0
BRDA:1480,70,1,0
BRDA:1480,70,2,0
BRDA:1481,71,0,0
BRDA:1481,71,1,0
BRDA:1481,71,2,0
BRDA:1481,71,3,0
BRDA:1481,71,4,0
BRDA:1485,72,0,0
BRDA:1485,72,1,0
BRDA:1485,73,0,0
BRDA:1485,73,1,0
BRDA:1485,73,2,0
BRDA:1486,74,0,0
BRDA:1486,74,1,0
BRDA:1487,75,0,0
BRDA:1487,75,1,0
BRDA:1488,76,0,0
BRDA:1488,76,1,0
BRDA:1489,77,0,0
BRDA:1489,77,1,0
BRDA:1492,78,0,0
BRDA:1492,78,1,0
BRDA:1501,79,0,0
BRDA:1501,79,1,0
BRDA:1506,80,0,0
BRDA:1506,80,1,0
BRDA:1515,81,0,0
BRDA:1515,81,1,0
BRF:175
BRH:0
end_of_record
TN:
SF:app\modules\multinotationModeler\notations\ppinot\PPINOTReplaceMenuProvider.js
FN:6,PPINOTReplaceMenuProvider
FN:37,(anonymous_1)
FN:100,(anonymous_2)
FN:123,(anonymous_3)
FN:126,(anonymous_4)
FN:132,(anonymous_5)
FN:140,(anonymous_6)
FN:144,(anonymous_7)
FN:151,(anonymous_8)
FN:154,(anonymous_9)
FN:164,(anonymous_10)
FN:171,(anonymous_11)
FN:175,(anonymous_12)
FN:182,(anonymous_13)
FN:183,(anonymous_14)
FN:186,(anonymous_15)
FN:191,(anonymous_16)
FN:195,(anonymous_17)
FN:203,(anonymous_18)
FN:206,(anonymous_19)
FN:211,(anonymous_20)
FN:299,(anonymous_21)
FNF:22
FNH:0
FNDA:0,PPINOTReplaceMenuProvider
FNDA:0,(anonymous_1)
FNDA:0,(anonymous_2)
FNDA:0,(anonymous_3)
FNDA:0,(anonymous_4)
FNDA:0,(anonymous_5)
FNDA:0,(anonymous_6)
FNDA:0,(anonymous_7)
FNDA:0,(anonymous_8)
FNDA:0,(anonymous_9)
FNDA:0,(anonymous_10)
FNDA:0,(anonymous_11)
FNDA:0,(anonymous_12)
FNDA:0,(anonymous_13)
FNDA:0,(anonymous_14)
FNDA:0,(anonymous_15)
FNDA:0,(anonymous_16)
FNDA:0,(anonymous_17)
FNDA:0,(anonymous_18)
FNDA:0,(anonymous_19)
FNDA:0,(anonymous_20)
FNDA:0,(anonymous_21)
DA:15,0
DA:16,0
DA:17,0
DA:18,0
DA:19,0
DA:20,0
DA:21,0
DA:24,0
DA:27,0
DA:37,0
DA:38,0
DA:41,0
DA:42,0
DA:46,0
DA:47,0
DA:50,0
DA:51,0
DA:54,0
DA:55,0
DA:56,0
DA:57,0
DA:58,0
DA:67,0
DA:76,0
DA:77,0
DA:81,0
DA:82,0
DA:83,0
DA:87,0
DA:88,0
DA:92,0
DA:93,0
DA:94,0
DA:97,0
DA:100,0
DA:101,0
DA:104,0
DA:111,0
DA:112,0
DA:116,0
DA:117,0
DA:121,0
DA:122,0
DA:123,0
DA:126,0
DA:128,0
DA:132,0
DA:134,0
DA:138,0
DA:139,0
DA:140,0
DA:144,0
DA:149,0
DA:150,0
DA:151,0
DA:154,0
DA:159,0
DA:160,0
DA:164,0
DA:169,0
DA:170,0
DA:171,0
DA:175,0
DA:179,0
DA:182,0
DA:183,0
DA:186,0
DA:187,0
DA:191,0
DA:195,0
DA:196,0
DA:203,0
DA:206,0
DA:211,0
DA:212,0
DA:215,0
DA:216,0
DA:217,0
DA:218,0
DA:221,0
DA:224,0
DA:227,0
DA:228,0
DA:230,0
DA:232,0
DA:242,0
DA:249,0
DA:250,0
DA:254,0
DA:255,0
DA:259,0
DA:262,0
DA:263,0
DA:264,0
DA:267,0
DA:268,0
DA:277,0
DA:283,0
DA:286,0
DA:287,0
DA:290,0
DA:291,0
DA:295,0
DA:299,0
DA:301,0
LF:105
LH:0
BRDA:41,0,0,0
BRDA:41,0,1,0
BRDA:46,1,0,0
BRDA:46,1,1,0
BRDA:50,2,0,0
BRDA:50,2,1,0
BRDA:54,3,0,0
BRDA:54,3,1,0
BRDA:54,4,0,0
BRDA:54,4,1,0
BRDA:55,5,0,0
BRDA:55,5,1,0
BRDA:56,6,0,0
BRDA:56,6,1,0
BRDA:57,7,0,0
BRDA:57,7,1,0
BRDA:76,8,0,0
BRDA:76,8,1,0
BRDA:76,9,0,0
BRDA:76,9,1,0
BRDA:82,10,0,0
BRDA:82,10,1,0
BRDA:87,11,0,0
BRDA:87,11,1,0
BRDA:93,12,0,0
BRDA:93,12,1,0
BRDA:101,13,0,0
BRDA:101,13,1,0
BRDA:111,14,0,0
BRDA:111,14,1,0
BRDA:116,15,0,0
BRDA:116,15,1,0
BRDA:116,16,0,0
BRDA:116,16,1,0
BRDA:121,17,0,0
BRDA:121,17,1,0
BRDA:138,18,0,0
BRDA:138,18,1,0
BRDA:149,19,0,0
BRDA:149,19,1,0
BRDA:159,20,0,0
BRDA:159,20,1,0
BRDA:169,21,0,0
BRDA:169,21,1,0
BRDA:189,22,0,0
BRDA:189,22,1,0
BRDA:215,23,0,0
BRDA:215,23,1,0
BRDA:216,24,0,0
BRDA:216,24,1,0
BRDA:217,25,0,0
BRDA:217,25,1,0
BRDA:217,26,0,0
BRDA:217,26,1,0
BRDA:218,27,0,0
BRDA:218,27,1,0
BRDA:218,28,0,0
BRDA:218,28,1,0
BRDA:224,29,0,0
BRDA:224,29,1,0
BRDA:230,30,0,0
BRDA:230,30,1,0
BRDA:237,31,0,0
BRDA:237,31,1,0
BRDA:237,32,0,0
BRDA:237,32,1,0
BRDA:249,33,0,0
BRDA:249,33,1,0
BRDA:249,34,0,0
BRDA:249,34,1,0
BRDA:254,35,0,0
BRDA:254,35,1,0
BRDA:267,36,0,0
BRDA:267,36,1,0
BRDA:267,37,0,0
BRDA:267,37,1,0
BRDA:290,38,0,0
BRDA:290,38,1,0
BRDA:290,39,0,0
BRDA:290,39,1,0
BRF:80
BRH:0
end_of_record
TN:
SF:app\modules\multinotationModeler\notations\ppinot\PPINOTReplaceOptions.js
FNF:0
FNH:0
DA:6,0
DA:58,0
DA:110,0
DA:163,0
DA:229,0
DA:346,0
DA:436,0
DA:505,0
DA:536,0
DA:558,0
DA:579,0
DA:672,0
DA:797,0
DA:913,0
DA:931,0
DA:955,0
LF:16
LH:0
BRF:0
BRH:0
end_of_record
TN:
SF:app\modules\multinotationModeler\notations\ppinot\PPINOTRules.js
FN:16,isLabel
FN:25,isPPINOT
FN:30,isDefaultValid
FN:36,PPINOTRules
FN:42,(anonymous_4)
FN:46,(anonymous_5)
FN:51,(anonymous_6)
FN:60,connect
FN:171,(anonymous_8)
FN:177,canCreate
FN:193,(anonymous_10)
FN:207,(anonymous_11)
FN:230,(anonymous_12)
FN:237,(anonymous_13)
FN:248,(anonymous_14)
FN:256,(anonymous_15)
FN:265,(anonymous_16)
FN:273,(anonymous_17)
FN:283,(anonymous_18)
FN:293,nonExistingOrLabel
FN:297,(anonymous_20)
FNF:21
FNH:0
FNDA:0,isLabel
FNDA:0,isPPINOT
FNDA:0,isDefaultValid
FNDA:0,PPINOTRules
FNDA:0,(anonymous_4)
FNDA:0,(anonymous_5)
FNDA:0,(anonymous_6)
FNDA:0,connect
FNDA:0,(anonymous_8)
FNDA:0,canCreate
FNDA:0,(anonymous_10)
FNDA:0,(anonymous_11)
FNDA:0,(anonymous_12)
FNDA:0,(anonymous_13)
FNDA:0,(anonymous_14)
FNDA:0,(anonymous_15)
FNDA:0,(anonymous_16)
FNDA:0,(anonymous_17)
FNDA:0,(anonymous_18)
FNDA:0,nonExistingOrLabel
FNDA:0,(anonymous_20)
DA:17,0
DA:22,0
DA:26,0
DA:31,0
DA:37,0
DA:40,0
DA:42,0
DA:43,0
DA:46,0
DA:47,0
DA:51,0
DA:54,0
DA:56,0
DA:61,0
DA:62,0
DA:66,0
DA:72,0
DA:74,0
DA:77,0
DA:78,0
DA:81,0
DA:82,0
DA:85,0
DA:86,0
DA:92,0
DA:94,0
DA:97,0
DA:98,0
DA:108,0
DA:109,0
DA:111,0
DA:121,0
DA:123,0
DA:124,0
DA:132,0
DA:134,0
DA:137,0
DA:138,0
DA:142,0
DA:144,0
DA:146,0
DA:147,0
DA:151,0
DA:153,0
DA:156,0
DA:157,0
DA:158,0
DA:160,0
DA:162,0
DA:163,0
DA:164,0
DA:165,0
DA:167,0
DA:171,0
DA:179,0
DA:180,0
DA:183,0
DA:185,0
DA:186,0
DA:189,0
DA:193,0
DA:195,0
DA:196,0
DA:199,0
DA:200,0
DA:207,0
DA:210,0
DA:211,0
DA:214,0
DA:215,0
DA:218,0
DA:219,0
DA:222,0
DA:227,0
DA:230,0
DA:231,0
DA:232,0
DA:234,0
DA:237,0
DA:238,0
DA:241,0
DA:242,0
DA:248,0
DA:249,0
DA:251,0
DA:252,0
DA:256,0
DA:257,0
DA:260,0
DA:261,0
DA:265,0
DA:266,0
DA:267,0
DA:268,0
DA:270,0
DA:273,0
DA:274,0
DA:275,0
DA:276,0
DA:278,0
DA:280,0
DA:283,0
DA:284,0
DA:285,0
DA:286,0
DA:287,0
DA:288,0
DA:294,0
DA:297,0
DA:298,0
DA:299,0
DA:301,0
LF:112
LH:0
BRDA:17,0,0,0
BRDA:17,0,1,0
BRDA:17,0,2,0
BRDA:26,1,0,0
BRDA:26,1,1,0
BRDA:31,2,0,0
BRDA:31,2,1,0
BRDA:31,2,2,0
BRDA:31,2,3,0
BRDA:31,2,4,0
BRDA:61,3,0,0
BRDA:61,3,1,0
BRDA:61,4,0,0
BRDA:61,4,1,0
BRDA:66,5,0,0
BRDA:66,5,1,0
BRDA:66,6,0,0
BRDA:66,6,1,0
BRDA:72,7,0,0
BRDA:72,7,1,0
BRDA:72,8,0,0
BRDA:72,8,1,0
BRDA:77,9,0,0
BRDA:77,9,1,0
BRDA:81,10,0,0
BRDA:81,10,1,0
BRDA:85,11,0,0
BRDA:85,11,1,0
BRDA:86,12,0,0
BRDA:86,12,1,0
BRDA:86,13,0,0
BRDA:86,13,1,0
BRDA:86,13,2,0
BRDA:86,13,3,0
BRDA:86,13,4,0
BRDA:86,13,5,0
BRDA:86,13,6,0
BRDA:86,13,7,0
BRDA:86,13,8,0
BRDA:86,13,9,0
BRDA:86,13,10,0
BRDA:86,13,11,0
BRDA:86,13,12,0
BRDA:86,13,13,0
BRDA:97,14,0,0
BRDA:97,14,1,0
BRDA:97,15,0,0
BRDA:97,15,1,0
BRDA:108,16,0,0
BRDA:108,16,1,0
BRDA:109,17,0,0
BRDA:109,17,1,0
BRDA:109,18,0,0
BRDA:109,18,1,0
BRDA:109,18,2,0
BRDA:109,18,3,0
BRDA:123,19,0,0
BRDA:123,19,1,0
BRDA:124,20,0,0
BRDA:124,20,1,0
BRDA:124,21,0,0
BRDA:124,21,1,0
BRDA:124,21,2,0
BRDA:124,21,3,0
BRDA:124,21,4,0
BRDA:124,21,5,0
BRDA:124,21,6,0
BRDA:124,21,7,0
BRDA:124,21,8,0
BRDA:124,21,9,0
BRDA:124,21,10,0
BRDA:124,21,11,0
BRDA:124,21,12,0
BRDA:124,21,13,0
BRDA:124,21,14,0
BRDA:124,21,15,0
BRDA:124,21,16,0
BRDA:124,21,17,0
BRDA:137,22,0,0
BRDA:137,22,1,0
BRDA:138,23,0,0
BRDA:138,23,1,0
BRDA:138,24,0,0
BRDA:138,24,1,0
BRDA:138,24,2,0
BRDA:138,24,3,0
BRDA:138,24,4,0
BRDA:138,24,5,0
BRDA:138,24,6,0
BRDA:138,24,7,0
BRDA:146,25,0,0
BRDA:146,25,1,0
BRDA:147,26,0,0
BRDA:147,26,1,0
BRDA:147,27,0,0
BRDA:147,27,1,0
BRDA:147,27,2,0
BRDA:147,27,3,0
BRDA:147,27,4,0
BRDA:147,27,5,0
BRDA:147,27,6,0
BRDA:147,27,7,0
BRDA:156,28,0,0
BRDA:156,28,1,0
BRDA:156,29,0,0
BRDA:156,29,1,0
BRDA:158,30,0,0
BRDA:158,30,1,0
BRDA:158,31,0,0
BRDA:158,31,1,0
BRDA:158,31,2,0
BRDA:158,31,3,0
BRDA:162,32,0,0
BRDA:162,32,1,0
BRDA:162,33,0,0
BRDA:162,33,1,0
BRDA:164,34,0,0
BRDA:164,34,1,0
BRDA:164,35,0,0
BRDA:164,35,1,0
BRDA:179,36,0,0
BRDA:179,36,1,0
BRDA:183,37,0,0
BRDA:183,37,1,0
BRDA:183,37,2,0
BRDA:185,38,0,0
BRDA:185,38,1,0
BRDA:186,39,0,0
BRDA:186,39,1,0
BRDA:199,40,0,0
BRDA:199,40,1,0
BRDA:199,41,0,0
BRDA:199,41,1,0
BRDA:199,41,2,0
BRDA:199,41,3,0
BRDA:210,42,0,0
BRDA:210,42,1,0
BRDA:210,43,0,0
BRDA:210,43,1,0
BRDA:210,43,2,0
BRDA:214,44,0,0
BRDA:214,44,1,0
BRDA:218,45,0,0
BRDA:218,45,1,0
BRDA:218,46,0,0
BRDA:218,46,1,0
BRDA:241,47,0,0
BRDA:241,47,1,0
BRDA:241,48,0,0
BRDA:241,48,1,0
BRDA:241,48,2,0
BRDA:249,49,0,0
BRDA:249,49,1,0
BRDA:251,50,0,0
BRDA:251,50,1,0
BRDA:251,51,0,0
BRDA:251,51,1,0
BRDA:251,51,2,0
BRDA:260,52,0,0
BRDA:260,52,1,0
BRDA:275,53,0,0
BRDA:275,53,1,0
BRDA:280,54,0,0
BRDA:280,54,1,0
BRDA:286,55,0,0
BRDA:286,55,1,0
BRDA:288,56,0,0
BRDA:288,56,1,0
BRDA:294,57,0,0
BRDA:294,57,1,0
BRDA:298,58,0,0
BRDA:298,58,1,0
BRDA:298,59,0,0
BRDA:298,59,1,0
BRF:174
BRH:0
end_of_record
TN:
SF:app\modules\multinotationModeler\notations\ppinot\PPINOTUpdater.js
FN:23,PPINOTUpdater
FN:38,initializeParentArrays
FN:81,(anonymous_2)
FN:99,(anonymous_3)
FN:112,(anonymous_4)
FN:117,(anonymous_5)
FN:128,updatePPINOTElement
FN:180,updatePPINOTConnection
FN:201,(anonymous_8)
FN:221,ensureValidWaypoints
FN:223,(anonymous_10)
FN:249,(anonymous_11)
FN:266,(anonymous_12)
FN:361,updatePPINOTElementsRoot
FN:377,(anonymous_14)
FN:382,isPPINOTConn
FN:386,recompute
FN:402,(anonymous_17)
FN:403,(anonymous_18)
FN:410,(anonymous_19)
FN:429,(anonymous_20)
FN:447,isPPINOT
FN:463,ifPPINOTElement
FN:464,(anonymous_23)
FNF:24
FNH:0
FNDA:0,PPINOTUpdater
FNDA:0,initializeParentArrays
FNDA:0,(anonymous_2)
FNDA:0,(anonymous_3)
FNDA:0,(anonymous_4)
FNDA:0,(anonymous_5)
FNDA:0,updatePPINOTElement
FNDA:0,updatePPINOTConnection
FNDA:0,(anonymous_8)
FNDA:0,ensureValidWaypoints
FNDA:0,(anonymous_10)
FNDA:0,(anonymous_11)
FNDA:0,(anonymous_12)
FNDA:0,updatePPINOTElementsRoot
FNDA:0,(anonymous_14)
FNDA:0,isPPINOTConn
FNDA:0,recompute
FNDA:0,(anonymous_17)
FNDA:0,(anonymous_18)
FNDA:0,(anonymous_19)
FNDA:0,(anonymous_20)
FNDA:0,isPPINOT
FNDA:0,ifPPINOTElement
FNDA:0,(anonymous_23)
DA:25,0
DA:28,0
DA:29,0
DA:33,0
DA:34,0
DA:39,0
DA:40,0
DA:43,0
DA:46,0
DA:47,0
DA:49,0
DA:50,0
DA:52,0
DA:53,0
DA:55,0
DA:56,0
DA:58,0
DA:60,0
DA:61,0
DA:63,0
DA:64,0
DA:66,0
DA:67,0
DA:69,0
DA:71,0
DA:72,0
DA:74,0
DA:75,0
DA:81,0
DA:82,0
DA:83,0
DA:86,0
DA:88,0
DA:89,0
DA:92,0
DA:93,0
DA:99,0
DA:100,0
DA:103,0
DA:106,0
DA:112,0
DA:113,0
DA:114,0
DA:117,0
DA:118,0
DA:121,0
DA:122,0
DA:123,0
DA:129,0
DA:130,0
DA:131,0
DA:133,0
DA:134,0
DA:137,0
DA:140,0
DA:143,0
DA:146,0
DA:147,0
DA:149,0
DA:153,0
DA:156,0
DA:158,0
DA:159,0
DA:161,0
DA:162,0
DA:166,0
DA:168,0
DA:169,0
DA:173,0
DA:174,0
DA:181,0
DA:182,0
DA:183,0
DA:184,0
DA:185,0
DA:187,0
DA:189,0
DA:192,0
DA:195,0
DA:198,0
DA:201,0
DA:202,0
DA:208,0
DA:209,0
DA:213,0
DA:214,0
DA:215,0
DA:217,0
DA:221,0
DA:222,0
DA:223,0
DA:224,0
DA:228,0
DA:229,0
DA:230,0
DA:231,0
DA:232,0
DA:235,0
DA:236,0
DA:237,0
DA:239,0
DA:242,0
DA:243,0
DA:244,0
DA:248,0
DA:249,0
DA:251,0
DA:255,0
DA:256,0
DA:262,0
DA:266,0
DA:267,0
DA:268,0
DA:269,0
DA:270,0
DA:272,0
DA:273,0
DA:277,0
DA:278,0
DA:280,0
DA:283,0
DA:284,0
DA:287,0
DA:288,0
DA:292,0
DA:293,0
DA:297,0
DA:298,0
DA:302,0
DA:303,0
DA:304,0
DA:306,0
DA:307,0
DA:309,0
DA:313,0
DA:314,0
DA:315,0
DA:316,0
DA:317,0
DA:318,0
DA:324,0
DA:330,0
DA:336,0
DA:346,0
DA:362,0
DA:363,0
DA:364,0
DA:365,0
DA:367,0
DA:369,0
DA:370,0
DA:374,0
DA:377,0
DA:378,0
DA:379,0
DA:380,0
DA:383,0
DA:387,0
DA:388,0
DA:389,0
DA:390,0
DA:391,0
DA:392,0
DA:393,0
DA:394,0
DA:395,0
DA:397,0
DA:400,0
DA:402,0
DA:403,0
DA:404,0
DA:405,0
DA:406,0
DA:408,0
DA:409,0
DA:410,0
DA:411,0
DA:412,0
DA:413,0
DA:414,0
DA:415,0
DA:416,0
DA:419,0
DA:429,0
DA:430,0
DA:431,0
DA:432,0
DA:433,0
DA:436,0
DA:440,0
DA:442,0
DA:448,0
DA:451,0
DA:452,0
DA:456,0
DA:457,0
DA:460,0
DA:464,0
DA:465,0
DA:466,0
DA:468,0
DA:469,0
LF:202
LH:0
BRDA:29,0,0,0
BRDA:29,0,1,0
BRDA:29,0,2,0
BRDA:33,1,0,0
BRDA:33,1,1,0
BRDA:39,2,0,0
BRDA:39,2,1,0
BRDA:39,3,0,0
BRDA:39,3,1,0
BRDA:46,4,0,0
BRDA:46,4,1,0
BRDA:46,5,0,0
BRDA:46,5,1,0
BRDA:49,6,0,0
BRDA:49,6,1,0
BRDA:52,7,0,0
BRDA:52,7,1,0
BRDA:55,8,0,0
BRDA:55,8,1,0
BRDA:58,9,0,0
BRDA:58,9,1,0
BRDA:60,10,0,0
BRDA:60,10,1,0
BRDA:63,11,0,0
BRDA:63,11,1,0
BRDA:66,12,0,0
BRDA:66,12,1,0
BRDA:69,13,0,0
BRDA:69,13,1,0
BRDA:71,14,0,0
BRDA:71,14,1,0
BRDA:74,15,0,0
BRDA:74,15,1,0
BRDA:86,16,0,0
BRDA:86,16,1,0
BRDA:86,17,0,0
BRDA:86,17,1,0
BRDA:92,18,0,0
BRDA:92,18,1,0
BRDA:103,19,0,0
BRDA:103,19,1,0
BRDA:103,20,0,0
BRDA:103,20,1,0
BRDA:114,21,0,0
BRDA:114,21,1,0
BRDA:118,22,0,0
BRDA:118,22,1,0
BRDA:118,23,0,0
BRDA:118,23,1,0
BRDA:122,24,0,0
BRDA:122,24,1,0
BRDA:133,25,0,0
BRDA:133,25,1,0
BRDA:143,26,0,0
BRDA:143,26,1,0
BRDA:146,27,0,0
BRDA:146,27,1,0
BRDA:156,28,0,0
BRDA:156,28,1,0
BRDA:156,29,0,0
BRDA:156,29,1,0
BRDA:159,30,0,0
BRDA:159,30,1,0
BRDA:161,31,0,0
BRDA:161,31,1,0
BRDA:166,32,0,0
BRDA:166,32,1,0
BRDA:168,33,0,0
BRDA:168,33,1,0
BRDA:168,34,0,0
BRDA:168,34,1,0
BRDA:184,35,0,0
BRDA:184,35,1,0
BRDA:187,36,0,0
BRDA:187,36,1,0
BRDA:187,37,0,0
BRDA:187,37,1,0
BRDA:187,37,2,0
BRDA:198,38,0,0
BRDA:198,38,1,0
BRDA:202,39,0,0
BRDA:202,39,1,0
BRDA:202,39,2,0
BRDA:202,39,3,0
BRDA:208,40,0,0
BRDA:208,40,1,0
BRDA:208,41,0,0
BRDA:208,41,1,0
BRDA:213,42,0,0
BRDA:213,42,1,0
BRDA:215,43,0,0
BRDA:215,43,1,0
BRDA:222,44,0,0
BRDA:222,44,1,0
BRDA:224,45,0,0
BRDA:224,45,1,0
BRDA:224,45,2,0
BRDA:224,45,3,0
BRDA:224,45,4,0
BRDA:224,45,5,0
BRDA:224,45,6,0
BRDA:228,46,0,0
BRDA:228,46,1,0
BRDA:229,47,0,0
BRDA:229,47,1,0
BRDA:230,48,0,0
BRDA:230,48,1,0
BRDA:231,49,0,0
BRDA:231,49,1,0
BRDA:232,50,0,0
BRDA:232,50,1,0
BRDA:235,51,0,0
BRDA:235,51,1,0
BRDA:255,52,0,0
BRDA:255,52,1,0
BRDA:255,53,0,0
BRDA:255,53,1,0
BRDA:272,54,0,0
BRDA:272,54,1,0
BRDA:283,55,0,0
BRDA:283,55,1,0
BRDA:287,56,0,0
BRDA:287,56,1,0
BRDA:287,57,0,0
BRDA:287,57,1,0
BRDA:292,58,0,0
BRDA:292,58,1,0
BRDA:297,59,0,0
BRDA:297,59,1,0
BRDA:297,60,0,0
BRDA:297,60,1,0
BRDA:304,61,0,0
BRDA:304,61,1,0
BRDA:304,62,0,0
BRDA:304,62,1,0
BRDA:306,63,0,0
BRDA:306,63,1,0
BRDA:314,64,0,0
BRDA:314,64,1,0
BRDA:316,65,0,0
BRDA:316,65,1,0
BRDA:316,65,2,0
BRDA:317,66,0,0
BRDA:317,66,1,0
BRDA:317,67,0,0
BRDA:317,67,1,0
BRDA:369,68,0,0
BRDA:369,68,1,0
BRDA:378,69,0,0
BRDA:378,69,1,0
BRDA:378,69,2,0
BRDA:378,69,3,0
BRDA:378,70,0,0
BRDA:378,70,1,0
BRDA:379,71,0,0
BRDA:379,71,1,0
BRDA:379,71,2,0
BRDA:379,71,3,0
BRDA:380,72,0,0
BRDA:380,72,1,0
BRDA:383,73,0,0
BRDA:383,73,1,0
BRDA:383,73,2,0
BRDA:388,74,0,0
BRDA:388,74,1,0
BRDA:388,75,0,0
BRDA:388,75,1,0
BRDA:389,76,0,0
BRDA:389,76,1,0
BRDA:390,77,0,0
BRDA:390,77,1,0
BRDA:391,78,0,0
BRDA:391,78,1,0
BRDA:392,79,0,0
BRDA:392,79,1,0
BRDA:393,80,0,0
BRDA:393,80,1,0
BRDA:403,81,0,0
BRDA:403,81,1,0
BRDA:403,82,0,0
BRDA:403,82,1,0
BRDA:404,83,0,0
BRDA:404,83,1,0
BRDA:405,84,0,0
BRDA:405,84,1,0
BRDA:409,85,0,0
BRDA:409,85,1,0
BRDA:410,86,0,0
BRDA:410,86,1,0
BRDA:410,87,0,0
BRDA:410,87,1,0
BRDA:410,87,2,0
BRDA:411,88,0,0
BRDA:411,88,1,0
BRDA:413,89,0,0
BRDA:413,89,1,0
BRDA:413,90,0,0
BRDA:413,90,1,0
BRDA:432,91,0,0
BRDA:432,91,1,0
BRDA:448,92,0,0
BRDA:448,92,1,0
BRDA:451,93,0,0
BRDA:451,93,1,0
BRDA:451,94,0,0
BRDA:451,94,1,0
BRDA:456,95,0,0
BRDA:456,95,1,0
BRDA:456,96,0,0
BRDA:456,96,1,0
BRDA:456,96,2,0
BRDA:466,97,0,0
BRDA:466,97,1,0
BRDA:468,98,0,0
BRDA:468,98,1,0
BRF:215
BRH:0
end_of_record
TN:
SF:app\modules\multinotationModeler\notations\ppinot\Types.js
FN:441,isExternalLabel
FN:448,isPPINOTShape
FN:454,isPPINOTConnection
FN:461,isPPINOTResourceArcElement
FN:468,isPPINOTMyConnectionElement
FN:475,isPPINOTAggregatedElement
FN:482,isPPINOTBaseMeasureElement
FNF:7
FNH:0
FNDA:0,isExternalLabel
FNDA:0,isPPINOTShape
FNDA:0,isPPINOTConnection
FNDA:0,isPPINOTResourceArcElement
FNDA:0,isPPINOTMyConnectionElement
FNDA:0,isPPINOTAggregatedElement
FNDA:0,isPPINOTBaseMeasureElement
DA:5,0
DA:75,0
DA:152,0
DA:169,0
DA:211,0
DA:264,0
DA:302,0
DA:330,0
DA:381,0
DA:442,0
DA:443,0
DA:445,0
DA:449,0
DA:450,0
DA:451,0
DA:455,0
DA:456,0
DA:458,0
DA:462,0
DA:463,0
DA:465,0
DA:469,0
DA:470,0
DA:472,0
DA:476,0
DA:477,0
DA:479,0
DA:483,0
DA:484,0
DA:486,0
LF:30
LH:0
BRDA:442,0,0,0
BRDA:442,0,1,0
BRDA:449,1,0,0
BRDA:449,1,1,0
BRDA:450,2,0,0
BRDA:450,2,1,0
BRDA:451,3,0,0
[...]
FN:679,(anonymous_47)
FN:685,(anonymous_48)
FN:690,debugElementDetection
FN:703,(anonymous_50)
FN:708,(anonymous_51)
FN:714,(anonymous_52)
FN:724,(anonymous_53)
FN:725,(anonymous_54)
FN:726,(anonymous_55)
FN:730,forceCreateTargetScope
FN:743,(anonymous_57)
FN:755,(anonymous_58)
FN:810,(anonymous_59)
FNF:60
FNH:0
FNDA:0,(anonymous_0)
FNDA:0,(anonymous_1)
FNDA:0,(anonymous_2)
FNDA:0,(anonymous_3)
FNDA:0,(anonymous_4)
FNDA:0,(anonymous_5)
FNDA:0,(anonymous_6)
FNDA:0,(anonymous_7)
FNDA:0,(anonymous_8)
FNDA:0,(anonymous_9)
FNDA:0,(anonymous_10)
FNDA:0,(anonymous_11)
FNDA:0,(anonymous_12)
FNDA:0,(anonymous_13)
FNDA:0,(anonymous_14)
FNDA:0,(anonymous_15)
FNDA:0,(anonymous_16)
FNDA:0,(anonymous_17)
FNDA:0,(anonymous_18)
FNDA:0,(anonymous_19)
FNDA:0,(anonymous_20)
FNDA:0,(anonymous_21)
FNDA:0,(anonymous_22)
FNDA:0,(anonymous_23)
FNDA:0,(anonymous_24)
FNDA:0,(anonymous_25)
FNDA:0,(anonymous_26)
FNDA:0,(anonymous_27)
FNDA:0,(anonymous_28)
FNDA:0,(anonymous_29)
FNDA:0,(anonymous_30)
FNDA:0,(anonymous_31)
FNDA:0,(anonymous_32)
FNDA:0,(anonymous_33)
FNDA:0,(anonymous_34)
FNDA:0,(anonymous_35)
FNDA:0,(anonymous_36)
FNDA:0,(anonymous_37)
FNDA:0,(anonymous_38)
FNDA:0,(anonymous_39)
FNDA:0,(anonymous_40)
FNDA:0,(anonymous_41)
FNDA:0,(anonymous_42)
FNDA:0,(anonymous_43)
FNDA:0,debugPPINOTData
FNDA:0,(anonymous_45)
FNDA:0,(anonymous_46)
FNDA:0,(anonymous_47)
FNDA:0,(anonymous_48)
FNDA:0,debugElementDetection
FNDA:0,(anonymous_50)
FNDA:0,(anonymous_51)
FNDA:0,(anonymous_52)
FNDA:0,(anonymous_53)
FNDA:0,(anonymous_54)
FNDA:0,(anonymous_55)
FNDA:0,forceCreateTargetScope
FNDA:0,(anonymous_57)
FNDA:0,(anonymous_58)
FNDA:0,(anonymous_59)
DA:10,0
DA:20,0
DA:21,0
DA:22,0
DA:24,0
DA:30,0
DA:31,0
DA:32,0
DA:33,0
DA:39,0
DA:40,0
DA:41,0
DA:43,0
DA:45,0
DA:46,0
DA:47,0
DA:48,0
DA:50,0
DA:51,0
DA:53,0
DA:55,0
DA:58,0
DA:60,0
DA:61,0
DA:65,0
DA:69,0
DA:70,0
DA:72,0
DA:73,0
DA:76,0
DA:77,0
DA:79,0
DA:83,0
DA:88,0
DA:89,0
DA:90,0
DA:92,0
DA:93,0
DA:96,0
DA:97,0
DA:98,0
DA:102,0
DA:103,0
DA:107,0
DA:111,0
DA:113,0
DA:117,0
DA:124,0
DA:125,0
DA:126,0
DA:127,0
DA:131,0
DA:132,0
DA:134,0
DA:138,0
DA:153,0
DA:157,0
DA:160,0
DA:169,0
DA:172,0
DA:175,0
DA:179,0
DA:180,0
DA:181,0
DA:185,0
DA:187,0
DA:191,0
DA:193,0
DA:196,0
DA:200,0
DA:207,0
DA:208,0
DA:212,0
DA:214,0
DA:218,0
DA:219,0
DA:220,0
DA:223,0
DA:224,0
DA:225,0
DA:231,0
DA:232,0
DA:234,0
DA:235,0
DA:238,0
DA:239,0
DA:241,0
DA:242,0
DA:246,0
DA:247,0
DA:249,0
DA:254,0
DA:264,0
DA:268,0
DA:270,0
DA:271,0
DA:273,0
DA:276,0
DA:277,0
DA:278,0
DA:279,0
DA:280,0
DA:282,0
DA:283,0
DA:287,0
DA:288,0
DA:291,0
DA:292,0
DA:299,0
DA:300,0
DA:301,0
DA:302,0
DA:303,0
DA:304,0
DA:307,0
DA:308,0
DA:311,0
DA:312,0
DA:313,0
DA:314,0
DA:321,0
DA:322,0
DA:323,0
DA:327,0
DA:328,0
DA:329,0
DA:333,0
DA:334,0
DA:339,0
DA:341,0
DA:342,0
DA:343,0
DA:346,0
DA:347,0
DA:348,0
DA:349,0
DA:350,0
DA:353,0
DA:354,0
DA:356,0
DA:360,0
DA:370,0
DA:373,0
DA:379,0
DA:382,0
DA:390,0
DA:395,0
DA:396,0
DA:397,0
DA:400,0
DA:403,0
DA:405,0
DA:406,0
DA:413,0
DA:414,0
DA:415,0
DA:417,0
DA:419,0
DA:420,0
DA:421,0
DA:422,0
DA:424,0
DA:425,0
DA:426,0
DA:430,0
DA:431,0
DA:433,0
DA:434,0
DA:435,0
DA:437,0
DA:438,0
DA:445,0
DA:450,0
DA:451,0
DA:458,0
DA:459,0
DA:460,0
DA:463,0
DA:470,0
DA:474,0
DA:483,0
DA:488,0
DA:498,0
DA:499,0
DA:500,0
DA:501,0
DA:502,0
DA:506,0
DA:512,0
DA:513,0
DA:515,0
DA:516,0
DA:518,0
DA:519,0
DA:520,0
DA:523,0
DA:524,0
DA:525,0
DA:526,0
DA:529,0
DA:535,0
DA:537,0
DA:538,0
DA:541,0
DA:542,0
DA:545,0
DA:551,0
DA:553,0
DA:554,0
DA:557,0
DA:558,0
DA:562,0
DA:563,0
DA:566,0
DA:569,0
DA:570,0
DA:575,0
DA:577,0
DA:578,0
DA:580,0
DA:581,0
DA:582,0
DA:585,0
DA:586,0
DA:588,0
DA:591,0
DA:592,0
DA:596,0
DA:597,0
DA:604,0
DA:605,0
DA:613,0
DA:616,0
DA:619,0
DA:622,0
DA:623,0
DA:625,0
DA:635,0
DA:636,0
DA:642,0
DA:645,0
DA:646,0
DA:647,0
DA:648,0
DA:655,0
DA:656,0
DA:657,0
DA:658,0
DA:659,0
DA:660,0
DA:661,0
DA:662,0
DA:672,0
DA:674,0
DA:675,0
DA:677,0
DA:678,0
DA:679,0
DA:681,0
DA:682,0
DA:683,0
DA:685,0
DA:686,0
DA:691,0
DA:692,0
DA:694,0
DA:697,0
DA:698,0
DA:701,0
DA:703,0
DA:704,0
DA:708,0
DA:709,0
DA:714,0
DA:715,0
DA:720,0
DA:721,0
DA:722,0
DA:724,0
DA:725,0
DA:726,0
DA:731,0
DA:733,0
DA:734,0
DA:735,0
DA:736,0
DA:737,0
DA:738,0
DA:739,0
DA:740,0
DA:743,0
DA:744,0
DA:748,0
DA:750,0
DA:754,0
DA:755,0
DA:756,0
DA:759,0
DA:765,0
DA:767,0
DA:768,0
DA:771,0
DA:773,0
DA:778,0
DA:780,0
DA:783,0
DA:789,0
DA:791,0
DA:792,0
DA:795,0
DA:797,0
DA:802,0
DA:804,0
DA:807,0
DA:810,0
DA:811,0
DA:812,0
DA:816,0
DA:819,0
DA:823,0
DA:828,0
DA:829,0
DA:830,0
DA:831,0
LF:324
LH:0
BRDA:40,0,0,0
BRDA:40,0,1,0
BRDA:43,1,0,0
BRDA:43,1,1,0
BRDA:43,2,0,0
BRDA:43,2,1,0
BRDA:50,3,0,0
BRDA:50,3,1,0
BRDA:50,4,0,0
BRDA:50,4,1,0
BRDA:50,4,2,0
BRDA:60,5,0,0
BRDA:60,5,1,0
BRDA:72,6,0,0
BRDA:72,6,1,0
BRDA:72,7,0,0
BRDA:72,7,1,0
BRDA:77,8,0,0
BRDA:77,8,1,0
BRDA:89,9,0,0
BRDA:89,9,1,0
BRDA:92,10,0,0
BRDA:92,10,1,0
BRDA:103,11,0,0
BRDA:103,11,1,0
BRDA:103,12,0,0
BRDA:103,12,1,0
BRDA:103,12,2,0
BRDA:103,12,3,0
BRDA:127,13,0,0
BRDA:127,13,1,0
BRDA:134,14,0,0
BRDA:134,14,1,0
BRDA:134,15,0,0
BRDA:134,15,1,0
BRDA:172,16,0,0
BRDA:172,16,1,0
BRDA:179,17,0,0
BRDA:179,17,1,0
BRDA:185,18,0,0
BRDA:185,18,1,0
BRDA:191,19,0,0
BRDA:191,19,1,0
BRDA:207,20,0,0
BRDA:207,20,1,0
BRDA:212,21,0,0
BRDA:212,21,1,0
BRDA:218,22,0,0
BRDA:218,22,1,0
BRDA:234,23,0,0
BRDA:234,23,1,0
BRDA:271,24,0,0
BRDA:271,24,1,0
BRDA:276,25,0,0
BRDA:276,25,1,0
BRDA:278,26,0,0
BRDA:278,26,1,0
BRDA:278,27,0,0
BRDA:278,27,1,0
BRDA:308,28,0,0
BRDA:308,28,1,0
BRDA:312,29,0,0
BRDA:312,29,1,0
BRDA:341,30,0,0
BRDA:341,30,1,0
BRDA:341,31,0,0
BRDA:341,31,1,0
BRDA:354,32,0,0
BRDA:354,32,1,0
BRDA:362,33,0,0
BRDA:362,33,1,0
BRDA:363,34,0,0
BRDA:363,34,1,0
BRDA:365,35,0,0
BRDA:365,35,1,0
BRDA:391,36,0,0
BRDA:391,36,1,0
BRDA:403,37,0,0
BRDA:403,37,1,0
BRDA:424,38,0,0
BRDA:424,38,1,0
BRDA:424,39,0,0
BRDA:424,39,1,0
BRDA:430,40,0,0
BRDA:430,40,1,0
BRDA:433,41,0,0
BRDA:433,41,1,0
BRDA:433,42,0,0
BRDA:433,42,1,0
BRDA:434,43,0,0
BRDA:434,43,1,0
BRDA:437,44,0,0
BRDA:437,44,1,0
BRDA:506,45,0,0
BRDA:506,45,1,0
BRDA:515,46,0,0
BRDA:515,46,1,0
BRDA:518,47,0,0
BRDA:518,47,1,0
BRDA:535,48,0,0
BRDA:535,48,1,0
BRDA:551,49,0,0
BRDA:551,49,1,0
BRDA:577,50,0,0
BRDA:577,50,1,0
BRDA:580,51,0,0
BRDA:580,51,1,0
BRDA:592,52,0,0
BRDA:592,52,1,0
BRDA:592,52,2,0
BRDA:597,53,0,0
BRDA:597,53,1,0
BRDA:597,53,2,0
BRDA:597,53,3,0
BRDA:597,53,4,0
BRDA:597,53,5,0
BRDA:597,53,6,0
BRDA:605,54,0,0
BRDA:605,54,1,0
BRDA:605,54,2,0
BRDA:605,54,3,0
BRDA:605,54,4,0
BRDA:605,54,5,0
BRDA:605,54,6,0
BRDA:616,55,0,0
BRDA:616,55,1,0
BRDA:619,56,0,0
BRDA:619,56,1,0
BRDA:645,57,0,0
BRDA:645,57,1,0
BRDA:647,58,0,0
BRDA:647,58,1,0
BRDA:655,59,0,0
BRDA:655,59,1,0
BRDA:692,60,0,0
BRDA:692,60,1,0
BRDA:704,61,0,0
BRDA:704,61,1,0
BRDA:704,61,2,0
BRDA:709,62,0,0
BRDA:709,62,1,0
BRDA:709,62,2,0
BRDA:709,62,3,0
BRDA:715,63,0,0
BRDA:715,63,1,0
BRDA:715,63,2,0
BRDA:715,63,3,0
BRDA:733,64,0,0
BRDA:733,64,1,0
BRDA:735,65,0,0
BRDA:735,65,1,0
BRDA:744,66,0,0
BRDA:744,66,1,0
BRDA:744,66,2,0
BRDA:748,67,0,0
BRDA:748,67,1,0
BRDA:756,68,0,0
BRDA:756,68,1,0
BRDA:765,69,0,0
BRDA:765,69,1,0
BRDA:768,70,0,0
BRDA:768,70,1,0
BRDA:789,71,0,0
BRDA:789,71,1,0
BRDA:792,72,0,0
BRDA:792,72,1,0
BRDA:811,73,0,0
BRDA:811,73,1,0
BRDA:828,74,0,0
BRDA:828,74,1,0
BRF:170
BRH:0
end_of_record
TN:
SF:app\modules\ui\managers\ppinot-storage-manager.js
FN:8,(anonymous_0)
FN:21,(anonymous_1)
FN:29,(anonymous_2)
FN:47,(anonymous_3)
FN:103,(anonymous_4)
FN:139,(anonymous_5)
FN:184,(anonymous_6)
FN:188,(anonymous_7)
FN:191,(anonymous_8)
FN:206,(anonymous_9)
FN:208,(anonymous_10)
FN:219,(anonymous_11)
FN:234,(anonymous_12)
FN:266,(anonymous_13)
FN:281,(anonymous_14)
FN:299,(anonymous_15)
FN:310,(anonymous_16)
FN:311,(anonymous_17)
FN:325,(anonymous_18)
FN:326,(anonymous_19)
FNF:20
FNH:0
FNDA:0,(anonymous_0)
FNDA:0,(anonymous_1)
FNDA:0,(anonymous_2)
FNDA:0,(anonymous_3)
FNDA:0,(anonymous_4)
FNDA:0,(anonymous_5)
FNDA:0,(anonymous_6)
FNDA:0,(anonymous_7)
FNDA:0,(anonymous_8)
FNDA:0,(anonymous_9)
FNDA:0,(anonymous_10)
FNDA:0,(anonymous_11)
FNDA:0,(anonymous_12)
FNDA:0,(anonymous_13)
FNDA:0,(anonymous_14)
FNDA:0,(anonymous_15)
FNDA:0,(anonymous_16)
FNDA:0,(anonymous_17)
FNDA:0,(anonymous_18)
FNDA:0,(anonymous_19)
DA:9,0
DA:15,0
DA:16,0
DA:18,0
DA:24,0
DA:30,0
DA:34,0
DA:37,0
DA:38,0
DA:39,0
DA:43,0
DA:48,0
DA:62,0
DA:99,0
DA:103,0
DA:115,0
DA:116,0
DA:119,0
DA:125,0
DA:129,0
DA:132,0
DA:133,0
DA:140,0
DA:144,0
DA:145,0
DA:146,0
DA:147,0
DA:150,0
DA:153,0
DA:154,0
DA:155,0
DA:156,0
DA:160,0
DA:161,0
DA:162,0
DA:163,0
DA:164,0
DA:165,0
DA:171,0
DA:177,0
DA:178,0
DA:185,0
DA:189,0
DA:190,0
DA:191,0
DA:192,0
DA:193,0
DA:194,0
DA:195,0
DA:196,0
DA:197,0
DA:202,0
DA:207,0
DA:208,0
DA:209,0
DA:211,0
DA:213,0
DA:220,0
DA:221,0
DA:224,0
DA:231,0
DA:232,0
DA:234,0
DA:235,0
DA:236,0
DA:237,0
DA:238,0
DA:239,0
DA:240,0
DA:241,0
DA:242,0
DA:243,0
DA:247,0
DA:249,0
DA:254,0
DA:255,0
DA:256,0
DA:260,0
DA:267,0
DA:268,0
DA:269,0
DA:270,0
DA:272,0
DA:274,0
DA:275,0
DA:282,0
DA:283,0
DA:286,0
DA:287,0
DA:289,0
DA:290,0
DA:293,0
DA:295,0
DA:300,0
DA:301,0
DA:304,0
DA:305,0
DA:307,0
DA:309,0
DA:310,0
DA:313,0
DA:314,0
DA:315,0
DA:318,0
DA:319,0
DA:321,0
DA:325,0
DA:326,0
DA:332,0
DA:333,0
DA:334,0
DA:338,0
DA:340,0
DA:346,0
DA:349,0
DA:350,0
DA:351,0
DA:352,0
LF:118
LH:0
BRDA:29,0,0,0
BRDA:37,1,0,0
BRDA:37,1,1,0
BRDA:48,2,0,0
BRDA:48,2,1,0
BRDA:48,2,2,0
BRDA:48,2,3,0
BRDA:48,2,4,0
BRDA:48,2,5,0
BRDA:48,2,6,0
BRDA:48,2,7,0
BRDA:64,3,0,0
BRDA:64,3,1,0
BRDA:65,4,0,0
BRDA:65,4,1,0
BRDA:65,4,2,0
BRDA:68,5,0,0
BRDA:68,5,1,0
BRDA:68,5,2,0
BRDA:69,6,0,0
BRDA:69,6,1,0
BRDA:69,6,2,0
BRDA:70,7,0,0
BRDA:70,7,1,0
BRDA:70,7,2,0
BRDA:71,8,0,0
BRDA:71,8,1,0
BRDA:71,8,2,0
BRDA:74,9,0,0
BRDA:74,9,1,0
BRDA:75,10,0,0
BRDA:75,10,1,0
BRDA:76,11,0,0
BRDA:76,11,1,0
BRDA:79,12,0,0
BRDA:79,12,1,0
BRDA:79,12,2,0
BRDA:79,12,3,0
BRDA:79,12,4,0
BRDA:79,12,5,0
BRDA:79,12,6,0
BRDA:84,13,0,0
BRDA:84,13,1,0
BRDA:84,13,2,0
BRDA:84,13,3,0
BRDA:84,13,4,0
BRDA:84,13,5,0
BRDA:84,13,6,0
BRDA:89,14,0,0
BRDA:89,14,1,0
BRDA:89,14,2,0
BRDA:89,14,3,0
BRDA:89,14,4,0
BRDA:108,15,0,0
BRDA:108,15,1,0
BRDA:109,16,0,0
BRDA:109,16,1,0
BRDA:110,17,0,0
BRDA:110,17,1,0
BRDA:145,18,0,0
BRDA:145,18,1,0
BRDA:153,19,0,0
BRDA:153,19,1,0
BRDA:162,20,0,0
BRDA:162,20,1,0
BRDA:164,21,0,0
BRDA:164,21,1,0
BRDA:165,22,0,0
BRDA:165,22,1,0
BRDA:172,23,0,0
BRDA:172,23,1,0
BRDA:193,24,0,0
BRDA:193,24,1,0
BRDA:195,25,0,0
BRDA:195,25,1,0
BRDA:236,26,0,0
BRDA:236,26,1,0
BRDA:239,27,0,0
BRDA:239,27,1,0
BRDA:240,28,0,0
BRDA:240,28,1,0
BRDA:242,29,0,0
BRDA:242,29,1,0
BRDA:254,30,0,0
BRDA:254,30,1,0
BRDA:254,31,0,0
BRDA:254,31,1,0
BRDA:269,32,0,0
BRDA:269,32,1,0
BRDA:286,33,0,0
BRDA:286,33,1,0
BRDA:289,34,0,0
BRDA:289,34,1,0
BRDA:307,35,0,0
BRDA:307,35,1,0
BRDA:307,36,0,0
BRDA:307,36,1,0
BRDA:314,37,0,0
BRDA:314,37,1,0
BRDA:314,38,0,0
BRDA:314,38,1,0
BRDA:314,38,2,0
BRDA:319,39,0,0
BRDA:319,39,1,0
BRDA:325,40,0,0
BRDA:325,40,1,0
BRDA:325,41,0,0
BRDA:325,41,1,0
BRDA:326,42,0,0
BRDA:326,42,1,0
BRDA:326,43,0,0
BRDA:326,43,1,0
BRDA:327,44,0,0
BRDA:327,44,1,0
BRDA:332,45,0,0
BRDA:332,45,1,0
BRDA:349,46,0,0
BRDA:349,46,1,0
BRDA:351,47,0,0
BRDA:351,47,1,0
BRF:120
BRH:0
end_of_record
TN:
SF:app\modules\ui\managers\storage-manager.js
FN:13,loadRasciFunctions
FN:27,(anonymous_1)
FN:45,(anonymous_2)
FN:49,(anonymous_3)
FN:54,(anonymous_4)
FN:55,(anonymous_5)
FN:56,(anonymous_6)
FN:57,(anonymous_7)
FN:63,(anonymous_8)
FN:79,(anonymous_9)
FN:101,(anonymous_10)
FN:111,(anonymous_11)
FN:136,(anonymous_12)
FN:167,(anonymous_13)
FN:175,(anonymous_14)
FN:181,(anonymous_15)
FN:190,(anonymous_16)
FN:202,(anonymous_17)
FN:208,(anonymous_18)
FN:235,(anonymous_19)
FN:246,(anonymous_20)
FN:267,(anonymous_21)
FN:284,(anonymous_22)
FN:371,(anonymous_23)
FN:407,(anonymous_24)
FN:416,(anonymous_25)
FN:436,(anonymous_26)
FN:449,(anonymous_27)
FN:470,(anonymous_28)
FN:479,(anonymous_29)
FN:486,(anonymous_30)
FN:502,(anonymous_31)
FN:517,(anonymous_32)
FN:547,(anonymous_33)
FN:558,(anonymous_34)
FNF:35
FNH:3
FNDA:0,loadRasciFunctions
FNDA:3,(anonymous_1)
FNDA:3,(anonymous_2)
FNDA:3,(anonymous_3)
FNDA:0,(anonymous_4)
FNDA:0,(anonymous_5)
FNDA:0,(anonymous_6)
FNDA:0,(anonymous_7)
FNDA:0,(anonymous_8)
FNDA:0,(anonymous_9)
FNDA:0,(anonymous_10)
FNDA:0,(anonymous_11)
FNDA:0,(anonymous_12)
FNDA:0,(anonymous_13)
FNDA:0,(anonymous_14)
FNDA:0,(anonymous_15)
FNDA:0,(anonymous_16)
FNDA:0,(anonymous_17)
FNDA:0,(anonymous_18)
FNDA:0,(anonymous_19)
FNDA:0,(anonymous_20)
FNDA:0,(anonymous_21)
FNDA:0,(anonymous_22)
FNDA:0,(anonymous_23)
FNDA:0,(anonymous_24)
FNDA:0,(anonymous_25)
FNDA:0,(anonymous_26)
FNDA:0,(anonymous_27)
FNDA:0,(anonymous_28)
FNDA:0,(anonymous_29)
FNDA:0,(anonymous_30)
FNDA:0,(anonymous_31)
FNDA:0,(anonymous_32)
FNDA:0,(anonymous_33)
FNDA:0,(anonymous_34)
DA:9,1
DA:10,1
DA:14,0
DA:15,0
DA:16,0
DA:17,0
DA:18,0
DA:19,0
DA:22,0
DA:28,3
DA:29,3
DA:30,3
DA:40,3
DA:41,3
DA:42,3
DA:46,3
DA:51,3
DA:52,3
DA:53,3
DA:54,3
DA:55,3
DA:56,3
DA:57,3
DA:64,0
DA:65,0
DA:66,0
DA:67,0
DA:68,0
DA:69,0
DA:70,0
DA:72,0
DA:73,0
DA:80,0
DA:82,0
DA:85,0
DA:88,0
DA:90,0
DA:93,0
DA:94,0
DA:95,0
DA:96,0
DA:101,0
DA:102,0
DA:112,0
DA:114,0
DA:115,0
DA:116,0
DA:120,0
DA:123,0
DA:125,0
DA:126,0
DA:127,0
DA:128,0
DA:130,0
DA:131,0
DA:137,0
DA:140,0
DA:141,0
DA:142,0
DA:145,0
DA:148,0
DA:151,0
DA:154,0
DA:156,0
DA:159,0
DA:160,0
DA:161,0
DA:162,0
DA:167,0
DA:168,0
DA:172,0
DA:175,0
DA:176,0
DA:183,0
DA:190,0
DA:191,0
DA:192,0
DA:197,0
DA:198,0
DA:204,0
DA:210,0
DA:213,0
DA:215,0
DA:216,0
DA:219,0
DA:220,0
DA:221,0
DA:223,0
DA:224,0
DA:226,0
DA:227,0
DA:229,0
DA:230,0
DA:234,0
DA:235,0
DA:236,0
DA:246,0
DA:247,0
DA:249,0
DA:250,0
DA:251,0
DA:253,0
DA:254,0
DA:255,0
DA:258,0
DA:261,0
DA:269,0
DA:270,0
DA:273,0
DA:274,0
DA:275,0
DA:276,0
DA:285,0
DA:286,0
DA:287,0
DA:289,0
DA:341,0
DA:344,0
DA:345,0
DA:347,0
DA:349,0
DA:351,0
DA:360,0
DA:361,0
DA:365,0
DA:366,0
DA:372,0
DA:375,0
DA:378,0
DA:381,0
DA:382,0
DA:383,0
DA:386,0
DA:391,0
DA:394,0
DA:395,0
DA:398,0
DA:399,0
DA:400,0
DA:401,0
DA:403,0
DA:408,0
DA:412,0
DA:417,0
DA:424,0
DA:425,0
DA:426,0
DA:427,0
DA:429,0
DA:433,0
DA:437,0
DA:438,0
DA:439,0
DA:440,0
DA:441,0
DA:443,0
DA:444,0
DA:450,0
DA:452,0
DA:453,0
DA:454,0
DA:456,0
DA:463,0
DA:464,0
DA:471,0
DA:472,0
DA:473,0
DA:474,0
DA:475,0
DA:480,0
DA:482,0
DA:483,0
DA:484,0
DA:485,0
DA:486,0
DA:487,0
DA:489,0
DA:490,0
DA:492,0
DA:493,0
DA:496,0
DA:497,0
DA:503,0
DA:505,0
DA:506,0
DA:507,0
DA:508,0
DA:511,0
DA:512,0
DA:513,0
DA:519,0
DA:522,0
DA:524,0
DA:525,0
DA:528,0
DA:529,0
DA:530,0
DA:532,0
DA:533,0
DA:535,0
DA:536,0
DA:538,0
DA:539,0
DA:541,0
DA:542,0
DA:546,0
DA:547,0
DA:548,0
DA:558,0
DA:559,0
DA:561,0
DA:562,0
DA:563,0
DA:565,0
DA:566,0
DA:567,0
DA:570,0
DA:573,0
DA:583,1
DA:584,1
DA:585,1
LF:221
LH:19
BRDA:15,0,0,0
BRDA:15,0,1,0
BRDA:15,1,0,0
BRDA:15,1,1,0
BRDA:52,2,0,3
BRDA:52,2,1,0
BRDA:95,3,0,0
BRDA:95,3,1,0
BRDA:114,4,0,0
BRDA:114,4,1,0
BRDA:140,5,0,0
BRDA:140,5,1,0
BRDA:161,6,0,0
BRDA:161,6,1,0
BRDA:191,7,0,0
BRDA:191,7,1,0
BRDA:213,8,0,0
BRDA:213,8,1,0
BRDA:220,9,0,0
BRDA:220,9,1,0
BRDA:220,10,0,0
BRDA:220,10,1,0
BRDA:223,11,0,0
BRDA:223,11,1,0
BRDA:226,12,0,0
BRDA:226,12,1,0
BRDA:229,13,0,0
BRDA:229,13,1,0
BRDA:234,14,0,0
BRDA:234,14,1,0
BRDA:249,15,0,0
BRDA:249,15,1,0
BRDA:249,16,0,0
BRDA:249,16,1,0
BRDA:251,17,0,0
BRDA:251,17,1,0
BRDA:251,18,0,0
BRDA:251,18,1,0
BRDA:254,19,0,0
BRDA:254,19,1,0
BRDA:274,20,0,0
BRDA:274,20,1,0
BRDA:274,21,0,0
BRDA:274,21,1,0
BRDA:274,21,2,0
BRDA:287,22,0,0
BRDA:287,22,1,0
BRDA:426,23,0,0
BRDA:426,23,1,0
BRDA:443,24,0,0
BRDA:443,24,1,0
BRDA:460,25,0,0
BRDA:460,25,1,0
BRDA:483,26,0,0
BRDA:483,26,1,0
BRDA:522,27,0,0
BRDA:522,27,1,0
BRDA:529,28,0,0
BRDA:529,28,1,0
BRDA:529,29,0,0
BRDA:529,29,1,0
BRDA:532,30,0,0
BRDA:532,30,1,0
BRDA:535,31,0,0
BRDA:535,31,1,0
BRDA:538,32,0,0
BRDA:538,32,1,0
BRDA:541,33,0,0
BRDA:541,33,1,0
BRDA:546,34,0,0
BRDA:546,34,1,0
BRDA:561,35,0,0
BRDA:561,35,1,0
BRDA:561,36,0,0
BRDA:561,36,1,0
BRDA:563,37,0,0
BRDA:563,37,1,0
BRDA:563,38,0,0
BRDA:563,38,1,0
BRDA:566,39,0,0
BRDA:566,39,1,0
BRDA:584,40,0,1
BRDA:584,40,1,0
BRF:83
BRH:2
end_of_record
TN:
SF:app\modules\ui\managers\storage-path-manager.js
FN:8,(anonymous_0)
FN:16,(anonymous_1)
FN:41,(anonymous_2)
FN:51,(anonymous_3)
FN:65,(anonymous_4)
FN:74,(anonymous_5)
FNF:6
FNH:0
FNDA:0,(anonymous_0)
FNDA:0,(anonymous_1)
FNDA:0,(anonymous_2)
FNDA:0,(anonymous_3)
FNDA:0,(anonymous_4)
FNDA:0,(anonymous_5)
DA:9,0
DA:18,0
DA:20,0
DA:22,0
DA:23,0
DA:24,0
DA:25,0
DA:27,0
DA:31,0
DA:34,0
DA:42,0
DA:43,0
DA:54,0
DA:55,0
DA:56,0
DA:58,0
DA:66,0
DA:67,0
DA:75,0
DA:76,0
DA:78,0
DA:89,0
DA:90,0
DA:91,0
DA:92,0
DA:98,0
DA:99,0
DA:100,0
LF:28
LH:0
BRDA:20,0,0,0
BRDA:20,0,1,0
BRDA:23,1,0,0
BRDA:23,1,1,0
BRDA:54,2,0,0
BRDA:54,2,1,0
BRDA:56,3,0,0
BRDA:56,3,1,0
BRDA:91,4,0,0
BRDA:91,4,1,0
BRDA:98,5,0,0
BRDA:98,5,1,0
BRDA:98,6,0,0
BRDA:98,6,1,0
BRDA:98,6,2,0
BRDA:99,7,0,0
BRDA:99,7,1,0
BRDA:100,8,0,0
BRDA:100,8,1,0
BRF:19
BRH:0
end_of_record
TN:
SF:app\modules\ui\utils\canvas-utils.js
FN:14,(anonymous_0)
FN:44,(anonymous_1)
FN:72,(anonymous_2)
FN:99,(anonymous_3)
FN:138,(anonymous_4)
FN:166,(anonymous_5)
FN:189,(anonymous_6)
FNF:7
FNH:0
FNDA:0,(anonymous_0)
FNDA:0,(anonymous_1)
FNDA:0,(anonymous_2)
FNDA:0,(anonymous_3)
FNDA:0,(anonymous_4)
FNDA:0,(anonymous_5)
FNDA:0,(anonymous_6)
DA:15,0
DA:16,0
DA:17,0
DA:21,0
DA:22,0
DA:26,0
DA:27,0
DA:30,0
DA:32,0
DA:33,0
DA:45,0
DA:47,0
DA:49,0
DA:50,0
DA:51,0
DA:53,0
DA:55,0
DA:59,0
DA:61,0
DA:62,0
DA:73,0
DA:74,0
DA:75,0
DA:79,0
DA:80,0
DA:81,0
DA:84,0
DA:87,0
DA:88,0
DA:100,0
DA:102,0
DA:103,0
DA:104,0
DA:105,0
DA:106,0
DA:109,0
DA:113,0
DA:114,0
DA:116,0
DA:120,0
DA:121,0
DA:123,0
DA:125,0
DA:127,0
DA:128,0
DA:139,0
DA:141,0
DA:142,0
DA:143,0
DA:144,0
DA:145,0
DA:148,0
DA:152,0
DA:153,0
DA:154,0
DA:156,0
DA:157,0
DA:167,0
DA:168,0
DA:169,0
DA:172,0
DA:173,0
DA:174,0
DA:176,0
DA:178,0
DA:179,0
DA:190,0
DA:191,0
DA:192,0
DA:195,0
DA:196,0
DA:198,0
DA:199,0
DA:205,0
DA:206,0
DA:207,0
DA:208,0
LF:77
LH:0
BRDA:14,0,0,0
BRDA:16,1,0,0
BRDA:16,1,1,0
BRDA:16,2,0,0
BRDA:16,2,1,0
BRDA:21,3,0,0
BRDA:21,3,1,0
BRDA:26,4,0,0
BRDA:26,4,1,0
BRDA:26,5,0,0
BRDA:26,5,1,0
BRDA:44,6,0,0
BRDA:49,7,0,0
BRDA:49,7,1,0
BRDA:50,8,0,0
BRDA:50,8,1,0
BRDA:74,9,0,0
BRDA:74,9,1,0
BRDA:74,10,0,0
BRDA:74,10,1,0
BRDA:74,10,2,0
BRDA:99,11,0,0
BRDA:105,12,0,0
BRDA:105,12,1,0
BRDA:105,13,0,0
BRDA:105,13,1,0
BRDA:105,13,2,0
BRDA:114,14,0,0
BRDA:114,14,1,0
BRDA:120,15,0,0
BRDA:120,15,1,0
BRDA:144,16,0,0
BRDA:144,16,1,0
BRDA:144,17,0,0
BRDA:144,17,1,0
BRDA:144,17,2,0
BRDA:168,18,0,0
BRDA:168,18,1,0
BRDA:168,19,0,0
BRDA:168,19,1,0
BRDA:173,20,0,0
BRDA:173,20,1,0
BRDA:173,21,0,0
BRDA:173,21,1,0
BRDA:173,21,2,0
BRDA:191,22,0,0
BRDA:191,22,1,0
BRDA:191,23,0,0
BRDA:191,23,1,0
BRDA:191,23,2,0
BRDA:205,24,0,0
BRDA:205,24,1,0
BRDA:205,25,0,0
BRDA:205,25,1,0
BRDA:207,26,0,0
BRDA:207,26,1,0
BRF:56
BRH:0
end_of_record
TN:
SF:app\services\application-state.js
FN:21,(anonymous_0)
FN:25,(anonymous_1)
FN:34,(anonymous_2)
FN:38,(anonymous_3)
FN:46,registerApplicationStates
FNF:5
FNH:0
FNDA:0,(anonymous_0)
FNDA:0,(anonymous_1)
FNDA:0,(anonymous_2)
FNDA:0,(anonymous_3)
FNDA:0,registerApplicationStates
DA:9,0
DA:13,0
DA:20,0
DA:22,0
DA:26,0
DA:33,0
DA:35,0
DA:39,0
DA:47,0
DA:48,0
DA:49,0
DA:52,0
DA:59,0
LF:13
LH:0
BRDA:48,0,0,0
BRDA:48,0,1,0
BRF:2
BRH:0
end_of_record
TN:
SF:app\services\global-access.js
FN:8,resolve
FNF:1
FNH:0
FNDA:0,resolve
DA:9,0
DA:10,0
DA:11,0
DA:13,0
LF:4
LH:0
BRDA:10,0,0,0
BRDA:10,0,1,0
BRDA:11,1,0,0
BRDA:11,1,1,0
BRDA:11,2,0,0
BRDA:11,2,1,0
BRDA:11,3,0,0
BRDA:11,3,1,0
BRF:8
BRH:0
end_of_record
TN:
SF:app\shared\debug-registry.js
FN:8,registerDebug
FN:14,removeDebug
FN:19,getDebug
FNF:3
FNH:1
FNDA:1,registerDebug
FNDA:0,removeDebug
FNDA:0,getDebug
DA:3,1
DA:6,1
DA:9,1
DA:10,1
DA:11,1
DA:15,0
DA:16,0
DA:20,0
DA:21,0
LF:9
LH:5
BRDA:3,0,0,1
BRDA:3,0,1,0
BRDA:4,1,0,0
BRDA:4,1,1,0
BRDA:6,2,0,1
BRDA:6,2,1,1
BRDA:6,2,2,1
BRDA:9,3,0,0
BRDA:9,3,1,1
BRDA:9,4,0,1
BRDA:9,4,1,1
BRDA:10,5,0,1
BRDA:10,5,1,1
BRDA:15,6,0,0
BRDA:15,6,1,0
BRDA:15,7,0,0
BRDA:15,7,1,0
BRDA:15,7,2,0
BRDA:20,8,0,0
BRDA:20,8,1,0
BRDA:20,9,0,0
BRDA:20,9,1,0
BRDA:21,10,0,0
BRDA:21,10,1,0
BRF:24
BRH:9
end_of_record
